03/09/2019 14:52:45 - User: 508  - 85383 - Moreau Eleuthère - EXIT
15/09/2019 10:50:34 - User: 204  - 14766 - Palazoski Elvir - EXIT
27/09/2019 16:22:29 - User: 233  - 353 - Maeckelbergh Anne-Marie - EXIT
29/09/2019 10:49:05 - User: 101  - 15041 - Schrickx Frank - EXIT
30/09/2019 19:48:12 - User: 713  - 96786 - Rosseel Kimball - EXIT
30/09/2019 19:48:44 - User: 713  - 96786 - Rosseel Kimball - EXIT
03/10/2019 20:11:01 - User: 101  - 15041 - Schrickx Frank - EXIT
05/10/2019 09:48:51 - User: 101  - 15041 - Schrickx Frank - EXIT
06/10/2019 20:48:43 - User: 425  - 8834 - Boodts Jeroen - EXIT
06/10/2019 20:50:22 - User: 425  - 8834 - Boodts Jeroen - EXIT
06/10/2019 20:54:47 - User: 425  - 8834 - Boodts Jeroen - EXIT
07/10/2019 23:26:45 - User: 909  - 71978 - Wautelet Patrick - EXIT
09/10/2019 18:33:47 - User: 436  - 14286 - Verhelst Peter - LOGOUT
09/10/2019 19:56:21 - User: 902  - 85472 - Van Bael Pascal - EXIT
09/10/2019 19:56:32 - User: 902  - 85472 - Van Bael Pascal - EXIT
10/10/2019 19:02:30 - User: 998  - Zamparo - sergio.zamparo@gmail.com - UNLOCK ronde 2
10/10/2019 19:02:40 - User: 998  - Zamparo - sergio.zamparo@gmail.com - EXIT
10/10/2019 21:41:20 - User: 521  - 82333 - Gueuning Thomas - SEARCH ronde 2 - club: 521
10/10/2019 21:43:34 - User: 521  - 82333 - Gueuning Thomas - SEARCH ronde 2 - club: 401
10/10/2019 21:44:08 - User: 521  - 82333 - Gueuning Thomas - SEARCH ronde 2 - club: 521
10/10/2019 21:44:26 - User: 521  - 82333 - Gueuning Thomas - SEARCH ronde 2 - club: 521
11/10/2019 09:02:55 - User: 313  - 1252 - Penninck Willem - SEARCH ronde 2 - club: 313
11/10/2019 09:25:12 - User: 135  - 51837 - Philipsen Mathias - SEARCH ronde 2 - club: 135
11/10/2019 09:25:34 - User: 135  - 51837 - Philipsen Mathias - SEARCH ronde 2 - club: 135
11/10/2019 13:21:10 - User: 229  - 10563 - Verbist Julien - SEARCH ronde 2 - club: 229
11/10/2019 13:48:48 - User: 619  - 79375 - Debeus Daniel - SEARCH ronde 2 - club: 619
11/10/2019 13:49:38 - User: 619  - 79375 - Debeus Daniel - EXIT
11/10/2019 13:58:30 - User: 313  - 1252 - Penninck Willem - SEARCH ronde 2 - club: 313
11/10/2019 14:20:35 - User: 309  - 69884 - Logie Bernard - SEARCH ronde 2 - club: 309
11/10/2019 21:25:55 - User: 204  - 14766 - Palazoski Elvir - SEARCH ronde 2 - club: 204
11/10/2019 21:26:04 - User: 204  - 14766 - Palazoski Elvir - EXIT
11/10/2019 21:26:32 - User: 204  - 14766 - Palazoski Elvir - SEARCH ronde 2 - club: 204
11/10/2019 21:26:41 - User: 204  - 14766 - Palazoski Elvir - SEARCH ronde 2 - club: 228
11/10/2019 21:27:13 - User: 204  - 14766 - Palazoski Elvir - SEARCH ronde 2 - club: 204
11/10/2019 21:27:16 - User: 204  - 14766 - Palazoski Elvir - EXIT
11/10/2019 22:34:35 - User: 508  - 85383 - Moreau Eleuthère - SEARCH ronde 2 - club: 508
11/10/2019 22:39:19 - User: 508  - 85383 - Moreau Eleuthère - SEARCH ronde 2 - club: 508
11/10/2019 22:40:54 - User: 508  - 85383 - Moreau Eleuthère - EXIT
11/10/2019 22:40:57 - User: 508  - 85383 - Moreau Eleuthère - SEARCH ronde 2 - club: 508
11/10/2019 23:10:49 - User: 233  - 353 - Maeckelbergh Anne-Marie - SEARCH ronde 2 - club: 233
11/10/2019 23:11:11 - User: 233  - 353 - Maeckelbergh Anne-Marie - EXIT
12/10/2019 08:47:43 - User: 422  - 8320 - Lanckriet Chris - SEARCH ronde 2 - club: 422
12/10/2019 08:47:52 - User: 422  - 8320 - Lanckriet Chris - LOGOUT
12/10/2019 08:53:17 - User: 128  - 47414 - Paesschesoone Stefan - SEARCH ronde 2 - club: 128
12/10/2019 09:30:36 - User: 278  - 14772 - Elinckx Michel - SEARCH ronde 2 - club: 278
12/10/2019 09:48:22 - User: 114  - Tomas Cuyx - tomas_cuyx@hotmail.com - SEARCH ronde 2 - club: 114
12/10/2019 11:03:38 - User: 521  - 82333 - Gueuning Thomas - SEARCH ronde 2 - club: 521
12/10/2019 11:08:11 - User: 521  - 82333 - Gueuning Thomas - EXIT
12/10/2019 11:08:15 - User: 521  - 82333 - Gueuning Thomas - SEARCH ronde 2 - club: 521
12/10/2019 11:36:09 - User: 135  - 51837 - Philipsen Mathias - SEARCH ronde 2 - club: 135
12/10/2019 12:44:29 - User: 713  - 96786 - Rosseel Kimball - SEARCH ronde 2 - club: 713
12/10/2019 12:46:00 - User: 607  - 00345 - Meessen Rudolf - SEARCH ronde 2 - club: 607
12/10/2019 12:46:17 - User: 607  - 00345 - Meessen Rudolf - SEARCH ronde 2 - club: 604
12/10/2019 12:46:26 - User: 607  - 00345 - Meessen Rudolf - SEARCH ronde 2 - club: 627
12/10/2019 12:46:42 - User: 607  - 00345 - Meessen Rudolf - LOGOUT
12/10/2019 12:47:48 - User: 713  - 96786 - Rosseel Kimball - EXIT
12/10/2019 15:07:55 - User: 109  - 4693 - Mollekens Roeland - SEARCH ronde 2 - club: 109
12/10/2019 15:08:23 - User: 109  - 4693 - Mollekens Roeland - LOGOUT
12/10/2019 15:15:52 - User: 233  - 19645 - Van Overstraeten Frank - SEARCH ronde 2 - club: 233
12/10/2019 16:31:54 - User: 521  - 82333 - Gueuning Thomas - SEARCH ronde 2 - club: 521
12/10/2019 18:34:21 - User: 182  - 3239 - Rogmans Jelle - SEARCH ronde 2 - club: 182
12/10/2019 18:35:36 - User: 182  - 3239 - Rogmans Jelle - SEARCH ronde 2 - club: 182
12/10/2019 18:36:22 - User: 182  - 3239 - Rogmans Jelle - SEARCH ronde 2 - club: 182
12/10/2019 18:37:14 - User: 182  - 3239 - Rogmans Jelle - SEARCH ronde 2 - club: 182
12/10/2019 18:37:23 - User: 182  - 3239 - Rogmans Jelle - SEARCH ronde 2 - club: 182
12/10/2019 19:45:23 - User: 508  - 85383 - Moreau Eleuthère - EXIT
12/10/2019 19:45:29 - User: 508  - 85383 - Moreau Eleuthère - SEARCH ronde 2 - club: 508
12/10/2019 19:51:14 - User: 508  - 85383 - Moreau Eleuthère - SEARCH ronde 2 - club: 508
12/10/2019 19:51:43 - User: 508  - 85383 - Moreau Eleuthère - EXIT
12/10/2019 21:25:30 - User: 233  - 353 - Maeckelbergh Anne-Marie - SEARCH ronde 2 - club: 233
12/10/2019 21:41:25 - User: 302  - 35157 - Coudron Paul - SEARCH ronde 2 - club: 302
12/10/2019 21:55:01 - User: 233  - 353 - Maeckelbergh Anne-Marie - EXIT
13/10/2019 00:32:14 - User: 607  - 00345 - Meessen Rudolf - SEARCH ronde 2 - club: 607
13/10/2019 00:34:20 - User: 607  - 00345 - Meessen Rudolf - SEARCH ronde 2 - club: 604
13/10/2019 00:35:07 - User: 607  - 00345 - Meessen Rudolf - SEARCH ronde 2 - club: 601
13/10/2019 00:35:21 - User: 607  - 00345 - Meessen Rudolf - SEARCH ronde 2 - club: 627
13/10/2019 00:35:38 - User: 607  - 00345 - Meessen Rudolf - SEARCH ronde 2 - club: 618
13/10/2019 00:35:54 - User: 607  - 00345 - Meessen Rudolf - SEARCH ronde 2 - club: 401
13/10/2019 00:36:14 - User: 607  - 00345 - Meessen Rudolf - SEARCH ronde 2 - club: 604
13/10/2019 07:51:34 - User: 998  - 9113 - Halleux Daniel - SEARCH ronde 2 - club: 618
13/10/2019 08:26:48 - User: 501  - Hanset Marc - marc.hanset@gmail.com - SEARCH ronde 2 - club: 501
13/10/2019 08:26:55 - User: 501  - Hanset Marc - marc.hanset@gmail.com - LOGOUT
13/10/2019 08:30:20 - User: 501  - Hanset Marc - marc.hanset@gmail.com - SEARCH ronde 2 - club: 501
13/10/2019 08:30:35 - User: 501  - Hanset Marc - marc.hanset@gmail.com - LOGOUT
13/10/2019 08:38:49 - User: 143  - 08044 - Van Der Meiren August - SEARCH ronde 2 - club: 143
13/10/2019 08:44:57 - User: 143  - 08044 - Van Der Meiren August - LOGOUT
13/10/2019 09:03:52 - User: 525  - 98146 - Henrotte Christian - SEARCH ronde 2 - club: 525
13/10/2019 09:21:08 - User: 952  - 89575 - Detienne Stéphane - SEARCH ronde 2 - club: 952
13/10/2019 09:25:50 - User: 952  - 89575 - Detienne Stéphane - SEARCH ronde 2 - club: 952
13/10/2019 09:29:00 - User: 508  - 85383 - Moreau Eleuthère - SEARCH ronde 2 - club: 508
13/10/2019 09:49:04 - User: 475  - 47341 - De Lathouwer Marc - SEARCH ronde 2 - club: 475
13/10/2019 09:53:36 - User: 609  - 14377 - Mathonet Corentin - SEARCH ronde 2 - club: 609
13/10/2019 09:54:46 - User: 303  - Tom Piceu - tom.piceu@gmail.com - SEARCH ronde 2 - club: 303
13/10/2019 09:55:08 - User: 303  - Tom Piceu - tom.piceu@gmail.com - SEARCH ronde 2 - club: 303
13/10/2019 09:55:16 - User: 303  - Tom Piceu - tom.piceu@gmail.com - SEARCH ronde 2 - club: 106
13/10/2019 09:55:17 - User: 303  - Tom Piceu - tom.piceu@gmail.com - SEARCH ronde 2 - club: 106
13/10/2019 09:55:23 - User: 303  - Tom Piceu - tom.piceu@gmail.com - SEARCH ronde 2 - club: 303
13/10/2019 10:13:48 - User: 418  - 19135 - Flamee Dirk - SEARCH ronde 2 - club: 418
13/10/2019 10:14:00 - User: 418  - 19135 - Flamee Dirk - EXIT
13/10/2019 10:17:50 - User: 418  - 19135 - Flamee Dirk - SEARCH ronde 2 - club: 418
13/10/2019 10:25:27 - User: 618  - 29238 - Dambiermont Marc - SEARCH ronde 2 - club: 618
13/10/2019 10:25:41 - User: 618  - 29238 - Dambiermont Marc - SEARCH ronde 2 - club: 627
13/10/2019 10:25:56 - User: 303  - Tom Piceu - tom.piceu@gmail.com - SEARCH ronde 2 - club: 303
13/10/2019 10:29:01 - User: 909  - 71978 - Wautelet Patrick - SEARCH ronde 2 - club: 909
13/10/2019 10:30:03 - User: 909  - 71978 - Wautelet Patrick - EXIT
13/10/2019 10:44:51 - User: 462  - David Roos - david.d.roos@gmail.com - SEARCH ronde 2 - club: 462
13/10/2019 10:46:34 - User: 309  - 69884 - Logie Bernard - SEARCH ronde 2 - club: 309
13/10/2019 10:57:27 - User: 239  - 97721 - Lacroix Bruno - SEARCH ronde 2 - club: 239
13/10/2019 11:22:55 - User: 707  - 03336 - De Wel Herman - SEARCH ronde 2 - club: 707
13/10/2019 11:28:53 - User: 703  - 08419 - Cornet Luc - SEARCH ronde 2 - club: 703
13/10/2019 11:46:45 - User: 460  - 26280 - Vandendriessche Gunther - SEARCH ronde 2 - club: 460
13/10/2019 11:51:52 - User: 109  - 4693 - Mollekens Roeland - SEARCH ronde 2 - club: 109
13/10/2019 11:52:39 - User: 109  - 4693 - Mollekens Roeland - LOGOUT
13/10/2019 12:16:40 - User: 425  - 8834 - Boodts Jeroen - SEARCH ronde 2 - club: 425
13/10/2019 12:27:19 - User: 548  - 85901 - Cloes Johan - SEARCH ronde 2 - club: 901
13/10/2019 12:27:58 - User: 548  - 85901 - Cloes Johan - SEARCH ronde 2 - club: 548
13/10/2019 12:28:29 - User: 548  - 85901 - Cloes Johan - SEARCH ronde 2 - club: 548
13/10/2019 12:28:32 - User: 548  - 85901 - Cloes Johan - SEARCH ronde 2 - club: 201
13/10/2019 12:28:36 - User: 548  - 85901 - Cloes Johan - SEARCH ronde 2 - club: 209
13/10/2019 12:28:39 - User: 548  - 85901 - Cloes Johan - SEARCH ronde 2 - club: 514
13/10/2019 12:28:42 - User: 548  - 85901 - Cloes Johan - SEARCH ronde 2 - club: 511
13/10/2019 12:28:53 - User: 135  - 51837 - Philipsen Mathias - SEARCH ronde 2 - club: 135
13/10/2019 12:29:24 - User: 548  - 85901 - Cloes Johan - SEARCH ronde 2 - club: 548
13/10/2019 12:30:26 - User: 135  - 51837 - Philipsen Mathias - SEARCH ronde 2 - club: 135
13/10/2019 12:36:39 - User: 548  - 85901 - Cloes Johan - SEARCH ronde 2 - club: 548
13/10/2019 12:36:40 - User: 607  - 00345 - Meessen Rudolf - SEARCH ronde 2 - club: 607
13/10/2019 12:37:43 - User: 548  - 85901 - Cloes Johan - SEARCH ronde 2 - club: 548
13/10/2019 12:39:17 - User: 548  - 85901 - Cloes Johan - SEARCH ronde 2 - club: 548
13/10/2019 12:40:00 - User: 305  - 45063 - Truwant Pieter - SEARCH ronde 2 - club: 305
13/10/2019 12:54:18 - User: 518  - 63771 - Drossart Julien - SEARCH ronde 2 - club: 518
13/10/2019 13:05:56 - User: 462  - David Roos - david.d.roos@gmail.com - SEARCH ronde 2 - club: 462
13/10/2019 13:12:05 - User: 708  - 2003 - Thijs Leon - SEARCH ronde 2 - club: 708
13/10/2019 13:12:18 - User: 708  - 2003 - Thijs Leon - SEARCH ronde 2 - club: 708
13/10/2019 13:13:10 - User: 462  - David Roos - david.d.roos@gmail.com - EXIT
13/10/2019 13:13:16 - User: 462  - David Roos - david.d.roos@gmail.com - SEARCH ronde 2 - club: 462
13/10/2019 13:14:27 - User: 708  - 2003 - Thijs Leon - SEARCH ronde 2 - club: 708
13/10/2019 13:15:24 - User: 952  - 89575 - Detienne Stéphane - SEARCH ronde 2 - club: 952
13/10/2019 13:18:50 - User: 436  - 18465 - Cuvelier Annelies - SEARCH ronde 2 - club: 436
13/10/2019 13:54:10 - User: 260  - 96491 - Van Steenwinckel Hugo - SEARCH ronde 2 - club: 260
13/10/2019 14:15:13 - User: 228  - 76317 - Cornelis Eric - SEARCH ronde 2 - club: 228
13/10/2019 14:19:33 - User: 708  - 2003 - Thijs Leon - EXIT
13/10/2019 14:19:37 - User: 708  - 2003 - Thijs Leon - SEARCH ronde 2 - club: 708
13/10/2019 14:21:05 - User: 708  - 2003 - Thijs Leon - EXIT
13/10/2019 14:49:44 - User: 228  - 76317 - Cornelis Eric - SEARCH ronde 2 - club: 228
13/10/2019 14:50:01 - User: 228  - 76317 - Cornelis Eric - SEARCH ronde 2 - club: 228
13/10/2019 14:51:33 - User: 228  - 76317 - Cornelis Eric - SEARCH ronde 2 - club: 228
13/10/2019 14:53:45 - User: 712  - 37401 - Vandecan Michel - SEARCH ronde 2 - club: 712
13/10/2019 14:54:17 - User: 436  - 14286 - Verhelst Peter - SEARCH ronde 2 - club: 436
13/10/2019 14:59:48 - User: 436  - 14286 - Verhelst Peter - SEARCH ronde 2 - club: 436
13/10/2019 15:06:56 - User: 228  - 76317 - Cornelis Eric - SEARCH ronde 2 - club: 228
13/10/2019 15:11:07 - User: 228  - 76317 - Cornelis Eric - SEARCH ronde 2 - club: 228
13/10/2019 15:12:44 - User: 228  - 76317 - Cornelis Eric - SEARCH ronde 2 - club: 228
13/10/2019 15:13:12 - User: 228  - 76317 - Cornelis Eric - SEARCH ronde 2 - club: 228
13/10/2019 15:21:09 - User: 607  - 00345 - Meessen Rudolf - SEARCH ronde 2 - club: 607
13/10/2019 15:48:15 - User: 712  - 37401 - Vandecan Michel - SEARCH ronde 2 - club: 712
13/10/2019 15:59:59 - User: 418  - 19135 - Flamee Dirk - SEARCH ronde 2 - club: 418

------------- Change card result -------------

Club user: 607 *** 13/10/2019 16:17:09

Div/Afd: 4 - Serie/Reeks: D
Ronde: 2 *** 2019-10-13

KSK47-EYNATTEN 3 ( 604 )
paulus.w@skynet.be

KSK ROCHADE 4 ( 607 )
rudolf.meessen@gmail.com
-----------------------------------------------
48895 - 21275 : 5-5
48895 - 21275 : 5-5
-----------------------------------------------
95450 - 10653 : 5-5
95450 - 10653 : 5-5
-----------------------------------------------
95096 - 13936 : 0F-1F
95096 - 13936 : 0F-1F
-----------------------------------------------
99791 - 16016 : 0-1
20885 - 16016 : 0-1

===============================================
===============================================

13/10/2019 16:18:30 - 607 - 4D-+ - 00345 - Meessen Rudolf - SAVE
13/10/2019 16:20:34 - User: 604  - 96873 - Rosskamp Kurt - SEARCH ronde 2 - club: 604
13/10/2019 16:26:36 - User: 204  - 87611 - Nica Radu-Catalin - SEARCH ronde 2 - club: 204
13/10/2019 16:37:21 - User: 260  - 96491 - Van Steenwinckel Hugo - SEARCH ronde 2 - club: 260
13/10/2019 16:46:06 - User: 121  - 29076 - Van Damme Tonnie - SEARCH ronde 2 - club: 121
13/10/2019 16:46:13 - User: 998  - 9113 - Halleux Daniel - SEARCH ronde 2 - club: 618
13/10/2019 16:46:52 - User: 998  - 9113 - Halleux Daniel - SEARCH ronde 2 - club: 607
13/10/2019 16:54:55 - User: 430  - 34746 - Bonne Ronny - SEARCH ronde 2 - club: 430
13/10/2019 16:55:05 - User: 430  - 34746 - Bonne Ronny - EXIT
13/10/2019 16:55:41 - User: 430  - 34746 - Bonne Ronny - EXIT
13/10/2019 16:55:46 - User: 430  - 34746 - Bonne Ronny - SEARCH ronde 2 - club: 430
13/10/2019 16:57:32 - User: 430  - 34746 - Bonne Ronny - SEARCH ronde 2 - club: 430
13/10/2019 16:57:38 - User: 902  - 85472 - Van Bael Pascal - SEARCH ronde 2 - club: 902
13/10/2019 16:59:06 - 902 - 5B+- - 85472 - Van Bael Pascal - SAVE
13/10/2019 16:59:13 - User: 430  - 34746 - Bonne Ronny - EXIT
13/10/2019 16:59:16 - User: 902  - 85472 - Van Bael Pascal - EXIT
13/10/2019 17:17:07 - User: 204  - 14766 - Palazoski Elvir - SEARCH ronde 2 - club: 204
13/10/2019 17:17:32 - User: 114  - Tomas Cuyx - tomas_cuyx@hotmail.com - SEARCH ronde 2 - club: 114
13/10/2019 17:18:22 - User: 233  - 19643 - Schepens Aron - SEARCH ronde 2 - club: 233
13/10/2019 17:19:46 - 233 - 5G+- 5I+- - 19643 - Schepens Aron - SAVE
13/10/2019 17:19:48 - 114 - 5C+- - Tomas Cuyx - tomas_cuyx@hotmail.com - SAVE
13/10/2019 17:19:50 - 233 - 5G+- 5I+- - 19643 - Schepens Aron - SAVE
13/10/2019 17:21:50 - 114 - 5C+- 5G+- - Tomas Cuyx - tomas_cuyx@hotmail.com - SAVE
13/10/2019 17:29:31 - 114 - 5C+- 5G+- 5H-- - Tomas Cuyx - tomas_cuyx@hotmail.com - SAVE
13/10/2019 17:29:45 - 114 - 5C+- 5G+- 5H+- - Tomas Cuyx - tomas_cuyx@hotmail.com - SAVE
13/10/2019 17:38:56 - User: 121  - 29076 - Van Damme Tonnie - SEARCH ronde 2 - club: 121
13/10/2019 17:39:06 - 436 - 5A-- 5J+- - 14286 - Verhelst Peter - SAVE
13/10/2019 17:39:20 - User: 121  - 29076 - Van Damme Tonnie - SEARCH ronde 2 - club: 121
13/10/2019 17:39:56 - 121 - 5L+- - 29076 - Van Damme Tonnie - SAVE
13/10/2019 17:40:14 - User: 121  - 29076 - Van Damme Tonnie - SEARCH ronde 2 - club: 121
13/10/2019 17:43:40 - 436 - 5A+- 5J+- - 14286 - Verhelst Peter - SAVE
13/10/2019 17:44:12 - 436 - 5A+- 5J+- - 14286 - Verhelst Peter - SAVE
13/10/2019 17:45:27 - User: 204  - 87611 - Nica Radu-Catalin - SEARCH ronde 2 - club: 204
13/10/2019 17:45:35 - User: 204  - 87611 - Nica Radu-Catalin - SEARCH ronde 2 - club: 204
13/10/2019 17:49:42 - 436 - 4G-- 5A+- 5J+- - 14286 - Verhelst Peter - SAVE
13/10/2019 17:52:36 - 418 - 4C+- 5J+- - 19135 - Flamee Dirk - SAVE
13/10/2019 17:53:01 - 607 - 4D-+ - 00345 - Meessen Rudolf - SAVE
13/10/2019 17:53:50 - User: 418  - 19135 - Flamee Dirk - SEARCH ronde 2 - club: 418
13/10/2019 17:53:57 - 418 - 4C+- 5J+- - 19135 - Flamee Dirk - SAVE
13/10/2019 17:54:04 - User: 418  - 19135 - Flamee Dirk - LOGOUT
13/10/2019 17:54:05 - 607 - 4D-+ 4D-- 5M-- - 00345 - Meessen Rudolf - SAVE
13/10/2019 17:54:50 - User: 609  - 14377 - Mathonet Corentin - SEARCH ronde 2 - club: 609
13/10/2019 17:54:59 - User: 609  - 14377 - Mathonet Corentin - EXIT
13/10/2019 17:55:42 - User: 609  - 14377 - Mathonet Corentin - SEARCH ronde 2 - club: 609
13/10/2019 17:57:00 - 609 - 5B+- - 14377 - Mathonet Corentin - SAVE
13/10/2019 17:57:40 - User: 609  - 14377 - Mathonet Corentin - EXIT
13/10/2019 18:05:55 - User: 961  - 86282 - Dethy David - SEARCH ronde 2 - club: 961
13/10/2019 18:08:47 - 607 - 4D-+ 4D-+ 5M-- - 00345 - Meessen Rudolf - SAVE
13/10/2019 18:08:52 - 961 - 4B+- 5D+- - 86282 - Dethy David - SAVE
13/10/2019 18:09:24 - User: 508  - 85383 - Moreau Eleuthère - SEARCH ronde 2 - club: 508
13/10/2019 18:11:13 - User: 401  - 15121 - Van Leeuwen Etienne - SEARCH ronde 2 - club: 401
13/10/2019 18:12:26 - User: 190  - 10210 - Van Esbroeck Jozef - SEARCH ronde 2 - club: 190
13/10/2019 18:13:57 - 204 - 5G-+ - 14766 - Palazoski Elvir - SAVE
13/10/2019 18:14:45 - 190 - 5K-+ - 10210 - Van Esbroeck Jozef - SAVE
13/10/2019 18:14:54 - User: 627  - 96709 - Jacobs Oliver - SEARCH ronde 2 - club: 627
13/10/2019 18:14:55 - User: 190  - 10210 - Van Esbroeck Jozef - EXIT
13/10/2019 18:16:59 - User: 422  - 10626 - Van Damme Patrick - SEARCH ronde 2 - club: 422
13/10/2019 18:18:04 - User: 422  - 10626 - Van Damme Patrick - SEARCH ronde 2 - club: 109
13/10/2019 18:20:54 - User: 174  - 48381 - Remijsen Dave - SEARCH ronde 2 - club: 174
13/10/2019 18:22:48 - 174 - 2A+- 3A+- - 48381 - Remijsen Dave - SAVE
13/10/2019 18:23:36 - 627 - 2B+- 3B+- 4D+- 5M+- - 96709 - Jacobs Oliver - SAVE
13/10/2019 18:23:42 - 174 - 2A+- 3A+- 3C-- - 48381 - Remijsen Dave - SAVE
13/10/2019 18:24:13 - 174 - 2A+- 3A+- 3C+- 3C+- - 48381 - Remijsen Dave - SAVE
13/10/2019 18:24:18 - User: 204  - 87611 - Nica Radu-Catalin - SEARCH ronde 2 - club: 204
13/10/2019 18:24:58 - 174 - 2A+- 3A+- 3C+- 3C+- 4A-- - 48381 - Remijsen Dave - SAVE
13/10/2019 18:25:43 - User: 204  - 87611 - Nica Radu-Catalin - LOGOUT
13/10/2019 18:27:45 - 174 - 2A+- 3A+- 3C+- 3C+- 4A-- 5H-- - 48381 - Remijsen Dave - SAVE
13/10/2019 18:27:51 - 401 - 3C+- 3D+- 4C++ 5A++ 5A+- 5K+- 5L+- - 15121 - Van Leeuwen Etienne - SAVE
13/10/2019 18:28:00 - 174 - 2A+- 3A+- 3C+- 3C+- 4A-- 5H+- - 48381 - Remijsen Dave - SAVE
13/10/2019 18:28:24 - 174 - 2A+- 3A+- 3C+- 3C+- 4A+- 5H+- - 48381 - Remijsen Dave - SAVE
13/10/2019 18:29:47 - User: 351  - Johan Dezutter - johan.dezutter@pandora.be - SEARCH ronde 2 - club: 351
13/10/2019 18:30:32 - User: 713  - 96786 - Rosseel Kimball - SEARCH ronde 2 - club: 713
13/10/2019 18:30:37 - User: 351  - Johan Dezutter - johan.dezutter@pandora.be - SEARCH ronde 2 - club: 430
13/10/2019 18:30:39 - User: 712  - 37401 - Vandecan Michel - SEARCH ronde 2 - club: 712
13/10/2019 18:31:26 - User: 430  - 34746 - Bonne Ronny - SEARCH ronde 2 - club: 430
13/10/2019 18:31:53 - User: 322  - 55468 - Meijfroidt Bart - SEARCH ronde 2 - club: 322
13/10/2019 18:32:08 - User: 351  - Johan Dezutter - johan.dezutter@pandora.be - SEARCH ronde 2 - club: 430
13/10/2019 18:32:15 - 430 - 3D+- - 34746 - Bonne Ronny - SAVE
13/10/2019 18:32:29 - User: 132  - 26603 - T\'Sas Jan - SEARCH ronde 2 - club: 132
13/10/2019 18:32:34 - User: 351  - Johan Dezutter - johan.dezutter@pandora.be - SEARCH ronde 2 - club: 351
13/10/2019 18:32:51 - 713 - 4A+- - 96786 - Rosseel Kimball - SAVE
13/10/2019 18:32:55 - 430 - 3D+- 4C+- - 34746 - Bonne Ronny - SAVE
13/10/2019 18:33:04 - 322 - 5F+- - 55468 - Meijfroidt Bart - SAVE
13/10/2019 18:33:08 - User: 322  - 55468 - Meijfroidt Bart - LOGOUT
13/10/2019 18:33:52 - User: 351  - Johan Dezutter - johan.dezutter@pandora.be - SEARCH ronde 2 - club: 430

------------- Change card result -------------

Club user: 430 *** 13/10/2019 18:34:21

Div/Afd: 4 - Serie/Reeks: C
Ronde: 2 *** 2019-10-13

LANDEGEM 2 ( 430 )
r.bonne@telenet.be

ZOTTEGEM 4 ( 462 )
david.d.roos@gmail.com
-----------------------------------------------
80055 - 28762 : 5-5
80055 - 28762 : 0-1
-----------------------------------------------
183 - 6564 : 1-0
183 - 6564 : 1-0
-----------------------------------------------
35521 - 20055 : 0-1
35521 - 20055 : 0-1
-----------------------------------------------
17628 - 19627 : 1-0
17628 - 19627 : 1-0

===============================================
===============================================

13/10/2019 18:34:21 - 430 - 3D+- 4C+- - 34746 - Bonne Ronny - SAVE
13/10/2019 18:35:07 - User: 228  - 76317 - Cornelis Eric - SEARCH ronde 2 - club: 228
13/10/2019 18:35:19 - 430 - 3D+- 4C+- 4E+- 4G+- - 34746 - Bonne Ronny - SAVE
13/10/2019 18:35:53 - User: 438  - 36455 - Soens Steven - SEARCH ronde 2 - club: 438
13/10/2019 18:35:54 - User: 708  - 2003 - Thijs Leon - SEARCH ronde 2 - club: 708
13/10/2019 18:36:15 - 430 - 3D+- 4C+- 4E+- 4G+- 5N+- - 34746 - Bonne Ronny - SAVE
13/10/2019 18:37:20 - User: 518  - 63771 - Drossart Julien - SEARCH ronde 2 - club: 518
13/10/2019 18:37:31 - 430 - 3D+- 4C+- 4E+- 4G+- 5N+- - 34746 - Bonne Ronny - SAVE
13/10/2019 18:37:32 - User: 430  - 34746 - Bonne Ronny - LOGOUT
13/10/2019 18:38:48 - 438 - 4E+- - 36455 - Soens Steven - SAVE
13/10/2019 18:39:02 - 518 - 5E+- - 63771 - Drossart Julien - SAVE
13/10/2019 18:39:24 - User: 438  - 36455 - Soens Steven - LOGOUT
13/10/2019 18:39:47 - 228 - 3A+- 5D+- 5G++ - 76317 - Cornelis Eric - SAVE
13/10/2019 18:39:52 - User: 471  - 21857 - Dhuyvetter Koen - SEARCH ronde 2 - club: 471
13/10/2019 18:39:53 - 228 - 3A+- 5D+- 5G++ - 76317 - Cornelis Eric - SAVE
13/10/2019 18:40:04 - User: 207  - 10751 - Bourgeois Anne - SEARCH ronde 2 - club: 207
13/10/2019 18:40:13 - User: 471  - 21857 - Dhuyvetter Koen - LOGOUT
13/10/2019 18:41:03 - User: 518  - 63771 - Drossart Julien - SEARCH ronde 2 - club: 418
13/10/2019 18:41:12 - User: 404  - 41114 - Oosterlinck Luc - SEARCH ronde 2 - club: 404
13/10/2019 18:42:07 - User: 518  - 63771 - Drossart Julien - SEARCH ronde 2 - club: 518
13/10/2019 18:42:32 - User: 518  - 63771 - Drossart Julien - SEARCH ronde 2 - club: 501
13/10/2019 18:42:55 - User: 551  - 82856 - Delvaux Guy - SEARCH ronde 2 - club: 551
13/10/2019 18:43:01 - User: 518  - 63771 - Drossart Julien - SEARCH ronde 2 - club: 511
13/10/2019 18:43:35 - User: 401  - 15121 - Van Leeuwen Etienne - SEARCH ronde 2 - club: 401
13/10/2019 18:43:37 - User: 713  - 96786 - Rosseel Kimball - SEARCH ronde 2 - club: 231
13/10/2019 18:43:45 - User: 713  - 96786 - Rosseel Kimball - EXIT
13/10/2019 18:43:49 - 404 - 5N+- - 41114 - Oosterlinck Luc - SAVE
13/10/2019 18:44:20 - 551 - 5I+- - 82856 - Delvaux Guy - SAVE
13/10/2019 18:44:48 - 436 - 4G-- 5A+- 5J+- 5N-- - 14286 - Verhelst Peter - SAVE
13/10/2019 18:45:19 - 436 - 4G-- 5A+- 5J+- 5N+- - 14286 - Verhelst Peter - SAVE
13/10/2019 18:46:12 - 551 - 5E+- 5I+- - 82856 - Delvaux Guy - SAVE
13/10/2019 18:46:15 - 401 - 2A+- 3C+- 3D+- 4C++ 5A++ 5A+- 5G+- 5K+- 5L+- - 15121 - Van Leeuwen Etienne - SAVE
13/10/2019 18:46:29 - User: 313  - 876 - De Schepper Bart - SEARCH ronde 2 - club: 313
13/10/2019 18:46:34 - User: 436  - 14286 - Verhelst Peter - EXIT
13/10/2019 18:47:03 - 207 - 4F+- 5D+- 5G+- - 10751 - Bourgeois Anne - SAVE
13/10/2019 18:47:38 - 313 - 5F-+ 5N++ - 876 - De Schepper Bart - SAVE

------------- Change card result -------------

Club user: 207 *** 13/10/2019 18:47:56

Div/Afd: 4 - Serie/Reeks: F
Ronde: 2 *** 2019-10-13

2 FOUS DIOGENE 1 ( 207 )
alexglaser61@outlook.com

EUROPCHESS 3 ( 226 )
Frank.Hoffmeister@ec.europa.eu
-----------------------------------------------
50293 - 95702 : 0-1
95702 - 50293 : 0-1
-----------------------------------------------
15626 - 15619 : 0-1
15626 - 15619 : 0-1
-----------------------------------------------
15631 - 12300 : 1-0
15631 - 12300 : 1-0
-----------------------------------------------
21218 - 12256 : 0-1
21218 - 12256 : 0-1

===============================================
===============================================

13/10/2019 18:47:56 - 207 - 4F+- 5D+- 5G+- - 10751 - Bourgeois Anne - SAVE
13/10/2019 18:48:12 - 607 - 1A-+ 4D-+ 4D-+ 5M-- - 00345 - Meessen Rudolf - SAVE

------------- Change card result -------------

Club user: 207 *** 13/10/2019 18:48:37

Div/Afd: 5 - Serie/Reeks: G
Ronde: 2 *** 2019-10-13

2 FOUS DIOGENE 3 ( 207 )
alexglaser61@outlook.com

KAPELLE O/D BOS 2 ( 260 )
hugoboss@telenet.be
-----------------------------------------------
19924 - 58190 : 0-1
19924 - 58190 : 0-1
-----------------------------------------------
55549 - 50152 : 0-1
55549 - 50152 : 0-1
-----------------------------------------------
82457 - 54356 : 5-5
82457 - 54356 : 5-5
-----------------------------------------------
20184 - 12640 : 1-0
20846 - 12640 : 1-0

===============================================
===============================================

13/10/2019 18:48:37 - 207 - 4F+- 5D+- 5G+- - 10751 - Bourgeois Anne - SAVE
13/10/2019 18:48:49 - 207 - 4F+- 5D+- 5G+- - 10751 - Bourgeois Anne - SAVE
13/10/2019 18:49:02 - 313 - 5F-+ 5N++ - 876 - De Schepper Bart - SAVE
13/10/2019 18:49:44 - 207 - 4F+- 5D+- 5G+- - 10751 - Bourgeois Anne - SAVE
13/10/2019 18:50:43 - User: 207  - 10751 - Bourgeois Anne - SEARCH ronde 2 - club: 207
13/10/2019 18:52:03 - User: 518  - 63771 - Drossart Julien - SEARCH ronde 2 - club: 541
13/10/2019 18:54:44 - User: 460  - 26280 - Vandendriessche Gunther - SEARCH ronde 2 - club: 460
13/10/2019 18:55:18 - 460 - 5J+- - 26280 - Vandendriessche Gunther - SAVE
13/10/2019 18:56:22 - User: 472  - 46400 - Raepsaet Joannes - SEARCH ronde 2 - club: 472
13/10/2019 18:59:16 - User: 121  - 29076 - Van Damme Tonnie - SEARCH ronde 2 - club: 121
13/10/2019 18:59:29 - User: 518  - 63771 - Drossart Julien - SEARCH ronde 2 - club: 551
13/10/2019 18:59:50 - User: 952  - 92894 - Anciaux Marc - SEARCH ronde 2 - club: 952
13/10/2019 18:59:52 - User: 901  - 62561 - Lejeune Vincent - SEARCH ronde 2 - club: 901
13/10/2019 19:00:28 - 952 - 3A++ - 92894 - Anciaux Marc - SAVE
13/10/2019 19:00:48 - User: 952  - 92894 - Anciaux Marc - EXIT
13/10/2019 19:01:01 - 121 - 4A-+ 5H-+ 5L+- - 29076 - Van Damme Tonnie - SAVE
13/10/2019 19:01:09 - User: 518  - 63771 - Drossart Julien - SEARCH ronde 2 - club: 551
13/10/2019 19:01:49 - 508 - 5F+- - 85383 - Moreau Eleuthère - SAVE
13/10/2019 19:02:29 - User: 518  - 63771 - Drossart Julien - SEARCH ronde 2 - club: 518
13/10/2019 19:02:45 - User: 508  - 85383 - Moreau Eleuthère - SEARCH ronde 2 - club: 508
13/10/2019 19:03:11 - User: 953  - 97301 - Monnier Samuel - SEARCH ronde 2 - club: 953
13/10/2019 19:03:22 - User: 953  - 97301 - Monnier Samuel - SEARCH ronde 2 - club: 953
13/10/2019 19:05:25 - 953 - 5I+- - 97301 - Monnier Samuel - SAVE
13/10/2019 19:05:56 - User: 953  - 97301 - Monnier Samuel - EXIT
13/10/2019 19:08:53 - 627 - 1A+- 2B+- 3B+- 4D+- 5M+- - 96709 - Jacobs Oliver - SAVE
13/10/2019 19:10:38 - User: 998  - 9113 - Halleux Daniel - SEARCH ronde 2 - club: 618
13/10/2019 19:10:46 - User: 130  - 18686 - Van Bunderen Gert - SEARCH ronde 2 - club: 130
13/10/2019 19:11:03 - User: 998  - 9113 - Halleux Daniel - SEARCH ronde 2 - club: 401
13/10/2019 19:11:09 - User: 240  - 57011 - De Mol Patrick - SEARCH ronde 2 - club: 240
13/10/2019 19:11:19 - User: 998  - 9113 - Halleux Daniel - SEARCH ronde 2 - club: 618
13/10/2019 19:11:50 - User: 609  - 14377 - Mathonet Corentin - SEARCH ronde 2 - club: 609
13/10/2019 19:12:30 - 240 - 4H-+ - 57011 - De Mol Patrick - SAVE
13/10/2019 19:12:33 - User: 609  - 14377 - Mathonet Corentin - LOGOUT
13/10/2019 19:13:37 - User: 901  - 62561 - Lejeune Vincent - SEARCH ronde 2 - club: 901
13/10/2019 19:14:18 - User: 998  - 9113 - Halleux Daniel - SEARCH ronde 2 - club: 401
13/10/2019 19:15:11 - User: 304  - 10057 - Callens Freddy - SEARCH ronde 2 - club: 304
13/10/2019 19:16:31 - 304 - 5F+- - 10057 - Callens Freddy - SAVE
13/10/2019 19:17:02 - User: 607  - 94072 - Sproten Raphael - SEARCH ronde 2 - club: 607
13/10/2019 19:17:43 - User: 194  - 21041 - Laporte Erik - SEARCH ronde 2 - club: 194
13/10/2019 19:17:59 - User: 194  - 21041 - Laporte Erik - SEARCH ronde 2 - club: 194
13/10/2019 19:18:07 - User: 135  - 51837 - Philipsen Mathias - SEARCH ronde 2 - club: 135
13/10/2019 19:19:21 - User: 135  - 51837 - Philipsen Mathias - SEARCH ronde 2 - club: 135
13/10/2019 19:19:30 - User: 194  - 21041 - Laporte Erik - LOGOUT
13/10/2019 19:20:37 - User: 194  - 21041 - Laporte Erik - SEARCH ronde 2 - club: 194
13/10/2019 19:20:51 - User: 465  - 9504 - Lemmens Philip - SEARCH ronde 2 - club: 465
13/10/2019 19:21:07 - User: 128  - 47414 - Paesschesoone Stefan - SEARCH ronde 2 - club: 128
13/10/2019 19:21:24 - 607 - 1A-+ 4D-+ 4D-+ 5B+- 5M-+ - 94072 - Sproten Raphael - SAVE
13/10/2019 19:22:39 - 508 - 5F(C)+- - 85383 - Moreau Eleuthère - SAVE
13/10/2019 19:23:16 - User: 909  - 71978 - Wautelet Patrick - SEARCH ronde 2 - club: 909
13/10/2019 19:24:15 - 194 - 4H-+ - 21041 - Laporte Erik - SAVE
13/10/2019 19:24:18 - User: 194  - 21041 - Laporte Erik - LOGOUT
13/10/2019 19:24:54 - User: 418  - 19135 - Flamee Dirk - SEARCH ronde 2 - club: 418
13/10/2019 19:25:29 - 909 - 4B+- 4F+- - 71978 - Wautelet Patrick - SAVE

------------- Change card result -------------

Club user: 128 *** 13/10/2019 19:25:32

Div/Afd: 5 - Serie/Reeks: L
Ronde: 2 *** 2019-10-13

BEVEREN 4 ( 128 )
paessche@gmail.com

KAPELLE O/D BOS 3 ( 260 )
hugoboss@telenet.be
-----------------------------------------------
10207 - 16034 : 1-0
10207 - 16034 : 1-0
-----------------------------------------------
15003 - 13954 : 0-1
15003 - 13934 : 0-1
-----------------------------------------------
95963 - 13938 : 0-1
95963 - 13938 : 0-1
-----------------------------------------------
15038 - 19897 : 0-1
15038 - 19897 : 0-1

===============================================
===============================================

13/10/2019 19:25:46 - User: 909  - 71978 - Wautelet Patrick - LOGOUT
13/10/2019 19:26:17 - 465 - 4E+- 4G+- 5N+- - 9504 - Lemmens Philip - SAVE
13/10/2019 19:27:27 - 128 - 4A++ 5H+- 5K+- 5L+- - 47414 - Paesschesoone Stefan - SAVE
13/10/2019 19:28:46 - User: 436  - 14286 - Verhelst Peter - SEARCH ronde 2 - club: 436
13/10/2019 19:29:01 - User: 508  - 85383 - Moreau Eleuthère - SEARCH ronde 2 - club: 508
13/10/2019 19:31:05 - User: 607  - 00345 - Meessen Rudolf - SEARCH ronde 2 - club: 627
13/10/2019 19:32:09 - User: 901  - 69744 - Andre Damien - SEARCH ronde 2 - club: 901
13/10/2019 19:33:37 - User: 229  - 10563 - Verbist Julien - SEARCH ronde 2 - club: 229
13/10/2019 19:33:44 - User: 228  - 31348 - Malfliet Bernard - SEARCH ronde 2 - club: 228
13/10/2019 19:33:57 - User: 901  - 62561 - Lejeune Vincent - SEARCH ronde 2 - club: 901
13/10/2019 19:34:13 - 901 - 4B-+ - 69744 - Andre Damien - SAVE
13/10/2019 19:35:08 - User: 607  - 00345 - Meessen Rudolf - SEARCH ronde 2 - club: 601
13/10/2019 19:35:28 - 229 - 4H-+ - 10563 - Verbist Julien - SAVE
13/10/2019 19:35:33 - User: 307  - 57941 - Lagast Herve - SEARCH ronde 2 - club: 307
13/10/2019 19:35:40 - User: 229  - 10563 - Verbist Julien - LOGOUT
13/10/2019 19:36:00 - 307 - 4E++ - 57941 - Lagast Herve - SAVE
13/10/2019 19:36:20 - User: 228  - 31348 - Malfliet Bernard - SEARCH ronde 2 - club: 278
13/10/2019 19:36:28 - User: 607  - 00345 - Meessen Rudolf - SEARCH ronde 2 - club: 401
13/10/2019 19:36:34 - 901 - 4B-+ 5E-- - 69744 - Andre Damien - SAVE
13/10/2019 19:36:38 - 436 - 4G+- 5A++ 5J+- 5L-+ 5N+- - 14286 - Verhelst Peter - SAVE
13/10/2019 19:36:40 - User: 128  - 10207 - Verbruggen Peter - SEARCH ronde 2 - club: 128
13/10/2019 19:37:12 - User: 228  - 31348 - Malfliet Bernard - SEARCH ronde 2 - club: 952
13/10/2019 19:37:13 - User: 607  - 00345 - Meessen Rudolf - SEARCH ronde 2 - club: 301
13/10/2019 19:37:30 - User: 607  - 00345 - Meessen Rudolf - SEARCH ronde 2 - club: 471
13/10/2019 19:37:41 - 135 - 3C+- 5C+- 5H+- 5L+- - 51837 - Philipsen Mathias - SAVE
13/10/2019 19:37:55 - User: 228  - 31348 - Malfliet Bernard - SEARCH ronde 2 - club: 901
13/10/2019 19:38:32 - 901 - 4B-+ 5E-- 5I-- - 69744 - Andre Damien - SAVE
13/10/2019 19:39:02 - 901 - 4B-+ 5E-+ 5I-+ - 69744 - Andre Damien - SAVE
13/10/2019 19:40:42 - User: 607  - 00345 - Meessen Rudolf - SEARCH ronde 2 - club: 514
13/10/2019 19:40:57 - 436 - 4G+- 5A++ 5J+- 5K-- 5L-+ 5N+- - 14286 - Verhelst Peter - SAVE
13/10/2019 19:41:03 - User: 607  - 00345 - Meessen Rudolf - SEARCH ronde 2 - club: 109
13/10/2019 19:41:42 - 436 - 4G+- 5A++ 5J+- 5K-+ 5L-+ 5N+- - 14286 - Verhelst Peter - SAVE
13/10/2019 19:42:47 - User: 260  - 96491 - Van Steenwinckel Hugo - SEARCH ronde 2 - club: 303
13/10/2019 19:43:24 - User: 521  - 82333 - Gueuning Thomas - SEARCH ronde 2 - club: 521
13/10/2019 19:43:25 - User: 260  - 96491 - Van Steenwinckel Hugo - SEARCH ronde 2 - club: 260
13/10/2019 19:43:38 - 521 - 5F++ - 82333 - Gueuning Thomas - SAVE
13/10/2019 19:43:51 - User: 521  - 82333 - Gueuning Thomas - SEARCH ronde 2 - club: 521
13/10/2019 19:45:40 - 302 - 3D+- 4C+- 4E+- - 35157 - Coudron Paul - SAVE
13/10/2019 19:46:28 - User: 436  - 14286 - Verhelst Peter - EXIT
13/10/2019 19:46:34 - User: 302  - 35157 - Coudron Paul - SEARCH ronde 2 - club: 307
13/10/2019 19:46:43 - User: 302  - 35157 - Coudron Paul - SEARCH ronde 2 - club: 309
13/10/2019 19:47:09 - 901 - 4B-+ 5E-+ 5I-+ - 69744 - Andre Damien - SAVE
13/10/2019 19:47:15 - User: 302  - 35157 - Coudron Paul - SEARCH ronde 2 - club: 340
13/10/2019 19:47:39 - User: 313  - 1252 - Penninck Willem - SEARCH ronde 2 - club: 313
13/10/2019 19:47:45 - User: 607  - 00345 - Meessen Rudolf - SEARCH ronde 2 - club: 607
13/10/2019 19:47:52 - 901 - 4B-+ 5E-+ 5I-+ - 69744 - Andre Damien - SAVE
13/10/2019 19:48:07 - User: 114  - Tomas Cuyx - tomas_cuyx@hotmail.com - SEARCH ronde 2 - club: 114
13/10/2019 19:48:26 - 114 - 3A+- 4H-+ 5C+- 5G+- 5H+- 5K-+ - Tomas Cuyx - tomas_cuyx@hotmail.com - SAVE
13/10/2019 19:48:33 - 901 - 4B-+ 5E-+ 5I-+ - 69744 - Andre Damien - SAVE
13/10/2019 19:49:32 - User: 901  - 62561 - Lejeune Vincent - SEARCH ronde 2 - club: 901
13/10/2019 19:49:35 - 114 - 3A+- 3C-- 4H-+ 5C+- 5G+- 5H+- 5K-+ - Tomas Cuyx - tomas_cuyx@hotmail.com - SAVE
13/10/2019 19:49:48 - 114 - 3A+- 3C+- 4H-+ 5C+- 5G+- 5H+- 5K-+ - Tomas Cuyx - tomas_cuyx@hotmail.com - SAVE
13/10/2019 19:49:54 - User: 432  - 66443 - Michiels Luc - SEARCH ronde 2 - club: 401
13/10/2019 19:50:13 - 901 - 4B-+ 5E-+ 5I-+ - 69744 - Andre Damien - SAVE
13/10/2019 19:50:20 - 114 - 3A+- 3C+- 4H++ 5C+- 5G+- 5H+- 5K-+ - Tomas Cuyx - tomas_cuyx@hotmail.com - SAVE
13/10/2019 19:50:55 - 114 - 3A+- 3C+- 4H++ 5A+- 5C+- 5G+- 5H+- 5K-+ - Tomas Cuyx - tomas_cuyx@hotmail.com - SAVE
13/10/2019 19:50:58 - User: 436  - 31160 - Van Eetvelde Ward - SEARCH ronde 2 - club: 436
13/10/2019 19:51:12 - User: 436  - 31160 - Van Eetvelde Ward - SEARCH ronde 2 - club: 432
13/10/2019 19:51:21 - User: 432  - 66443 - Michiels Luc - SEARCH ronde 2 - club: 432
13/10/2019 19:51:37 - 901 - 4B-+ 5E-+ 5I-+ - 69744 - Andre Damien - SAVE
13/10/2019 19:51:44 - User: 114  - Tomas Cuyx - tomas_cuyx@hotmail.com - SEARCH ronde 2 - club: 114
13/10/2019 19:51:47 - 901 - 2B-- 4B-+ 5E-+ 5I-+ - 69744 - Andre Damien - SAVE
13/10/2019 19:51:57 - User: 239  - 97721 - Lacroix Bruno - SEARCH ronde 2 - club: 239
13/10/2019 19:51:59 - 114 - 3A+- 3C+- 4H++ 5A+- 5C+- 5D+- 5G+- 5H+- 5K-+ - Tomas Cuyx - tomas_cuyx@hotmail.com - SAVE
13/10/2019 19:52:05 - User: 422  - 10626 - Van Damme Patrick - SEARCH ronde 2 - club: 422
13/10/2019 19:52:15 - 901 - 2B-+ 4B-+ 5E-+ 5I-+ - 69744 - Andre Damien - SAVE
13/10/2019 19:52:26 - User: 508  - 85383 - Moreau Eleuthère - SEARCH ronde 2 - club: 508
13/10/2019 19:52:31 - User: 124  - 45675 - Foulon Greta - SEARCH ronde 2 - club: 124
13/10/2019 19:52:31 - User: 422  - 10626 - Van Damme Patrick - SEARCH ronde 2 - club: 109
13/10/2019 19:52:42 - User: 432  - 66443 - Michiels Luc - SEARCH ronde 2 - club: 432
13/10/2019 19:53:04 - User: 508  - 85383 - Moreau Eleuthère - SEARCH ronde 2 - club: 508
13/10/2019 19:53:06 - User: 422  - 10626 - Van Damme Patrick - SEARCH ronde 2 - club: 128
13/10/2019 19:53:27 - User: 418  - 19135 - Flamee Dirk - SEARCH ronde 2 - club: 418
13/10/2019 19:53:41 - User: 436  - 31160 - Van Eetvelde Ward - SEARCH ronde 2 - club: 401

------------- Change card result -------------

Club user: 508 *** 13/10/2019 19:53:45

Div/Afd: 5 - Serie/Reeks: F
Ronde: 2 *** 2019-10-13

ESTAIMPUIS 2 ( 508 )
meleuthere@hotmail.com

KGSRL 12 ( 401 )
etienne.vanleeuwen@skynet.be
-----------------------------------------------
15073 - 6190 : 5-5
15073 - 6190 : 5-5
-----------------------------------------------
17555 - 27189 : 0-1
17555 - 27189 : 0-1
-----------------------------------------------
21358 - 13327 : 1-0
21358 - 13237 : 1-0
-----------------------------------------------
16628 - 7102 : 1-0
16628 - 7102 : 1-0

===============================================
===============================================

13/10/2019 19:53:45 - 508 - 5F+- - 85383 - Moreau Eleuthère - SAVE
13/10/2019 19:53:50 - User: 422  - 10626 - Van Damme Patrick - SEARCH ronde 2 - club: 114
13/10/2019 19:53:58 - User: 351  - Johan Dezutter - johan.dezutter@pandora.be - SEARCH ronde 2 - club: 430
13/10/2019 19:54:07 - 901 - 2B-+ 3B-- 4B-+ 5E-+ 5I-+ - 69744 - Andre Damien - SAVE
13/10/2019 19:54:20 - User: 422  - 8320 - Lanckriet Chris - SEARCH ronde 2 - club: 422
13/10/2019 19:54:21 - User: 239  - 97721 - Lacroix Bruno - SEARCH ronde 2 - club: 239
13/10/2019 19:54:30 - 901 - 2B-+ 3B-+ 4B-+ 5E-+ 5I-+ - 69744 - Andre Damien - SAVE
13/10/2019 19:54:37 - User: 422  - 10626 - Van Damme Patrick - SEARCH ronde 2 - club: 124
13/10/2019 19:54:55 - User: 501  - Hanset Marc - marc.hanset@gmail.com - SEARCH ronde 2 - club: 501
13/10/2019 19:55:22 - User: 351  - Johan Dezutter - johan.dezutter@pandora.be - SEARCH ronde 2 - club: 351
13/10/2019 19:55:31 - 351 - 4E++ - Johan Dezutter - johan.dezutter@pandora.be - SAVE
13/10/2019 19:55:42 - User: 422  - 8320 - Lanckriet Chris - SEARCH ronde 2 - club: 422
13/10/2019 19:55:53 - User: 422  - 10626 - Van Damme Patrick - SEARCH ronde 2 - club: 101
13/10/2019 19:56:01 - User: 901  - 62561 - Lejeune Vincent - SEARCH ronde 2 - club: 901
13/10/2019 19:56:36 - User: 465  - 9504 - Lemmens Philip - SEARCH ronde 2 - club: 422
13/10/2019 19:56:55 - User: 422  - 8320 - Lanckriet Chris - SEARCH ronde 2 - club: 422
13/10/2019 19:57:25 - User: 604  - 96873 - Rosskamp Kurt - SEARCH ronde 2 - club: 604
13/10/2019 19:58:07 - User: 422  - 8320 - Lanckriet Chris - SEARCH ronde 2 - club: 422
13/10/2019 19:58:20 - User: 121  - 29076 - Van Damme Tonnie - SEARCH ronde 2 - club: 121

------------- Change card result -------------

Club user: 501 *** 13/10/2019 19:58:41

Div/Afd: 4 - Serie/Reeks: B
Ronde: 2 *** 2019-10-13

CREC 2 ( 501 )
sugar83210@hotmail.com

EDC 1 ( 511 )
echiquierducentre@hotmail.com
-----------------------------------------------
66311 - 69311 : 5-5
66311 - 69311 : 5-5
-----------------------------------------------
15731 - 82376 : 1-0
15731 - 82376 : 1-0
-----------------------------------------------
70734 - 57959 : 5-5
70734 - 57959 : 5-5
-----------------------------------------------
19602 - 14258 : 1-0
66800 - 14298 : 1-0

===============================================
===============================================

13/10/2019 19:58:48 - User: 182  - 3239 - Rogmans Jelle - SEARCH ronde 2 - club: 182
13/10/2019 19:59:19 - User: 422  - 8320 - Lanckriet Chris - SEARCH ronde 2 - club: 422
13/10/2019 19:59:40 - 182 - 4A-+ - 3239 - Rogmans Jelle - SAVE
13/10/2019 19:59:47 - 604 - 1A++ 3B-- 4D++ 4D++ 5M++ - 96873 - Rosskamp Kurt - SAVE
13/10/2019 20:00:37 - User: 422  - 8320 - Lanckriet Chris - SEARCH ronde 2 - club: 422

------------- Change card result -------------

Club user: 501 *** 13/10/2019 20:00:51

Div/Afd: 4 - Serie/Reeks: F
Ronde: 2 *** 2019-10-13

CREC 3 ( 501 )
sugar83210@hotmail.com

CREB 2 ( 201 )
etienne.cornil@skynet.be
-----------------------------------------------
81728 - 60728 : 0-1
81728 - 60728 : 0-1
-----------------------------------------------
80195 - 85031 : 0-1
80195 - 85031 : 0-1
-----------------------------------------------
80195 - 9067 : 0-1
19602 - 09067 : 0-1
-----------------------------------------------
62278 - 14274 : 1-0
62278 - 14274 : 1-0

===============================================
===============================================

13/10/2019 20:01:10 - 604 - 1A++ 3B+- 4D++ 4D++ 5M++ - 96873 - Rosskamp Kurt - SAVE
13/10/2019 20:01:13 - User: 727  - THEUNISSEN Kris - kris_theunissen@hotmail.com - SEARCH ronde 2 - club: 727
13/10/2019 20:01:16 - 422 - 3D+- 5A+- 5J+- 5K+- 5N+- - 8320 - Lanckriet Chris - SAVE

------------- Change card result -------------

Club user: 501 *** 13/10/2019 20:01:19

Div/Afd: 2 - Serie/Reeks: B
Ronde: 2 *** 2019-10-13

CREC 1 ( 501 )
sugar83210@hotmail.com

CREB 1 ( 201 )
etienne.cornil@skynet.be
-----------------------------------------------
70653 - 61981 : 5-5
70653 - 61981 : 5-5
-----------------------------------------------
74853 - 31267 : 5-5
74853 - 31267 : 5-5
-----------------------------------------------
12804 - 10726 : 1-0
12804 - 10726 : 1-0
-----------------------------------------------
54810 - 59625 : 0-1
54810 - 59625 : 0-1
-----------------------------------------------
60646 - 60319 : 5-5
82635 - 60319 : 5-5
-----------------------------------------------
82635 - 12346 : 5-5
60646 - 12346 : 5-5
-----------------------------------------------
60646 - 35556 : 1-0
60646 - 35556 : 1-0
-----------------------------------------------
63487 - 68543 : 0-1
63487 - 68543 : 0-1

===============================================
===============================================

13/10/2019 20:01:22 - User: 604  - 96873 - Rosskamp Kurt - EXIT

------------- Change card result -------------

Club user: 501 *** 13/10/2019 20:01:43

Div/Afd: 2 - Serie/Reeks: B
Ronde: 2 *** 2019-10-13

CREC 1 ( 501 )
sugar83210@hotmail.com

CREB 1 ( 201 )
etienne.cornil@skynet.be
-----------------------------------------------
70653 - 61981 : 5-5
70653 - 61981 : 5-5
-----------------------------------------------
74853 - 31267 : 5-5
74853 - 31267 : 5-5
-----------------------------------------------
12804 - 10726 : 1-0
12804 - 10726 : 1-0
-----------------------------------------------
54810 - 59625 : 0-1
54810 - 59625 : 0-1
-----------------------------------------------
82635 - 60319 : 5-5
82635 - 60319 : 5-5
-----------------------------------------------
60646 - 12346 : 5-5
60646 - 12346 : 5-5
-----------------------------------------------
60646 - 35556 : 1-0
87408 - 35556 : 1-0
-----------------------------------------------
63487 - 68543 : 0-1
63487 - 68543 : 0-1

===============================================
===============================================

13/10/2019 20:02:40 - User: 604  - 96873 - Rosskamp Kurt - EXIT
13/10/2019 20:02:41 - User: 124  - 45675 - Foulon Greta - SEARCH ronde 2 - club: 124
13/10/2019 20:02:50 - User: 604  - 96873 - Rosskamp Kurt - SEARCH ronde 2 - club: 604
13/10/2019 20:03:15 - 501 - 2B+- 4B+- 4F+- 5E+- - Hanset Marc - marc.hanset@gmail.com - SAVE
13/10/2019 20:04:13 - 239 - 2B+- 3A+- 4B+- 4F+- 5D+- - 97721 - Lacroix Bruno - SAVE
13/10/2019 20:04:28 - User: 604  - 96873 - Rosskamp Kurt - SEARCH ronde 2 - club: 627
13/10/2019 20:04:33 - User: 508  - 85383 - Moreau Eleuthère - SEARCH ronde 2 - club: 508
13/10/2019 20:05:04 - User: 703  - 08419 - Cornet Luc - SEARCH ronde 2 - club: 703
13/10/2019 20:05:25 - User: 604  - 96873 - Rosskamp Kurt - EXIT

------------- Change card result -------------

Club user: 727 *** 13/10/2019 20:06:18

Div/Afd: 4 - Serie/Reeks: A
Ronde: 2 *** 2019-10-13

MIDDEN-LIMBURG 2 ( 727 )
kris_theunissen@hotmail.com

CHESSLOOKS LIER 1 ( 194 )
laporte.erik@telenet.be
-----------------------------------------------
3778 - 50539 : 0-1
03778 - 50539 : 0-1
-----------------------------------------------
40525 - 13285 : 0-1
40525 - 13285 : 0-1
-----------------------------------------------
95168 - 11151 : 5-5
95168 - 11151 : 5-5
-----------------------------------------------
5363 - 17897 : 5-5
53163 - 17897 : 5-5

===============================================
===============================================

13/10/2019 20:06:18 - 727 - 3B+- 4A+- 4D+- 5C+- - THEUNISSEN Kris - kris_theunissen@hotmail.com - SAVE
13/10/2019 20:06:19 - 703 - 2B++ 5M+- - 08419 - Cornet Luc - SAVE
13/10/2019 20:06:33 - 727 - 3B+- 4A+- 4D+- 5C+- - THEUNISSEN Kris - kris_theunissen@hotmail.com - SAVE
13/10/2019 20:06:37 - User: 508  - 85383 - Moreau Eleuthère - EXIT
13/10/2019 20:06:39 - User: 239  - 97721 - Lacroix Bruno - LOGOUT

------------- Change card result -------------

Club user: 703 *** 13/10/2019 20:06:46

Div/Afd: 5 - Serie/Reeks: M
Ronde: 2 *** 2019-10-13

Eisden/MSK-Dilsen 2 ( 703 )
luc.cornet@telenet.be

WELKENRAEDT 2 ( 619 )
daniel.619@gmx.fr
-----------------------------------------------
43885 - 19636 : 5-5
43885 - 19636 : 5-5
-----------------------------------------------
2909 - 79375 : 5-5
2909 - 79375 : 5-5
-----------------------------------------------
14745 - 60066 : 0-5
14745 - 60066 : 5-5
-----------------------------------------------
12268 - 16510 : 0-1
12268 - 16510 : 0-1

===============================================
===============================================

13/10/2019 20:06:46 - 703 - 2B++ 5M+- - 08419 - Cornet Luc - SAVE
13/10/2019 20:07:06 - 703 - 2B++ 5M+- - 08419 - Cornet Luc - SAVE
13/10/2019 20:08:19 - User: 641  - 60264 - Ancion Mérowig - SEARCH ronde 2 - club: 641
13/10/2019 20:08:23 - User: 303  - Tom Piceu - tom.piceu@gmail.com - SEARCH ronde 2 - club: 303
13/10/2019 20:08:32 - User: 501  - Hanset Marc - marc.hanset@gmail.com - LOGOUT
13/10/2019 20:09:25 - User: 410  - 12955 - Covents Maarten - SEARCH ronde 2 - club: 410
13/10/2019 20:09:38 - 303 - 1A+- - Tom Piceu - tom.piceu@gmail.com - SAVE
13/10/2019 20:10:56 - 410 - 3C+- 5K+- - 12955 - Covents Maarten - SAVE
13/10/2019 20:11:39 - User: 410  - 12955 - Covents Maarten - EXIT
13/10/2019 20:11:59 - User: 401  - 15121 - Van Leeuwen Etienne - SEARCH ronde 2 - club: 401

------------- Change card result -------------

Club user: 124 *** 13/10/2019 20:12:25

Div/Afd: 5 - Serie/Reeks: H
Ronde: 2 *** 2019-10-13

DEURNE 4 ( 124 )
roger.gretabruynseels@skynet.be

HOBOKEN 2 ( 130 )
gvb@moretus.be
-----------------------------------------------
16713 - 10371 : 1-0
16713 - 40371 : 1-0
-----------------------------------------------
19691 - 14411 : 1F-0F
19691 - 14411 : 1F-0F
-----------------------------------------------
20702 - 16838 : 1-0
20702 - 16838 : 1-0
-----------------------------------------------
40843 - 14765 : 1-0
40843 - 14765 : 1-0

===============================================
===============================================

13/10/2019 20:12:25 - 124 - 2A+- 4A+- 4H+- 5H+- 5K++ - 45675 - Foulon Greta - SAVE
13/10/2019 20:13:11 - User: 209  - 12255 - Rihouay Clément - SEARCH ronde 2 - club: 209
13/10/2019 20:13:28 - User: 204  - 14766 - Palazoski Elvir - SEARCH ronde 2 - club: 240
13/10/2019 20:14:02 - User: 204  - 14766 - Palazoski Elvir - SEARCH ronde 2 - club: 228
13/10/2019 20:14:53 - User: 204  - 14766 - Palazoski Elvir - SEARCH ronde 2 - club: 244
13/10/2019 20:15:07 - User: 952  - 89575 - Detienne Stéphane - SEARCH ronde 2 - club: 952
13/10/2019 20:15:28 - User: 432  - 66443 - Michiels Luc - SEARCH ronde 2 - club: 432
13/10/2019 20:15:58 - 401 - 2A+- 3C+- 3D+- 4C++ 4E++ 5A++ 5A+- 5F++ 5G+- 5J++ 5K+- 5L+- 5N++ 5N++ - 15121 - Van Leeuwen Etienne - SAVE
13/10/2019 20:17:35 - User: 204  - 14766 - Palazoski Elvir - SEARCH ronde 2 - club: 229
13/10/2019 20:18:04 - User: 471  - 26492 - Van Vliet Dennis - SEARCH ronde 2 - club: 471
13/10/2019 20:18:39 - 432 - 2A++ 3C++ 4C++ 4G++ 5A++ - 66443 - Michiels Luc - SAVE
13/10/2019 20:18:54 - User: 204  - 14766 - Palazoski Elvir - SEARCH ronde 2 - club: 201
13/10/2019 20:19:01 - 209 - 2B+- 3A-- - 12255 - Rihouay Clément - SAVE
13/10/2019 20:19:11 - 952 - 3A++ - 89575 - Detienne Stéphane - SAVE
13/10/2019 20:19:32 - 401 - 2A+- 3C+- 3D+- 4C++ 4E++ 4G-+ 5A++ 5A+- 5F++ 5G+- 5J++ 5K+- 5L+- 5N++ 5N++ - 15121 - Van Leeuwen Etienne - SAVE
13/10/2019 20:19:51 - 471 - 1A+- - 26492 - Van Vliet Dennis - SAVE
13/10/2019 20:19:58 - User: 471  - 26492 - Van Vliet Dennis - SEARCH ronde 2 - club: 471
13/10/2019 20:20:12 - User: 278  - 14772 - Elinckx Michel - SEARCH ronde 2 - club: 278
13/10/2019 20:20:13 - 209 - 2B+- 3A+- - 12255 - Rihouay Clément - SAVE
13/10/2019 20:21:06 - User: 204  - 14766 - Palazoski Elvir - SEARCH ronde 2 - club: 231
13/10/2019 20:21:19 - 471 - 1A+- 2A+- - 26492 - Van Vliet Dennis - SAVE
13/10/2019 20:21:38 - 209 - 2B+- 3A+- 4F-- - 12255 - Rihouay Clément - SAVE
13/10/2019 20:21:58 - 209 - 2B+- 3A+- 4F+- - 12255 - Rihouay Clément - SAVE
13/10/2019 20:22:10 - 471 - 1A+- 2A+- 4E+- - 26492 - Van Vliet Dennis - SAVE
13/10/2019 20:22:23 - 952 - 3A++ 4F-- - 89575 - Detienne Stéphane - SAVE
13/10/2019 20:22:25 - User: 204  - 14766 - Palazoski Elvir - SEARCH ronde 2 - club: 172
13/10/2019 20:22:39 - User: 465  - 9504 - Lemmens Philip - SEARCH ronde 2 - club: 422
13/10/2019 20:22:45 - 209 - 2B+- 3A+- 4F+- - 12255 - Rihouay Clément - SAVE
13/10/2019 20:22:50 - 471 - 1A+- 2A+- 4E+- 5A+- - 26492 - Van Vliet Dennis - SAVE
13/10/2019 20:22:50 - User: 436  - 31160 - Van Eetvelde Ward - SEARCH ronde 2 - club: 432
13/10/2019 20:22:52 - User: 714  - 86894 - Jannis Guido - SEARCH ronde 2 - club: 714
13/10/2019 20:23:30 - User: 307  - 57941 - Lagast Herve - SEARCH ronde 2 - club: 307
13/10/2019 20:23:45 - 952 - 3A++ 4F-- 5B-- - 89575 - Detienne Stéphane - SAVE
13/10/2019 20:23:50 - 307 - 4E++ 5J++ - 57941 - Lagast Herve - SAVE
13/10/2019 20:24:01 - User: 307  - 57941 - Lagast Herve - EXIT
13/10/2019 20:24:11 - 471 - 1A+- 2A+- 4E+- 4G+- 5A+- - 26492 - Van Vliet Dennis - SAVE
13/10/2019 20:24:11 - 278 - 3A++ 4B++ 4F++ 4H++ 5D++ 5G++ 5I++ - 14772 - Elinckx Michel - SAVE
13/10/2019 20:24:16 - User: 307  - 57941 - Lagast Herve - SEARCH ronde 2 - club: 352
13/10/2019 20:24:25 - User: 307  - 57941 - Lagast Herve - SEARCH ronde 2 - club: 351
13/10/2019 20:24:46 - 714 - 3B++ 5C++ - 86894 - Jannis Guido - SAVE

------------- Change card result -------------

Club user: 471 *** 13/10/2019 20:24:50

Div/Afd: 5 - Serie/Reeks: A
Ronde: 2 *** 2019-10-13

WACHTEBEKE 5 ( 471 )
dvvliet@hotmail.be

AALST 2 ( 417 )
info@pionaalst.be
-----------------------------------------------
22039 - 16881 : 5-5
22039 - 10612 : 5-5
-----------------------------------------------
15665 - 44725 : 5-5
15665 - 14213 : 5-5
-----------------------------------------------
47589 - 6530 : 5-5
47589 - 11023 : 5-5
-----------------------------------------------
16975 - 16932 : 0-1
16975 - 18890 : 0-1

===============================================
===============================================

13/10/2019 20:24:50 - 471 - 1A+- 2A+- 4E+- 4G+- 5A+- - 26492 - Van Vliet Dennis - SAVE
13/10/2019 20:25:00 - 952 - 3A++ 4F-- 5B-- 5D-- - 89575 - Detienne Stéphane - SAVE
13/10/2019 20:25:00 - User: 204  - 14766 - Palazoski Elvir - SEARCH ronde 2 - club: 230
13/10/2019 20:25:06 - User: 307  - 57941 - Lagast Herve - SEARCH ronde 2 - club: 303
13/10/2019 20:25:27 - 471 - 1A+- 2A+- 4E+- 4G+- 5A+- - 26492 - Van Vliet Dennis - SAVE
13/10/2019 20:25:41 - User: 472  - 46400 - Raepsaet Joannes - SEARCH ronde 2 - club: 472
13/10/2019 20:25:51 - 471 - 1A+- 2A+- 4E+- 4G+- 5A+- - 26492 - Van Vliet Dennis - SAVE
13/10/2019 20:26:00 - User: 436  - 31160 - Van Eetvelde Ward - SEARCH ronde 2 - club: 462
13/10/2019 20:26:09 - User: 230  - 32328 - Verheyden Jonas - SEARCH ronde 2 - club: 230
13/10/2019 20:26:37 - User: 307  - 57941 - Lagast Herve - SEARCH ronde 2 - club: 401
13/10/2019 20:26:50 - 471 - 1A+- 2A+- 4E+- 4G+- 5A+- 5N+- - 26492 - Van Vliet Dennis - SAVE
13/10/2019 20:26:58 - User: 714  - 86894 - Jannis Guido - EXIT
13/10/2019 20:27:11 - 472 - 3D++ 4G++ 5J++ - 46400 - Raepsaet Joannes - SAVE
13/10/2019 20:27:24 - User: 204  - 14766 - Palazoski Elvir - SEARCH ronde 2 - club: 278
13/10/2019 20:27:29 - User: 472  - 46400 - Raepsaet Joannes - EXIT
13/10/2019 20:27:33 - User: 471  - 26492 - Van Vliet Dennis - LOGOUT
13/10/2019 20:27:55 - User: 130  - 18686 - Van Bunderen Gert - SEARCH ronde 2 - club: 130
13/10/2019 20:29:09 - User: 174  - 48381 - Remijsen Dave - SEARCH ronde 2 - club: 174
13/10/2019 20:29:38 - 230 - 2B++ 3B++ 5D+- - 32328 - Verheyden Jonas - SAVE
13/10/2019 20:30:06 - User: 436  - 31160 - Van Eetvelde Ward - SEARCH ronde 2 - club: 436
13/10/2019 20:30:16 - User: 436  - 31160 - Van Eetvelde Ward - SEARCH ronde 2 - club: 410
13/10/2019 20:30:52 - User: 436  - 31160 - Van Eetvelde Ward - SEARCH ronde 2 - club: 303
13/10/2019 20:30:57 - 174 - 2A+- 3A+- 3C+- 3C+- 4A+- 4H-- 5H+- - 48381 - Remijsen Dave - SAVE
13/10/2019 20:31:04 - 952 - 3A++ 4F-- 5B-- 5D-- 5G-- 5I-- - 89575 - Detienne Stéphane - SAVE
13/10/2019 20:31:10 - 174 - 2A+- 3A+- 3C+- 3C+- 4A+- 4H+- 5H+- - 48381 - Remijsen Dave - SAVE
13/10/2019 20:31:23 - User: 471  - 21857 - Dhuyvetter Koen - SEARCH ronde 2 - club: 471
13/10/2019 20:31:33 - User: 204  - 14766 - Palazoski Elvir - EXIT
13/10/2019 20:31:49 - 712 - 4D++ 5B++ - 37401 - Vandecan Michel - SAVE
13/10/2019 20:31:52 - User: 471  - 21857 - Dhuyvetter Koen - LOGOUT
13/10/2019 20:31:55 - User: 204  - 14766 - Palazoski Elvir - LOGOUT
13/10/2019 20:32:30 - User: 309  - 69884 - Logie Bernard - SEARCH ronde 2 - club: 309
13/10/2019 20:32:33 - User: 712  - 37401 - Vandecan Michel - EXIT
13/10/2019 20:33:19 - User: 436  - 31160 - Van Eetvelde Ward - SEARCH ronde 2 - club: 303
13/10/2019 20:33:36 - 309 - 3D++ 5F++ - 69884 - Logie Bernard - SAVE
13/10/2019 20:33:44 - User: 436  - 31160 - Van Eetvelde Ward - SEARCH ronde 2 - club: 303
13/10/2019 20:33:55 - User: 521  - 82333 - Gueuning Thomas - SEARCH ronde 2 - club: 401
13/10/2019 20:34:05 - User: 901  - 62561 - Lejeune Vincent - SEARCH ronde 2 - club: 901
13/10/2019 20:34:17 - User: 309  - 69884 - Logie Bernard - SEARCH ronde 2 - club: 303
13/10/2019 20:34:51 - 952 - 3A++ 4F+- 5B+- 5D-+ 5G+- 5I-+ - 89575 - Detienne Stéphane - SAVE
13/10/2019 20:35:26 - User: 521  - 82333 - Gueuning Thomas - SEARCH ronde 2 - club: 541
13/10/2019 20:35:32 - User: 521  - 82333 - Gueuning Thomas - SEARCH ronde 2 - club: 501
13/10/2019 20:35:40 - User: 521  - 82333 - Gueuning Thomas - SEARCH ronde 2 - club: 514
13/10/2019 20:36:00 - User: 209  - 12255 - Rihouay Clément - SEARCH ronde 2 - club: 239
13/10/2019 20:36:17 - User: 708  - 2003 - Thijs Leon - SEARCH ronde 2 - club: 708
13/10/2019 20:36:35 - User: 525  - 98146 - Henrotte Christian - SEARCH ronde 2 - club: 525
13/10/2019 20:36:40 - 230 - 2B++ 3B++ 4H-- 5C-- 5D+- - 32328 - Verheyden Jonas - SAVE
13/10/2019 20:36:59 - User: 436  - 31160 - Van Eetvelde Ward - SEARCH ronde 2 - club: 471
13/10/2019 20:37:56 - User: 952  - 89575 - Detienne Stéphane - LOGOUT
13/10/2019 20:38:47 - 230 - 2B++ 3B++ 4H+- 5C+- 5D+- - 32328 - Verheyden Jonas - SAVE
13/10/2019 20:38:53 - User: 230  - 32328 - Verheyden Jonas - LOGOUT
13/10/2019 20:39:02 - User: 601  - jt13539 - jc.thiry@gmail.com - SEARCH ronde 2 - club: 601
13/10/2019 20:39:24 - User: 952  - 89575 - Detienne Stéphane - SEARCH ronde 2 - club: 952

------------- Change card result -------------

Club user: 525 *** 13/10/2019 20:39:36

Div/Afd: 5 - Serie/Reeks: E
Ronde: 2 *** 2019-10-13

LEUZE 2 ( 541 )
ludovic.hias@gmail.com

ANDERLUES 2 ( 525 )
chenrotte03@gmail.com
-----------------------------------------------
71081 - 97627 : 0-1
71081 - 97627 : 0-1
-----------------------------------------------
16959 - 97520 : 0-1
16959 - 97520 : 0-1
-----------------------------------------------
79596 - 10874 : 1-0
79596 - 10874 : 1-0
-----------------------------------------------
12735 - 17171 : 1-0
12935 - 17171 : 1-0

===============================================
===============================================

13/10/2019 20:39:52 - 525 - 4B-+ 5E-+ 5I++ - 98146 - Henrotte Christian - SAVE
13/10/2019 20:40:16 - User: 901  - 62561 - Lejeune Vincent - SEARCH ronde 2 - club: 901
13/10/2019 20:42:30 - 601 - 4A+- 4B-- - jt13539 - jc.thiry@gmail.com - SAVE
13/10/2019 20:42:55 - 601 - 1A+- 4A+- 4B-- - jt13539 - jc.thiry@gmail.com - SAVE
13/10/2019 20:43:11 - User: 109  - 4693 - Mollekens Roeland - SEARCH ronde 2 - club: 109
13/10/2019 20:43:18 - 303 - 1A+- 2A-- - Tom Piceu - tom.piceu@gmail.com - SAVE
13/10/2019 20:43:22 - 260 - 5G++ 5L++ - 96491 - Van Steenwinckel Hugo - SAVE
13/10/2019 20:43:38 - 601 - 1A+- 4A++ 4B+- - jt13539 - jc.thiry@gmail.com - SAVE
13/10/2019 20:43:52 - 130 - 3C++ 5H++ - 18686 - Van Bunderen Gert - SAVE
13/10/2019 20:43:53 - User: 114  - Tomas Cuyx - tomas_cuyx@hotmail.com - SEARCH ronde 2 - club: 114
13/10/2019 20:44:22 - 109 - 1A++ 3C++ 5K++ - 4693 - Mollekens Roeland - SAVE
13/10/2019 20:44:28 - User: 109  - 4693 - Mollekens Roeland - LOGOUT
13/10/2019 20:45:15 - 303 - 1A+- 2A+- 3D+- - Tom Piceu - tom.piceu@gmail.com - SAVE

------------- Change card result -------------

Club user: 601 *** 13/10/2019 20:45:29

Div/Afd: 1 - Serie/Reeks: A
Ronde: 2 *** 2019-10-13

CRELEL 1 ( 601 )
aliasniamor@gmail.com

EUROPCHESS 1 ( 226 )
Frank.Hoffmeister@ec.europa.eu
-----------------------------------------------
16406 - 17715 : 5-5
16406 - 17715 : 5-5
-----------------------------------------------
14140 - 12054 : 5-5
14140 - 12054 : 5-5
-----------------------------------------------
71757 - 98167 : 1-0
71757 - 98167 : 1-0
-----------------------------------------------
81086 - 96865 : 5-5
81086 - 96865 : 5-5
-----------------------------------------------
3003 - 81558 : 1-0
3003 - 81558 : 1-0
-----------------------------------------------
16366 - 13467 : 1-0
16366 - 13467 : 1-0
-----------------------------------------------
87700 - 17715 : 1-0
87700 - 15101 : 1-0
-----------------------------------------------
67288 - 10436 : 0-1
67288 - 10436 : 0-1

===============================================
===============================================

13/10/2019 20:45:29 - 601 - 1A+- 4A++ 4B+- - jt13539 - jc.thiry@gmail.com - SAVE
13/10/2019 20:45:49 - 601 - 1A+- 4A++ 4B+- - jt13539 - jc.thiry@gmail.com - SAVE
13/10/2019 20:45:59 - 114 - 3A++ 3C++ 4H++ 5A++ 5C++ 5D++ 5G+- 5H+- 5I++ 5K++ 5L-- - Tomas Cuyx - tomas_cuyx@hotmail.com - SAVE
13/10/2019 20:46:09 - 114 - 3A++ 3C++ 4H++ 5A++ 5C++ 5D++ 5G+- 5H+- 5I++ 5K++ 5L+- - Tomas Cuyx - tomas_cuyx@hotmail.com - SAVE
13/10/2019 20:46:54 - User: 511  - 14304 - Di Pronio Mario - SEARCH ronde 2 - club: 511

------------- Change card result -------------

Club user: 303 *** 13/10/2019 20:47:21

Div/Afd: 3 - Serie/Reeks: D
Ronde: 2 *** 2019-10-13

KBSK 3 ( 303 )
chris.dsp@hotmail.com

KOSK 2 ( 301 )
ruben@decrop.net
-----------------------------------------------
47813 - 87513 : 1-0
47813 - 87513 : 1-0
-----------------------------------------------
36277 - 11868 : 1-0
36277 - 11868 : 1-0
-----------------------------------------------
13196 - 20516 : 5-5
13196 - 20516 : 5-5
-----------------------------------------------
46973 - 16312 : 5-5
46973 - 16319 : 5-5
-----------------------------------------------
1406 - 8001 : 1-0
1406 - 8001 : 1-0
-----------------------------------------------
10004 - 12831 : 0-1
10004 - 12831 : 0-1

===============================================
===============================================

13/10/2019 20:47:21 - 303 - 1A+- 2A+- 3D+- - Tom Piceu - tom.piceu@gmail.com - SAVE
13/10/2019 20:47:46 - User: 114  - Tomas Cuyx - tomas_cuyx@hotmail.com - SEARCH ronde 2 - club: 551
13/10/2019 20:47:47 - User: 303  - Tom Piceu - tom.piceu@gmail.com - SEARCH ronde 2 - club: 303
13/10/2019 20:47:54 - 601 - 1A+- 4A++ 4B+- - jt13539 - jc.thiry@gmail.com - SAVE
13/10/2019 20:48:00 - User: 307  - 57941 - Lagast Herve - SEARCH ronde 2 - club: 307
13/10/2019 20:48:20 - User: 607  - 94072 - Sproten Raphael - SEARCH ronde 2 - club: 607
13/10/2019 20:48:56 - 303 - 1A++ 2A+- 3D+- 4C+- 4G-+ - Tom Piceu - tom.piceu@gmail.com - SAVE
13/10/2019 20:49:13 - 511 - 4B++ 5E++ - 14304 - Di Pronio Mario - SAVE
13/10/2019 20:49:40 - 601 - 1A+- 3B+- 4A++ 4B+- - jt13539 - jc.thiry@gmail.com - SAVE
13/10/2019 20:50:03 - 303 - 1A++ 2A+- 3D+- 4C+- 4E+- 4G++ - Tom Piceu - tom.piceu@gmail.com - SAVE
13/10/2019 20:50:07 - User: 601  - jt13539 - jc.thiry@gmail.com - EXIT
13/10/2019 20:50:13 - User: 601  - jt13539 - jc.thiry@gmail.com - SEARCH ronde 2 - club: 601
13/10/2019 20:50:46 - User: 162  - Janssen Paul - pjanssen@telenet.be - SEARCH ronde 2 - club: 162
13/10/2019 20:50:56 - 303 - 1A++ 2A+- 3D+- 4C+- 4E+- 4G++ 5F+- - Tom Piceu - tom.piceu@gmail.com - SAVE
13/10/2019 20:50:58 - User: 621  - 82775 - Mollica Antonio - SEARCH ronde 2 - club: 621
13/10/2019 20:51:02 - User: 621  - 82775 - Mollica Antonio - SEARCH ronde 2 - club: 621
13/10/2019 20:51:11 - User: 619  - 79375 - Debeus Daniel - SEARCH ronde 2 - club: 619
13/10/2019 20:51:31 - User: 621  - 82775 - Mollica Antonio - EXIT
13/10/2019 20:51:38 - User: 162  - Janssen Paul - pjanssen@telenet.be - SEARCH ronde 2 - club: 162
13/10/2019 20:51:41 - 601 - 1A+- 3B+- 4A++ 4B++ 4D+- - jt13539 - jc.thiry@gmail.com - SAVE
13/10/2019 20:51:43 - User: 162  - Janssen Paul - pjanssen@telenet.be - EXIT
13/10/2019 20:52:00 - 303 - 1A++ 2A+- 3D+- 4C+- 4E+- 4G++ 5F+- 5J+- - Tom Piceu - tom.piceu@gmail.com - SAVE
13/10/2019 20:52:30 - 303 - 1A++ 2A+- 3D+- 4C+- 4E+- 4G++ 5F+- 5J+- - Tom Piceu - tom.piceu@gmail.com - SAVE
13/10/2019 20:52:31 - User: 162  - Janssen Paul - pjanssen@telenet.be - SEARCH ronde 2 - club: 162
13/10/2019 20:52:32 - User: 714  - 86894 - Jannis Guido - SEARCH ronde 2 - club: 714
13/10/2019 20:52:51 - 303 - 1A++ 2A+- 3D+- 4C+- 4E+- 4G++ 5F+- 5J+- - Tom Piceu - tom.piceu@gmail.com - SAVE
13/10/2019 20:53:32 - User: 601  - jt13539 - jc.thiry@gmail.com - SEARCH ronde 2 - club: 601
13/10/2019 20:53:34 - 601 - 1A+- 3B+- 4A++ 4B++ 4D+- - jt13539 - jc.thiry@gmail.com - SAVE
13/10/2019 20:53:48 - User: 714  - 86894 - Jannis Guido - LOGOUT
13/10/2019 20:54:37 - 601 - 1A+- 3B+- 4A++ 4B++ 4D+- 4D+- - jt13539 - jc.thiry@gmail.com - SAVE
13/10/2019 20:56:26 - User: 261  - 48569 - Rogiers Jan - SEARCH ronde 2 - club: 261
13/10/2019 20:57:08 - 601 - 1A+- 3B+- 4A++ 4B++ 4D+- 4D+- - jt13539 - jc.thiry@gmail.com - SAVE
13/10/2019 20:58:01 - 601 - 1A+- 3B+- 4A++ 4B++ 4D+- 4D+- 5B+- - jt13539 - jc.thiry@gmail.com - SAVE
13/10/2019 20:58:41 - User: 607  - 00345 - Meessen Rudolf - LOGOUT
13/10/2019 20:58:59 - 261 - 2A-- 5A+- - 48569 - Rogiers Jan - SAVE
13/10/2019 20:59:01 - User: 143  - 08044 - Van Der Meiren August - SEARCH ronde 2 - club: 143
13/10/2019 20:59:08 - 261 - 2A+- 5A+- - 48569 - Rogiers Jan - SAVE
13/10/2019 20:59:29 - 143 - 2A++ 3C++ 4G++ 5K++ - 08044 - Van Der Meiren August - SAVE
13/10/2019 20:59:32 - User: 607  - 00345 - Meessen Rudolf - SEARCH ronde 2 - club: 607
13/10/2019 20:59:38 - User: 130  - 18686 - Van Bunderen Gert - SEARCH ronde 2 - club: 130
13/10/2019 20:59:38 - 619 - 4D++ 5M++ - 79375 - Debeus Daniel - SAVE
13/10/2019 20:59:58 - User: 201  - 35556 - Cornil Etienne - SEARCH ronde 2 - club: 201
13/10/2019 21:00:00 - User: 810  - 65722 - Piron Jean-Marie - SEARCH ronde 2 - club: 810
13/10/2019 21:00:02 - 162 - 5C++ 5C++ 5H++ - Janssen Paul - pjanssen@telenet.be - SAVE
13/10/2019 21:00:03 - 601 - 1A+- 3B+- 4A++ 4B++ 4D+- 4D+- 5B+- - jt13539 - jc.thiry@gmail.com - SAVE
13/10/2019 21:00:18 - User: 143  - 08044 - Van Der Meiren August - LOGOUT
13/10/2019 21:00:25 - 601 - 1A+- 3B+- 4A++ 4B++ 4D+- 4D+- 5B+- 5B+- - jt13539 - jc.thiry@gmail.com - SAVE
13/10/2019 21:00:35 - User: 619  - 79375 - Debeus Daniel - LOGOUT
13/10/2019 21:00:38 - 810 - 3B++ - 65722 - Piron Jean-Marie - SAVE
13/10/2019 21:00:41 - 201 - 2B++ 4F++ 5D++ - 35556 - Cornil Etienne - SAVE
13/10/2019 21:00:46 - User: 162  - Janssen Paul - pjanssen@telenet.be - EXIT
13/10/2019 21:00:50 - User: 810  - 65722 - Piron Jean-Marie - LOGOUT
13/10/2019 21:00:52 - User: 130  - 18686 - Van Bunderen Gert - SEARCH ronde 2 - club: 130
13/10/2019 21:01:45 - User: 402  - 26638 - Ghysels Chris - SEARCH ronde 2 - club: 402
13/10/2019 21:01:56 - User: 432  - 66443 - Michiels Luc - SEARCH ronde 2 - club: 432
13/10/2019 21:01:59 - 130 - 3C++ 5H++ 5L++ - 18686 - Van Bunderen Gert - SAVE
13/10/2019 21:02:02 - 601 - 1A+- 3B+- 4A++ 4B++ 4D+- 4D+- 5B+- 5B+- 5M+- - jt13539 - jc.thiry@gmail.com - SAVE
13/10/2019 21:02:53 - User: 436  - 31160 - Van Eetvelde Ward - SEARCH ronde 2 - club: 436
13/10/2019 21:02:56 - User: 621  - 82775 - Mollica Antonio - SEARCH ronde 2 - club: 621
13/10/2019 21:03:02 - User: 201  - 35556 - Cornil Etienne - LOGOUT
13/10/2019 21:03:05 - 436 - 2A++ 4G+- 5A++ 5A++ 5J+- 5K++ 5L++ 5N+- - 31160 - Van Eetvelde Ward - SAVE
13/10/2019 21:03:42 - User: 340  - 30988 - De Brouwere Johan - SEARCH ronde 2 - club: 340
13/10/2019 21:03:48 - User: 707  - 03336 - De Wel Herman - SEARCH ronde 2 - club: 707
13/10/2019 21:03:50 - 601 - 1A+- 3B+- 4A++ 4B++ 4D+- 4D+- 5B+- 5B+- 5M+- 5M+- - jt13539 - jc.thiry@gmail.com - SAVE
13/10/2019 21:03:56 - 607 - 1A++ 2B++ 4D++ 4D++ 5B++ 5M++ - 00345 - Meessen Rudolf - SAVE
13/10/2019 21:04:29 - 707 - 4A++ - 03336 - De Wel Herman - SAVE
13/10/2019 21:04:32 - User: 707  - 03336 - De Wel Herman - LOGOUT

------------- Change card result -------------

Club user: 601 *** 13/10/2019 21:04:45

Div/Afd: 5 - Serie/Reeks: M
Ronde: 2 *** 2019-10-13

CRELEL 10 ( 601 )
aliasniamor@gmail.com

NAMUR 8 ( 901 )
vincentlejeune@hotmail.com
-----------------------------------------------
19018 - 14515 : 0-1
19018 - 14515 : 0-1
-----------------------------------------------
19021 - 20695 : 0-1
19021 - 20695 : 0-1
-----------------------------------------------
19031 - 17154 : 0-1
19031 - 17154 : 0-1
-----------------------------------------------
19029 - 21120 : 0-1
19029 - 21210 : 0-1

===============================================
===============================================

13/10/2019 21:04:45 - 601 - 1A+- 3B+- 4A++ 4B++ 4D+- 4D+- 5B+- 5B+- 5M+- 5M+- - jt13539 - jc.thiry@gmail.com - SAVE
13/10/2019 21:05:09 - User: 436  - 31160 - Van Eetvelde Ward - SEARCH ronde 2 - club: 432
13/10/2019 21:05:14 - User: 521  - 82333 - Gueuning Thomas - SEARCH ronde 2 - club: 521
13/10/2019 21:05:29 - 340 - 3D-+ 5F+- - 30988 - De Brouwere Johan - SAVE
13/10/2019 21:05:36 - User: 601  - jt13539 - jc.thiry@gmail.com - EXIT
13/10/2019 21:05:40 - User: 601  - jt13539 - jc.thiry@gmail.com - SEARCH ronde 2 - club: 601
13/10/2019 21:05:57 - User: 436  - 31160 - Van Eetvelde Ward - SEARCH ronde 2 - club: 124
13/10/2019 21:06:16 - User: 601  - jt13539 - jc.thiry@gmail.com - EXIT
13/10/2019 21:07:22 - User: 541  - 79316 - Hias Ludovic - SEARCH ronde 2 - club: 541
13/10/2019 21:07:28 - User: 621  - 82775 - Mollica Antonio - EXIT
13/10/2019 21:07:33 - User: 621  - 82775 - Mollica Antonio - SEARCH ronde 2 - club: 621
13/10/2019 21:08:09 - 541 - 4C+- 5E++ - 79316 - Hias Ludovic - SAVE
13/10/2019 21:08:10 - 402 - 1A+- 5N++ - 26638 - Ghysels Chris - SAVE
13/10/2019 21:08:18 - User: 101  - 15041 - Schrickx Frank - SEARCH ronde 2 - club: 101
13/10/2019 21:08:21 - User: 541  - 79316 - Hias Ludovic - LOGOUT
13/10/2019 21:09:14 - User: 417  - 10612 - Van Wijnendaele Jovanni - SEARCH ronde 2 - club: 417
13/10/2019 21:09:18 - User: 621  - 82775 - Mollica Antonio - EXIT
13/10/2019 21:09:25 - User: 313  - 876 - De Schepper Bart - SEARCH ronde 2 - club: 313
13/10/2019 21:09:48 - User: 101  - 15041 - Schrickx Frank - EXIT
13/10/2019 21:10:04 - 417 - 3A++ 5A++ - 10612 - Van Wijnendaele Jovanni - SAVE

------------- Change card result -------------

Club user: 402 *** 13/10/2019 21:10:54

Div/Afd: 1 - Serie/Reeks: A
Ronde: 2 *** 2019-10-13

JEAN JAURES 1 ( 402 )
chris.ghysels@telenet.be

KGSRL 1 ( 401 )
etienne.vanleeuwen@skynet.be
-----------------------------------------------
99627 - 10717 : 5-5
99627 - 10717 : 5-5
-----------------------------------------------
15782 - 40045 : 0-1
15782 - 40045 : 0-1
-----------------------------------------------
20354 - 15626 : 0-1
20354 - 15625 : 0-1
-----------------------------------------------
5142 - 10464 : 5-5
5142 - 10464 : 5-5
-----------------------------------------------
52191 - 44504 : 5-5
52191 - 44504 : 5-5
-----------------------------------------------
15081 - 15621 : 0-1
15081 - 15621 : 0-1
-----------------------------------------------
24601 - 1864 : 5-5
24601 - 01864 : 5-5
-----------------------------------------------
26638 - 35572 : 5-5
26638 - 35572 : 5-5

===============================================
===============================================

13/10/2019 21:10:54 - 402 - 1A+- 5N++ - 26638 - Ghysels Chris - SAVE
13/10/2019 21:11:22 - 402 - 1A+- 3D+- 5N++ - 26638 - Ghysels Chris - SAVE
13/10/2019 21:11:28 - User: 901  - 69744 - Andre Damien - SEARCH ronde 2 - club: 901
13/10/2019 21:12:12 - User: 901  - 69744 - Andre Damien - EXIT
13/10/2019 21:12:15 - User: 162  - Janssen Paul - pjanssen@telenet.be - SEARCH ronde 2 - club: 162
13/10/2019 21:12:18 - User: 901  - 69744 - Andre Damien - SEARCH ronde 2 - club: 901
13/10/2019 21:12:29 - 313 - 3D++ 5F++ 5N++ - 876 - De Schepper Bart - SAVE
13/10/2019 21:12:33 - 901 - 2B++ 3B++ 4B-+ 4F++ 5B++ 5E-+ 5I-+ 5M++ - 69744 - Andre Damien - SAVE
13/10/2019 21:12:36 - User: 508  - 85383 - Moreau Eleuthère - SEARCH ronde 2 - club: 508
13/10/2019 21:12:48 - User: 402  - 26638 - Ghysels Chris - EXIT
13/10/2019 21:13:04 - User: 621  - 82775 - Mollica Antonio - SEARCH ronde 2 - club: 621
13/10/2019 21:13:19 - 508 - 4C++ 5F++ - 85383 - Moreau Eleuthère - SAVE
13/10/2019 21:13:28 - User: 508  - 85383 - Moreau Eleuthère - EXIT
13/10/2019 21:13:29 - User: 130  - 18686 - Van Bunderen Gert - SEARCH ronde 2 - club: 130
13/10/2019 21:13:32 - User: 130  - 18686 - Van Bunderen Gert - SEARCH ronde 2 - club: 192
13/10/2019 21:13:59 - User: 130  - 18686 - Van Bunderen Gert - SEARCH ronde 2 - club: 192
13/10/2019 21:14:28 - User: 998  - Zamparo - sergio.zamparo@gmail.com - SEARCH ronde 2 - club: 471
13/10/2019 21:15:46 - User: 162  - Janssen Paul - pjanssen@telenet.be - EXIT
13/10/2019 21:16:00 - User: 641  - 60264 - Ancion Mérowig - SEARCH ronde 2 - club: 641
13/10/2019 21:16:15 - 641 - 4D++ - 60264 - Ancion Mérowig - SAVE
13/10/2019 21:16:20 - User: 641  - 60264 - Ancion Mérowig - SEARCH ronde 2 - club: 641
13/10/2019 21:16:26 - User: 641  - 60264 - Ancion Mérowig - SEARCH ronde 2 - club: 641
13/10/2019 21:16:28 - 641 - 4D++ - 60264 - Ancion Mérowig - SAVE
13/10/2019 21:16:29 - User: 641  - 60264 - Ancion Mérowig - EXIT
13/10/2019 21:17:37 - User: 607  - 94072 - Sproten Raphael - SEARCH ronde 2 - club: 607
13/10/2019 21:17:54 - User: 952  - 89575 - Detienne Stéphane - SEARCH ronde 2 - club: 952
13/10/2019 21:17:57 - User: 462  - David Roos - david.d.roos@gmail.com - SEARCH ronde 2 - club: 462
13/10/2019 21:18:30 - User: 622  - 91448 - Herzet Serge - SEARCH ronde 2 - club: 622
13/10/2019 21:18:40 - 622 - 3B++ - 91448 - Herzet Serge - SAVE
13/10/2019 21:18:54 - 462 - 2A++ 3D++ 4C++ 5A++ 5J++ - David Roos - david.d.roos@gmail.com - SAVE
13/10/2019 21:22:36 - User: 601  - jt13539 - jc.thiry@gmail.com - SEARCH ronde 2 - club: 621
13/10/2019 21:22:40 - User: 901  - 69744 - Andre Damien - SEARCH ronde 2 - club: 514
13/10/2019 21:23:40 - User: 226  - 81558 - Hoffmeister Frank - SEARCH ronde 2 - club: 226
13/10/2019 21:24:41 - User: 261  - 48569 - Rogiers Jan - LOGOUT
13/10/2019 21:25:31 - 226 - 1A++ 3A++ 4F++ 5D++ 5G++ - 81558 - Hoffmeister Frank - SAVE
13/10/2019 21:25:42 - User: 226  - 81558 - Hoffmeister Frank - SEARCH ronde 2 - club: 201
13/10/2019 21:26:18 - User: 226  - 81558 - Hoffmeister Frank - LOGOUT
13/10/2019 21:26:35 - User: 607  - 00345 - Meessen Rudolf - SEARCH ronde 2 - club: 401
13/10/2019 21:29:16 - User: 607  - 00345 - Meessen Rudolf - SEARCH ronde 2 - club: 627
13/10/2019 21:33:01 - User: 604  - 96873 - Rosskamp Kurt - SEARCH ronde 2 - club: 604
13/10/2019 21:34:13 - User: 618  - 29238 - Dambiermont Marc - SEARCH ronde 2 - club: 618
13/10/2019 21:35:49 - 618 - 1A++ 3B++ 5B++ - 29238 - Dambiermont Marc - SAVE
13/10/2019 21:36:01 - User: 618  - 29238 - Dambiermont Marc - SEARCH ronde 2 - club: 601
13/10/2019 21:36:42 - User: 618  - 29238 - Dambiermont Marc - SEARCH ronde 2 - club: 514
13/10/2019 21:37:44 - User: 618  - 29238 - Dambiermont Marc - SEARCH ronde 2 - club: 501
13/10/2019 21:38:05 - User: 618  - 29238 - Dambiermont Marc - SEARCH ronde 2 - club: 303
13/10/2019 21:38:33 - User: 618  - 29238 - Dambiermont Marc - SEARCH ronde 2 - club: 401
13/10/2019 21:39:07 - User: 618  - 29238 - Dambiermont Marc - SEARCH ronde 2 - club: 604
13/10/2019 21:39:40 - User: 472  - 46400 - Raepsaet Joannes - SEARCH ronde 2 - club: 472
13/10/2019 21:40:03 - 472 - 3D++ 4G++ 5J++ 5N++ - 46400 - Raepsaet Joannes - SAVE
13/10/2019 21:40:33 - User: 472  - 46400 - Raepsaet Joannes - LOGOUT
13/10/2019 21:44:39 - User: 425  - 8834 - Boodts Jeroen - SEARCH ronde 2 - club: 425
13/10/2019 21:45:03 - 425 - 4G++ 5A++ - 8834 - Boodts Jeroen - SAVE
13/10/2019 21:46:11 - User: 708  - 2003 - Thijs Leon - SEARCH ronde 2 - club: 708
13/10/2019 21:46:12 - User: 708  - 2003 - Thijs Leon - SEARCH ronde 2 - club: 708
13/10/2019 21:50:01 - User: 475  - 47341 - De Lathouwer Marc - SEARCH ronde 2 - club: 475
13/10/2019 21:51:00 - User: 708  - 2003 - Thijs Leon - SEARCH ronde 2 - club: 708
13/10/2019 21:51:04 - 475 - 4E++ 5N++ - 47341 - De Lathouwer Marc - SAVE
13/10/2019 21:51:07 - User: 708  - 2003 - Thijs Leon - SEARCH ronde 2 - club: 708
13/10/2019 21:51:12 - 475 - 4E++ 5N++ - 47341 - De Lathouwer Marc - SAVE
13/10/2019 21:51:17 - User: 475  - 47341 - De Lathouwer Marc - EXIT
13/10/2019 21:55:56 - User: 176  - Pieter Sterckx - pietersterckx@yahoo.com - SEARCH ronde 2 - club: 176
13/10/2019 21:56:26 - User: 307  - 57941 - Lagast Herve - SEARCH ronde 2 - club: 307
13/10/2019 21:59:22 - User: 176  - Pieter Sterckx - pietersterckx@yahoo.com - SEARCH ronde 2 - club: 176
13/10/2019 21:59:38 - User: 176  - Pieter Sterckx - pietersterckx@yahoo.com - SEARCH ronde 2 - club: 176
13/10/2019 22:01:17 - User: 307  - 57941 - Lagast Herve - SEARCH ronde 2 - club: 307
13/10/2019 22:01:31 - User: 307  - 57941 - Lagast Herve - SEARCH ronde 2 - club: 301
13/10/2019 22:02:06 - User: 549  - 74756 - Giuliani Oswald - SEARCH ronde 2 - club: 518
13/10/2019 22:03:12 - User: 627  - 96997 - Hilgers Norbert - SEARCH ronde 2 - club: 627
13/10/2019 22:03:56 - 176 - 2B+- 5C++ 5H+- - Pieter Sterckx - pietersterckx@yahoo.com - SAVE
13/10/2019 22:04:35 - User: 549  - 74756 - Giuliani Oswald - SEARCH ronde 2 - club: 549
13/10/2019 22:04:56 - 549 - 5E++ - 74756 - Giuliani Oswald - SAVE
13/10/2019 22:05:03 - User: 998  - RTN - Luc.Cornet@telenet.be - SEARCH ronde 2 - club: 998
13/10/2019 22:05:06 - 176 - 2B+- 5C++ 5H++ - Pieter Sterckx - pietersterckx@yahoo.com - SAVE
13/10/2019 22:05:08 - 549 - 5E++ - 74756 - Giuliani Oswald - SAVE
13/10/2019 22:05:10 - 549 - 5E++ - 74756 - Giuliani Oswald - SAVE
13/10/2019 22:05:21 - 521 - 4C-- 5F++ - 82333 - Gueuning Thomas - SAVE
13/10/2019 22:05:56 - 521 - 4C+- 5F++ - 82333 - Gueuning Thomas - SAVE
13/10/2019 22:09:20 - User: 301  - 24384 - Dayer Glenn - SEARCH ronde 2 - club: 301
13/10/2019 22:11:19 - 301 - 2A++ 3D+- 4C++ 4E++ 5F++ - 24384 - Dayer Glenn - SAVE
13/10/2019 22:11:32 - User: 436  - 14286 - Verhelst Peter - SEARCH ronde 2 - club: 436
13/10/2019 22:11:33 - 301 - 2A++ 3D++ 4C++ 4E++ 5F++ - 24384 - Dayer Glenn - SAVE
13/10/2019 22:11:39 - User: 301  - 24384 - Dayer Glenn - EXIT
13/10/2019 22:12:10 - User: 521  - 82333 - Gueuning Thomas - SEARCH ronde 2 - club: 541
13/10/2019 22:13:10 - User: 132  - 26603 - T\'Sas Jan - SEARCH ronde 2 - club: 132
13/10/2019 22:14:27 - 132 - 3C++ 4H++ 5H++ 5K++ 5L++ - 26603 - T\'Sas Jan - SAVE
13/10/2019 22:14:44 - User: 471  - 26492 - Van Vliet Dennis - SEARCH ronde 2 - club: 471
13/10/2019 22:15:06 - User: 132  - 26603 - T\'Sas Jan - LOGOUT

------------- Change card result -------------

Club user: 471 *** 13/10/2019 22:15:18

Div/Afd: 5 - Serie/Reeks: A
Ronde: 2 *** 2019-10-13

WACHTEBEKE 5 ( 471 )
dvvliet@hotmail.be

AALST 2 ( 417 )
info@pionaalst.be
-----------------------------------------------
22039 - 10612 : 5-5
22039 - 10612 : 1-0
-----------------------------------------------
15665 - 14213 : 5-5
15665 - 14213 : 0-1
-----------------------------------------------
47589 - 11023 : 5-5
47589 - 11023 : 0-1
-----------------------------------------------
16975 - 18890 : 0-1
16975 - 18890 : 0-1

===============================================
ATTENTION !
Veuillez vérifier les données encodées sur cette carte de résultats interclubs.
Elles ont été modifiées par le club adverse.

AANDACHT !
Gelieve de gegevens op deze uitslagenkaart te willen controleren.
Ze zijn aangepast door de club van de tegenstanders.
===============================================

13/10/2019 22:15:18 - 471 - 1A+- 2A+- 4E+- 4G++ 5A++ 5N++ - 26492 - Van Vliet Dennis - SAVE
13/10/2019 22:17:03 - User: 230  - 32328 - Verheyden Jonas - SEARCH ronde 2 - club: 230
13/10/2019 22:17:08 - 230 - 2B++ 3B++ 4H+- 5C++ 5D++ - 32328 - Verheyden Jonas - SAVE
13/10/2019 22:17:09 - User: 230  - 32328 - Verheyden Jonas - LOGOUT
13/10/2019 22:20:09 - User: 401  - 15121 - Van Leeuwen Etienne - SEARCH ronde 2 - club: 401
13/10/2019 22:22:19 - User: 307  - 57941 - Lagast Herve - SEARCH ronde 2 - club: 307
13/10/2019 22:22:20 - 401 - 1A++ 2A++ 3C++ 3D++ 4C++ 4C++ 4E++ 4E++ 4G++ 5A++ 5A++ 5F++ 5G++ 5J++ 5J++ 5K+- 5L++ 5N++ 5N++ - 15121 - Van Leeuwen Etienne - SAVE
13/10/2019 22:22:37 - User: 401  - 15121 - Van Leeuwen Etienne - LOGOUT
13/10/2019 22:26:56 - User: 708  - 2003 - Thijs Leon - SEARCH ronde 2 - club: 708
13/10/2019 22:26:57 - User: 231  - 21997 - Roosen Stefan - SEARCH ronde 2 - club: 231
13/10/2019 22:28:27 - User: 471  - 26492 - Van Vliet Dennis - SEARCH ronde 2 - club: 471
13/10/2019 22:29:00 - 231 - 4A++ 4H++ - 21997 - Roosen Stefan - SAVE
13/10/2019 22:29:08 - 231 - 4A++ 4H++ - 21997 - Roosen Stefan - SAVE
13/10/2019 22:30:23 - User: 548  - 85901 - Cloes Johan - SEARCH ronde 2 - club: 548
13/10/2019 22:30:41 - 231 - 4A++ 4H++ - 21997 - Roosen Stefan - SAVE
13/10/2019 22:34:49 - 548 - 3A+- 4B++ 5E++ 5I++ - 85901 - Cloes Johan - SAVE
13/10/2019 22:37:57 - User: 207  - 10751 - Bourgeois Anne - SEARCH ronde 2 - club: 207
13/10/2019 22:40:06 - User: 229  - 19094 - Ertas Mehmet - SEARCH ronde 2 - club: 229
13/10/2019 22:40:52 - 229 - 4H++ 5D++ - 19094 - Ertas Mehmet - SAVE
13/10/2019 22:41:54 - User: 462  - David Roos - david.d.roos@gmail.com - LOGOUT
13/10/2019 22:42:34 - User: 462  - David Roos - david.d.roos@gmail.com - SEARCH ronde 2 - club: 462
13/10/2019 22:42:51 - 462 - 2A++ 3A++ 3D++ 4C++ 5A++ 5J++ - David Roos - david.d.roos@gmail.com - SAVE
13/10/2019 22:45:25 - User: 462  - David Roos - david.d.roos@gmail.com - SEARCH ronde 2 - club: 462
13/10/2019 22:45:29 - User: 307  - 57941 - Lagast Herve - SEARCH ronde 2 - club: 307
13/10/2019 22:47:12 - User: 207  - 10751 - Bourgeois Anne - SEARCH ronde 2 - club: 207
13/10/2019 22:53:33 - User: 305  - 45063 - Truwant Pieter - SEARCH ronde 2 - club: 305

------------- Change card result -------------

Club user: 305 *** 13/10/2019 22:55:32

Div/Afd: 5 - Serie/Reeks: F
Ronde: 2 *** 2019-10-13

KORTRIJK 1 ( 305 )
Pieter_Truwant@hotmail.com

BREDENE 2 ( 307 )
herve.lagast@skynet.be
-----------------------------------------------
16069 - 12340 : 0-1
19069 - 12340 : 0-1
-----------------------------------------------
15395 - 68705 : 1-0
15395 - 68705 : 1-0
-----------------------------------------------
13560 - 17299 : 0-1
13560 - 17299 : 0-1
-----------------------------------------------
20385 - 1813 : 0-1
20385 - 1813 : 0-1

===============================================
===============================================

13/10/2019 22:55:45 - 305 - 5F+- - 45063 - Truwant Pieter - SAVE
13/10/2019 22:59:35 - User: 340  - 30988 - De Brouwere Johan - SEARCH ronde 2 - club: 340
13/10/2019 22:59:53 - 340 - 3D++ 5F++ - 30988 - De Brouwere Johan - SAVE
13/10/2019 23:01:42 - User: 708  - 2003 - Thijs Leon - SEARCH ronde 2 - club: 708
13/10/2019 23:01:58 - User: 708  - 2003 - Thijs Leon - SEARCH ronde 2 - club: 708
13/10/2019 23:02:07 - User: 708  - 2003 - Thijs Leon - SEARCH ronde 2 - club: 708
13/10/2019 23:02:28 - User: 307  - 57941 - Lagast Herve - SEARCH ronde 2 - club: 307
13/10/2019 23:02:53 - 307 - 4E++ 5F++ 5J++ - 57941 - Lagast Herve - SAVE
13/10/2019 23:04:48 - User: 101  - 15041 - Schrickx Frank - SEARCH ronde 2 - club: 101
13/10/2019 23:07:38 - User: 422  - 8320 - Lanckriet Chris - SEARCH ronde 2 - club: 422

------------- Change card result -------------

Club user: 422 *** 13/10/2019 23:07:46

Div/Afd: 3 - Serie/Reeks: D
Ronde: 2 *** 2019-10-13

MSV 1 ( 422 )
meetjeslandsesv@gmail.com

ZOTTEGEM 3 ( 462 )
david.d.roos@gmail.com
-----------------------------------------------
8320 - 4936 : 5-5
8320 - 4936 : 5-5
-----------------------------------------------
41947 - 25933 : 0-1
41947 - 25933 : 0-1
-----------------------------------------------
38911 - 6467 : 5-5
38911 - 6467 : 5-5
-----------------------------------------------
13162 - 19267 : 5-5
13529 - 19267 : 5-5
-----------------------------------------------
26948 - 33316 : 5-5
26948 - 33316 : 5-5
-----------------------------------------------
13522 - 52019 : 0-1
13522 - 52019 : 0-1

===============================================
ATTENTION !
Veuillez vérifier les données encodées sur cette carte de résultats interclubs.
Elles ont été modifiées par le club adverse.

AANDACHT !
Gelieve de gegevens op deze uitslagenkaart te willen controleren.
Ze zijn aangepast door de club van de tegenstanders.
===============================================

13/10/2019 23:07:46 - 422 - 3D++ 5A++ 5J++ 5K++ 5N++ - 8320 - Lanckriet Chris - SAVE
13/10/2019 23:07:52 - User: 422  - 8320 - Lanckriet Chris - SEARCH ronde 2 - club: 422
13/10/2019 23:08:33 - User: 101  - 15041 - Schrickx Frank - EXIT
13/10/2019 23:10:03 - User: 244  - 75701 - D\'Haijère Arnaud - SEARCH ronde 2 - club: 244
13/10/2019 23:10:26 - 244 - 3A++ 4B++ 4F++ 5D++ 5G++ 5I++ - 75701 - D\'Haijère Arnaud - SAVE
13/10/2019 23:10:34 - User: 244  - 75701 - D\'Haijère Arnaud - EXIT
13/10/2019 23:13:27 - 511 - 4B++ 5E++ - 14304 - Di Pronio Mario - SAVE
13/10/2019 23:16:36 - User: 166  - 17659 - Helsloot Wilbert - SEARCH ronde 2 - club: 166
13/10/2019 23:18:41 - 166 - 2A++ 3C++ 5G++ 5L++ - 17659 - Helsloot Wilbert - SAVE
13/10/2019 23:21:42 - User: 260  - 96491 - Van Steenwinckel Hugo - SEARCH ronde 2 - club: 260
13/10/2019 23:22:14 - User: 192  - 50423 - Van Den Brande Patrick - SEARCH ronde 2 - club: 192
13/10/2019 23:22:22 - 260 - 4H++ 5G++ 5L++ - 96491 - Van Steenwinckel Hugo - SAVE
13/10/2019 23:22:54 - User: 231  - 21997 - Roosen Stefan - SEARCH ronde 2 - club: 231
13/10/2019 23:22:56 - 192 - 4H++ 5H++ - 50423 - Van Den Brande Patrick - SAVE
13/10/2019 23:25:30 - 231 - 4A++ 4H++ - 21997 - Roosen Stefan - SAVE
13/10/2019 23:26:03 - User: 607  - 94072 - Sproten Raphael - LOGOUT
13/10/2019 23:26:16 - User: 708  - 2003 - Thijs Leon - SEARCH ronde 2 - club: 708
13/10/2019 23:26:17 - User: 708  - 2003 - Thijs Leon - SEARCH ronde 2 - club: 708
13/10/2019 23:26:25 - 231 - 4A++ 4H++ - 21997 - Roosen Stefan - SAVE
13/10/2019 23:30:09 - User: 166  - 17659 - Helsloot Wilbert - LOGOUT
13/10/2019 23:31:30 - 231 - 4A++ 4H++ - 21997 - Roosen Stefan - SAVE
13/10/2019 23:31:36 - 231 - 4A++ 4H++ - 21997 - Roosen Stefan - SAVE
13/10/2019 23:34:02 - User: 666  - 64955 - Dans Guy - SEARCH ronde 2 - club: 666
13/10/2019 23:34:28 - 231 - 3B+- 4A++ 4H++ - 21997 - Roosen Stefan - SAVE
13/10/2019 23:34:45 - 666 - 5M++ - 64955 - Dans Guy - SAVE
13/10/2019 23:40:59 - User: 475  - 8931 - Heyerick Anton - SEARCH ronde 2 - club: 475
13/10/2019 23:42:03 - User: 475  - 8931 - Heyerick Anton - SEARCH ronde 2 - club: 401
13/10/2019 23:44:37 - User: 166  - 27201 - Corbeel Louis - SEARCH ronde 2 - club: 166
13/10/2019 23:54:01 - User: 508  - 85383 - Moreau Eleuthère - SEARCH ronde 2 - club: 508
14/10/2019 00:06:53 - User: 621  - 82775 - Mollica Antonio - EXIT
14/10/2019 00:07:12 - User: 621  - 82775 - Mollica Antonio - SEARCH ronde 2 - club: 621
14/10/2019 00:17:59 - User: 621  - 82775 - Mollica Antonio - EXIT
14/10/2019 00:25:17 - User: 101  - 15041 - Schrickx Frank - SEARCH ronde 2 - club: 101
14/10/2019 00:26:14 - 101 - 4A++ 5H++ 5K++ - 15041 - Schrickx Frank - SAVE
14/10/2019 00:26:42 - User: 101  - 15041 - Schrickx Frank - EXIT
14/10/2019 00:27:03 - User: 101  - 15041 - Schrickx Frank - SEARCH ronde 2 - club: 101
14/10/2019 00:28:02 - User: 101  - 15041 - Schrickx Frank - LOGOUT
14/10/2019 00:43:38 - User: 436  - 14286 - Verhelst Peter - LOGOUT
14/10/2019 02:19:50 - User: 902  - 15136 - Essomba Thomas - SEARCH ronde 2 - club: 902
14/10/2019 04:40:21 - User: 901  - 69744 - Andre Damien - SEARCH ronde 2 - club: 901
14/10/2019 06:50:30 - User: 998  - 9113 - Halleux Daniel - SEARCH ronde 2 - club: 618
14/10/2019 07:26:56 - User: 501  - Hanset Marc - marc.hanset@gmail.com - SEARCH ronde 2 - club: 501
14/10/2019 07:28:12 - User: 501  - Hanset Marc - marc.hanset@gmail.com - LOGOUT
14/10/2019 07:51:51 - User: 301  - 45608 - Decrop Ruben - SEARCH ronde 2 - club: 301
14/10/2019 08:18:08 - User: 708  - 2003 - Thijs Leon - SEARCH ronde 2 - club: 708
14/10/2019 08:36:34 - User: 313  - 1252 - Penninck Willem - SEARCH ronde 2 - club: 313
14/10/2019 08:45:43 - User: 621  - 82775 - Mollica Antonio - SEARCH ronde 2 - club: 621
14/10/2019 08:46:32 - User: 998  - 9113 - Halleux Daniel - SEARCH ronde 2 - club: 618

------------- Change card result -------------

Club user: 621 *** 14/10/2019 08:51:24

Div/Afd: 2 - Serie/Reeks: B
Ronde: 2 *** 2019-10-13

WESTERLO 1 ( 176 )
pietersterckx@yahoo.com

ANS 1 ( 621 )
antonio.mollica@gmail.com
-----------------------------------------------
63819 - 95042 : 0-1
63819 - 95042 : 0-1
-----------------------------------------------
1031 - 10252 : 0-1
1031 - 10252 : 0-1
-----------------------------------------------
5606 - 61891 : 0-1
5606 - 61891 : 0-1
-----------------------------------------------
28231 - 19730 : 0-1
28231 - 19730 : 0-1
-----------------------------------------------
13492 - 97136 : 1-0
13492 - 97136 : 1-0
-----------------------------------------------
32298 - 91219 : 5-5
32298 - 91219 : 5-5
-----------------------------------------------
13860 - 84671 : 0-1
13860 - 99730(!!) : 0-1
-----------------------------------------------
34622 - 15780 : 5-5
34622 - 15780 : 5-5

===============================================
===============================================

14/10/2019 08:51:24 - 621 - 2B+- 4D++ 5B++ 5M++ - 82775 - Mollica Antonio - SAVE

------------- Change card result -------------

Club user: 621 *** 14/10/2019 08:52:38

Div/Afd: 2 - Serie/Reeks: B
Ronde: 2 *** 2019-10-13

WESTERLO 1 ( 176 )
pietersterckx@yahoo.com

ANS 1 ( 621 )
antonio.mollica@gmail.com
-----------------------------------------------
63819 - 95042 : 0-1
63819 - 95042 : 0-1
-----------------------------------------------
1031 - 10252 : 0-1
1031 - 10252 : 0-1
-----------------------------------------------
5606 - 61891 : 0-1
5606 - 61891 : 0-1
-----------------------------------------------
28231 - 19730 : 0-1
28231 - 19730 : 0-1
-----------------------------------------------
13492 - 97136 : 1-0
13492 - 97136 : 1-0
-----------------------------------------------
32298 - 91219 : 5-5
32298 - 91219 : 5-5
-----------------------------------------------
13860 - 99730 : 0-1
13860 - 99728 : 0-1
-----------------------------------------------
34622 - 15780 : 5-5
34622 - 15780 : 5-5

===============================================
===============================================

14/10/2019 08:52:38 - 621 - 2B+- 4D++ 5B++ 5M++ - 82775 - Mollica Antonio - SAVE
14/10/2019 08:53:08 - 621 - 2B++ 4D++ 5B++ 5M++ - 82775 - Mollica Antonio - SAVE
14/10/2019 08:53:11 - User: 621  - 82775 - Mollica Antonio - EXIT
14/10/2019 09:33:54 - User: 465  - 9504 - Lemmens Philip - SEARCH ronde 2 - club: 436
14/10/2019 09:36:07 - User: 233  - 19643 - Schepens Aron - SEARCH ronde 2 - club: 233
14/10/2019 09:38:59 - User: 176  - Pieter Sterckx - pietersterckx@yahoo.com - SEARCH ronde 2 - club: 176
14/10/2019 09:39:19 - 176 - 2B++ 5C++ 5H++ - Pieter Sterckx - pietersterckx@yahoo.com - SAVE
14/10/2019 09:40:00 - User: 708  - 2003 - Thijs Leon - SEARCH ronde 2 - club: 708
14/10/2019 09:40:05 - 708 - 3B++ - 2003 - Thijs Leon - SAVE
14/10/2019 10:26:06 - User: 201  - 35556 - Cornil Etienne - SEARCH ronde 2 - club: 201
14/10/2019 10:32:27 - User: 201  - 35556 - Cornil Etienne - SEARCH ronde 2 - club: 176
14/10/2019 10:35:08 - User: 998  - Zamparo - sergio.zamparo@gmail.com - LOGOUT
14/10/2019 10:43:41 - User: 124  - 45675 - Foulon Greta - SEARCH ronde 2 - club: 124
14/10/2019 10:55:18 - User: 501  - Hanset Marc - marc.hanset@gmail.com - SEARCH ronde 2 - club: 501
14/10/2019 10:56:42 - User: 501  - Hanset Marc - marc.hanset@gmail.com - LOGOUT
14/10/2019 11:17:56 - User: 417  - 10612 - Van Wijnendaele Jovanni - SEARCH ronde 2 - club: 417
14/10/2019 14:23:22 - User: 401  - 15121 - Van Leeuwen Etienne - SEARCH ronde 2 - club: 401
14/10/2019 14:53:14 - User: 998  - Zamparo - sergio.zamparo@gmail.com - SEARCH ronde 2 - club: 607
14/10/2019 17:20:07 - User: 998  - Zamparo - sergio.zamparo@gmail.com - LOGOUT
14/10/2019 18:23:15 - User: 514  - 73296 - Herman Jean - SEARCH ronde 2 - club: 514
14/10/2019 18:23:33 - 514 - 1A++ 2B++ 4B++ 4F++ 5E++ - 73296 - Herman Jean - SAVE
14/10/2019 18:40:33 - User: 135  - 51837 - Philipsen Mathias - SEARCH ronde 2 - club: 135
14/10/2019 20:16:49 - User: 902  - 85472 - Van Bael Pascal - SEARCH ronde 2 - club: 902
14/10/2019 20:40:34 - User: 462  - 2640 - Temmerman Hans - SEARCH ronde 2 - club: 462
14/10/2019 22:16:22 - User: 351  - Johan Dezutter - johan.dezutter@pandora.be - SEARCH ronde 2 - club: 401
14/10/2019 22:19:08 - User: 351  - Johan Dezutter - johan.dezutter@pandora.be - SEARCH ronde 2 - club: 401
15/10/2019 10:32:13 - User: 998  - 9113 - Halleux Daniel - SEARCH ronde 2 - club: 618
16/10/2019 09:47:00 - User: 351  - Johan Dezutter - johan.dezutter@pandora.be - SEARCH ronde 2 - club: 401
16/10/2019 10:22:08 - User: 511  - 14304 - Di Pronio Mario - SEARCH ronde 2 - club: 511
16/10/2019 10:27:38 - User: 511  - 14304 - Di Pronio Mario - EXIT
16/10/2019 14:14:26 - User: 351  - Johan Dezutter - johan.dezutter@pandora.be - SEARCH ronde 2 - club: 401
16/10/2019 14:17:30 - User: 351  - Johan Dezutter - johan.dezutter@pandora.be - SEARCH ronde 2 - club: 351
16/10/2019 14:17:59 - User: 351  - Johan Dezutter - johan.dezutter@pandora.be - SEARCH ronde 2 - club: 401
16/10/2019 15:27:18 - User: 233  - 19645 - Van Overstraeten Frank - SEARCH ronde 2 - club: 233
16/10/2019 21:23:28 - User: 998  - Zamparo - sergio.zamparo@gmail.com - SEARCH ronde 2 - club: 194
17/10/2019 12:24:17 - User: 998  - Zamparo - sergio.zamparo@gmail.com - SEARCH ronde 2 - club: 998
17/10/2019 12:24:21 - User: 998  - Zamparo - sergio.zamparo@gmail.com - LOCK ronde 2
17/10/2019 12:35:49 - User: 621  - 82775 - Mollica Antonio - EXIT
22/10/2019 18:50:01 - User: 998  - Zamparo - sergio.zamparo@gmail.com - UNLOCK ronde 2

------------- Change card result -------------

Club user: 998 *** 22/10/2019 18:50:22

Div/Afd: 3 - Serie/Reeks: D
Ronde: 2 *** 2019-10-13

KBSK 3 ( 303 )
chris.dsp@hotmail.com

KOSK 2 ( 301 )
ruben@decrop.net
-----------------------------------------------
47813 - 87513 : 1-0
47813 - 87513 : 1-0
-----------------------------------------------
36277 - 11868 : 1-0
36277 - 11868 : 0-1
-----------------------------------------------
13196 - 20516 : 5-5
13196 - 20516 : 5-5
-----------------------------------------------
46973 - 16319 : 5-5
46973 - 16319 : 5-5
-----------------------------------------------
1406 - 8001 : 1-0
1406 - 8001 : 1-0
-----------------------------------------------
10004 - 12831 : 0-1
10004 - 12831 : 0-1

===============================================
ATTENTION !
Veuillez vérifier les données encodées sur cette carte de résultats interclubs.
Elles ont été modifiées par le club adverse.

AANDACHT !
Gelieve de gegevens op deze uitslagenkaart te willen controleren.
Ze zijn aangepast door de club van de tegenstanders.
===============================================

22/10/2019 18:50:22 - 998(301) - 2A++ 3D++ 4C++ 4E++ 5F++ - Zamparo - sergio.zamparo@gmail.com - SAVE
22/10/2019 18:50:40 - User: 998  - Zamparo - sergio.zamparo@gmail.com - LOCK ronde 2
22/10/2019 18:51:07 - User: 998  - Zamparo - sergio.zamparo@gmail.com - UNLOCK ronde 2
22/10/2019 18:53:13 - 998(301) - 2A++ 3D(C)++ 4C++ 4E++ 5F++ - Zamparo - sergio.zamparo@gmail.com - SAVE
22/10/2019 18:53:27 - User: 998  - Zamparo - sergio.zamparo@gmail.com - LOCK ronde 2
15/12/2019 19:51:03 - User: 436  - 14286 - Verhelst Peter - EXIT
29/01/2020 11:26:46 - User: 666  - 83224 - Marchal Georges - EXIT
29/01/2020 11:26:54 - User: 666  - 83224 - Marchal Georges - EXIT
08/02/2020 23:27:58 - User: 998  - Zamparo - sergio.zamparo@gmail.com - UNLOCK ronde 2
08/02/2020 23:28:06 - User: 998  - Zamparo - sergio.zamparo@gmail.com - SEARCH ronde 2 - club: 436
08/02/2020 23:28:17 - User: 998  - Zamparo - sergio.zamparo@gmail.com - SEARCH ronde 2 - club: 244
08/02/2020 23:28:27 - User: 998  - Zamparo - sergio.zamparo@gmail.com - EXIT
09/02/2020 11:48:36 - User: 422  - 10626 - Van Damme Patrick - SEARCH ronde 2 - club: 124
09/02/2020 19:25:14 - User: 436  - 14286 - Verhelst Peter - SEARCH ronde 2 - club: 436
09/02/2020 19:31:55 - User: 436  - 24694 - De Rycke Timothy - SEARCH ronde 2 - club: 436
09/02/2020 19:32:13 - 436 - 2A++ 4G++ 5A++ 5A++ 5J++ 5K++ 5L++ 5N++ - 14286 - Verhelst Peter - SAVE
09/02/2020 19:32:25 - User: 436  - 14286 - Verhelst Peter - EXIT
09/02/2020 19:33:22 - 436 - 2A++ 4G++ 5A++ 5A++ 5J++ 5K++ 5L++ 5N++ - 24694 - De Rycke Timothy - SAVE
09/02/2020 19:34:04 - 436 - 2A++ 4G++ 5A++ 5A++ 5J++ 5K++ 5L++ 5N++ - 24694 - De Rycke Timothy - SAVE
09/02/2020 19:51:52 - User: 436  - 14286 - Verhelst Peter - SEARCH ronde 2 - club: 436
09/02/2020 20:04:43 - User: 436  - 14286 - Verhelst Peter - SEARCH ronde 2 - club: 436
09/02/2020 20:15:10 - User: 261  - 48569 - Rogiers Jan - SEARCH ronde 2 - club: 261
09/02/2020 20:16:16 - 261 - 2A++ 5A++ - 48569 - Rogiers Jan - SAVE
09/02/2020 20:16:35 - 261 - 2A++ 4G-- 5A++ - 48569 - Rogiers Jan - SAVE
09/02/2020 20:16:52 - 261 - 2A++ 4G+- 5A++ - 48569 - Rogiers Jan - SAVE
09/02/2020 20:17:08 - User: 261  - 48569 - Rogiers Jan - EXIT
09/02/2020 20:20:56 - 436 - 2A++ 4G++ 5A++ 5A++ 5J++ 5K++ 5L++ 5N++ - 24694 - De Rycke Timothy - SAVE
09/02/2020 20:21:10 - 436 - 2A++ 4G++ 5A++ 5A++ 5J++ 5K++ 5L++ 5N++ - 24694 - De Rycke Timothy - SAVE
09/02/2020 22:08:46 - User: 436  - 14286 - Verhelst Peter - SEARCH ronde 2 - club: 436
09/02/2020 22:09:04 - 436 - 2A++ 4G++ 4G++ 5A++ 5A++ 5J++ 5K++ 5L++ 5N++ - 14286 - Verhelst Peter - SAVE
09/02/2020 22:09:09 - User: 436  - 14286 - Verhelst Peter - LOGOUT
09/02/2020 22:10:32 - User: 436  - 24694 - De Rycke Timothy - SEARCH ronde 2 - club: 436
09/02/2020 22:59:23 - User: 998  - Zamparo - sergio.zamparo@gmail.com - SEARCH ronde 2 - club: 166
09/02/2020 23:00:33 - User: 998  - Zamparo - sergio.zamparo@gmail.com - SEARCH ronde 2 - club: 436
09/02/2020 23:01:32 - User: 998  - Zamparo - sergio.zamparo@gmail.com - LOCK ronde 2
