15/10/2019 23:52:44 - User: 436  - 14286 - Verhelst Peter - EXIT
20/10/2019 19:59:27 - User: 101  - 15041 - Schrickx Frank - EXIT
21/10/2019 12:59:25 - User: 233  - 19645 - Van Overstraeten Frank - EXIT
21/10/2019 12:59:51 - User: 233  - 19645 - Van Overstraeten Frank - EXIT
21/10/2019 20:28:43 - User: 511  - 14304 - Di Pronio Mario - EXIT
03/11/2019 10:48:51 - User: 713  - 96786 - Rosseel Kimball - EXIT
05/11/2019 08:49:32 - User: 101  - 15041 - Schrickx Frank - EXIT
11/11/2019 00:59:53 - User: 436  - 14286 - Verhelst Peter - LOGOUT
11/11/2019 20:45:21 - User: 425  - 8834 - Boodts Jeroen - EXIT
12/11/2019 19:13:43 - User: 909  - 71978 - Wautelet Patrick - LOGOUT
13/11/2019 22:39:07 - User: 101  - 15041 - Schrickx Frank - EXIT
14/11/2019 17:58:48 - User: 621  - 82775 - Mollica Antonio - EXIT
14/11/2019 19:02:26 - User: 471  - 21857 - Dhuyvetter Koen - LOGOUT
15/11/2019 11:06:42 - User: 998  - Zamparo - sergio.zamparo@gmail.com - UNLOCK ronde 4
15/11/2019 11:06:53 - User: 998  - Zamparo - sergio.zamparo@gmail.com - LOGOUT
15/11/2019 11:38:20 - User: 998  - 9113 - Halleux Daniel - SEARCH ronde 4 - club: 313
15/11/2019 11:39:55 - User: 998  - 9113 - Halleux Daniel - SEARCH ronde 4 - club: 422
15/11/2019 11:40:02 - User: 998  - 9113 - Halleux Daniel - SEARCH ronde 4 - club: 302
15/11/2019 11:40:06 - User: 998  - 9113 - Halleux Daniel - SEARCH ronde 4 - club: 244
15/11/2019 12:01:07 - User: 313  - 1252 - Penninck Willem - SEARCH ronde 4 - club: 313
15/11/2019 12:05:51 - User: 518  - 63771 - Drossart Julien - SEARCH ronde 4 - club: 518
15/11/2019 14:29:53 - User: 998  - 9113 - Halleux Daniel - SEARCH ronde 4 - club: 618
15/11/2019 15:55:12 - User: 204  - 87611 - Nica Radu-Catalin - SEARCH ronde 4 - club: 204
15/11/2019 18:12:53 - User: 114  - Tomas Cuyx - tomas_cuyx@hotmail.com - SEARCH ronde 4 - club: 114
15/11/2019 18:34:29 - User: 713  - 96786 - Rosseel Kimball - SEARCH ronde 4 - club: 713
15/11/2019 20:21:06 - User: 508  - 85383 - Moreau Eleuthère - SEARCH ronde 4 - club: 508
15/11/2019 20:37:26 - User: 902  - 85472 - Van Bael Pascal - SEARCH ronde 4 - club: 902
15/11/2019 20:38:24 - User: 902  - 85472 - Van Bael Pascal - EXIT
15/11/2019 20:38:27 - User: 902  - 85472 - Van Bael Pascal - SEARCH ronde 4 - club: 902
15/11/2019 20:38:39 - User: 902  - 85472 - Van Bael Pascal - SEARCH ronde 4 - club: 712
16/11/2019 00:18:32 - User: 418  - 19135 - Flamee Dirk - SEARCH ronde 4 - club: 418
16/11/2019 00:18:54 - User: 418  - 19135 - Flamee Dirk - LOGOUT
16/11/2019 00:21:08 - User: 418  - 19135 - Flamee Dirk - SEARCH ronde 4 - club: 418
16/11/2019 06:35:33 - User: 422  - 8320 - Lanckriet Chris - SEARCH ronde 4 - club: 422
16/11/2019 10:46:22 - User: 432  - 66443 - Michiels Luc - SEARCH ronde 4 - club: 432
16/11/2019 11:08:10 - User: 810  - 92428 - Demelenne Etienne - SEARCH ronde 4 - club: 810
16/11/2019 11:38:37 - User: 135  - 51837 - Philipsen Mathias - SEARCH ronde 4 - club: 135
16/11/2019 11:39:17 - User: 135  - 51837 - Philipsen Mathias - EXIT
16/11/2019 11:39:20 - User: 135  - 51837 - Philipsen Mathias - SEARCH ronde 4 - club: 135
16/11/2019 11:45:46 - User: 703  - 08419 - Cornet Luc - SEARCH ronde 4 - club: 703
16/11/2019 11:55:51 - User: 239  - 97721 - Lacroix Bruno - SEARCH ronde 4 - club: 239
16/11/2019 12:47:43 - User: 712  - 37401 - Vandecan Michel - SEARCH ronde 4 - club: 712
16/11/2019 14:35:01 - User: 109  - 4693 - Mollekens Roeland - SEARCH ronde 4 - club: 109
16/11/2019 14:39:09 - User: 109  - 4693 - Mollekens Roeland - LOGOUT
16/11/2019 17:48:40 - User: 430  - 34746 - Bonne Ronny - SEARCH ronde 4 - club: 430
16/11/2019 17:48:50 - User: 430  - 34746 - Bonne Ronny - EXIT
16/11/2019 18:04:52 - User: 713  - 96786 - Rosseel Kimball - SEARCH ronde 4 - club: 713
16/11/2019 18:14:12 - User: 525  - 98146 - Henrotte Christian - SEARCH ronde 4 - club: 525
16/11/2019 18:14:23 - User: 525  - 98146 - Henrotte Christian - EXIT
16/11/2019 18:14:27 - User: 525  - 98146 - Henrotte Christian - SEARCH ronde 4 - club: 525
16/11/2019 18:14:30 - User: 525  - 98146 - Henrotte Christian - EXIT
16/11/2019 19:06:36 - User: 952  - 89575 - Detienne Stéphane - SEARCH ronde 4 - club: 952
16/11/2019 19:10:56 - User: 101  - 15041 - Schrickx Frank - SEARCH ronde 4 - club: 101
16/11/2019 19:11:11 - User: 101  - 15041 - Schrickx Frank - EXIT
16/11/2019 19:14:51 - User: 239  - 97721 - Lacroix Bruno - SEARCH ronde 4 - club: 239
16/11/2019 19:16:07 - User: 239  - 97721 - Lacroix Bruno - EXIT
16/11/2019 19:17:48 - User: 239  - 97721 - Lacroix Bruno - SEARCH ronde 4 - club: 239
16/11/2019 19:53:52 - User: 475  - 47341 - De Lathouwer Marc - SEARCH ronde 4 - club: 475
16/11/2019 20:44:01 - User: 501  - Hanset Marc - marc.hanset@gmail.com - SEARCH ronde 4 - club: 501
16/11/2019 20:44:03 - User: 501  - Hanset Marc - marc.hanset@gmail.com - LOGOUT
16/11/2019 20:44:47 - User: 143  - 08044 - Van Der Meiren August - SEARCH ronde 4 - club: 143
16/11/2019 20:45:32 - User: 143  - 08044 - Van Der Meiren August - EXIT
16/11/2019 20:45:55 - User: 501  - Hanset Marc - marc.hanset@gmail.com - SEARCH ronde 4 - club: 501
16/11/2019 20:46:10 - User: 501  - Hanset Marc - marc.hanset@gmail.com - LOGOUT
16/11/2019 21:49:25 - User: 233  - 353 - Maeckelbergh Anne-Marie - SEARCH ronde 4 - club: 233
16/11/2019 21:52:07 - User: 462  - David Roos - david.d.roos@gmail.com - SEARCH ronde 4 - club: 462
16/11/2019 21:52:53 - User: 432  - 11463 - Moerman Thomas - SEARCH ronde 4 - club: 432
16/11/2019 22:20:54 - User: 233  - 353 - Maeckelbergh Anne-Marie - LOGOUT
16/11/2019 23:12:05 - User: 182  - 3239 - Rogmans Jelle - SEARCH ronde 4 - club: 182
16/11/2019 23:57:09 - User: 609  - 14377 - Mathonet Corentin - SEARCH ronde 4 - club: 609
16/11/2019 23:57:50 - User: 609  - 14377 - Mathonet Corentin - LOGOUT
17/11/2019 00:41:42 - User: 436  - 14286 - Verhelst Peter - SEARCH ronde 4 - club: 436
17/11/2019 00:49:46 - User: 436  - 14286 - Verhelst Peter - SEARCH ronde 4 - club: 436
17/11/2019 00:53:05 - User: 436  - 14286 - Verhelst Peter - EXIT
17/11/2019 01:00:06 - User: 436  - 14286 - Verhelst Peter - LOGOUT
17/11/2019 01:08:24 - User: 508  - 85383 - Moreau Eleuthère - SEARCH ronde 4 - club: 508
17/11/2019 01:13:26 - User: 508  - 85383 - Moreau Eleuthère - LOGOUT
17/11/2019 08:12:00 - User: 114  - Tomas Cuyx - tomas_cuyx@hotmail.com - SEARCH ronde 4 - club: 114
17/11/2019 08:45:54 - User: 302  - 35157 - Coudron Paul - SEARCH ronde 4 - club: 302
17/11/2019 08:52:18 - User: 619  - 79375 - Debeus Daniel - SEARCH ronde 4 - club: 619
17/11/2019 08:53:24 - User: 619  - 79375 - Debeus Daniel - EXIT
17/11/2019 09:10:35 - User: 471  - 21857 - Dhuyvetter Koen - SEARCH ronde 4 - club: 471
17/11/2019 09:10:59 - User: 471  - 21857 - Dhuyvetter Koen - LOGOUT
17/11/2019 09:25:50 - User: 240  - 10166 - Vanhercke Jan - SEARCH ronde 4 - club: 240
17/11/2019 09:26:11 - User: 240  - 10166 - Vanhercke Jan - SEARCH ronde 4 - club: 240
17/11/2019 09:55:26 - User: 525  - 98146 - Henrotte Christian - SEARCH ronde 4 - club: 525
17/11/2019 09:55:49 - User: 525  - 98146 - Henrotte Christian - EXIT
17/11/2019 10:00:26 - User: 961  - 86282 - Dethy David - SEARCH ronde 4 - club: 514
17/11/2019 10:03:03 - User: 501  - Hanset Marc - marc.hanset@gmail.com - SEARCH ronde 4 - club: 501
17/11/2019 10:06:18 - User: 508  - 85383 - Moreau Eleuthère - SEARCH ronde 4 - club: 508
17/11/2019 10:11:31 - User: 501  - Hanset Marc - marc.hanset@gmail.com - LOGOUT
17/11/2019 10:11:48 - User: 508  - 85383 - Moreau Eleuthère - SEARCH ronde 4 - club: 508
17/11/2019 10:12:03 - User: 508  - 85383 - Moreau Eleuthère - LOGOUT
17/11/2019 10:14:36 - User: 902  - 85472 - Van Bael Pascal - SEARCH ronde 4 - club: 902
17/11/2019 10:16:02 - User: 425  - 8834 - Boodts Jeroen - SEARCH ronde 4 - club: 425
17/11/2019 10:16:28 - User: 303  - Tom Piceu - tom.piceu@gmail.com - SEARCH ronde 4 - club: 303
17/11/2019 10:16:38 - User: 425  - 8834 - Boodts Jeroen - EXIT
17/11/2019 10:18:07 - User: 425  - 8834 - Boodts Jeroen - SEARCH ronde 4 - club: 425
17/11/2019 10:20:54 - User: 902  - 85472 - Van Bael Pascal - SEARCH ronde 4 - club: 902
17/11/2019 10:21:09 - User: 902  - 85472 - Van Bael Pascal - EXIT
17/11/2019 10:48:28 - User: 418  - 19135 - Flamee Dirk - SEARCH ronde 4 - club: 418
17/11/2019 10:49:45 - User: 418  - 19135 - Flamee Dirk - SEARCH ronde 4 - club: 418
17/11/2019 10:53:41 - User: 204  - 87611 - Nica Radu-Catalin - SEARCH ronde 4 - club: 204
17/11/2019 10:54:23 - User: 278  - 14772 - Elinckx Michel - SEARCH ronde 4 - club: 278
17/11/2019 11:01:48 - User: 309  - 69884 - Logie Bernard - SEARCH ronde 4 - club: 309
17/11/2019 11:04:52 - User: 174  - 48381 - Remijsen Dave - SEARCH ronde 4 - club: 174
17/11/2019 11:05:38 - User: 174  - 48381 - Remijsen Dave - EXIT
17/11/2019 11:25:19 - User: 135  - 51837 - Philipsen Mathias - SEARCH ronde 4 - club: 135
17/11/2019 11:39:42 - User: 418  - 19135 - Flamee Dirk - SEARCH ronde 4 - club: 418
17/11/2019 12:01:14 - User: 460  - 26280 - Vandendriessche Gunther - SEARCH ronde 4 - club: 460
17/11/2019 12:19:40 - User: 465  - 9504 - Lemmens Philip - SEARCH ronde 4 - club: 465
17/11/2019 12:29:53 - User: 548  - 85901 - Cloes Johan - SEARCH ronde 4 - club: 548
17/11/2019 12:36:40 - User: 511  - 14304 - Di Pronio Mario - SEARCH ronde 4 - club: 511
17/11/2019 13:20:21 - User: 425  - 8834 - Boodts Jeroen - SEARCH ronde 4 - club: 425
17/11/2019 13:20:28 - User: 425  - 8834 - Boodts Jeroen - EXIT
17/11/2019 13:36:02 - User: 425  - 8834 - Boodts Jeroen - SEARCH ronde 4 - club: 425
17/11/2019 13:39:46 - User: 436  - 14286 - Verhelst Peter - SEARCH ronde 4 - club: 436
17/11/2019 13:55:54 - User: 204  - 14766 - Palazoski Elvir - SEARCH ronde 4 - club: 204
17/11/2019 14:09:50 - User: 436  - 14286 - Verhelst Peter - SEARCH ronde 4 - club: 436
17/11/2019 14:10:41 - 436 - 5A++ - 14286 - Verhelst Peter - SAVE
17/11/2019 14:14:07 - 436 - 5A++ - 14286 - Verhelst Peter - SAVE
17/11/2019 14:14:41 - 436 - 5A++ - 14286 - Verhelst Peter - SAVE
17/11/2019 14:29:52 - User: 260  - 96491 - Van Steenwinckel Hugo - SEARCH ronde 4 - club: 260
17/11/2019 14:30:44 - User: 260  - 96491 - Van Steenwinckel Hugo - SEARCH ronde 4 - club: 260
17/11/2019 15:44:48 - User: 902  - 85472 - Van Bael Pascal - SEARCH ronde 4 - club: 902
17/11/2019 15:46:18 - 902 - 5B+- - 85472 - Van Bael Pascal - SAVE
17/11/2019 15:46:58 - User: 902  - 85472 - Van Bael Pascal - EXIT
17/11/2019 15:47:02 - User: 902  - 85472 - Van Bael Pascal - SEARCH ronde 4 - club: 902
17/11/2019 15:56:08 - User: 204  - 14766 - Palazoski Elvir - SEARCH ronde 4 - club: 204
17/11/2019 16:07:23 - User: 619  - 79375 - Debeus Daniel - SEARCH ronde 4 - club: 619
17/11/2019 16:08:49 - 619 - 5M-+ - 79375 - Debeus Daniel - SAVE
17/11/2019 16:08:59 - User: 619  - 79375 - Debeus Daniel - EXIT
17/11/2019 16:15:57 - User: 703  - 08419 - Cornet Luc - SEARCH ronde 4 - club: 703
17/11/2019 16:16:48 - 703 - 5M+- - 08419 - Cornet Luc - SAVE
17/11/2019 16:26:14 - User: 998  - 9113 - Halleux Daniel - SEARCH ronde 4 - club: 618
17/11/2019 16:26:36 - User: 998  - 9113 - Halleux Daniel - SEARCH ronde 4 - club: 703
17/11/2019 16:26:55 - User: 998  - 9113 - Halleux Daniel - SEARCH ronde 4 - club: 619
17/11/2019 16:27:45 - User: 174  - 48381 - Remijsen Dave - SEARCH ronde 4 - club: 174
17/11/2019 16:31:48 - 174 - 5H+- - 48381 - Remijsen Dave - SAVE
17/11/2019 16:36:25 - 174 - 5H+- - 48381 - Remijsen Dave - SAVE
17/11/2019 17:00:18 - 174 - 3C+- 5H+- - 48381 - Remijsen Dave - SAVE
17/11/2019 17:14:39 - User: 422  - 10626 - Van Damme Patrick - SEARCH ronde 4 - club: 422
17/11/2019 17:19:55 - User: 303  - Tom Piceu - tom.piceu@gmail.com - SEARCH ronde 4 - club: 303
17/11/2019 17:33:13 - User: 475  - 8931 - Heyerick Anton - SEARCH ronde 4 - club: 475
17/11/2019 17:34:25 - User: 304  - 10057 - Callens Freddy - SEARCH ronde 4 - club: 304
17/11/2019 17:34:41 - 475 - 4E-+ - 8931 - Heyerick Anton - SAVE
17/11/2019 17:34:55 - 260 - 4H+- 5G+- 5L+- - 96491 - Van Steenwinckel Hugo - SAVE

------------- Change card result -------------

Club user: 304 *** 17/11/2019 17:37:33

Div/Afd: 5 - Serie/Reeks: F
Ronde: 4 *** 2019-11-17

TIELT 1 ( 304 )
freddy.callens@fulladsl.be

KOSK 5 ( 301 )
ruben@decrop.net
-----------------------------------------------
10057 - 16071 : 1-0
10057 - 16071 : 1-0
-----------------------------------------------
76899 - 15360 : 5-5
76899 - 15630 : 5-5
-----------------------------------------------
10544 - 14042 : 1F-0F
10544 - 14042 : 1F-0F
-----------------------------------------------
14415 - 35106 : 1-0
14415 - 35106 : 1-0

===============================================
===============================================

17/11/2019 17:38:07 - User: 436  - 18465 - Cuvelier Annelies - SEARCH ronde 4 - club: 436
17/11/2019 17:39:22 - 304 - 5F+- - 10057 - Callens Freddy - SAVE
17/11/2019 17:40:23 - User: 619  - 79375 - Debeus Daniel - SEARCH ronde 4 - club: 619
17/11/2019 17:41:04 - 619 - 4D-- 5M-+ - 79375 - Debeus Daniel - SAVE
17/11/2019 17:41:26 - 436 - 4G+- 5A++ 5J+- - 18465 - Cuvelier Annelies - SAVE
17/11/2019 17:41:27 - 619 - 4D-+ 5M-+ - 79375 - Debeus Daniel - SAVE
17/11/2019 17:42:05 - User: 401  - 15121 - Van Leeuwen Etienne - SEARCH ronde 4 - club: 401
17/11/2019 17:42:09 - User: 619  - 79375 - Debeus Daniel - LOGOUT
17/11/2019 17:42:30 - 436 - 4G+- 5A++ 5J+- - 18465 - Cuvelier Annelies - SAVE
17/11/2019 17:46:00 - User: 607  - 00345 - Meessen Rudolf - SEARCH ronde 4 - club: 607
17/11/2019 17:48:05 - 174 - 3C+- 4A+- 5H+- - 48381 - Remijsen Dave - SAVE
17/11/2019 17:48:45 - 401 - 3C+- 5G-- 5J++ 5L+- 5N-+ - 15121 - Van Leeuwen Etienne - SAVE
17/11/2019 17:51:42 - User: 952  - 92894 - Anciaux Marc - SEARCH ronde 4 - club: 952
17/11/2019 17:52:17 - 952 - 3A-+ 5G-- - 92894 - Anciaux Marc - SAVE
17/11/2019 17:54:09 - User: 952  - 92894 - Anciaux Marc - LOGOUT
17/11/2019 18:05:46 - 204 - 5G-+ - 14766 - Palazoski Elvir - SAVE
17/11/2019 18:05:55 - 204 - 5G-+ - 14766 - Palazoski Elvir - SAVE
17/11/2019 18:06:34 - User: 953  - 97301 - Monnier Samuel - SEARCH ronde 4 - club: 953
17/11/2019 18:06:55 - User: 713  - 96786 - Rosseel Kimball - SEARCH ronde 4 - club: 713
17/11/2019 18:08:38 - 713 - 4A+- - 96786 - Rosseel Kimball - SAVE
17/11/2019 18:10:22 - 953 - 5I+- - 97301 - Monnier Samuel - SAVE
17/11/2019 18:13:24 - 174 - 2A+- 3C+- 4A+- 5H+- - 48381 - Remijsen Dave - SAVE
17/11/2019 18:13:27 - 174 - 2A+- 3C+- 4A+- 5H+- - 48381 - Remijsen Dave - SAVE
17/11/2019 18:15:37 - User: 418  - 19135 - Flamee Dirk - SEARCH ronde 4 - club: 418
17/11/2019 18:19:37 - User: 401  - Nouri - nouri@zouaghi.be - SEARCH ronde 4 - club: 401
17/11/2019 18:23:10 - User: 465  - 9504 - Lemmens Philip - SEARCH ronde 4 - club: 465
17/11/2019 18:24:08 - User: 307  - 57941 - Lagast Herve - SEARCH ronde 4 - club: 307
17/11/2019 18:25:45 - 307 - 4E-+ - 57941 - Lagast Herve - SAVE
17/11/2019 18:26:15 - 401 - 3C+- 5G-- 5J++ 5L+- 5N-+ - Nouri - nouri@zouaghi.be - SAVE
17/11/2019 18:27:38 - User: 961  - 86282 - Dethy David - SEARCH ronde 4 - club: 961
17/11/2019 18:27:45 - User: 422  - 10626 - Van Damme Patrick - SEARCH ronde 4 - club: 422
17/11/2019 18:28:06 - 401 - 3C+- 5F-- 5G-- 5J++ 5L+- 5N-+ - Nouri - nouri@zouaghi.be - SAVE
17/11/2019 18:28:40 - 401 - 3C+- 5F-+ 5G-- 5J++ 5L+- 5N-+ - Nouri - nouri@zouaghi.be - SAVE
17/11/2019 18:29:34 - 401 - 3C+- 5F-+ 5G+- 5J++ 5L+- 5N-+ - Nouri - nouri@zouaghi.be - SAVE
17/11/2019 18:29:42 - 465 - 4E+- 5N+- - 9504 - Lemmens Philip - SAVE
17/11/2019 18:30:02 - User: 465  - 9504 - Lemmens Philip - SEARCH ronde 4 - club: 422
17/11/2019 18:30:13 - User: 162  - Janssen Paul - pjanssen@telenet.be - SEARCH ronde 4 - club: 162
17/11/2019 18:31:39 - User: 465  - 9504 - Lemmens Philip - SEARCH ronde 4 - club: 475
17/11/2019 18:31:55 - 961 - 4B+- 5D+- - 86282 - Dethy David - SAVE
17/11/2019 18:32:40 - User: 465  - 9504 - Lemmens Philip - SEARCH ronde 4 - club: 472
17/11/2019 18:32:42 - User: 207  - 10751 - Bourgeois Anne - SEARCH ronde 4 - club: 207
17/11/2019 18:33:25 - User: 418  - 19135 - Flamee Dirk - SEARCH ronde 4 - club: 418
17/11/2019 18:34:09 - User: 418  - 19135 - Flamee Dirk - SEARCH ronde 4 - club: 417
17/11/2019 18:34:28 - User: 418  - 19135 - Flamee Dirk - SEARCH ronde 4 - club: 418
17/11/2019 18:34:31 - User: 418  - 19135 - Flamee Dirk - SEARCH ronde 4 - club: 418
17/11/2019 18:35:07 - 207 - 4F-- 5D+- 5G-+ - 10751 - Bourgeois Anne - SAVE
17/11/2019 18:36:14 - 207 - 4F+- 5D+- 5G++ - 10751 - Bourgeois Anne - SAVE
17/11/2019 18:36:28 - 174 - 2A+- 3A-- 3C+- 4A+- 5H+- - 48381 - Remijsen Dave - SAVE
17/11/2019 18:36:37 - 174 - 2A+- 3A+- 3C+- 4A+- 5H+- - 48381 - Remijsen Dave - SAVE
17/11/2019 18:36:47 - User: 418  - 19135 - Flamee Dirk - LOGOUT
17/11/2019 18:39:49 - User: 460  - 26280 - Vandendriessche Gunther - SEARCH ronde 4 - club: 460
17/11/2019 18:40:26 - 460 - 5J+- - 26280 - Vandendriessche Gunther - SAVE
17/11/2019 18:41:01 - User: 460  - 26280 - Vandendriessche Gunther - EXIT
17/11/2019 18:43:31 - User: 340  - 30988 - De Brouwere Johan - SEARCH ronde 4 - club: 340
17/11/2019 18:44:31 - User: 462  - David Roos - david.d.roos@gmail.com - SEARCH ronde 4 - club: 462
17/11/2019 18:44:48 - 340 - 5F-+ - 30988 - De Brouwere Johan - SAVE
17/11/2019 18:46:06 - 436 - 4G+- 5A++ 5J+- 5N+- - 18465 - Cuvelier Annelies - SAVE
17/11/2019 18:47:49 - User: 172  - 12891 - Cornelis Leon - SEARCH ronde 4 - club: 172
17/11/2019 18:49:15 - 172 - 5L+- - 12891 - Cornelis Leon - SAVE
17/11/2019 18:49:16 - User: 228  - 76317 - Cornelis Eric - SEARCH ronde 4 - club: 228
17/11/2019 18:50:27 - 162 - 5C-+ 5C+- 5H+- - Janssen Paul - pjanssen@telenet.be - SAVE
17/11/2019 18:52:06 - 228 - 3A+- - 76317 - Cornelis Eric - SAVE
17/11/2019 18:52:06 - User: 901  - 69744 - Andre Damien - SEARCH ronde 4 - club: 901
17/11/2019 18:52:12 - 228 - 3A+- - 76317 - Cornelis Eric - SAVE
17/11/2019 18:53:17 - User: 233  - 19643 - Schepens Aron - SEARCH ronde 4 - club: 233
17/11/2019 18:54:16 - User: 621  - 82775 - Mollica Antonio - SEARCH ronde 4 - club: 621
17/11/2019 18:55:08 - 233 - 5G+- 5I+- - 19643 - Schepens Aron - SAVE
17/11/2019 18:55:11 - 233 - 5G+- 5I+- - 19643 - Schepens Aron - SAVE
17/11/2019 18:56:04 - User: 621  - 82775 - Mollica Antonio - EXIT
17/11/2019 18:56:50 - User: 401  - 15121 - Van Leeuwen Etienne - SEARCH ronde 4 - club: 401
17/11/2019 18:57:03 - User: 708  - 2003 - Thijs Leon - SEARCH ronde 4 - club: 708
17/11/2019 18:57:59 - 228 - 3A+- 5D+- 5G+- 5I+- - 76317 - Cornelis Eric - SAVE
17/11/2019 18:58:04 - 228 - 3A+- 5D+- 5G+- 5I+- - 76317 - Cornelis Eric - SAVE

------------- Change card result -------------

Club user: 901 *** 17/11/2019 18:58:18

Div/Afd: 2 - Serie/Reeks: B
Ronde: 4 *** 2019-11-17

NAMUR 1 ( 901 )
vincentlejeune@hotmail.com

ANS 1 ( 621 )
antonio.mollica@gmail.com
-----------------------------------------------
11517 - 95042 : 5-5
11517 - 95042 : 5-5
-----------------------------------------------
64637 - 91367 : 5-5
64637 - 91367 : 5-5
-----------------------------------------------
50474 - 64203 : 0-1
50474 - 64203 : 0-1
-----------------------------------------------
71455 - 70581 : 0-1
71455 - 70581 : 0-1
-----------------------------------------------
63011 - 97136 : 5-5
63011 - 97136 : 5-5
-----------------------------------------------
86215 - 91219 : 0-1
86215 - 91219 : 0-1
-----------------------------------------------
69744 - 99730 : 5-5
69744 - 99728 : 5-5
-----------------------------------------------
83275 - 69892 : 0-1
83275 - 69892 : 0-1

===============================================
===============================================

17/11/2019 18:58:40 - User: 621  - 82775 - Mollica Antonio - SEARCH ronde 4 - club: 621
17/11/2019 18:58:43 - 901 - 2B+- - 69744 - Andre Damien - SAVE
17/11/2019 18:58:49 - 401 - 3C+- 4E++ 5F-+ 5G+- 5J++ 5L+- 5N++ 5N-+ - 15121 - Van Leeuwen Etienne - SAVE
17/11/2019 18:59:31 - User: 313  - 1252 - Penninck Willem - SEARCH ronde 4 - club: 313
17/11/2019 18:59:40 - User: 621  - 82775 - Mollica Antonio - EXIT
17/11/2019 18:59:42 - User: 511  - 69311 - De Pauw Damien - SEARCH ronde 4 - club: 511
17/11/2019 19:00:34 - 901 - 2B+- - 69744 - Andre Damien - SAVE
17/11/2019 19:00:39 - User: 404  - 41114 - Oosterlinck Luc - SEARCH ronde 4 - club: 404
17/11/2019 19:00:53 - 901 - 2B+- 3B-- - 69744 - Andre Damien - SAVE
17/11/2019 19:01:05 - 901 - 2B+- 3B+- - 69744 - Andre Damien - SAVE
17/11/2019 19:02:00 - 901 - 2B+- 3B+- 4B-- - 69744 - Andre Damien - SAVE

------------- Change card result -------------

Club user: 901 *** 17/11/2019 19:02:12

Div/Afd: 4 - Serie/Reeks: B
Ronde: 4 *** 2019-11-17

NAMUR 3 ( 901 )
vincentlejeune@hotmail.com

ANDERLUES 1 ( 525 )
chenrotte03@gmail.com
-----------------------------------------------
73971 - 10295 : 1-0
73971 - 10295 : 1-0
-----------------------------------------------
45641 - 64998 : 0-1
45641 - 64998 : 0-1
-----------------------------------------------
93661 - 98146 : 1-0
93661 - 98146 : 1-0
-----------------------------------------------
60044 - 56871 : 1-0
60044 - 56871 : 0-1

===============================================
===============================================

17/11/2019 19:02:12 - 901 - 2B+- 3B+- 4B-- - 69744 - Andre Damien - SAVE
17/11/2019 19:02:14 - 901 - 2B+- 3B+- 4B-- - 69744 - Andre Damien - SAVE
17/11/2019 19:02:23 - 901 - 2B+- 3B+- 4B+- - 69744 - Andre Damien - SAVE
17/11/2019 19:02:33 - User: 607  - 00345 - Meessen Rudolf - SEARCH ronde 4 - club: 607
17/11/2019 19:02:45 - 404 - 5N+- - 41114 - Oosterlinck Luc - SAVE
17/11/2019 19:02:51 - User: 404  - 41114 - Oosterlinck Luc - EXIT
17/11/2019 19:03:15 - 708 - 3B-+ - 2003 - Thijs Leon - SAVE
17/11/2019 19:03:37 - 901 - 2B+- 3B+- 4B+- 4F-- - 69744 - Andre Damien - SAVE
17/11/2019 19:03:57 - 901 - 2B+- 3B+- 4B+- 4F+- - 69744 - Andre Damien - SAVE
17/11/2019 19:04:01 - User: 462  - David Roos - david.d.roos@gmail.com - SEARCH ronde 4 - club: 462
17/11/2019 19:04:26 - User: 322  - 55468 - Meijfroidt Bart - SEARCH ronde 4 - club: 322
17/11/2019 19:04:34 - 511 - 4B-+ 5E-+ - 69311 - De Pauw Damien - SAVE
17/11/2019 19:04:51 - User: 607  - 94072 - Sproten Raphael - SEARCH ronde 4 - club: 607
17/11/2019 19:05:15 - User: 462  - David Roos - david.d.roos@gmail.com - EXIT
17/11/2019 19:05:20 - User: 462  - David Roos - david.d.roos@gmail.com - SEARCH ronde 4 - club: 462
17/11/2019 19:07:42 - User: 951  - 63797 - Wettach Alain - SEARCH ronde 4 - club: 952
17/11/2019 19:08:49 - 901 - 2B+- 3B+- 4B+- 4F+- 5B-- - 69744 - Andre Damien - SAVE
17/11/2019 19:09:02 - 901 - 2B+- 3B+- 4B+- 4F+- 5B+- - 69744 - Andre Damien - SAVE
17/11/2019 19:09:04 - User: 703  - 08419 - Cornet Luc - SEARCH ronde 4 - club: 703
17/11/2019 19:09:04 - User: 418  - 19135 - Flamee Dirk - SEARCH ronde 4 - club: 418
17/11/2019 19:09:13 - User: 162  - Janssen Paul - pjanssen@telenet.be - EXIT
17/11/2019 19:09:54 - 901 - 2B+- 3B+- 4B+- 4F+- 5B+- 5E-- - 69744 - Andre Damien - SAVE
17/11/2019 19:10:02 - 401 - 2A-- 3C+- 5F-+ 5G+- 5J++ 5L+- 5N-+ - Nouri - nouri@zouaghi.be - SAVE
17/11/2019 19:10:03 - 901 - 2B+- 3B+- 4B+- 4F+- 5B+- 5E+- - 69744 - Andre Damien - SAVE
17/11/2019 19:10:19 - 401 - 2A+- 3C+- 5F-+ 5G+- 5J++ 5L+- 5N-+ - Nouri - nouri@zouaghi.be - SAVE
17/11/2019 19:11:01 - 901 - 2B+- 3B+- 4B+- 4F+- 5B+- 5E+- 5I-- - 69744 - Andre Damien - SAVE
17/11/2019 19:11:09 - 901 - 2B+- 3B+- 4B+- 4F+- 5B+- 5E+- 5I+- - 69744 - Andre Damien - SAVE

------------- Change card result -------------

Club user: 607 *** 17/11/2019 19:11:09

Div/Afd: 4 - Serie/Reeks: D
Ronde: 4 *** 2019-11-17

KSK47-EYNATTEN 4 ( 604 )
paulus.w@skynet.be

KSK ROCHADE 4 ( 607 )
rudolf.meessen@gmail.com
-----------------------------------------------
95019 - 21233 : 0-1
95019 - 21234 : 0-1
-----------------------------------------------
99945 - 10653 : 0-1
99945 - 10653 : 0-1
-----------------------------------------------
15687 - 13936 : 5-5
15687 - 13936 : 5-5
-----------------------------------------------
64416 - 10476 : 1-0
64416 - 10476 : 1-0

===============================================
===============================================

17/11/2019 19:12:02 - 703 - 2B-- 5M+- - 08419 - Cornet Luc - SAVE
17/11/2019 19:12:40 - 703 - 2B-+ 5M+- - 08419 - Cornet Luc - SAVE
17/11/2019 19:13:11 - User: 303  - Tom Piceu - tom.piceu@gmail.com - SEARCH ronde 4 - club: 303
17/11/2019 19:14:17 - 901 - 2B+- 3B+- 4B+- 4F+- 5B+- 5E+- 5I+- 5M-- - 69744 - Andre Damien - SAVE
17/11/2019 19:14:32 - 901 - 2B+- 3B+- 4B+- 4F+- 5B+- 5E+- 5I+- 5M+- - 69744 - Andre Damien - SAVE
17/11/2019 19:15:16 - User: 422  - 8320 - Lanckriet Chris - SEARCH ronde 4 - club: 422
17/11/2019 19:15:29 - User: 471  - 21857 - Dhuyvetter Koen - SEARCH ronde 4 - club: 471
17/11/2019 19:15:57 - User: 465  - 9504 - Lemmens Philip - SEARCH ronde 4 - club: 465
17/11/2019 19:16:25 - 465 - 4E++ 4G+- 5N+- - 9504 - Lemmens Philip - SAVE
17/11/2019 19:16:43 - User: 465  - 9504 - Lemmens Philip - SEARCH ronde 4 - club: 422
17/11/2019 19:17:22 - 422 - 3D+- 5A+- 5J+- 5K+- 5N+- - 8320 - Lanckriet Chris - SAVE
17/11/2019 19:17:29 - User: 229  - 10563 - Verbist Julien - SEARCH ronde 4 - club: 229
17/11/2019 19:17:29 - 471 - 4E-+ 4G-+ 5A-+ 5N++ - 21857 - Dhuyvetter Koen - SAVE
17/11/2019 19:17:36 - User: 465  - 9504 - Lemmens Philip - SEARCH ronde 4 - club: 475
17/11/2019 19:17:39 - User: 471  - 21857 - Dhuyvetter Koen - LOGOUT
17/11/2019 19:17:55 - 303 - 2A+- 3D-- 5F-+ - Tom Piceu - tom.piceu@gmail.com - SAVE
17/11/2019 19:18:01 - User: 302  - 35157 - Coudron Paul - SEARCH ronde 4 - club: 302
17/11/2019 19:18:06 - User: 465  - 9504 - Lemmens Philip - SEARCH ronde 4 - club: 301

------------- Change card result -------------

Club user: 422 *** 17/11/2019 19:18:07

Div/Afd: 5 - Serie/Reeks: K
Ronde: 4 *** 2019-11-17

MSV 4 ( 422 )
meetjeslandsesv@gmail.com

BURCHT 1 ( 190 )
jeff.vanesbroeck@telenet.be
-----------------------------------------------
50806 - 50679 : 1-0
50806 - 8451(!) : 1-0
-----------------------------------------------
10626 - 40193 : 1-0
10626 - 10389(!) : 1-0
-----------------------------------------------
98226 - 97150 : 5-5
98226 - 12955(!) : 5-5
-----------------------------------------------
11922 - 16435 : 0-1
11922 - 19936(!) : 0-1

===============================================
===============================================

17/11/2019 19:18:07 - 422 - 3D+- 5A+- 5J+- 5K+- 5N+- - 8320 - Lanckriet Chris - SAVE
17/11/2019 19:18:14 - User: 430  - 34746 - Bonne Ronny - SEARCH ronde 4 - club: 430
17/11/2019 19:18:39 - User: 465  - 9504 - Lemmens Philip - SEARCH ronde 4 - club: 307
17/11/2019 19:19:00 - 302 - 4C+- 4E++ - 35157 - Coudron Paul - SAVE
17/11/2019 19:19:10 - 229 - 4H-+ 5D+- - 10563 - Verbist Julien - SAVE
17/11/2019 19:19:40 - 303 - 2A+- 3D-- 4C-- 5F-+ - Tom Piceu - tom.piceu@gmail.com - SAVE
17/11/2019 19:19:57 - User: 465  - 9504 - Lemmens Philip - SEARCH ronde 4 - club: 401
17/11/2019 19:20:24 - 430 - 3D+- 4C-- - 34746 - Bonne Ronny - SAVE
17/11/2019 19:20:26 - User: 465  - 9504 - Lemmens Philip - SEARCH ronde 4 - club: 302
17/11/2019 19:20:30 - User: 422  - 10626 - Van Damme Patrick - SEARCH ronde 4 - club: 422

------------- Change card result -------------

Club user: 422 *** 17/11/2019 19:20:45

Div/Afd: 5 - Serie/Reeks: K
Ronde: 4 *** 2019-11-17

MSV 4 ( 422 )
meetjeslandsesv@gmail.com

BURCHT 1 ( 190 )
jeff.vanesbroeck@telenet.be
-----------------------------------------------
50806 - 8451 : 1-0
50806 - 2925 : 1-0
-----------------------------------------------
10626 - 10389 : 1-0
10626 - 10248 : 1-0
-----------------------------------------------
98226 - 12955 : 5-5
98226 - 10210 : 5-5
-----------------------------------------------
11922 - 19936 : 0-1
11922 - 18481 : 0-1

===============================================
===============================================

17/11/2019 19:20:45 - 422 - 3D+- 5A+- 5J+- 5K+- 5N+- - 8320 - Lanckriet Chris - SAVE
17/11/2019 19:21:24 - 430 - 3D+- 4C+- 4E-- - 34746 - Bonne Ronny - SAVE
17/11/2019 19:21:32 - 303 - 2A+- 3D+- 4C+- 4E+- 5F-+ - Tom Piceu - tom.piceu@gmail.com - SAVE
17/11/2019 19:21:54 - 422 - 3D+- 5A+- 5J+- 5K+- 5N+- - 8320 - Lanckriet Chris - SAVE
17/11/2019 19:22:15 - User: 422  - 8320 - Lanckriet Chris - EXIT
17/11/2019 19:22:24 - User: 430  - 34746 - Bonne Ronny - SEARCH ronde 4 - club: 430
17/11/2019 19:22:25 - User: 430  - 34746 - Bonne Ronny - EXIT
17/11/2019 19:22:29 - User: 430  - 34746 - Bonne Ronny - SEARCH ronde 4 - club: 430
17/11/2019 19:22:39 - 303 - 2A+- 3D+- 4C+- 4E+- 4G+- 5F-+ - Tom Piceu - tom.piceu@gmail.com - SAVE
17/11/2019 19:23:15 - 430 - 3D+- 4C+- 4E-- 4G+- - 34746 - Bonne Ronny - SAVE
17/11/2019 19:24:05 - 430 - 3D+- 4C+- 4E+- 4G+- 5N+- - 34746 - Bonne Ronny - SAVE
17/11/2019 19:24:29 - 303 - 2A+- 3D+- 4C+- 4E+- 4G+- 5F++ 5J-- - Tom Piceu - tom.piceu@gmail.com - SAVE
17/11/2019 19:24:53 - User: 952  - 89575 - Detienne Stéphane - SEARCH ronde 4 - club: 952

------------- Change card result -------------

Club user: 422 *** 17/11/2019 19:24:56

Div/Afd: 5 - Serie/Reeks: K
Ronde: 4 *** 2019-11-17

MSV 4 ( 422 )
meetjeslandsesv@gmail.com

BURCHT 1 ( 190 )
jeff.vanesbroeck@telenet.be
-----------------------------------------------
50806 - 2925 : 1-0
50806 - 2925 : 1-0
-----------------------------------------------
10626 - 10248 : 1-0
10626 - 10248 : 1-0
-----------------------------------------------
98226 - 10210 : 5-5
98226 - 12955(!) : 5-5
-----------------------------------------------
11922 - 18481 : 0-1
11922 - 19936(!) : 0-1

===============================================
===============================================

17/11/2019 19:24:56 - 422 - 3D+- 5A+- 5J+- 5K+- 5N+- - 10626 - Van Damme Patrick - SAVE
17/11/2019 19:25:01 - 430 - 3D+- 4C+- 4E+- 4G+- 5N+- - 34746 - Bonne Ronny - SAVE
17/11/2019 19:25:02 - User: 430  - 34746 - Bonne Ronny - LOGOUT
17/11/2019 19:25:33 - 303 - 2A+- 3D+- 4C+- 4E+- 4G+- 5F++ 5J+- - Tom Piceu - tom.piceu@gmail.com - SAVE
17/11/2019 19:26:45 - 462 - 3A+- 4C+- 5A+- 5J+- - David Roos - david.d.roos@gmail.com - SAVE
17/11/2019 19:27:40 - 952 - 3A-+ 5G+- 5I+- - 89575 - Detienne Stéphane - SAVE
17/11/2019 19:28:17 - 952 - 3A-+ 4F-- 5G+- 5I+- - 89575 - Detienne Stéphane - SAVE
17/11/2019 19:29:35 - User: 418  - 19135 - Flamee Dirk - SEARCH ronde 4 - club: 418
17/11/2019 19:29:45 - User: 121  - 29076 - Van Damme Tonnie - SEARCH ronde 4 - club: 121
17/11/2019 19:29:47 - 418 - 4C++ - 19135 - Flamee Dirk - SAVE
17/11/2019 19:30:09 - User: 501  - Hanset Marc - marc.hanset@gmail.com - SEARCH ronde 4 - club: 501
17/11/2019 19:30:28 - 418 - 4C++ - 19135 - Flamee Dirk - SAVE
17/11/2019 19:30:50 - 952 - 3A-+ 4F+- 5B+- 5D-- 5G+- 5I+- - 89575 - Detienne Stéphane - SAVE
17/11/2019 19:31:06 - User: 207  - 10751 - Bourgeois Anne - SEARCH ronde 4 - club: 207
17/11/2019 19:31:36 - 501 - 2B+- 4B+- 4F+- - Hanset Marc - marc.hanset@gmail.com - SAVE
17/11/2019 19:31:46 - 121 - 5C+- 5L-+ - 29076 - Van Damme Tonnie - SAVE
17/11/2019 19:32:17 - User: 121  - 29076 - Van Damme Tonnie - SEARCH ronde 4 - club: 121
17/11/2019 19:32:41 - User: 501  - Hanset Marc - marc.hanset@gmail.com - LOGOUT
17/11/2019 19:32:52 - 121 - 5C+- 5L-+ - 29076 - Van Damme Tonnie - SAVE
17/11/2019 19:32:57 - 121 - 5C+- 5L-+ - 29076 - Van Damme Tonnie - SAVE
17/11/2019 19:33:09 - 121 - 5C+- 5L-+ - 29076 - Van Damme Tonnie - SAVE
17/11/2019 19:33:11 - 121 - 5C+- 5L-+ - 29076 - Van Damme Tonnie - SAVE
17/11/2019 19:33:19 - 121 - 5C+- 5L-+ - 29076 - Van Damme Tonnie - SAVE
17/11/2019 19:33:20 - 952 - 3A-+ 4F+- 5B+- 5D+- 5G++ 5I++ - 89575 - Detienne Stéphane - SAVE
17/11/2019 19:33:33 - 121 - 4A+- 5C+- 5L-+ - 29076 - Van Damme Tonnie - SAVE
17/11/2019 19:34:15 - User: 541  - 79316 - Hias Ludovic - SEARCH ronde 4 - club: 541
17/11/2019 19:35:38 - 462 - 2A-- 3A+- 4C+- 5A+- 5J+- - David Roos - david.d.roos@gmail.com - SAVE
17/11/2019 19:35:41 - User: 418  - 19135 - Flamee Dirk - SEARCH ronde 4 - club: 418
17/11/2019 19:36:24 - 462 - 2A-+ 3A+- 4C+- 5A+- 5J+- - David Roos - david.d.roos@gmail.com - SAVE
17/11/2019 19:36:45 - 541 - 4C(C)+- 5E+- - 79316 - Hias Ludovic - SAVE
17/11/2019 19:36:53 - User: 541  - 79316 - Hias Ludovic - EXIT
17/11/2019 19:36:59 - User: 541  - 79316 - Hias Ludovic - SEARCH ronde 4 - club: 541
17/11/2019 19:37:05 - User: 541  - 79316 - Hias Ludovic - EXIT
17/11/2019 19:37:39 - User: 124  - 45675 - Foulon Greta - SEARCH ronde 4 - club: 124
17/11/2019 19:38:02 - 952 - 3A-+ 4F+- 5B+- 5D+- 5G++ 5I++ - 89575 - Detienne Stéphane - SAVE
17/11/2019 19:38:10 - User: 182  - 3239 - Rogmans Jelle - SEARCH ronde 4 - club: 182
17/11/2019 19:38:25 - 182 - 4A++ - 3239 - Rogmans Jelle - SAVE
17/11/2019 19:38:40 - User: 508  - 85383 - Moreau Eleuthère - SEARCH ronde 4 - club: 508
17/11/2019 19:39:21 - User: 244  - 75701 - D\'Haijère Arnaud - SEARCH ronde 4 - club: 244
17/11/2019 19:39:53 - 508 - 4C++ 5F-+ - 85383 - Moreau Eleuthère - SAVE
17/11/2019 19:40:18 - 244 - 3A++ 4B+- 4F+- 5D++ 5G++ - 75701 - D\'Haijère Arnaud - SAVE
17/11/2019 19:40:22 - User: 244  - 75701 - D\'Haijère Arnaud - EXIT
17/11/2019 19:40:26 - User: 508  - 85383 - Moreau Eleuthère - SEARCH ronde 4 - club: 508
17/11/2019 19:40:41 - 508 - 4C++ 5F++ - 85383 - Moreau Eleuthère - SAVE
17/11/2019 19:41:17 - User: 508  - 85383 - Moreau Eleuthère - EXIT
17/11/2019 19:41:41 - User: 194  - 21041 - Laporte Erik - SEARCH ronde 4 - club: 194
17/11/2019 19:42:18 - User: 641  - 13111 - Bastin Hubert - SEARCH ronde 4 - club: 641
17/11/2019 19:42:50 - User: 551  - 82856 - Delvaux Guy - SEARCH ronde 4 - club: 551
17/11/2019 19:43:09 - User: 194  - 21041 - Laporte Erik - EXIT
17/11/2019 19:43:11 - 551 - 5I++ - 82856 - Delvaux Guy - SAVE
17/11/2019 19:43:16 - 401 - 2A+- 3C+- 4G-- 5F-+ 5G+- 5J++ 5L+- 5N-+ - Nouri - nouri@zouaghi.be - SAVE
17/11/2019 19:43:19 - User: 194  - 21041 - Laporte Erik - SEARCH ronde 4 - club: 192
17/11/2019 19:43:25 - User: 194  - 21041 - Laporte Erik - SEARCH ronde 4 - club: 114
17/11/2019 19:43:51 - User: 132  - 26603 - T\'Sas Jan - SEARCH ronde 4 - club: 132
17/11/2019 19:43:54 - User: 194  - 21041 - Laporte Erik - SEARCH ronde 4 - club: 124
17/11/2019 19:44:01 - User: 194  - 21041 - Laporte Erik - SEARCH ronde 4 - club: 128
17/11/2019 19:44:07 - User: 194  - 21041 - Laporte Erik - SEARCH ronde 4 - club: 130
17/11/2019 19:44:16 - User: 401  - Nouri - nouri@zouaghi.be - EXIT
17/11/2019 19:44:22 - User: 401  - Nouri - nouri@zouaghi.be - SEARCH ronde 4 - club: 401
17/11/2019 19:44:39 - 401 - 2A+- 3C+- 4C+- 4E++ 4E+- 4G++ 5F++ 5G++ 5J+- 5J++ 5L+- 5N++ 5N-+ - Nouri - nouri@zouaghi.be - SAVE
17/11/2019 19:44:43 - 641 - 4D+- - 13111 - Bastin Hubert - SAVE
17/11/2019 19:44:46 - User: 194  - 21041 - Laporte Erik - SEARCH ronde 4 - club: 135
17/11/2019 19:45:01 - User: 229  - 19094 - Ertas Mehmet - SEARCH ronde 4 - club: 229
17/11/2019 19:45:14 - User: 194  - 21041 - Laporte Erik - SEARCH ronde 4 - club: 141
17/11/2019 19:45:18 - User: 194  - 21041 - Laporte Erik - SEARCH ronde 4 - club: 166
17/11/2019 19:45:19 - User: 810  - 65331 - Martin Fabrice - SEARCH ronde 4 - club: 810
17/11/2019 19:45:20 - 401 - 2A+- 3C+- 4C+- 4E++ 4E+- 4G++ 5F++ 5G++ 5J++ 5J++ 5L+- 5N++ 5N-+ - Nouri - nouri@zouaghi.be - SAVE
17/11/2019 19:45:25 - User: 194  - 21041 - Laporte Erik - SEARCH ronde 4 - club: 174
17/11/2019 19:45:26 - 174 - 2A+- 3A+- 3C-- 3C+- 4A+- 4H-- 5H+- - 48381 - Remijsen Dave - SAVE
17/11/2019 19:45:26 - User: 641  - 13111 - Bastin Hubert - LOGOUT
17/11/2019 19:45:27 - User: 309  - 69884 - Logie Bernard - SEARCH ronde 4 - club: 309
17/11/2019 19:45:29 - 229 - 4H-+ 5D++ - 19094 - Ertas Mehmet - SAVE
17/11/2019 19:45:41 - 174 - 2A+- 3A+- 3C+- 3C+- 4A+- 4H+- 5H+- - 48381 - Remijsen Dave - SAVE
17/11/2019 19:45:42 - User: 132  - 26603 - T\'Sas Jan - SEARCH ronde 4 - club: 132
17/11/2019 19:45:52 - User: 410  - 12955 - Covents Maarten - SEARCH ronde 4 - club: 410
17/11/2019 19:46:10 - 132 - 3C-+ 4H++ 5H++ 5L++ - 26603 - T\'Sas Jan - SAVE
17/11/2019 19:46:18 - User: 132  - 26603 - T\'Sas Jan - SEARCH ronde 4 - club: 132
17/11/2019 19:46:26 - User: 194  - 21041 - Laporte Erik - SEARCH ronde 4 - club: 176

------------- Change card result -------------

Club user: 303 *** 17/11/2019 19:46:40

Div/Afd: 2 - Serie/Reeks: A
Ronde: 4 *** 2019-11-17

KBSK 2 ( 303 )
chris.dsp@hotmail.com

LSV-CHESSPIRANT 1 ( 436 )
peter.verhelst1@telenet.be
-----------------------------------------------
10919 - 22543 : 1-0
10919 - 22543 : 1F-0F
-----------------------------------------------
15674 - 10978 : 1-0
15674 - 10978 : 1-0
-----------------------------------------------
13376 - 31160 : 1-0
13376 - 31160 : 1-0
-----------------------------------------------
36374 - 10816 : 0-1
36374 - 10816 : 0-1
-----------------------------------------------
20141 - 33570 : 5-5
20141 - 33570 : 5-5
-----------------------------------------------
51764 - 38253 : 1-0
51764 - 38253 : 1-0
-----------------------------------------------
40461 - 10967 : 1-0
40461 - 10967 : 1-0
-----------------------------------------------
2798 - 14625 : 0-1
02798 - 14625 : 0-1

===============================================
===============================================

17/11/2019 19:46:40 - 303 - 2A+- 3D+- 4C+- 4E+- 4G+- 5F++ 5J+- - Tom Piceu - tom.piceu@gmail.com - SAVE
17/11/2019 19:46:45 - 309 - 3D+- - 69884 - Logie Bernard - SAVE
17/11/2019 19:46:56 - User: 194  - 21041 - Laporte Erik - SEARCH ronde 4 - club: 182
17/11/2019 19:47:21 - User: 194  - 21041 - Laporte Erik - SEARCH ronde 4 - club: 192
17/11/2019 19:47:30 - User: 194  - 21041 - Laporte Erik - SEARCH ronde 4 - club: 194
17/11/2019 19:47:59 - 309 - 3D+- 5F+- - 69884 - Logie Bernard - SAVE
17/11/2019 19:48:15 - User: 309  - 69884 - Logie Bernard - LOGOUT
17/11/2019 19:48:17 - User: 194  - 21041 - Laporte Erik - SEARCH ronde 4 - club: 194
17/11/2019 19:48:24 - 410 - 5K+- - 12955 - Covents Maarten - SAVE
17/11/2019 19:48:48 - User: 471  - 21857 - Dhuyvetter Koen - SEARCH ronde 4 - club: 471
17/11/2019 19:48:50 - User: 465  - 9504 - Lemmens Philip - SEARCH ronde 4 - club: 422
17/11/2019 19:48:54 - 810 - 3B-+ - 65331 - Martin Fabrice - SAVE
17/11/2019 19:49:23 - 410 - 3C+- 5K+- - 12955 - Covents Maarten - SAVE
17/11/2019 19:49:34 - 471 - 2A-+ 4E++ 4G++ 5A-+ 5N++ - 21857 - Dhuyvetter Koen - SAVE
17/11/2019 19:49:40 - User: 194  - 21041 - Laporte Erik - EXIT
17/11/2019 19:49:52 - User: 471  - 21857 - Dhuyvetter Koen - LOGOUT
17/11/2019 19:50:39 - User: 410  - 12955 - Covents Maarten - EXIT
17/11/2019 19:50:46 - 132 - 3C-+ 4H++ 5H++ 5K-+ 5L++ - 26603 - T\'Sas Jan - SAVE
17/11/2019 19:51:57 - 132 - 3C-+ 4H++ 5H++ 5K-+ 5L++ - 26603 - T\'Sas Jan - SAVE
17/11/2019 19:52:07 - 810 - 3B-+ - 65331 - Martin Fabrice - SAVE
17/11/2019 19:52:10 - User: 810  - 65331 - Martin Fabrice - SEARCH ronde 4 - club: 810
17/11/2019 19:52:17 - 551 - 5E(C)-+ 5I++ - 82856 - Delvaux Guy - SAVE
17/11/2019 19:52:27 - User: 951  - 63797 - Wettach Alain - SEARCH ronde 4 - club: 951
17/11/2019 19:52:28 - User: 707  - 03336 - De Wel Herman - SEARCH ronde 4 - club: 707
17/11/2019 19:52:36 - User: 951  - 63797 - Wettach Alain - SEARCH ronde 4 - club: 952
17/11/2019 19:52:46 - User: 901  - 62561 - Lejeune Vincent - SEARCH ronde 4 - club: 901
17/11/2019 19:52:47 - User: 351  - Johan Dezutter - johan.dezutter@pandora.be - SEARCH ronde 4 - club: 351
17/11/2019 19:52:55 - 551 - 5E(C)-+ 5I++ - 82856 - Delvaux Guy - SAVE
17/11/2019 19:53:09 - User: 465  - 9504 - Lemmens Philip - SEARCH ronde 4 - club: 307
17/11/2019 19:53:21 - 351 - 4E++ - Johan Dezutter - johan.dezutter@pandora.be - SAVE
17/11/2019 19:53:28 - User: 465  - 9504 - Lemmens Philip - SEARCH ronde 4 - club: 430
17/11/2019 19:53:28 - User: 551  - 82856 - Delvaux Guy - SEARCH ronde 4 - club: 511
17/11/2019 19:53:32 - 810 - 3B-+ - 65331 - Martin Fabrice - SAVE

------------- Change card result -------------

Club user: 124 *** 17/11/2019 19:53:45

Div/Afd: 4 - Serie/Reeks: H
Ronde: 4 *** 2019-11-17

DEURNE 3 ( 124 )
roger.gretabruynseels@skynet.be

DT LEUVEN 3 ( 231 )
info@dolletoren.be
-----------------------------------------------
4669 - 15064 : 1-0
4669 - 15064 : 1-0
-----------------------------------------------
45675 - 21567 : 1-0
45675 - 21997 : 1-0
-----------------------------------------------
17973 - 14507 : 1-0
17973 - 14507 : 1-0
-----------------------------------------------
20290 - 16377 : 1-0
20290 - 16377 : 1-0

===============================================
===============================================

17/11/2019 19:54:09 - 124 - 2A+- 4A+- 4H+- 5H+- 5K-- - 45675 - Foulon Greta - SAVE
17/11/2019 19:54:12 - 810 - 3B-+ - 65331 - Martin Fabrice - SAVE
17/11/2019 19:54:19 - 124 - 2A+- 4A+- 4H+- 5H+- 5K+- - 45675 - Foulon Greta - SAVE
17/11/2019 19:54:41 - User: 551  - 82856 - Delvaux Guy - SEARCH ronde 4 - club: 514
17/11/2019 19:54:58 - User: 307  - 57941 - Lagast Herve - SEARCH ronde 4 - club: 307
17/11/2019 19:54:59 - User: 551  - 82856 - Delvaux Guy - SEARCH ronde 4 - club: 525
17/11/2019 19:55:47 - User: 436  - 14286 - Verhelst Peter - SEARCH ronde 4 - club: 436
17/11/2019 19:56:00 - User: 313  - 1252 - Penninck Willem - SEARCH ronde 4 - club: 313

------------- Change card result -------------

Club user: 436 *** 17/11/2019 19:56:24

Div/Afd: 5 - Serie/Reeks: N
Ronde: 4 *** 2019-11-17

LSV-CHESSPIRANT 9 ( 436 )
peter.verhelst1@telenet.be

KGSRL 18 ( 401 )
etienne.vanleeuwen@skynet.be
-----------------------------------------------
31712 - 52213 : 0-1
31712 - 52213 : 0-1
-----------------------------------------------
37346 - 21132 : 0-1
37346 - 21132 : 0-1
-----------------------------------------------
10281 - 14521 : 1-0
10281 - 14521 : 1-0
-----------------------------------------------
14392 - 14517 : 1-0
13151 - 14517 : 1-0

===============================================
ATTENTION !
Veuillez vérifier les données encodées sur cette carte de résultats interclubs.
Elles ont été modifiées par le club adverse.

AANDACHT !
Gelieve de gegevens op deze uitslagenkaart te willen controleren.
Ze zijn aangepast door de club van de tegenstanders.
===============================================

17/11/2019 19:56:24 - 436 - 2A++ 4G+- 4G+- 5A++ 5J++ 5K+- 5L+- 5N++ - 14286 - Verhelst Peter - SAVE
17/11/2019 19:56:28 - User: 551  - 82856 - Delvaux Guy - SEARCH ronde 4 - club: 549
17/11/2019 19:56:45 - User: 307  - 57941 - Lagast Herve - SEARCH ronde 4 - club: 303
17/11/2019 19:56:56 - User: 128  - 47414 - Paesschesoone Stefan - SEARCH ronde 4 - club: 101
17/11/2019 19:57:03 - User: 551  - 82856 - Delvaux Guy - SEARCH ronde 4 - club: 541
17/11/2019 19:58:23 - User: 307  - 57941 - Lagast Herve - SEARCH ronde 4 - club: 438
17/11/2019 19:58:58 - User: 307  - 57941 - Lagast Herve - SEARCH ronde 4 - club: 430
17/11/2019 20:00:03 - User: 551  - 82856 - Delvaux Guy - SEARCH ronde 4 - club: 548
17/11/2019 20:00:21 - User: 307  - 57941 - Lagast Herve - SEARCH ronde 4 - club: 401
17/11/2019 20:01:27 - User: 551  - 82856 - Delvaux Guy - SEARCH ronde 4 - club: 525
17/11/2019 20:01:48 - User: 128  - 10207 - Verbruggen Peter - SEARCH ronde 4 - club: 128
17/11/2019 20:01:53 - User: 548  - 85901 - Cloes Johan - SEARCH ronde 4 - club: 548
17/11/2019 20:01:55 - 422 - 3D+- 5A+- 5J+- 5K+- 5N+- - 10626 - Van Damme Patrick - SAVE
17/11/2019 20:02:50 - User: 307  - 57941 - Lagast Herve - SEARCH ronde 4 - club: 471
17/11/2019 20:02:59 - User: 548  - 85901 - Cloes Johan - SEARCH ronde 4 - club: 548
17/11/2019 20:03:00 - User: 128  - 10207 - Verbruggen Peter - SEARCH ronde 4 - club: 128
17/11/2019 20:03:31 - User: 430  - 21342 - Van Quickenborne Kris - SEARCH ronde 4 - club: 430
17/11/2019 20:03:45 - 548 - 3A++ 4B++ 5E++ - 85901 - Cloes Johan - SAVE
17/11/2019 20:04:00 - User: 401  - 15121 - Van Leeuwen Etienne - SEARCH ronde 4 - club: 401
17/11/2019 20:04:05 - User: 551  - 82856 - Delvaux Guy - SEARCH ronde 4 - club: 501
17/11/2019 20:04:57 - User: 548  - 85901 - Cloes Johan - SEARCH ronde 4 - club: 462
17/11/2019 20:05:16 - 128 - 4A+- - 10207 - Verbruggen Peter - SAVE
17/11/2019 20:05:30 - User: 548  - 85901 - Cloes Johan - SEARCH ronde 4 - club: 114
17/11/2019 20:05:51 - User: 313  - 876 - De Schepper Bart - SEARCH ronde 4 - club: 313
17/11/2019 20:06:20 - User: 548  - 85901 - Cloes Johan - SEARCH ronde 4 - club: 239
17/11/2019 20:06:24 - User: 551  - 82856 - Delvaux Guy - SEARCH ronde 4 - club: 902
17/11/2019 20:06:46 - User: 551  - 82856 - Delvaux Guy - SEARCH ronde 4 - club: 909
17/11/2019 20:07:04 - 313 - 3D++ 5J++ 5N++ - 876 - De Schepper Bart - SAVE
17/11/2019 20:07:09 - User: 548  - 85901 - Cloes Johan - SEARCH ronde 4 - club: 174
17/11/2019 20:07:21 - User: 551  - 82856 - Delvaux Guy - SEARCH ronde 4 - club: 953
17/11/2019 20:07:22 - 128 - 4A+- 5H+- - 10207 - Verbruggen Peter - SAVE
17/11/2019 20:07:34 - User: 548  - 85901 - Cloes Johan - SEARCH ronde 4 - club: 228
17/11/2019 20:08:03 - User: 551  - 82856 - Delvaux Guy - SEARCH ronde 4 - club: 951
17/11/2019 20:08:05 - User: 551  - 82856 - Delvaux Guy - SEARCH ronde 4 - club: 951

------------- Change card result -------------

Club user: 422 *** 17/11/2019 20:08:29

Div/Afd: 5 - Serie/Reeks: K
Ronde: 4 *** 2019-11-17

MSV 4 ( 422 )
meetjeslandsesv@gmail.com

BURCHT 1 ( 190 )
jeff.vanesbroeck@telenet.be
-----------------------------------------------
50806 - 2925 : 1-0
50806 - 2925 : 1-0
-----------------------------------------------
10626 - 10248 : 1-0
10626 - 10248 : 1-0
-----------------------------------------------
98226 - 12955 : 5-5
98226 - 10210 : 5-5
-----------------------------------------------
11922 - 19936 : 0-1
11922 - 19936(!) : 0-1

===============================================
===============================================

17/11/2019 20:08:29 - 422 - 3D+- 5A+- 5J+- 5K+- 5N+- - 10626 - Van Damme Patrick - SAVE
17/11/2019 20:08:46 - 401 - 2A+- 3C+- 4C++ 4E++ 4E++ 4G++ 5A++ 5F++ 5G++ 5J++ 5J++ 5K++ 5L+- 5N++ 5N-+ - 15121 - Van Leeuwen Etienne - SAVE

------------- Change card result -------------

Club user: 422 *** 17/11/2019 20:09:55

Div/Afd: 5 - Serie/Reeks: K
Ronde: 4 *** 2019-11-17

MSV 4 ( 422 )
meetjeslandsesv@gmail.com

BURCHT 1 ( 190 )
jeff.vanesbroeck@telenet.be
-----------------------------------------------
50806 - 2925 : 1-0
50806 - 2925 : 1-0
-----------------------------------------------
10626 - 10248 : 1-0
10626 - 10248 : 1-0
-----------------------------------------------
98226 - 10210 : 5-5
98226 - 10210 : 5-5
-----------------------------------------------
11922 - 19936 : 0-1
11922 - 18481 : 0-1

===============================================
===============================================

17/11/2019 20:09:55 - 422 - 3D+- 5A+- 5J+- 5K+- 5N+- - 10626 - Van Damme Patrick - SAVE
17/11/2019 20:09:58 - User: 548  - 85901 - Cloes Johan - SEARCH ronde 4 - club: 417
17/11/2019 20:09:59 - 128 - 4A+- 5H+- 5K+- - 10207 - Verbruggen Peter - SAVE
17/11/2019 20:10:21 - 422 - 3D+- 5A+- 5J+- 5K+- 5N+- - 10626 - Van Damme Patrick - SAVE
17/11/2019 20:10:44 - 401 - 2A+- 3C+- 4C++ 4E++ 4E++ 4G++ 5A++ 5F++ 5G++ 5J++ 5J++ 5K++ 5L+- 5N++ 5N-+ - 15121 - Van Leeuwen Etienne - SAVE
17/11/2019 20:11:05 - User: 548  - 85901 - Cloes Johan - SEARCH ronde 4 - club: 278
17/11/2019 20:11:59 - User: 548  - 85901 - Cloes Johan - SEARCH ronde 4 - club: 909
17/11/2019 20:12:20 - User: 135  - 51837 - Philipsen Mathias - SEARCH ronde 4 - club: 135
17/11/2019 20:12:22 - User: 548  - 85901 - Cloes Johan - SEARCH ronde 4 - club: 551
17/11/2019 20:12:56 - User: 548  - 85901 - Cloes Johan - SEARCH ronde 4 - club: 549
17/11/2019 20:13:16 - User: 548  - 85901 - Cloes Johan - SEARCH ronde 4 - club: 525
17/11/2019 20:13:38 - User: 465  - 9504 - Lemmens Philip - SEARCH ronde 4 - club: 340
17/11/2019 20:13:51 - User: 465  - 9504 - Lemmens Philip - SEARCH ronde 4 - club: 313
17/11/2019 20:14:24 - User: 465  - 9504 - Lemmens Philip - SEARCH ronde 4 - club: 340
17/11/2019 20:14:38 - User: 548  - 85901 - Cloes Johan - SEARCH ronde 4 - club: 239
17/11/2019 20:14:40 - 135 - 3C++ 5C++ 5H++ 5L+- - 51837 - Philipsen Mathias - SAVE
17/11/2019 20:15:16 - User: 465  - 9504 - Lemmens Philip - SEARCH ronde 4 - club: 401
17/11/2019 20:16:13 - User: 607  - 94072 - Sproten Raphael - SEARCH ronde 4 - club: 607
17/11/2019 20:16:17 - User: 430  - 21342 - Van Quickenborne Kris - EXIT
17/11/2019 20:16:18 - User: 607  - 94072 - Sproten Raphael - SEARCH ronde 4 - club: 607
17/11/2019 20:16:32 - User: 607  - 94072 - Sproten Raphael - SEARCH ronde 4 - club: 607
17/11/2019 20:16:47 - User: 465  - 9504 - Lemmens Philip - SEARCH ronde 4 - club: 301
17/11/2019 20:20:24 - User: 714  - 86894 - Jannis Guido - SEARCH ronde 4 - club: 714
17/11/2019 20:20:32 - User: 998  - Zamparo - sergio.zamparo@gmail.com - SEARCH ronde 4 - club: 998
17/11/2019 20:23:35 - User: 472  - 46400 - Raepsaet Joannes - SEARCH ronde 4 - club: 472
17/11/2019 20:24:11 - User: 475  - 8931 - Heyerick Anton - SEARCH ronde 4 - club: 475
17/11/2019 20:24:24 - 472 - 5J++ 5N++ - 46400 - Raepsaet Joannes - SAVE
17/11/2019 20:24:25 - 475 - 4E-+ 5N++ - 8931 - Heyerick Anton - SAVE
17/11/2019 20:24:47 - User: 475  - 8931 - Heyerick Anton - SEARCH ronde 4 - club: 401
17/11/2019 20:25:30 - User: 143  - 08044 - Van Der Meiren August - SEARCH ronde 4 - club: 143
17/11/2019 20:25:42 - 607 - 2B++ 4D-+ 5M++ - 94072 - Sproten Raphael - SAVE
17/11/2019 20:26:03 - 130 - 3C++ 5H++ 5L++ - 18686 - Van Bunderen Gert - SAVE
17/11/2019 20:27:48 - 714 - 3B-+ 5C-+ - 86894 - Jannis Guido - SAVE
17/11/2019 20:28:06 - 143 - 2A++ 3C-+ 4G+- 5K++ - 08044 - Van Der Meiren August - SAVE
17/11/2019 20:28:10 - 601 - 4A++ 4D++ 5M++ - jt13539 - jc.thiry@gmail.com - SAVE
17/11/2019 20:28:15 - User: 909  - 71978 - Wautelet Patrick - SEARCH ronde 4 - club: 909
17/11/2019 20:28:15 - User: 714  - 86894 - Jannis Guido - LOGOUT
17/11/2019 20:28:23 - 143 - 2A++ 3C++ 4G+- 5K++ - 08044 - Van Der Meiren August - SAVE
17/11/2019 20:28:37 - 607 - 2B++ 4D-+ 4D-- 5M++ - 94072 - Sproten Raphael - SAVE
17/11/2019 20:28:40 - User: 472  - 46400 - Raepsaet Joannes - EXIT
17/11/2019 20:29:26 - 607 - 2B++ 4D-+ 4D-+ 5M++ - 94072 - Sproten Raphael - SAVE
17/11/2019 20:29:26 - User: 143  - 08044 - Van Der Meiren August - EXIT
17/11/2019 20:29:39 - User: 607  - 94072 - Sproten Raphael - SEARCH ronde 4 - club: 604
17/11/2019 20:29:47 - User: 727  - THEUNISSEN Kris - kris_theunissen@hotmail.com - SEARCH ronde 4 - club: 727
17/11/2019 20:30:50 - 909 - 4B+- 4F+- - 71978 - Wautelet Patrick - SAVE
17/11/2019 20:30:54 - User: 909  - 71978 - Wautelet Patrick - LOGOUT
17/11/2019 20:30:55 - User: 622  - 91448 - Herzet Serge - SEARCH ronde 4 - club: 622
17/11/2019 20:31:18 - 727 - 3B++ 4D++ 5C++ - THEUNISSEN Kris - kris_theunissen@hotmail.com - SAVE
17/11/2019 20:31:22 - User: 307  - 57941 - Lagast Herve - SEARCH ronde 4 - club: 307
17/11/2019 20:31:23 - 622 - 3B++ - 91448 - Herzet Serge - SAVE
17/11/2019 20:31:34 - 727 - 3B++ 4A-- 4D++ 5C++ - THEUNISSEN Kris - kris_theunissen@hotmail.com - SAVE
17/11/2019 20:31:37 - 307 - 4E++ 5F+- 5J++ - 57941 - Lagast Herve - SAVE
17/11/2019 20:31:48 - 307 - 4E++ 5F++ 5J++ - 57941 - Lagast Herve - SAVE
17/11/2019 20:31:51 - 727 - 3B++ 4A+- 4D++ 5C++ - THEUNISSEN Kris - kris_theunissen@hotmail.com - SAVE
17/11/2019 20:33:04 - User: 230  - 32328 - Verheyden Jonas - SEARCH ronde 4 - club: 230
17/11/2019 20:34:22 - User: 501  - Hanset Marc - marc.hanset@gmail.com - SEARCH ronde 4 - club: 501
17/11/2019 20:34:31 - User: 130  - 18686 - Van Bunderen Gert - SEARCH ronde 4 - club: 166
17/11/2019 20:35:21 - 194 - 4A++ - 21041 - Laporte Erik - SAVE
17/11/2019 20:36:22 - User: 501  - Hanset Marc - marc.hanset@gmail.com - LOGOUT
17/11/2019 20:37:21 - 194 - 4A++ 4H-- - 21041 - Laporte Erik - SAVE
17/11/2019 20:37:40 - 194 - 4A++ 4H-+ - 21041 - Laporte Erik - SAVE
17/11/2019 20:37:43 - User: 194  - 21041 - Laporte Erik - EXIT

------------- Change card result -------------

Club user: 230 *** 17/11/2019 20:38:59

Div/Afd: 3 - Serie/Reeks: B
Ronde: 4 *** 2019-11-17

LEUVEN 2 ( 230 )
jonasverheyden@hotmail.com

MARCHE 1 ( 810 )
georgesamok@gmail.com
-----------------------------------------------
15337 - 78514 : 5-5
15377 - 78514 : 5-5
-----------------------------------------------
21440 - 91553 : 0-1
21440 - 91553 : 0-1
-----------------------------------------------
17256 - 84182 : 5-5
17256 - 84182 : 5-5
-----------------------------------------------
49506 - 60537 : 5-5
49506 - 60537 : 5-5
-----------------------------------------------
59749 - 65331 : 1-0
59749 - 65331 : 1-0
-----------------------------------------------
1538 - 60525 : 5-5
1538 - 60525 : 5-5

===============================================
===============================================


------------- Change card result -------------

Club user: 230 *** 17/11/2019 20:39:00

Div/Afd: 4 - Serie/Reeks: H
Ronde: 4 *** 2019-11-17

LEUVEN 3 ( 230 )
jonasverheyden@hotmail.com

CHESSLOOKS LIER 2 ( 194 )
laporte.erik@telenet.be
-----------------------------------------------
13286 - 10500 : 1-0
13286 - 10500 : 1-0
-----------------------------------------------
33138 - 44571 : 5-5
33138 - 44571 : 5-5
-----------------------------------------------
20206 - 23311 : 5-5
20206 - 23311 : 5-5
-----------------------------------------------
48691 - 21041 : 1-0
21041(!) - 21041 : 1-0

===============================================
===============================================

17/11/2019 20:38:59 - 230 - 3B-+ 4H-- 5C++ 5D-- - 32328 - Verheyden Jonas - SAVE
17/11/2019 20:39:21 - User: 707  - 03336 - De Wel Herman - SEARCH ronde 4 - club: 707
17/11/2019 20:39:52 - 707 - 4A++ - 03336 - De Wel Herman - SAVE
17/11/2019 20:40:13 - User: 810  - 65331 - Martin Fabrice - SEARCH ronde 4 - club: 810
17/11/2019 20:40:28 - User: 518  - 63771 - Drossart Julien - SEARCH ronde 4 - club: 518
17/11/2019 20:40:31 - User: 313  - 1252 - Penninck Willem - SEARCH ronde 4 - club: 313

------------- Change card result -------------

Club user: 230 *** 17/11/2019 20:41:00

Div/Afd: 4 - Serie/Reeks: H
Ronde: 4 *** 2019-11-17

LEUVEN 3 ( 230 )
jonasverheyden@hotmail.com

CHESSLOOKS LIER 2 ( 194 )
laporte.erik@telenet.be
-----------------------------------------------
13286 - 10500 : 1-0
13286 - 10500 : 1-0
-----------------------------------------------
33138 - 44571 : 5-5
33138 - 44571 : 5-5
-----------------------------------------------
20206 - 23311 : 5-5
20206 - 23311 : 5-5
-----------------------------------------------
21041 - 21041 : 1-0
48691 - 21041 : 1-0

===============================================
===============================================

17/11/2019 20:41:00 - 230 - 3B++ 4H-- 5C++ 5D+- - 32328 - Verheyden Jonas - SAVE
17/11/2019 20:41:25 - 230 - 3B++ 4H+- 5C++ 5D+- - 32328 - Verheyden Jonas - SAVE
17/11/2019 20:42:01 - 230 - 3B++ 4H+- 5C++ 5D+- - 32328 - Verheyden Jonas - SAVE
17/11/2019 20:47:38 - User: 401  - 15121 - Van Leeuwen Etienne - SEARCH ronde 4 - club: 401
17/11/2019 20:48:22 - User: 240  - 57011 - De Mol Patrick - SEARCH ronde 4 - club: 240
17/11/2019 20:48:26 - 230 - 2B-- 3B++ 4H+- 5C++ 5D+- - 32328 - Verheyden Jonas - SAVE
17/11/2019 20:48:48 - 230 - 2B+- 3B++ 4H+- 5C++ 5D+- - 32328 - Verheyden Jonas - SAVE
17/11/2019 20:48:52 - User: 230  - 32328 - Verheyden Jonas - LOGOUT

------------- Change card result -------------

Club user: 240 *** 17/11/2019 20:49:58

Div/Afd: 4 - Serie/Reeks: H
Ronde: 4 *** 2019-11-17

SK LIER 1 ( 192 )
pvan.den.brande@telenet.be

SCRR 1 ( 240 )
patrick.demol@scarlet.be
-----------------------------------------------
50243 - 57011 : 5-5
50423 - 57011 : 5-5
-----------------------------------------------
16465 - 34045 : 5-5
16465 - 34045 : 5-5
-----------------------------------------------
51292 - 5797 : 0-1
51292 - 05797 : 0-1
-----------------------------------------------
47104 - 68195 : 0-1
47104 - 68195 : 0-1

===============================================
===============================================

17/11/2019 20:50:08 - User: 402  - 26638 - Ghysels Chris - SEARCH ronde 4 - club: 402
17/11/2019 20:50:29 - 240 - 4H-+ - 57011 - De Mol Patrick - SAVE
17/11/2019 20:50:34 - 240 - 4H-+ - 57011 - De Mol Patrick - SAVE
17/11/2019 20:50:35 - User: 240  - 57011 - De Mol Patrick - EXIT
17/11/2019 20:51:28 - User: 204  - 87611 - Nica Radu-Catalin - SEARCH ronde 4 - club: 204
17/11/2019 20:53:28 - User: 207  - 10751 - Bourgeois Anne - SEARCH ronde 4 - club: 207
17/11/2019 20:53:40 - User: 465  - 9504 - Lemmens Philip - SEARCH ronde 4 - club: 261
17/11/2019 20:55:59 - 402 - 1A+- 3D+- 5N++ - 26638 - Ghysels Chris - SAVE
17/11/2019 20:57:52 - User: 402  - 26638 - Ghysels Chris - EXIT
17/11/2019 20:59:38 - User: 712  - 37401 - Vandecan Michel - SEARCH ronde 4 - club: 712
17/11/2019 20:59:56 - 712 - 5B++ - 37401 - Vandecan Michel - SAVE
17/11/2019 21:00:56 - User: 402  - 26638 - Ghysels Chris - SEARCH ronde 4 - club: 402
17/11/2019 21:01:04 - User: 401  - 15121 - Van Leeuwen Etienne - SEARCH ronde 4 - club: 401
17/11/2019 21:04:02 - User: 601  - 12943 - Bernard Romain - SEARCH ronde 4 - club: 601
17/11/2019 21:04:33 - User: 228  - 31348 - Malfliet Bernard - SEARCH ronde 4 - club: 228
17/11/2019 21:04:43 - User: 627  - 96709 - Jacobs Oliver - SEARCH ronde 4 - club: 627
17/11/2019 21:05:00 - 601 - 4A++ 4B+- 4D++ 5M++ - 12943 - Bernard Romain - SAVE
17/11/2019 21:05:45 - User: 176  - Pieter Sterckx - pietersterckx@yahoo.com - SEARCH ronde 4 - club: 176
17/11/2019 21:06:13 - User: 422  - 10626 - Van Damme Patrick - SEARCH ronde 4 - club: 114
17/11/2019 21:06:20 - 601 - 4A++ 4B+- 4D+- 4D++ 5M++ - 12943 - Bernard Romain - SAVE
17/11/2019 21:06:26 - 176 - 2B++ - Pieter Sterckx - pietersterckx@yahoo.com - SAVE
17/11/2019 21:07:32 - User: 194  - 21041 - Laporte Erik - SEARCH ronde 4 - club: 194
17/11/2019 21:07:52 - User: 194  - 21041 - Laporte Erik - SEARCH ronde 4 - club: 192
17/11/2019 21:07:58 - User: 261  - 48569 - Rogiers Jan - SEARCH ronde 4 - club: 261
17/11/2019 21:08:08 - 601 - 4A++ 4B+- 4D+- 4D++ 5B+- 5M++ - 12943 - Bernard Romain - SAVE
17/11/2019 21:08:09 - 176 - 2B++ 5C-- - Pieter Sterckx - pietersterckx@yahoo.com - SAVE
17/11/2019 21:08:27 - User: 194  - 21041 - Laporte Erik - SEARCH ronde 4 - club: 166
17/11/2019 21:08:58 - User: 114  - Tomas Cuyx - tomas_cuyx@hotmail.com - SEARCH ronde 4 - club: 114
17/11/2019 21:09:23 - 114 - 3A+- 4H-+ 5A-+ 5C-- 5L-+ - Tomas Cuyx - tomas_cuyx@hotmail.com - SAVE
17/11/2019 21:09:55 - 601 - 4A++ 4B+- 4D+- 4D++ 5B+- 5B+- 5M+- 5M++ - 12943 - Bernard Romain - SAVE
17/11/2019 21:10:06 - 176 - 2B++ 5C-- 5H-- - Pieter Sterckx - pietersterckx@yahoo.com - SAVE
17/11/2019 21:10:32 - 114 - 3A+- 3C-- 4H-+ 5A-+ 5C-- 5L-+ - Tomas Cuyx - tomas_cuyx@hotmail.com - SAVE
17/11/2019 21:10:40 - 176 - 2B++ 5C-+ 5H-+ - Pieter Sterckx - pietersterckx@yahoo.com - SAVE
17/11/2019 21:10:49 - User: 176  - Pieter Sterckx - pietersterckx@yahoo.com - EXIT

------------- Change card result -------------

Club user: 601 *** 17/11/2019 21:11:30

Div/Afd: 5 - Serie/Reeks: B
Ronde: 4 *** 2019-11-17

CRELEL 8 ( 601 )
aliasniamor@gmail.com

MARCHE 2 ( 810 )
georgesamok@gmail.com
-----------------------------------------------
19434 - 10716 : 0-1
19434 - 10716 : 0-1
-----------------------------------------------
20509 - 68098 : 0-1
20509 - 68098 : 0-1
-----------------------------------------------
20952 - 92428 : 0-1
20852 - 92428 : 0-1
-----------------------------------------------
20544 - 17460 : 0-1
20544 - 17460 : 0-1

===============================================
===============================================

17/11/2019 21:11:30 - 601 - 4A++ 4B+- 4D+- 4D++ 5B+- 5B+- 5M+- 5M++ - 12943 - Bernard Romain - SAVE
17/11/2019 21:11:55 - 601 - 4A++ 4B+- 4D+- 4D++ 5B+- 5B+- 5M+- 5M++ - 12943 - Bernard Romain - SAVE
17/11/2019 21:11:59 - User: 998  - Zamparo - sergio.zamparo@gmail.com - SEARCH ronde 4 - club: 244

------------- Change card result -------------

Club user: 261 *** 17/11/2019 21:12:18

Div/Afd: 2 - Serie/Reeks: A
Ronde: 4 *** 2019-11-17

OPWIJK 1 ( 261 )
jeroenkoala@hotmail.com

TSM MECHELEN 1 ( 166 )
ic@tsmschaakklub.info
-----------------------------------------------
50482 - 17626 : 5-5
50482 - 17626 : 5-5
-----------------------------------------------
6807 - 17632 : 0-1
6807 - 17632 : 0-1
-----------------------------------------------
1988 - 12424 : 5-5
1988 - 12424 : 5-5
-----------------------------------------------
50075 - 67946 : 5-5
50075 - 67946 : 5-5
-----------------------------------------------
11030 - 30651 : 5-5
11030 - 30651 : 5-5
-----------------------------------------------
48569 - 19224 : 1-0
48569 - 19224 : 1-0
-----------------------------------------------
26972 - 11343 : 1-0
26972 - 11343 : 1-0
-----------------------------------------------
51578 - 14525 : 5-5
51578 - 34525 : 5-5

===============================================
===============================================

17/11/2019 21:12:37 - 627 - 2B+- 3B+- 4D+- 5M+- - 96709 - Jacobs Oliver - SAVE
17/11/2019 21:12:44 - User: 114  - Tomas Cuyx - tomas_cuyx@hotmail.com - SEARCH ronde 4 - club: 114
17/11/2019 21:12:45 - User: 621  - 82775 - Mollica Antonio - SEARCH ronde 4 - club: 621
17/11/2019 21:13:01 - 261 - 2A+- 4G+- 5A+- - 48569 - Rogiers Jan - SAVE
17/11/2019 21:13:02 - 114 - 3A+- 3C+- 4H++ 5A++ 5C++ 5H-+ 5L-+ - Tomas Cuyx - tomas_cuyx@hotmail.com - SAVE
17/11/2019 21:13:07 - User: 340  - 30988 - De Brouwere Johan - SEARCH ronde 4 - club: 340
17/11/2019 21:13:15 - User: 261  - 48569 - Rogiers Jan - EXIT
17/11/2019 21:13:25 - 114 - 3A+- 3C+- 4H++ 5A++ 5C++ 5D+- 5H-+ 5L-+ - Tomas Cuyx - tomas_cuyx@hotmail.com - SAVE
17/11/2019 21:13:32 - User: 417  - 10612 - Van Wijnendaele Jovanni - SEARCH ronde 4 - club: 417
17/11/2019 21:13:45 - User: 998  - Zamparo - sergio.zamparo@gmail.com - EXIT
17/11/2019 21:13:56 - 340 - 3D++ 5F++ - 30988 - De Brouwere Johan - SAVE
17/11/2019 21:13:59 - 417 - 5A++ - 10612 - Van Wijnendaele Jovanni - SAVE
17/11/2019 21:14:02 - User: 525  - 98146 - Henrotte Christian - SEARCH ronde 4 - club: 525
17/11/2019 21:14:38 - User: 132  - 26603 - T\'Sas Jan - SEARCH ronde 4 - club: 132

------------- Change card result -------------

Club user: 132 *** 17/11/2019 21:14:52

Div/Afd: 3 - Serie/Reeks: C
Ronde: 4 *** 2019-11-17

TEMSE 2 ( 143 )
gustvdm@hotmail.com

SK OUDE GOD 1 ( 132 )
jan.tsas@skynet.be
-----------------------------------------------
7404 - 26603 : 5-5
7404 - 26603 : 5-5
-----------------------------------------------
43516 - 49051 : 5-5
43516 - 49051 : 5-5
-----------------------------------------------
14386 - 39462 : 5-5
14386 - 39462 : 5-5
-----------------------------------------------
29149 - 54771 : 0-1
29149 - 54771 : 0-1
-----------------------------------------------
19704 - 53805 : 0-1
19704 - 53805 : 5-5
-----------------------------------------------
11748 - 68861 : 5-5
11748 - 68861 : 0-1

===============================================
ATTENTION !
Veuillez vérifier les données encodées sur cette carte de résultats interclubs.
Elles ont été modifiées par le club adverse.

AANDACHT !
Gelieve de gegevens op deze uitslagenkaart te willen controleren.
Ze zijn aangepast door de club van de tegenstanders.
===============================================

17/11/2019 21:14:52 - 132 - 3C++ 4H++ 5H++ 5K++ 5L++ - 26603 - T\'Sas Jan - SAVE
17/11/2019 21:15:03 - User: 132  - 26603 - T\'Sas Jan - SEARCH ronde 4 - club: 132
17/11/2019 21:15:04 - User: 425  - 8834 - Boodts Jeroen - SEARCH ronde 4 - club: 425
17/11/2019 21:15:05 - 114 - 3A+- 3C+- 4H++ 5A++ 5C++ 5D+- 5G-- 5H-+ 5L-+ - Tomas Cuyx - tomas_cuyx@hotmail.com - SAVE
17/11/2019 21:15:36 - User: 132  - 26603 - T\'Sas Jan - LOGOUT
17/11/2019 21:15:40 - 627 - 2B+- 3B+- 4D+- 5M+- - 96709 - Jacobs Oliver - SAVE
17/11/2019 21:15:55 - 425 - 4G++ 5A++ - 8834 - Boodts Jeroen - SAVE
17/11/2019 21:16:25 - 114 - 3A+- 3C+- 4H++ 5A++ 5C++ 5D+- 5G+- 5H++ 5I+- 5K-- 5L++ - Tomas Cuyx - tomas_cuyx@hotmail.com - SAVE
17/11/2019 21:17:03 - 114 - 3A+- 3C+- 4H++ 5A++ 5C++ 5D+- 5G+- 5H++ 5I+- 5K+- 5L++ - Tomas Cuyx - tomas_cuyx@hotmail.com - SAVE
17/11/2019 21:17:28 - 525 - 4B++ 5E++ 5I(C)++ - 98146 - Henrotte Christian - SAVE
17/11/2019 21:18:17 - User: 525  - 98146 - Henrotte Christian - SEARCH ronde 4 - club: 244
17/11/2019 21:19:08 - User: 525  - 98146 - Henrotte Christian - SEARCH ronde 4 - club: 514
17/11/2019 21:19:19 - 518 - 5E(C)++ - 63771 - Drossart Julien - SAVE
17/11/2019 21:19:53 - User: 525  - 98146 - Henrotte Christian - SEARCH ronde 4 - club: 244
17/11/2019 21:20:00 - User: 518  - 63771 - Drossart Julien - SEARCH ronde 4 - club: 518
17/11/2019 21:20:44 - User: 525  - 98146 - Henrotte Christian - SEARCH ronde 4 - club: 278
17/11/2019 21:22:41 - User: 525  - 98146 - Henrotte Christian - SEARCH ronde 4 - club: 514
17/11/2019 21:22:58 - User: 143  - 08044 - Van Der Meiren August - SEARCH ronde 4 - club: 143
17/11/2019 21:23:30 - User: 621  - 82775 - Mollica Antonio - EXIT
17/11/2019 21:25:10 - User: 109  - 4693 - Mollekens Roeland - SEARCH ronde 4 - club: 109
17/11/2019 21:25:53 - User: 621  - 82775 - Mollica Antonio - SEARCH ronde 4 - club: 621
17/11/2019 21:26:01 - 109 - 1A++ 3C++ 5K++ - 4693 - Mollekens Roeland - SAVE
17/11/2019 21:26:28 - User: 109  - 4693 - Mollekens Roeland - LOGOUT
17/11/2019 21:29:08 - User: 621  - 82775 - Mollica Antonio - SEARCH ronde 4 - club: 621
17/11/2019 21:32:17 - User: 627  - 96709 - Jacobs Oliver - SEARCH ronde 4 - club: 627
17/11/2019 21:33:00 - User: 172  - 12891 - Cornelis Leon - SEARCH ronde 4 - club: 172
17/11/2019 21:33:09 - 712 - 5B++ - 37401 - Vandecan Michel - SAVE

------------- Change card result -------------

Club user: 172 *** 17/11/2019 21:33:30

Div/Afd: 5 - Serie/Reeks: L
Ronde: 4 *** 2019-11-17

WILLEBROEK 1 ( 172 )
w_b_schaak@hotmail.com

LSV-CHESSPIRANT 8 ( 436 )
peter.verhelst1@telenet.be
-----------------------------------------------
96212 - 14291 : 0-1
96212 - 14291 : 0-1
-----------------------------------------------
22373 - 64793 : 5-5
22373 - 64793 : 5-5
-----------------------------------------------
12891 - 16522 : 0F-1F
12891 - 16522 : 0-1
-----------------------------------------------
14903 - 15174 : 0-1
14903 - 15174 : 0-1

===============================================
===============================================

17/11/2019 21:33:30 - 172 - 5L+- - 12891 - Cornelis Leon - SAVE
17/11/2019 21:33:42 - User: 810  - 65722 - Piron Jean-Marie - SEARCH ronde 4 - club: 810
17/11/2019 21:33:54 - User: 810  - 65722 - Piron Jean-Marie - SEARCH ronde 4 - club: 810
17/11/2019 21:34:32 - 172 - 5L+- - 12891 - Cornelis Leon - SAVE
17/11/2019 21:34:59 - 810 - 3B++ 5B++ - 65722 - Piron Jean-Marie - SAVE
17/11/2019 21:35:11 - User: 810  - 65722 - Piron Jean-Marie - EXIT
17/11/2019 21:36:57 - User: 201  - 35556 - Cornil Etienne - SEARCH ronde 4 - club: 201

------------- Change card result -------------

Club user: 627 *** 17/11/2019 21:38:01

Div/Afd: 3 - Serie/Reeks: B
Ronde: 4 *** 2019-11-17

WIRTZFELD 3 ( 627 )
schleck.victor@gmail.com

DT LEUVEN 1 ( 231 )
info@dolletoren.be
-----------------------------------------------
96334 - 10942 : 0-1
96334 - 10942 : 0-1
-----------------------------------------------
14370 - 30775 : 0-1
14370 - 30775 : 0-1
-----------------------------------------------
17603 - 10546 : 5-5
17603 - 10546 : 5-5
-----------------------------------------------
93351 - 26786 : 0-1
93351 - 12753 : 0-1
-----------------------------------------------
13545 - 12753 : 5-5
13545 - 26786 : 5-5
-----------------------------------------------
47422 - 15850 : 5-5
47422 - 15850 : 5-5

===============================================
===============================================


------------- Change card result -------------

Club user: 627 *** 17/11/2019 21:38:01

Div/Afd: 4 - Serie/Reeks: D
Ronde: 4 *** 2019-11-17

WIRTZFELD 4 ( 627 )
schleck.victor@gmail.com

KSK47-EYNATTEN 3 ( 604 )
paulus.w@skynet.be
-----------------------------------------------
10721 - 98981 : 1-0
10721 - 13201 : 1-0
-----------------------------------------------
15042 - 48895 : 5-5
15042 - 48895 : 5-5
-----------------------------------------------
15017 - 99791 : 5-5
15017 - 99791 : 5-5
-----------------------------------------------
99031 - 16163 : 1-0
99031 - 16163 : 1-0

===============================================
===============================================

17/11/2019 21:38:01 - 627 - 2B+- 3B+- 4D+- 5M+- - 96709 - Jacobs Oliver - SAVE
17/11/2019 21:39:14 - User: 621  - 82775 - Mollica Antonio - SEARCH ronde 4 - club: 621
17/11/2019 21:39:53 - User: 309  - 69884 - Logie Bernard - SEARCH ronde 4 - club: 309
17/11/2019 21:40:24 - 621 - 2B++ 4D++ 5B++ 5C++ 5M++ - 82775 - Mollica Antonio - SAVE
17/11/2019 21:40:30 - User: 621  - 82775 - Mollica Antonio - LOGOUT
17/11/2019 21:40:32 - User: 475  - 47341 - De Lathouwer Marc - SEARCH ronde 4 - club: 475
17/11/2019 21:40:35 - User: 101  - 15041 - Schrickx Frank - SEARCH ronde 4 - club: 101
17/11/2019 21:40:56 - 201 - 2B++ 4F++ 5D++ - 35556 - Cornil Etienne - SAVE
17/11/2019 21:41:29 - User: 101  - 15041 - Schrickx Frank - EXIT
17/11/2019 21:42:49 - User: 438  - 36455 - Soens Steven - SEARCH ronde 4 - club: 438
17/11/2019 21:43:12 - User: 101  - 15041 - Schrickx Frank - SEARCH ronde 4 - club: 101
17/11/2019 21:43:33 - 101 - 4A++ 5K+- - 15041 - Schrickx Frank - SAVE
17/11/2019 21:43:39 - 438 - 4E++ - 36455 - Soens Steven - SAVE
17/11/2019 21:43:52 - 101 - 4A++ 5K+- - 15041 - Schrickx Frank - SAVE
17/11/2019 21:43:54 - User: 101  - 15041 - Schrickx Frank - EXIT
17/11/2019 21:44:17 - User: 462  - David Roos - david.d.roos@gmail.com - SEARCH ronde 4 - club: 462
17/11/2019 21:44:39 - 462 - 2A++ 3A+- 3D++ 4C++ 5A++ 5J++ - David Roos - david.d.roos@gmail.com - SAVE
17/11/2019 21:44:49 - User: 998  - RTN - Luc.Cornet@telenet.be - SEARCH ronde 4 - club: 998
17/11/2019 21:46:30 - User: 231  - 21997 - Roosen Stefan - SEARCH ronde 4 - club: 231
17/11/2019 21:47:14 - 231 - 3B++ 4A++ 4H++ - 21997 - Roosen Stefan - SAVE
17/11/2019 21:48:32 - User: 609  - 14377 - Mathonet Corentin - SEARCH ronde 4 - club: 609
17/11/2019 21:49:45 - 609 - 5B++ - 14377 - Mathonet Corentin - SAVE
17/11/2019 21:50:04 - User: 609  - 14377 - Mathonet Corentin - EXIT
17/11/2019 21:50:08 - User: 121  - 29076 - Van Damme Tonnie - SEARCH ronde 4 - club: 121
17/11/2019 21:50:16 - 121 - 4A++ 5C++ 5H++ 5L++ - 29076 - Van Damme Tonnie - SAVE
17/11/2019 21:51:57 - User: 551  - 82856 - Delvaux Guy - SEARCH ronde 4 - club: 514
17/11/2019 21:52:35 - User: 551  - 82856 - Delvaux Guy - SEARCH ronde 4 - club: 551
17/11/2019 21:53:52 - User: 551  - 82856 - Delvaux Guy - SEARCH ronde 4 - club: 902
17/11/2019 21:54:37 - User: 301  - 45608 - Decrop Ruben - SEARCH ronde 4 - club: 301
17/11/2019 21:54:38 - User: 551  - 82856 - Delvaux Guy - SEARCH ronde 4 - club: 514
17/11/2019 21:55:50 - User: 313  - 1252 - Penninck Willem - SEARCH ronde 4 - club: 313
17/11/2019 21:55:58 - User: 301  - 24384 - Dayer Glenn - SEARCH ronde 4 - club: 301
17/11/2019 21:57:08 - 301 - 2A+- 3D++ 4C++ 4E++ 5F++ - 24384 - Dayer Glenn - SAVE
17/11/2019 21:57:22 - User: 301  - 24384 - Dayer Glenn - EXIT
17/11/2019 21:58:16 - 301 - 2A++ 3D+- 4C+- 4E+- 5F+- - 45608 - Decrop Ruben - SAVE
17/11/2019 21:58:57 - User: 472  - 46400 - Raepsaet Joannes - SEARCH ronde 4 - club: 472
17/11/2019 21:59:16 - User: 239  - 87823 - Silovy Alain - SEARCH ronde 4 - club: 239
17/11/2019 21:59:46 - 472 - 3D++ 4G++ 5J++ 5N++ - 46400 - Raepsaet Joannes - SAVE
17/11/2019 22:00:01 - User: 425  - 8834 - Boodts Jeroen - SEARCH ronde 4 - club: 425
17/11/2019 22:00:17 - 425 - 4G++ 5A++ - 8834 - Boodts Jeroen - SAVE
17/11/2019 22:00:26 - 239 - 2B++ 3A++ 4B++ 4F++ 5D++ - 87823 - Silovy Alain - SAVE
17/11/2019 22:00:32 - User: 472  - 46400 - Raepsaet Joannes - EXIT
17/11/2019 22:02:23 - User: 239  - 87823 - Silovy Alain - LOGOUT
17/11/2019 22:02:28 - User: 436  - 14286 - Verhelst Peter - SEARCH ronde 4 - club: 436
17/11/2019 22:05:15 - User: 417  - 10612 - Van Wijnendaele Jovanni - SEARCH ronde 4 - club: 417
17/11/2019 22:07:59 - User: 604  - 96873 - Rosskamp Kurt - SEARCH ronde 4 - club: 604
17/11/2019 22:08:35 - User: 551  - 82856 - Delvaux Guy - SEARCH ronde 4 - club: 514
17/11/2019 22:09:20 - 436 - 2A++ 4G++ 4G+- 5A++ 5J++ 5K++ 5L++ 5N++ - 14286 - Verhelst Peter - SAVE
17/11/2019 22:09:23 - 604 - 3B++ 4D++ 4D++ 5M++ - 96873 - Rosskamp Kurt - SAVE
17/11/2019 22:09:30 - User: 604  - 96873 - Rosskamp Kurt - EXIT
17/11/2019 22:13:09 - User: 305  - 45063 - Truwant Pieter - SEARCH ronde 4 - club: 305
17/11/2019 22:16:07 - User: 302  - 35157 - Coudron Paul - SEARCH ronde 4 - club: 302
17/11/2019 22:16:53 - User: 302  - 35157 - Coudron Paul - SEARCH ronde 4 - club: 302
17/11/2019 22:17:45 - 302 - 3D-- 4C++ 4E++ - 35157 - Coudron Paul - SAVE
17/11/2019 22:18:04 - 302 - 3D+- 4C++ 4E++ - 35157 - Coudron Paul - SAVE
17/11/2019 22:19:07 - 305 - 5F+- - 45063 - Truwant Pieter - SAVE
17/11/2019 22:19:22 - 712 - 5B++ - 37401 - Vandecan Michel - SAVE
17/11/2019 22:19:40 - 712 - 5B++ - 37401 - Vandecan Michel - SAVE
17/11/2019 22:22:33 - User: 192  - 50423 - Van Den Brande Patrick - SEARCH ronde 4 - club: 192
17/11/2019 22:22:40 - User: 322  - 55468 - Meijfroidt Bart - EXIT
17/11/2019 22:23:33 - User: 322  - 55468 - Meijfroidt Bart - SEARCH ronde 4 - club: 322
17/11/2019 22:24:50 - User: 192  - 50423 - Van Den Brande Patrick - SEARCH ronde 4 - club: 192
17/11/2019 22:25:40 - 192 - 4H++ - 50423 - Van Den Brande Patrick - SAVE
17/11/2019 22:27:07 - 192 - 4H++ 5H+- - 50423 - Van Den Brande Patrick - SAVE
17/11/2019 22:28:41 - 322 - 5F-+ - 55468 - Meijfroidt Bart - SAVE
17/11/2019 22:28:49 - User: 322  - 55468 - Meijfroidt Bart - LOGOUT
17/11/2019 22:29:09 - User: 322  - 55468 - Meijfroidt Bart - SEARCH ronde 4 - club: 322
17/11/2019 22:29:15 - User: 322  - 55468 - Meijfroidt Bart - EXIT
17/11/2019 22:29:25 - User: 401  - 15121 - Van Leeuwen Etienne - SEARCH ronde 4 - club: 401
17/11/2019 22:30:21 - User: 436  - 14286 - Verhelst Peter - LOGOUT
17/11/2019 22:30:51 - 401 - 2A++ 3C++ 3D++ 4C++ 4E++ 4E++ 4G++ 5A++ 5F++ 5G++ 5J++ 5J++ 5K++ 5L++ 5N++ 5N++ - 15121 - Van Leeuwen Etienne - SAVE
17/11/2019 22:33:26 - User: 230  - 32328 - Verheyden Jonas - SEARCH ronde 4 - club: 230
17/11/2019 22:33:33 - 230 - 2B++ 3B++ 4H++ 5C++ 5D++ - 32328 - Verheyden Jonas - SAVE
17/11/2019 22:33:49 - User: 230  - 32328 - Verheyden Jonas - LOGOUT
17/11/2019 22:42:42 - User: 207  - 10751 - Bourgeois Anne - SEARCH ronde 4 - club: 207
17/11/2019 22:43:55 - 712 - 5B++ - 37401 - Vandecan Michel - SAVE
17/11/2019 22:46:04 - User: 128  - 10207 - Verbruggen Peter - SEARCH ronde 4 - club: 727
17/11/2019 22:48:35 - User: 712  - 37401 - Vandecan Michel - SEARCH ronde 4 - club: 712
17/11/2019 22:48:53 - 712 - 4D++ 5B++ - 37401 - Vandecan Michel - SAVE
17/11/2019 22:50:19 - User: 226  - 81558 - Hoffmeister Frank - SEARCH ronde 4 - club: 226
17/11/2019 22:53:04 - 226 - 3A++ 4F++ 5D++ 5G++ - 81558 - Hoffmeister Frank - SAVE
17/11/2019 22:57:14 - User: 432  - 66443 - Michiels Luc - SEARCH ronde 4 - club: 432
17/11/2019 22:57:40 - 432 - 2A++ 3C++ 4C(C)++ 4G++ 5A++ - 66443 - Michiels Luc - SAVE
17/11/2019 22:59:56 - User: 244  - 75701 - D\'Haijère Arnaud - SEARCH ronde 4 - club: 244
17/11/2019 23:00:33 - 244 - 3A++ 4B++ 4F++ 5D++ 5G++ 5I++ - 75701 - D\'Haijère Arnaud - SAVE
17/11/2019 23:06:14 - User: 101  - 15041 - Schrickx Frank - SEARCH ronde 4 - club: 101
17/11/2019 23:07:07 - 101 - 4A++ 5H++ 5K+- - 15041 - Schrickx Frank - SAVE
17/11/2019 23:08:28 - 313 - 3D++ 5J++ 5N++ - 876 - De Schepper Bart - SAVE
17/11/2019 23:09:39 - User: 313  - 876 - De Schepper Bart - SEARCH ronde 4 - club: 313
17/11/2019 23:10:05 - User: 260  - 96491 - Van Steenwinckel Hugo - SEARCH ronde 4 - club: 261
17/11/2019 23:10:13 - 313 - 3D++ 5F++ 5J++ 5N++ - 876 - De Schepper Bart - SAVE
17/11/2019 23:10:44 - User: 260  - 96491 - Van Steenwinckel Hugo - SEARCH ronde 4 - club: 166
17/11/2019 23:10:50 - User: 260  - 96491 - Van Steenwinckel Hugo - SEARCH ronde 4 - club: 166
17/11/2019 23:10:54 - User: 260  - 96491 - Van Steenwinckel Hugo - SEARCH ronde 4 - club: 166
17/11/2019 23:11:08 - User: 260  - 96491 - Van Steenwinckel Hugo - SEARCH ronde 4 - club: 260
17/11/2019 23:11:16 - User: 260  - 96491 - Van Steenwinckel Hugo - SEARCH ronde 4 - club: 166
17/11/2019 23:11:48 - User: 260  - 96491 - Van Steenwinckel Hugo - SEARCH ronde 4 - club: 114
17/11/2019 23:26:03 - User: 422  - 8320 - Lanckriet Chris - SEARCH ronde 4 - club: 422
17/11/2019 23:27:53 - User: 998  - Zamparo - sergio.zamparo@gmail.com - SEARCH ronde 4 - club: 998
17/11/2019 23:28:00 - User: 998  - Zamparo - sergio.zamparo@gmail.com - SEARCH ronde 4 - club: 998
17/11/2019 23:30:03 - User: 101  - 15041 - Schrickx Frank - EXIT
17/11/2019 23:30:16 - User: 101  - 15041 - Schrickx Frank - SEARCH ronde 4 - club: 101
17/11/2019 23:31:11 - 101 - 4A++ 5H++ 5K++ - 15041 - Schrickx Frank - SAVE
17/11/2019 23:31:24 - User: 101  - 15041 - Schrickx Frank - EXIT
17/11/2019 23:33:05 - User: 209  - 60468 - Sohet Cédric - SEARCH ronde 4 - club: 209
17/11/2019 23:39:52 - 209 - 3A+- 4F+- - 60468 - Sohet Cédric - SAVE
17/11/2019 23:41:10 - 0 - 3A+- 4F+- - 60468 - Sohet Cédric - SAVE
17/11/2019 23:52:57 - User: 209  - 60468 - Sohet Cédric - SEARCH ronde 4 - club: 209
17/11/2019 23:53:17 - User: 209  - 60468 - Sohet Cédric - EXIT
17/11/2019 23:53:47 - User: 207  - 10751 - Bourgeois Anne - SEARCH ronde 4 - club: 207
17/11/2019 23:54:00 - User: 666  - 64955 - Dans Guy - SEARCH ronde 4 - club: 666
17/11/2019 23:54:14 - User: 621  - 82775 - Mollica Antonio - SEARCH ronde 4 - club: 621
17/11/2019 23:54:23 - User: 621  - 82775 - Mollica Antonio - EXIT
17/11/2019 23:54:24 - 666 - 5M++ - 64955 - Dans Guy - SAVE
18/11/2019 00:03:23 - User: 607  - 00345 - Meessen Rudolf - SEARCH ronde 4 - club: 607
18/11/2019 00:07:36 - User: 549  - 74756 - Giuliani Oswald - SEARCH ronde 4 - club: 541
18/11/2019 00:08:28 - User: 549  - 74756 - Giuliani Oswald - SEARCH ronde 4 - club: 541
18/11/2019 00:09:02 - User: 549  - 74756 - Giuliani Oswald - SEARCH ronde 4 - club: 549
18/11/2019 00:21:13 - 549 - 5E++ - 74756 - Giuliani Oswald - SAVE
18/11/2019 00:25:15 - User: 190  - 10210 - Van Esbroeck Jozef - SEARCH ronde 4 - club: 190
18/11/2019 00:25:30 - 190 - 5K++ - 10210 - Van Esbroeck Jozef - SAVE
18/11/2019 00:25:38 - User: 190  - 10210 - Van Esbroeck Jozef - LOGOUT
18/11/2019 00:27:42 - User: 172  - 12891 - Cornelis Leon - SEARCH ronde 4 - club: 172
18/11/2019 00:57:14 - User: 418  - 19135 - Flamee Dirk - SEARCH ronde 4 - club: 521
18/11/2019 00:58:20 - User: 418  - 19135 - Flamee Dirk - LOGOUT
18/11/2019 01:49:46 - User: 166  - 17659 - Helsloot Wilbert - SEARCH ronde 4 - club: 166
18/11/2019 01:54:02 - 166 - 2A++ 3C++ 5G++ 5L++ - 17659 - Helsloot Wilbert - SAVE
18/11/2019 01:55:35 - User: 166  - 17659 - Helsloot Wilbert - EXIT
18/11/2019 04:39:20 - User: 278  - 14772 - Elinckx Michel - SEARCH ronde 4 - club: 278
18/11/2019 04:39:58 - 278 - 3A++ 4B++ 4F++ 4H++ 5D++ 5G++ 5I++ - 14772 - Elinckx Michel - SAVE
18/11/2019 04:45:57 - User: 601  - jt13539 - jc.thiry@gmail.com - SEARCH ronde 4 - club: 601
18/11/2019 04:48:42 - 278 - 3A++ 4B++ 4F++ 4H++ 5D++ 5G++ 5I++ - 14772 - Elinckx Michel - SAVE
18/11/2019 04:48:45 - User: 278  - 14772 - Elinckx Michel - EXIT
18/11/2019 06:43:43 - User: 462  - David Roos - david.d.roos@gmail.com - SEARCH ronde 4 - club: 462
18/11/2019 08:37:26 - User: 401  - 15121 - Van Leeuwen Etienne - SEARCH ronde 4 - club: 401
18/11/2019 08:41:53 - User: 401  - 15121 - Van Leeuwen Etienne - SEARCH ronde 4 - club: 401
18/11/2019 08:43:10 - 401 - 2A++ 3C++ 3D++ 4C-+ 4C++ 4E++ 4E++ 4G++ 5A++ 5F++ 5G++ 5J++ 5J++ 5K++ 5L++ 5N++ 5N++ - 15121 - Van Leeuwen Etienne - SAVE
18/11/2019 08:49:06 - User: 313  - 1252 - Penninck Willem - SEARCH ronde 4 - club: 313
18/11/2019 09:05:19 - User: 521  - 74926 - Minet Julien - SEARCH ronde 4 - club: 521
18/11/2019 09:05:27 - 521 - 4C++ 5F++ - 74926 - Minet Julien - SAVE
18/11/2019 09:24:18 - User: 430  - 34746 - Bonne Ronny - SEARCH ronde 4 - club: 401
18/11/2019 09:28:26 - User: 430  - 34746 - Bonne Ronny - EXIT
18/11/2019 10:07:19 - User: 207  - 10751 - Bourgeois Anne - SEARCH ronde 4 - club: 207
18/11/2019 11:06:03 - User: 909  - 71978 - Wautelet Patrick - SEARCH ronde 4 - club: 501
18/11/2019 11:06:25 - User: 909  - 71978 - Wautelet Patrick - SEARCH ronde 4 - club: 601
18/11/2019 11:07:04 - User: 909  - 71978 - Wautelet Patrick - SEARCH ronde 4 - club: 278
18/11/2019 11:07:29 - User: 909  - 71978 - Wautelet Patrick - LOGOUT
18/11/2019 11:12:31 - User: 621  - 82775 - Mollica Antonio - SEARCH ronde 4 - club: 621
18/11/2019 11:12:59 - User: 621  - 82775 - Mollica Antonio - EXIT
18/11/2019 11:14:40 - User: 401  - 15121 - Van Leeuwen Etienne - SEARCH ronde 4 - club: 401
18/11/2019 11:26:47 - User: 417  - 10612 - Van Wijnendaele Jovanni - SEARCH ronde 4 - club: 417
18/11/2019 11:26:51 - 417 - 3A++ 5A++ - 10612 - Van Wijnendaele Jovanni - SAVE
18/11/2019 11:30:32 - User: 621  - 82775 - Mollica Antonio - SEARCH ronde 4 - club: 176
18/11/2019 11:42:30 - User: 621  - 82775 - Mollica Antonio - SEARCH ronde 4 - club: 607
18/11/2019 11:46:51 - User: 501  - Hanset Marc - marc.hanset@gmail.com - SEARCH ronde 4 - club: 501
18/11/2019 11:47:28 - User: 501  - Hanset Marc - marc.hanset@gmail.com - LOGOUT
18/11/2019 12:02:15 - User: 810  - 92428 - Demelenne Etienne - SEARCH ronde 4 - club: 601
18/11/2019 12:59:42 - User: 322  - 55468 - Meijfroidt Bart - SEARCH ronde 4 - club: 322
18/11/2019 13:11:33 - User: 618  - 29238 - Dambiermont Marc - SEARCH ronde 4 - club: 618
18/11/2019 13:11:42 - 618 - 5B++ - 29238 - Dambiermont Marc - SAVE
18/11/2019 13:12:06 - 618 - 5B++ - 29238 - Dambiermont Marc - SAVE
18/11/2019 13:22:13 - User: 621  - 82775 - Mollica Antonio - SEARCH ronde 4 - club: 514
18/11/2019 14:26:15 - User: 301  - 45608 - Decrop Ruben - SEARCH ronde 4 - club: 301
18/11/2019 14:29:23 - User: 621  - 82775 - Mollica Antonio - SEARCH ronde 4 - club: 712
18/11/2019 14:31:40 - User: 621  - 82775 - Mollica Antonio - SEARCH ronde 4 - club: 712
18/11/2019 14:31:53 - User: 621  - 82775 - Mollica Antonio - SEARCH ronde 4 - club: 604
18/11/2019 14:32:01 - User: 621  - 82775 - Mollica Antonio - SEARCH ronde 4 - club: 607
18/11/2019 14:36:57 - User: 621  - 82775 - Mollica Antonio - SEARCH ronde 4 - club: 176
18/11/2019 14:39:49 - User: 621  - 82775 - Mollica Antonio - SEARCH ronde 4 - club: 607
18/11/2019 14:40:09 - User: 621  - 82775 - Mollica Antonio - EXIT
18/11/2019 14:40:29 - User: 501  - Hanset Marc - marc.hanset@gmail.com - LOGOUT
18/11/2019 14:47:05 - User: 351  - Johan Dezutter - johan.dezutter@pandora.be - SEARCH ronde 4 - club: 301
18/11/2019 15:12:31 - User: 621  - 82775 - Mollica Antonio - SEARCH ronde 4 - club: 607
18/11/2019 15:18:15 - User: 621  - 82775 - Mollica Antonio - SEARCH ronde 4 - club: 712
18/11/2019 15:19:24 - User: 621  - 82775 - Mollica Antonio - SEARCH ronde 4 - club: 176
18/11/2019 15:19:31 - User: 621  - 82775 - Mollica Antonio - EXIT
18/11/2019 15:19:39 - User: 621  - 82775 - Mollica Antonio - EXIT
18/11/2019 15:19:48 - User: 621  - 82775 - Mollica Antonio - SEARCH ronde 4 - club: 176
18/11/2019 15:29:50 - User: 998  - Zamparo - sergio.zamparo@gmail.com - SEARCH ronde 4 - club: 436
18/11/2019 16:32:04 - User: 621  - 82775 - Mollica Antonio - SEARCH ronde 4 - club: 514
18/11/2019 17:31:16 - User: 998  - 9113 - Halleux Daniel - SEARCH ronde 4 - club: 618
18/11/2019 18:17:42 - User: 998  - Zamparo - sergio.zamparo@gmail.com - SEARCH ronde 4 - club: 471
18/11/2019 18:19:54 - User: 998  - Zamparo - sergio.zamparo@gmail.com - SEARCH ronde 4 - club: 231
18/11/2019 18:20:34 - User: 998  - Zamparo - sergio.zamparo@gmail.com - SEARCH ronde 4 - club: 432
18/11/2019 18:21:08 - User: 998  - Zamparo - sergio.zamparo@gmail.com - SEARCH ronde 4 - club: 518
18/11/2019 18:22:32 - User: 998  - Zamparo - sergio.zamparo@gmail.com - SEARCH ronde 4 - club: 301
18/11/2019 18:23:04 - User: 998  - Zamparo - sergio.zamparo@gmail.com - SEARCH ronde 4 - club: 233
18/11/2019 18:23:49 - User: 998  - Zamparo - sergio.zamparo@gmail.com - SEARCH ronde 4 - club: 166
18/11/2019 18:26:58 - User: 998  - Zamparo - sergio.zamparo@gmail.com - SEARCH ronde 4 - club: 514
18/11/2019 18:36:23 - User: 998  - Zamparo - sergio.zamparo@gmail.com - SEARCH ronde 4 - club: 303
18/11/2019 19:07:43 - User: 998  - Zamparo - sergio.zamparo@gmail.com - SEARCH ronde 4 - club: 471
18/11/2019 20:29:38 - User: 998  - Zamparo - sergio.zamparo@gmail.com - SEARCH ronde 4 - club: 901
18/11/2019 20:36:12 - User: 998  - Zamparo - sergio.zamparo@gmail.com - SEARCH ronde 4 - club: 233
19/11/2019 06:44:26 - User: 998  - Zamparo - sergio.zamparo@gmail.com - SEARCH ronde 4 - club: 998
19/11/2019 06:44:47 - User: 998  - Zamparo - sergio.zamparo@gmail.com - LOCK ronde 4
19/11/2019 16:23:06 - User: 909  - 71978 - Wautelet Patrick - LOGOUT
19/11/2019 16:28:12 - User: 436  - 31160 - Van Eetvelde Ward - EXIT
28/11/2019 19:16:56 - User: 511  - 14304 - Di Pronio Mario - EXIT
01/12/2019 17:41:12 - User: 511  - 14304 - Di Pronio Mario - EXIT
14/12/2019 08:38:03 - User: 902  - 85472 - Van Bael Pascal - EXIT
15/12/2019 00:04:21 - User: 607  - 00345 - Meessen Rudolf - LOGOUT
15/12/2019 10:04:15 - User: 303  - Tom Piceu - tom.piceu@gmail.com - EXIT
15/12/2019 12:13:47 - User: 209  - 60468 - Sohet Cédric - LOGOUT
15/12/2019 12:39:35 - User: 902  - 85472 - Van Bael Pascal - EXIT
15/12/2019 15:17:30 - User: 998  - Zamparo - sergio.zamparo@gmail.com - UNLOCK ronde 4
15/12/2019 18:20:56 - User: 604  - 96873 - Rosskamp Kurt - SEARCH ronde 4 - club: 604
15/12/2019 18:23:56 - 604 - 3B++ 4D++ 4D++ 5M++ - 96873 - Rosskamp Kurt - SAVE
15/12/2019 18:24:52 - 604 - 1A+- 3B++ 4D++ 4D++ 5M++ - 96873 - Rosskamp Kurt - SAVE
15/12/2019 18:25:03 - User: 604  - 96873 - Rosskamp Kurt - LOGOUT
15/12/2019 18:25:23 - User: 401  - 15121 - Van Leeuwen Etienne - SEARCH ronde 4 - club: 401
15/12/2019 18:31:18 - 401 - 1A+- 2A++ 3C++ 3D++ 4C++ 4C++ 4E++ 4E++ 4G++ 5A++ 5F++ 5G++ 5J++ 5J++ 5K++ 5L++ 5N++ 5N++ - 15121 - Van Leeuwen Etienne - SAVE
15/12/2019 18:57:22 - 514 - 1A++ 4B++ 4F++ - 73296 - Herman Jean - SAVE
15/12/2019 18:57:32 - 514 - 1A++ 4B++ 4F++ - 73296 - Herman Jean - SAVE
15/12/2019 19:04:12 - User: 604  - 96873 - Rosskamp Kurt - SEARCH ronde 4 - club: 604
15/12/2019 19:04:51 - User: 604  - 96873 - Rosskamp Kurt - SEARCH ronde 4 - club: 627
15/12/2019 19:05:14 - User: 604  - 96873 - Rosskamp Kurt - SEARCH ronde 4 - club: 607
15/12/2019 19:05:54 - User: 604  - 96873 - Rosskamp Kurt - SEARCH ronde 4 - club: 601
15/12/2019 19:06:16 - User: 604  - 96873 - Rosskamp Kurt - SEARCH ronde 4 - club: 401
15/12/2019 19:06:20 - User: 601  - jt13539 - jc.thiry@gmail.com - SEARCH ronde 4 - club: 601
15/12/2019 19:09:02 - 601 - 1A+- 4A++ 4B++ 4D++ 4D++ 5B++ 5B++ 5M++ 5M++ - jt13539 - jc.thiry@gmail.com - SAVE
15/12/2019 19:09:21 - User: 604  - 96873 - Rosskamp Kurt - SEARCH ronde 4 - club: 607

------------- Change card result -------------

Club user: 601 *** 15/12/2019 19:09:47

Div/Afd: 1 - Serie/Reeks: A
Ronde: 4 *** 2019-11-17

CRELEL 1 ( 601 )
aliasniamor@gmail.com

ECHIQUIER MOSAN 1 ( 618 )
Marc.Dambiermont@skynet.be
-----------------------------------------------
16406 - 15762 : 5-5
16406 - 15762 : 5-5
-----------------------------------------------
15697 - 60243 : 5-5
15697 - 60243 : 5-5
-----------------------------------------------
71757 - 94331 : 0-1
71757 - 94331 : 0-1
-----------------------------------------------
20028 - 16505 : 0-1
20028 - 16505 : 0-1
-----------------------------------------------
14189 - 19800 : 1-0
14189 - 19800 : 1-0
-----------------------------------------------
3003 - 95083 : 0-1
3003 - 95083 : 0-1
-----------------------------------------------
16366 - 16498 : 1-0
16366 - 16428 : 1-0
-----------------------------------------------
87700 - 87700 : 0-1
87700 - 71790 : 0-1

===============================================
===============================================

15/12/2019 19:09:47 - 601 - 1A+- 4A++ 4B++ 4D++ 4D++ 5B++ 5B++ 5M++ 5M++ - jt13539 - jc.thiry@gmail.com - SAVE
15/12/2019 19:09:53 - User: 604  - 96873 - Rosskamp Kurt - SEARCH ronde 4 - club: 627
15/12/2019 19:10:07 - User: 604  - 96873 - Rosskamp Kurt - SEARCH ronde 4 - club: 601
15/12/2019 19:11:41 - User: 604  - 96873 - Rosskamp Kurt - SEARCH ronde 4 - club: 607
15/12/2019 19:12:43 - User: 604  - 96873 - Rosskamp Kurt - SEARCH ronde 4 - club: 604
15/12/2019 19:14:54 - 601 - 1A+- 3B+- 4A++ 4B++ 4D++ 4D++ 5B++ 5B++ 5M++ 5M++ - jt13539 - jc.thiry@gmail.com - SAVE
15/12/2019 19:15:04 - User: 471  - 21857 - Dhuyvetter Koen - SEARCH ronde 4 - club: 471
15/12/2019 19:15:15 - User: 471  - 21857 - Dhuyvetter Koen - LOGOUT
15/12/2019 19:15:24 - User: 601  - jt13539 - jc.thiry@gmail.com - EXIT
15/12/2019 19:15:31 - User: 601  - jt13539 - jc.thiry@gmail.com - SEARCH ronde 4 - club: 601
15/12/2019 19:15:58 - User: 601  - jt13539 - jc.thiry@gmail.com - EXIT
15/12/2019 19:24:17 - User: 604  - 96873 - Rosskamp Kurt - SEARCH ronde 4 - club: 607
15/12/2019 19:24:28 - User: 604  - 96873 - Rosskamp Kurt - SEARCH ronde 4 - club: 627
15/12/2019 19:26:11 - User: 607  - 94072 - Sproten Raphael - SEARCH ronde 4 - club: 607
15/12/2019 19:26:34 - User: 303  - Tom Piceu - tom.piceu@gmail.com - SEARCH ronde 4 - club: 303
15/12/2019 19:29:36 - 303 - 2A++ 3D++ 4C++ 4E++ 4G++ 5F++ 5J++ - Tom Piceu - tom.piceu@gmail.com - SAVE
15/12/2019 19:31:32 - 303 - 2A++ 3D++ 4C++ 4E++ 4G++ 5F++ 5J++ - Tom Piceu - tom.piceu@gmail.com - SAVE
15/12/2019 19:32:01 - 303 - 1A-- 2A++ 3D++ 4C++ 4E++ 4G++ 5F++ 5J++ - Tom Piceu - tom.piceu@gmail.com - SAVE
15/12/2019 19:32:10 - 303 - 1A+- 2A++ 3D++ 4C++ 4E++ 4G++ 5F++ 5J++ - Tom Piceu - tom.piceu@gmail.com - SAVE
15/12/2019 19:33:07 - User: 604  - 96873 - Rosskamp Kurt - SEARCH ronde 4 - club: 607
15/12/2019 19:34:10 - User: 604  - 96873 - Rosskamp Kurt - SEARCH ronde 4 - club: 627
15/12/2019 19:34:32 - User: 604  - 96873 - Rosskamp Kurt - SEARCH ronde 4 - club: 627
15/12/2019 19:39:39 - User: 260  - 96491 - Van Steenwinckel Hugo - SEARCH ronde 4 - club: 303
15/12/2019 19:41:26 - User: 604  - 96873 - Rosskamp Kurt - SEARCH ronde 4 - club: 627
15/12/2019 19:41:31 - User: 604  - 96873 - Rosskamp Kurt - SEARCH ronde 4 - club: 627
15/12/2019 19:41:54 - User: 604  - 96873 - Rosskamp Kurt - SEARCH ronde 4 - club: 627
15/12/2019 19:42:11 - User: 604  - 96873 - Rosskamp Kurt - SEARCH ronde 4 - club: 627
15/12/2019 19:42:43 - User: 998  - Zamparo - sergio.zamparo@gmail.com - SEARCH ronde 4 - club: 436
15/12/2019 19:43:14 - User: 998  - Zamparo - sergio.zamparo@gmail.com - SEARCH ronde 4 - club: 514
15/12/2019 19:43:38 - User: 604  - 96873 - Rosskamp Kurt - SEARCH ronde 4 - club: 627
15/12/2019 19:44:52 - User: 604  - 96873 - Rosskamp Kurt - SEARCH ronde 4 - club: 627
15/12/2019 19:46:20 - User: 604  - 96873 - Rosskamp Kurt - SEARCH ronde 4 - club: 627
15/12/2019 19:49:17 - User: 627  - 96709 - Jacobs Oliver - SEARCH ronde 4 - club: 627
15/12/2019 19:53:29 - 627 - 1A+- 2B++ 3B++ 4D++ 5M++ - 96709 - Jacobs Oliver - SAVE
15/12/2019 19:54:17 - 627 - 1A+- 2B++ 3B++ 4D++ 5M++ - 96709 - Jacobs Oliver - SAVE
15/12/2019 19:58:19 - User: 998  - Zamparo - sergio.zamparo@gmail.com - SEARCH ronde 4 - club: 471
15/12/2019 20:10:27 - User: 436  - 31160 - Van Eetvelde Ward - SEARCH ronde 4 - club: 471
15/12/2019 20:10:50 - User: 436  - 31160 - Van Eetvelde Ward - SEARCH ronde 4 - club: 401
15/12/2019 20:13:08 - User: 604  - 96873 - Rosskamp Kurt - SEARCH ronde 4 - club: 627
15/12/2019 20:13:12 - User: 998  - Zamparo - sergio.zamparo@gmail.com - SEARCH ronde 4 - club: 471
15/12/2019 20:15:20 - User: 998  - Zamparo - sergio.zamparo@gmail.com - SEARCH ronde 4 - club: 514
15/12/2019 20:17:45 - User: 998  - Zamparo - sergio.zamparo@gmail.com - SEARCH ronde 4 - club: 607
15/12/2019 20:18:28 - User: 998  - Zamparo - sergio.zamparo@gmail.com - SEARCH ronde 4 - club: 601
15/12/2019 20:20:22 - User: 998  - Zamparo - sergio.zamparo@gmail.com - SEARCH ronde 4 - club: 401
15/12/2019 20:23:12 - User: 998  - Zamparo - sergio.zamparo@gmail.com - SEARCH ronde 4 - club: 514
15/12/2019 20:35:18 - User: 902  - 85472 - Van Bael Pascal - SEARCH ronde 4 - club: 902
15/12/2019 20:36:56 - 902 - 5B++ 5E-- - 85472 - Van Bael Pascal - SAVE
15/12/2019 20:37:06 - 902 - 5B++ 5E+- - 85472 - Van Bael Pascal - SAVE
15/12/2019 20:39:48 - User: 209  - 12255 - Rihouay Clément - SEARCH ronde 4 - club: 209
15/12/2019 20:40:09 - 209 - 3A++ 4F++ - 12255 - Rihouay Clément - SAVE
15/12/2019 20:40:31 - 209 - 3A++ 4F++ - 12255 - Rihouay Clément - SAVE
15/12/2019 20:41:54 - 209 - 3A++ 4F++ - 12255 - Rihouay Clément - SAVE
15/12/2019 20:45:04 - User: 209  - 60468 - Sohet Cédric - SEARCH ronde 4 - club: 209
15/12/2019 20:45:09 - User: 209  - 60468 - Sohet Cédric - EXIT
15/12/2019 20:45:32 - 209 - 3A++ 4F++ - 12255 - Rihouay Clément - SAVE
15/12/2019 20:46:44 - 209 - 3A++ 4F++ - 12255 - Rihouay Clément - SAVE
15/12/2019 20:48:04 - 209 - 2B-- 3A++ 4F++ - 12255 - Rihouay Clément - SAVE
15/12/2019 20:48:38 - 209 - 2B+- 3A++ 4F++ - 12255 - Rihouay Clément - SAVE
15/12/2019 21:00:06 - User: 902  - 85472 - Van Bael Pascal - SEARCH ronde 4 - club: 902
15/12/2019 21:18:52 - User: 998  - Zamparo - sergio.zamparo@gmail.com - SEARCH ronde 4 - club: 514
15/12/2019 21:27:45 - User: 226  - 81558 - Hoffmeister Frank - SEARCH ronde 4 - club: 226
15/12/2019 21:28:21 - 226 - 1A++ 3A++ 4F++ 5D++ 5G++ - 81558 - Hoffmeister Frank - SAVE
15/12/2019 21:28:42 - User: 226  - 81558 - Hoffmeister Frank - EXIT
15/12/2019 21:32:35 - User: 618  - 29238 - Dambiermont Marc - SEARCH ronde 4 - club: 618
15/12/2019 21:33:34 - 618 - 1A++ 3B++ 5B++ - 29238 - Dambiermont Marc - SAVE
15/12/2019 21:33:58 - User: 618  - 29238 - Dambiermont Marc - EXIT
15/12/2019 21:34:07 - User: 618  - 29238 - Dambiermont Marc - SEARCH ronde 4 - club: 607
15/12/2019 21:35:06 - User: 618  - 29238 - Dambiermont Marc - SEARCH ronde 4 - club: 627
15/12/2019 21:36:21 - User: 618  - 29238 - Dambiermont Marc - SEARCH ronde 4 - club: 514
15/12/2019 21:39:17 - User: 618  - 29238 - Dambiermont Marc - EXIT
15/12/2019 21:41:20 - User: 618  - 29238 - Dambiermont Marc - SEARCH ronde 4 - club: 401
15/12/2019 22:11:35 - User: 607  - 00345 - Meessen Rudolf - SEARCH ronde 4 - club: 607
15/12/2019 22:12:03 - 607 - 1A++ 2B++ 4D++ 4D++ 5M++ - 00345 - Meessen Rudolf - SAVE
15/12/2019 22:13:15 - 607 - 1A++ 2B++ 4D++ 4D++ 5M++ - 00345 - Meessen Rudolf - SAVE
15/12/2019 22:13:17 - User: 607  - 00345 - Meessen Rudolf - EXIT
15/12/2019 22:23:10 - User: 471  - 26492 - Van Vliet Dennis - SEARCH ronde 4 - club: 471
15/12/2019 22:23:46 - 471 - 1A++ 2A++ 4E++ 4G++ 5A++ 5N++ - 26492 - Van Vliet Dennis - SAVE
15/12/2019 22:33:42 - User: 401  - 15121 - Van Leeuwen Etienne - SEARCH ronde 4 - club: 401
15/12/2019 22:49:25 - User: 303  - Tom Piceu - tom.piceu@gmail.com - SEARCH ronde 4 - club: 303
16/12/2019 00:07:00 - User: 601  - 12943 - Bernard Romain - SEARCH ronde 4 - club: 601
16/12/2019 08:36:33 - User: 514  - 73296 - Herman Jean - SEARCH ronde 4 - club: 514
16/12/2019 08:37:04 - User: 514  - 73296 - Herman Jean - SEARCH ronde 4 - club: 514
16/12/2019 08:38:11 - 514 - 1A++ 2B(C)++ 4B++ 4F++ 5E++ - 73296 - Herman Jean - SAVE
16/12/2019 08:38:17 - 514 - 1A++ 2B(C)++ 4B++ 4F++ 5E++ - 73296 - Herman Jean - SAVE
16/12/2019 09:27:16 - User: 618  - 29238 - Dambiermont Marc - SEARCH ronde 4 - club: 618
16/12/2019 09:34:33 - User: 618  - 29238 - Dambiermont Marc - SEARCH ronde 4 - club: 618
16/12/2019 10:06:30 - User: 601  - 12943 - Bernard Romain - SEARCH ronde 4 - club: 231
16/12/2019 10:08:40 - User: 601  - 12943 - Bernard Romain - SEARCH ronde 4 - club: 231
16/12/2019 12:21:26 - User: 601  - 12943 - Bernard Romain - SEARCH ronde 4 - club: 231
16/12/2019 12:29:31 - User: 601  - 12943 - Bernard Romain - SEARCH ronde 4 - club: 471
16/12/2019 12:44:11 - User: 601  - 12943 - Bernard Romain - SEARCH ronde 4 - club: 601
16/12/2019 12:56:27 - User: 514  - 73296 - Herman Jean - SEARCH ronde 4 - club: 909
16/12/2019 16:43:59 - User: 604  - 96873 - Rosskamp Kurt - SEARCH ronde 4 - club: 604
17/12/2019 11:22:28 - User: 998  - Zamparo - sergio.zamparo@gmail.com - SEARCH ronde 4 - club: 998
17/12/2019 11:22:30 - User: 998  - Zamparo - sergio.zamparo@gmail.com - LOCK ronde 4
