12/11/2019 06:45:36 - User: 101  - 15041 - Schrickx Frank - EXIT
23/11/2019 09:09:29 - User: 101  - 15041 - Schrickx Frank - EXIT
02/12/2019 07:48:11 - User: 101  - 15041 - Schrickx Frank - EXIT
02/12/2019 22:41:53 - User: 204  - 14766 - Palazoski Elvir - EXIT
03/12/2019 23:21:57 - User: 909  - 71978 - Wautelet Patrick - LOGOUT
07/12/2019 19:27:11 - User: 713  - 96786 - Rosseel Kimball - EXIT
12/12/2019 23:29:10 - User: 909  - 71978 - Wautelet Patrick - LOGOUT
13/12/2019 10:28:43 - User: 101  - 15041 - Schrickx Frank - EXIT
13/12/2019 10:29:01 - User: 101  - 15041 - Schrickx Frank - LOGOUT
16/12/2019 10:27:36 - User: 618  - 29238 - Dambiermont Marc - LOGOUT
22/12/2019 17:22:14 - User: 621  - 82775 - Mollica Antonio - EXIT
22/12/2019 17:22:30 - User: 621  - 82775 - Mollica Antonio - EXIT
09/01/2020 10:01:57 - User: 101  - 15041 - Schrickx Frank - EXIT
11/01/2020 14:33:28 - User: 713  - 96786 - Rosseel Kimball - EXIT
11/01/2020 14:33:42 - User: 713  - 96786 - Rosseel Kimball - EXIT
12/01/2020 10:26:21 - User: 471  - 21857 - Dhuyvetter Koen - EXIT
14/01/2020 18:09:36 - User: 418  - 19135 - Flamee Dirk - LOGOUT
16/01/2020 21:16:13 - User: 998  - Zamparo - sergio.zamparo@gmail.com - UNLOCK ronde 6
16/01/2020 21:16:26 - User: 998  - Zamparo - sergio.zamparo@gmail.com - SEARCH ronde 6 - club: 998
16/01/2020 21:16:29 - User: 998  - Zamparo - sergio.zamparo@gmail.com - SEARCH ronde 6 - club: 998
16/01/2020 23:37:40 - User: 518  - 63771 - Drossart Julien - SEARCH ronde 6 - club: 518
17/01/2020 10:38:00 - User: 313  - 1252 - Penninck Willem - SEARCH ronde 6 - club: 313
17/01/2020 10:39:14 - User: 313  - 1252 - Penninck Willem - SEARCH ronde 6 - club: 313
17/01/2020 10:56:21 - User: 952  - 89575 - Detienne Stéphane - SEARCH ronde 6 - club: 952
17/01/2020 12:35:37 - User: 998  - 9113 - Halleux Daniel - SEARCH ronde 6 - club: 618
17/01/2020 14:13:28 - User: 521  - 82333 - Gueuning Thomas - SEARCH ronde 6 - club: 521
17/01/2020 15:18:04 - User: 109  - 4693 - Mollekens Roeland - SEARCH ronde 6 - club: 109
17/01/2020 15:18:59 - User: 109  - 4693 - Mollekens Roeland - LOGOUT
17/01/2020 16:36:14 - User: 703  - 08419 - Cornet Luc - SEARCH ronde 6 - club: 703
17/01/2020 16:36:35 - User: 703  - 08419 - Cornet Luc - EXIT
17/01/2020 16:37:35 - User: 703  - 08419 - Cornet Luc - EXIT
17/01/2020 16:37:41 - User: 703  - 08419 - Cornet Luc - SEARCH ronde 6 - club: 703
17/01/2020 19:17:12 - User: 418  - 19135 - Flamee Dirk - SEARCH ronde 6 - club: 418
18/01/2020 06:48:26 - User: 278  - 14772 - Elinckx Michel - SEARCH ronde 6 - club: 278
18/01/2020 08:18:51 - User: 114  - Tomas Cuyx - tomas_cuyx@hotmail.com - SEARCH ronde 6 - club: 114
18/01/2020 09:56:46 - User: 475  - 47341 - De Lathouwer Marc - SEARCH ronde 6 - club: 475
18/01/2020 09:56:56 - User: 475  - 47341 - De Lathouwer Marc - EXIT
18/01/2020 09:58:47 - User: 475  - 47341 - De Lathouwer Marc - SEARCH ronde 6 - club: 475
18/01/2020 09:59:03 - User: 475  - 47341 - De Lathouwer Marc - LOGOUT
18/01/2020 10:00:16 - User: 475  - 47341 - De Lathouwer Marc - SEARCH ronde 6 - club: 475
18/01/2020 10:00:18 - User: 101  - 15041 - Schrickx Frank - SEARCH ronde 6 - club: 101
18/01/2020 10:05:21 - User: 101  - 15041 - Schrickx Frank - EXIT
18/01/2020 11:01:45 - User: 607  - 00345 - Meessen Rudolf - SEARCH ronde 6 - club: 607
18/01/2020 12:37:23 - User: 135  - 51837 - Philipsen Mathias - SEARCH ronde 6 - club: 135
18/01/2020 12:38:47 - User: 135  - 51837 - Philipsen Mathias - SEARCH ronde 6 - club: 135
18/01/2020 12:38:49 - User: 135  - 51837 - Philipsen Mathias - SEARCH ronde 6 - club: 135
18/01/2020 12:38:50 - User: 135  - 51837 - Philipsen Mathias - SEARCH ronde 6 - club: 135
18/01/2020 12:39:13 - User: 135  - 51837 - Philipsen Mathias - SEARCH ronde 6 - club: 135
18/01/2020 13:47:50 - User: 713  - 96786 - Rosseel Kimball - SEARCH ronde 6 - club: 713
18/01/2020 15:25:36 - User: 278  - 14772 - Elinckx Michel - SEARCH ronde 6 - club: 278
18/01/2020 15:31:18 - User: 278  - 14772 - Elinckx Michel - LOGOUT
18/01/2020 16:42:01 - User: 436  - 14286 - Verhelst Peter - SEARCH ronde 6 - club: 436
18/01/2020 16:42:15 - User: 436  - 14286 - Verhelst Peter - LOGOUT
18/01/2020 16:42:20 - User: 233  - 353 - Maeckelbergh Anne-Marie - SEARCH ronde 6 - club: 233
18/01/2020 16:42:51 - User: 233  - 353 - Maeckelbergh Anne-Marie - LOGOUT
18/01/2020 18:10:47 - User: 135  - 51837 - Philipsen Mathias - SEARCH ronde 6 - club: 135
18/01/2020 19:33:10 - User: 422  - 8320 - Lanckriet Chris - SEARCH ronde 6 - club: 422
18/01/2020 19:33:21 - User: 422  - 8320 - Lanckriet Chris - EXIT
18/01/2020 20:05:07 - User: 952  - 89575 - Detienne Stéphane - SEARCH ronde 6 - club: 952
18/01/2020 20:23:15 - User: 143  - 08044 - Van Der Meiren August - SEARCH ronde 6 - club: 143
18/01/2020 20:23:48 - User: 143  - 08044 - Van Der Meiren August - EXIT
18/01/2020 20:24:01 - User: 143  - 08044 - Van Der Meiren August - SEARCH ronde 6 - club: 143
18/01/2020 22:04:00 - User: 518  - 63771 - Drossart Julien - SEARCH ronde 6 - club: 518
18/01/2020 22:08:12 - User: 233  - 353 - Maeckelbergh Anne-Marie - SEARCH ronde 6 - club: 233
18/01/2020 22:20:11 - User: 233  - 353 - Maeckelbergh Anne-Marie - LOGOUT
18/01/2020 23:29:56 - User: 518  - 63771 - Drossart Julien - SEARCH ronde 6 - club: 518
19/01/2020 00:37:05 - User: 239  - 97721 - Lacroix Bruno - SEARCH ronde 6 - club: 239
19/01/2020 08:57:06 - User: 525  - 98146 - Henrotte Christian - SEARCH ronde 6 - club: 525
19/01/2020 08:58:06 - User: 525  - 98146 - Henrotte Christian - SEARCH ronde 6 - club: 525
19/01/2020 09:19:10 - User: 619  - 79375 - Debeus Daniel - SEARCH ronde 6 - club: 619
19/01/2020 09:19:57 - User: 619  - 79375 - Debeus Daniel - EXIT
19/01/2020 09:21:20 - User: 204  - 87611 - Nica Radu-Catalin - SEARCH ronde 6 - club: 204
19/01/2020 09:48:00 - User: 309  - 69884 - Logie Bernard - SEARCH ronde 6 - club: 309
19/01/2020 09:49:39 - User: 309  - 69884 - Logie Bernard - SEARCH ronde 6 - club: 309
19/01/2020 10:05:22 - User: 462  - David Roos - david.d.roos@gmail.com - SEARCH ronde 6 - club: 462
19/01/2020 10:05:27 - User: 462  - David Roos - david.d.roos@gmail.com - EXIT
19/01/2020 10:05:31 - User: 462  - David Roos - david.d.roos@gmail.com - SEARCH ronde 6 - club: 462
19/01/2020 10:11:02 - User: 462  - David Roos - david.d.roos@gmail.com - SEARCH ronde 6 - club: 462
19/01/2020 10:11:20 - User: 303  - Tom Piceu - tom.piceu@gmail.com - SEARCH ronde 6 - club: 303
19/01/2020 10:13:16 - User: 303  - Tom Piceu - tom.piceu@gmail.com - SEARCH ronde 6 - club: 303
19/01/2020 10:15:36 - User: 460  - 26280 - Vandendriessche Gunther - SEARCH ronde 6 - club: 460
19/01/2020 10:19:18 - User: 609  - 14377 - Mathonet Corentin - SEARCH ronde 6 - club: 609
19/01/2020 10:21:24 - User: 609  - 14377 - Mathonet Corentin - LOGOUT
19/01/2020 10:22:27 - User: 302  - 35157 - Coudron Paul - SEARCH ronde 6 - club: 302
19/01/2020 10:23:18 - User: 114  - Tomas Cuyx - tomas_cuyx@hotmail.com - SEARCH ronde 6 - club: 114
19/01/2020 10:24:05 - User: 460  - 26280 - Vandendriessche Gunther - EXIT
19/01/2020 10:25:30 - User: 228  - 76317 - Cornelis Eric - SEARCH ronde 6 - club: 228
19/01/2020 10:29:01 - User: 228  - 76317 - Cornelis Eric - LOGOUT
19/01/2020 10:31:34 - User: 303  - Tom Piceu - tom.piceu@gmail.com - SEARCH ronde 6 - club: 303
19/01/2020 10:55:44 - User: 508  - 85383 - Moreau Eleuthère - SEARCH ronde 6 - club: 508
19/01/2020 10:58:14 - User: 909  - 71978 - Wautelet Patrick - SEARCH ronde 6 - club: 909
19/01/2020 10:59:55 - User: 508  - 85383 - Moreau Eleuthère - EXIT
19/01/2020 11:01:34 - User: 621  - 82775 - Mollica Antonio - SEARCH ronde 6 - club: 621
19/01/2020 11:04:22 - User: 621  - 82775 - Mollica Antonio - SEARCH ronde 6 - club: 621
19/01/2020 11:04:44 - User: 621  - 82775 - Mollica Antonio - SEARCH ronde 6 - club: 621
19/01/2020 11:04:57 - User: 621  - 82775 - Mollica Antonio - EXIT
19/01/2020 11:05:09 - User: 621  - 82775 - Mollica Antonio - LOGOUT
19/01/2020 11:07:28 - User: 909  - 71978 - Wautelet Patrick - LOGOUT
19/01/2020 11:21:41 - User: 508  - 85383 - Moreau Eleuthère - SEARCH ronde 6 - club: 508
19/01/2020 11:22:33 - User: 174  - 48381 - Remijsen Dave - SEARCH ronde 6 - club: 174
19/01/2020 11:27:21 - User: 810  - 65722 - Piron Jean-Marie - SEARCH ronde 6 - club: 810
19/01/2020 11:27:36 - User: 810  - 65722 - Piron Jean-Marie - LOGOUT
19/01/2020 11:58:21 - User: 621  - 82775 - Mollica Antonio - SEARCH ronde 6 - club: 621
19/01/2020 11:58:23 - User: 621  - 82775 - Mollica Antonio - LOGOUT
19/01/2020 11:59:21 - User: 621  - 82775 - Mollica Antonio - SEARCH ronde 6 - club: 621
19/01/2020 11:59:26 - User: 621  - 82775 - Mollica Antonio - EXIT
19/01/2020 11:59:50 - User: 621  - 82775 - Mollica Antonio - SEARCH ronde 6 - club: 621
19/01/2020 11:59:53 - User: 621  - 82775 - Mollica Antonio - LOGOUT
19/01/2020 12:00:48 - User: 621  - 82775 - Mollica Antonio - LOGOUT
19/01/2020 12:23:22 - User: 301  - 45608 - Decrop Ruben - SEARCH ronde 6 - club: 301
19/01/2020 12:31:35 - User: 135  - 51837 - Philipsen Mathias - SEARCH ronde 6 - club: 135
19/01/2020 12:41:10 - User: 418  - 19135 - Flamee Dirk - SEARCH ronde 6 - club: 418
19/01/2020 12:42:02 - User: 418  - 19135 - Flamee Dirk - LOGOUT
19/01/2020 12:47:02 - User: 518  - 63771 - Drossart Julien - SEARCH ronde 6 - club: 518
19/01/2020 13:05:17 - User: 417  - 10612 - Van Wijnendaele Jovanni - SEARCH ronde 6 - club: 417
19/01/2020 13:15:50 - User: 430  - 34746 - Bonne Ronny - SEARCH ronde 6 - club: 430
19/01/2020 13:18:26 - User: 430  - 34746 - Bonne Ronny - SEARCH ronde 6 - club: 430
19/01/2020 13:19:09 - User: 511  - 14304 - Di Pronio Mario - SEARCH ronde 6 - club: 511
19/01/2020 13:20:26 - User: 430  - 34746 - Bonne Ronny - LOGOUT
19/01/2020 14:04:20 - User: 302  - 35157 - Coudron Paul - SEARCH ronde 6 - club: 302
19/01/2020 14:05:53 - User: 260  - 96491 - Van Steenwinckel Hugo - SEARCH ronde 6 - club: 260
19/01/2020 14:45:34 - User: 712  - 37401 - Vandecan Michel - SEARCH ronde 6 - club: 712
19/01/2020 16:16:48 - User: 436  - 14286 - Verhelst Peter - SEARCH ronde 6 - club: 436
19/01/2020 16:18:08 - User: 436  - 14286 - Verhelst Peter - SEARCH ronde 6 - club: 436

------------- Change card result -------------

Club user: 436 *** 19/01/2020 16:18:43

Div/Afd: 5 - Serie/Reeks: A
Ronde: 6 *** 2020-01-19

LSV-CHESSPIRANT 5 ( 436 )
peter.verhelst1@telenet.be

OPWIJK 3 ( 261 )
jeroenkoala@hotmail.com
-----------------------------------------------
14562 - 36005 : 5-5
14562 - 36005 : 5-5
-----------------------------------------------
24147 - 15745 : 0-1
24147 - 15745 : 0-1
-----------------------------------------------
16546 - 15758 : 0-1
16546 - 15758 : 0-1
-----------------------------------------------
16557 - 14695 : 0-1
16557 - 14699 : 0-1

===============================================
===============================================

19/01/2020 16:18:45 - User: 436  - 14286 - Verhelst Peter - SEARCH ronde 6 - club: 436
19/01/2020 16:19:15 - 436 - 5A+- - 14286 - Verhelst Peter - SAVE
19/01/2020 16:19:19 - User: 436  - 14286 - Verhelst Peter - SEARCH ronde 6 - club: 436
19/01/2020 16:21:30 - User: 472  - 46400 - Raepsaet Joannes - SEARCH ronde 6 - club: 472
19/01/2020 16:25:37 - User: 621  - 82775 - Mollica Antonio - SEARCH ronde 6 - club: 666
19/01/2020 16:34:22 - User: 621  - 82775 - Mollica Antonio - SEARCH ronde 6 - club: 607
19/01/2020 16:52:34 - 436 - 5A+- 5J-- - 14286 - Verhelst Peter - SAVE
19/01/2020 16:52:37 - User: 436  - 14286 - Verhelst Peter - SEARCH ronde 6 - club: 436
19/01/2020 16:54:04 - 436 - 5A+- 5J+- - 14286 - Verhelst Peter - SAVE
19/01/2020 16:54:12 - User: 436  - 14286 - Verhelst Peter - EXIT
19/01/2020 17:01:16 - User: 260  - 96491 - Van Steenwinckel Hugo - SEARCH ronde 6 - club: 303
19/01/2020 17:06:30 - User: 207  - 10751 - Bourgeois Anne - SEARCH ronde 6 - club: 207
19/01/2020 17:08:18 - User: 260  - 96491 - Van Steenwinckel Hugo - SEARCH ronde 6 - club: 260
19/01/2020 17:08:23 - 207 - 4F+- - 10751 - Bourgeois Anne - SAVE
19/01/2020 17:11:11 - 207 - 4F+- 5D+- 5G+- - 10751 - Bourgeois Anne - SAVE
19/01/2020 17:12:22 - 207 - 4F+- 5D+- 5G+- - 10751 - Bourgeois Anne - SAVE
19/01/2020 17:16:50 - User: 121  - 29076 - Van Damme Tonnie - SEARCH ronde 6 - club: 121
19/01/2020 17:17:35 - User: 121  - 29076 - Van Damme Tonnie - SEARCH ronde 6 - club: 121
19/01/2020 17:18:24 - 121 - 5C+- - 29076 - Van Damme Tonnie - SAVE
19/01/2020 17:18:40 - 121 - 5C+- - 29076 - Van Damme Tonnie - SAVE
19/01/2020 17:19:40 - 121 - 5C+- 5L-+ - 29076 - Van Damme Tonnie - SAVE
19/01/2020 17:27:26 - 261 - 5A++ - 36005 - Vanherck Jeroen - SAVE
19/01/2020 17:39:31 - User: 174  - 48381 - Remijsen Dave - SEARCH ronde 6 - club: 174
19/01/2020 17:45:08 - User: 401  - 15121 - Van Leeuwen Etienne - SEARCH ronde 6 - club: 401
19/01/2020 17:45:10 - User: 114  - Tomas Cuyx - tomas_cuyx@hotmail.com - SEARCH ronde 6 - club: 114
19/01/2020 17:47:06 - 114 - 5A+- 5D-- - Tomas Cuyx - tomas_cuyx@hotmail.com - SAVE
19/01/2020 17:47:22 - 174 - 3C+- 5H+- - 48381 - Remijsen Dave - SAVE
19/01/2020 17:47:42 - 401 - 5A+- 5J++ 5L++ - 15121 - Van Leeuwen Etienne - SAVE
19/01/2020 17:48:59 - 114 - 5A+- 5D+- 5L-- - Tomas Cuyx - tomas_cuyx@hotmail.com - SAVE
19/01/2020 17:49:24 - 114 - 5A+- 5D+- 5L+- - Tomas Cuyx - tomas_cuyx@hotmail.com - SAVE
19/01/2020 17:53:36 - 174 - 3C+- 4A-- 5H+- - 48381 - Remijsen Dave - SAVE
19/01/2020 17:54:13 - 174 - 3C+- 4A-- 5H+- - 48381 - Remijsen Dave - SAVE
19/01/2020 17:54:28 - 174 - 3C+- 4A-- 5H+- - 48381 - Remijsen Dave - SAVE
19/01/2020 18:00:37 - User: 462  - David Roos - david.d.roos@gmail.com - SEARCH ronde 6 - club: 462
19/01/2020 18:07:44 - User: 401  - 15121 - Van Leeuwen Etienne - SEARCH ronde 6 - club: 401
19/01/2020 18:12:58 - User: 172  - 12891 - Cornelis Leon - SEARCH ronde 6 - club: 172
19/01/2020 18:14:04 - 174 - 3C-- 3C+- 4A-- 5H+- - 48381 - Remijsen Dave - SAVE
19/01/2020 18:14:33 - 174 - 3C+- 3C+- 4A-- 5H+- - 48381 - Remijsen Dave - SAVE
19/01/2020 18:14:48 - 174 - 3C+- 3C+- 4A+- 5H+- - 48381 - Remijsen Dave - SAVE
19/01/2020 18:15:11 - 172 - 5L+- - 12891 - Cornelis Leon - SAVE
19/01/2020 18:15:20 - 401 - 2A+- 3C+- 5A+- 5J++ 5L++ 5N+- - 15121 - Van Leeuwen Etienne - SAVE
19/01/2020 18:16:47 - User: 101  - 15041 - Schrickx Frank - SEARCH ronde 6 - club: 101
19/01/2020 18:16:58 - User: 101  - 15041 - Schrickx Frank - EXIT
19/01/2020 18:23:14 - User: 511  - 14304 - Di Pronio Mario - SEARCH ronde 6 - club: 511
19/01/2020 18:28:09 - User: 204  - 87611 - Nica Radu-Catalin - SEARCH ronde 6 - club: 204
19/01/2020 18:29:55 - User: 508  - 85383 - Moreau Eleuthère - SEARCH ronde 6 - club: 508
19/01/2020 18:30:20 - 508 - 5F-+ - 85383 - Moreau Eleuthère - SAVE
19/01/2020 18:33:10 - User: 207  - 10751 - Bourgeois Anne - SEARCH ronde 6 - club: 207
19/01/2020 18:33:55 - User: 114  - Tomas Cuyx - tomas_cuyx@hotmail.com - SEARCH ronde 6 - club: 114
19/01/2020 18:34:25 - User: 952  - 92894 - Anciaux Marc - SEARCH ronde 6 - club: 952
19/01/2020 18:35:39 - User: 952  - 92894 - Anciaux Marc - LOGOUT
19/01/2020 18:36:21 - User: 418  - 19135 - Flamee Dirk - SEARCH ronde 6 - club: 418
19/01/2020 18:37:20 - User: 901  - 69744 - Andre Damien - SEARCH ronde 6 - club: 901
19/01/2020 18:37:40 - 418 - 5J-+ - 19135 - Flamee Dirk - SAVE
19/01/2020 18:37:47 - User: 418  - 19135 - Flamee Dirk - SEARCH ronde 6 - club: 418
19/01/2020 18:38:04 - User: 418  - 19135 - Flamee Dirk - SEARCH ronde 6 - club: 541
19/01/2020 18:38:10 - User: 190  - 10210 - Van Esbroeck Jozef - SEARCH ronde 6 - club: 190
19/01/2020 18:39:27 - 190 - 5K-+ - 10210 - Van Esbroeck Jozef - SAVE
19/01/2020 18:39:31 - User: 190  - 10210 - Van Esbroeck Jozef - LOGOUT
19/01/2020 18:40:49 - 114 - 5A+- 5D+- 5L+- - Tomas Cuyx - tomas_cuyx@hotmail.com - SAVE
19/01/2020 18:41:24 - User: 713  - 96786 - Rosseel Kimball - SEARCH ronde 6 - club: 713
19/01/2020 18:41:35 - User: 508  - 85383 - Moreau Eleuthère - SEARCH ronde 6 - club: 508
19/01/2020 18:41:47 - User: 902  - 85472 - Van Bael Pascal - SEARCH ronde 6 - club: 902
19/01/2020 18:42:13 - 901 - 2B+- 3B-- - 69744 - Andre Damien - SAVE
19/01/2020 18:42:26 - 228 - 3A+- 5D+- 5G+- 5I+- - 76317 - Cornelis Eric - SAVE
19/01/2020 18:42:33 - 902 - 5E-+ - 85472 - Van Bael Pascal - SAVE
19/01/2020 18:43:00 - 713 - 4A-+ - 96786 - Rosseel Kimball - SAVE
19/01/2020 18:43:01 - User: 703  - 08419 - Cornet Luc - SEARCH ronde 6 - club: 703
19/01/2020 18:43:43 - User: 425  - 8834 - Boodts Jeroen - SEARCH ronde 6 - club: 425
19/01/2020 18:43:44 - 703 - 2B++ - 08419 - Cornet Luc - SAVE
19/01/2020 18:43:55 - User: 703  - 08419 - Cornet Luc - EXIT
19/01/2020 18:44:31 - 508 - 4C+- 5F-+ - 85383 - Moreau Eleuthère - SAVE
19/01/2020 18:45:26 - 901 - 2B+- 3B+- - 69744 - Andre Damien - SAVE
19/01/2020 18:45:35 - User: 508  - 85383 - Moreau Eleuthère - EXIT
19/01/2020 18:47:22 - 901 - 2B+- 3B+- - 69744 - Andre Damien - SAVE
19/01/2020 18:47:38 - User: 260  - 96491 - Van Steenwinckel Hugo - SEARCH ronde 6 - club: 260
19/01/2020 18:48:08 - User: 436  - 18465 - Cuvelier Annelies - SEARCH ronde 6 - club: 436
19/01/2020 18:48:09 - 425 - 4G+- 5A+- - 8834 - Boodts Jeroen - SAVE
19/01/2020 18:48:11 - User: 475  - 8931 - Heyerick Anton - SEARCH ronde 6 - club: 475
19/01/2020 18:48:35 - 475 - 5N++ - 8931 - Heyerick Anton - SAVE
19/01/2020 18:48:48 - 901 - 2B+- 3B+- 5E-- - 69744 - Andre Damien - SAVE
19/01/2020 18:48:49 - 436 - 2A+- 4G+- 5A++ 5A+- 5J++ 5N+- - 18465 - Cuvelier Annelies - SAVE
19/01/2020 18:48:58 - 901 - 2B+- 3B+- 5E+- - 69744 - Andre Damien - SAVE
19/01/2020 18:49:44 - User: 260  - 96491 - Van Steenwinckel Hugo - SEARCH ronde 6 - club: 260
19/01/2020 18:49:56 - User: 260  - 96491 - Van Steenwinckel Hugo - SEARCH ronde 6 - club: 303
19/01/2020 18:50:12 - User: 244  - 75701 - D\'Haijère Arnaud - SEARCH ronde 6 - club: 244
19/01/2020 18:51:00 - 244 - 5G+- - 75701 - D\'Haijère Arnaud - SAVE
19/01/2020 18:51:12 - 174 - 2A+- 3C+- 3C+- 4A+- 4H+- 5H+- - 48381 - Remijsen Dave - SAVE
19/01/2020 18:51:37 - 174 - 2A+- 3A+- 3C+- 3C+- 4A+- 4H+- 5H+- - 48381 - Remijsen Dave - SAVE
19/01/2020 18:52:15 - 244 - 3A-+ 5G+- - 75701 - D\'Haijère Arnaud - SAVE
19/01/2020 18:52:16 - 901 - 2B+- 3B+- 5E+- 5I-- 5M-- - 69744 - Andre Damien - SAVE
19/01/2020 18:52:36 - User: 174  - 48381 - Remijsen Dave - SEARCH ronde 6 - club: 262
19/01/2020 18:52:39 - User: 174  - 48381 - Remijsen Dave - SEARCH ronde 6 - club: 262
19/01/2020 18:52:47 - 901 - 2B+- 3B+- 5E+- 5I+- 5M+- - 69744 - Andre Damien - SAVE
19/01/2020 18:52:56 - 244 - 3A-+ 5G+- - 75701 - D\'Haijère Arnaud - SAVE
19/01/2020 18:53:02 - 244 - 3A-+ 5G+- - 75701 - D\'Haijère Arnaud - SAVE
19/01/2020 18:53:04 - User: 174  - 48381 - Remijsen Dave - SEARCH ronde 6 - club: 261
19/01/2020 18:53:11 - User: 401  - 15121 - Van Leeuwen Etienne - SEARCH ronde 6 - club: 401
19/01/2020 18:53:15 - 244 - 3A-+ 5G+- - 75701 - D\'Haijère Arnaud - SAVE
19/01/2020 18:53:16 - User: 228  - 76317 - Cornelis Eric - SEARCH ronde 6 - club: 233
19/01/2020 18:53:33 - User: 228  - 76317 - Cornelis Eric - SEARCH ronde 6 - club: 228
19/01/2020 18:53:37 - User: 174  - 48381 - Remijsen Dave - SEARCH ronde 6 - club: 174
19/01/2020 18:53:55 - 244 - 3A-+ 4B-- 5G+- - 75701 - D\'Haijère Arnaud - SAVE
19/01/2020 18:55:25 - 401 - 1A+- 2A+- 3C+- 4G+- 5A+- 5A+- 5J++ 5L++ 5N++ - 15121 - Van Leeuwen Etienne - SAVE
19/01/2020 18:55:41 - 244 - 3A-+ 4B-- 5D-- 5G+- - 75701 - D\'Haijère Arnaud - SAVE
19/01/2020 18:55:46 - User: 307  - 57941 - Lagast Herve - SEARCH ronde 6 - club: 307
19/01/2020 18:56:01 - 244 - 3A-+ 4B-+ 5D-+ 5G++ - 75701 - D\'Haijère Arnaud - SAVE
19/01/2020 18:56:30 - User: 244  - 75701 - D\'Haijère Arnaud - EXIT
19/01/2020 18:56:41 - 901 - 2B+- 3B+- 4B+- 4F+- 5B+- 5E+- 5I+- 5M+- - 69744 - Andre Damien - SAVE
19/01/2020 18:57:04 - 401 - 1A+- 2A+- 3C+- 4G++ 5A+- 5A++ 5J++ 5L++ 5N++ - 15121 - Van Leeuwen Etienne - SAVE
19/01/2020 18:57:14 - 307 - 4E+- - 57941 - Lagast Herve - SAVE
19/01/2020 18:57:40 - User: 260  - 96491 - Van Steenwinckel Hugo - SEARCH ronde 6 - club: 260
19/01/2020 18:58:12 - User: 551  - 82856 - Delvaux Guy - SEARCH ronde 6 - club: 551
19/01/2020 18:58:42 - User: 727  - THEUNISSEN Kris - kris_theunissen@hotmail.com - SEARCH ronde 6 - club: 727
19/01/2020 18:58:44 - User: 233  - 353 - Maeckelbergh Anne-Marie - SEARCH ronde 6 - club: 233
19/01/2020 18:58:57 - 307 - 4E+- 5F-- - 57941 - Lagast Herve - SAVE
19/01/2020 18:58:59 - User: 727  - THEUNISSEN Kris - kris_theunissen@hotmail.com - SEARCH ronde 6 - club: 727
19/01/2020 18:59:17 - 307 - 4E+- 5F+- - 57941 - Lagast Herve - SAVE
19/01/2020 18:59:19 - 551 - 5I-+ - 82856 - Delvaux Guy - SAVE
19/01/2020 19:00:10 - User: 551  - 82856 - Delvaux Guy - SEARCH ronde 6 - club: 902
19/01/2020 19:00:28 - 307 - 4E+- 5F+- 5J-- - 57941 - Lagast Herve - SAVE
19/01/2020 19:00:39 - User: 551  - 82856 - Delvaux Guy - SEARCH ronde 6 - club: 549
19/01/2020 19:01:04 - User: 551  - 82856 - Delvaux Guy - SEARCH ronde 6 - club: 514
19/01/2020 19:01:11 - 233 - 5G+- - 353 - Maeckelbergh Anne-Marie - SAVE
19/01/2020 19:01:17 - 307 - 4E+- 5F+- 5J+- - 57941 - Lagast Herve - SAVE
19/01/2020 19:01:18 - User: 551  - 82856 - Delvaux Guy - SEARCH ronde 6 - club: 525
19/01/2020 19:01:49 - 260 - 5G+- - 96491 - Van Steenwinckel Hugo - SAVE
19/01/2020 19:02:31 - 233 - 5G+- - 353 - Maeckelbergh Anne-Marie - SAVE
19/01/2020 19:02:32 - 260 - 5G+- 5L+- - 96491 - Van Steenwinckel Hugo - SAVE
19/01/2020 19:03:10 - 233 - 5G+- 5I-- - 353 - Maeckelbergh Anne-Marie - SAVE
19/01/2020 19:03:23 - 727 - 3B+- 4A++ 4D+- 5C+- - THEUNISSEN Kris - kris_theunissen@hotmail.com - SAVE
19/01/2020 19:03:43 - User: 609  - 14377 - Mathonet Corentin - SEARCH ronde 6 - club: 609
19/01/2020 19:03:55 - 233 - 5G+- 5I+- - 353 - Maeckelbergh Anne-Marie - SAVE
19/01/2020 19:04:13 - 233 - 5G+- 5I+- - 353 - Maeckelbergh Anne-Marie - SAVE
19/01/2020 19:04:21 - User: 233  - 353 - Maeckelbergh Anne-Marie - EXIT
19/01/2020 19:04:45 - User: 727  - THEUNISSEN Kris - kris_theunissen@hotmail.com - LOGOUT
19/01/2020 19:05:32 - User: 418  - 19135 - Flamee Dirk - SEARCH ronde 6 - club: 418
19/01/2020 19:05:45 - 609 - 5B-+ - 14377 - Mathonet Corentin - SAVE
19/01/2020 19:05:46 - User: 418  - 19135 - Flamee Dirk - SEARCH ronde 6 - club: 541
19/01/2020 19:05:48 - 609 - 5B-+ - 14377 - Mathonet Corentin - SAVE
19/01/2020 19:07:03 - User: 401  - 15121 - Van Leeuwen Etienne - SEARCH ronde 6 - club: 401
19/01/2020 19:08:19 - User: 422  - 10626 - Van Damme Patrick - SEARCH ronde 6 - club: 422
19/01/2020 19:08:24 - 401 - 1A+- 2A+- 3C+- 4G++ 5A+- 5A++ 5G+- 5J++ 5J+- 5L++ 5N++ - 15121 - Van Leeuwen Etienne - SAVE
19/01/2020 19:10:32 - User: 114  - Tomas Cuyx - tomas_cuyx@hotmail.com - SEARCH ronde 6 - club: 114
19/01/2020 19:11:06 - 114 - 5A+- 5C+- 5D+- 5G++ 5I++ 5L+- - Tomas Cuyx - tomas_cuyx@hotmail.com - SAVE
19/01/2020 19:11:25 - User: 465  - 9504 - Lemmens Philip - SEARCH ronde 6 - club: 465
19/01/2020 19:11:28 - User: 604  - 96873 - Rosskamp Kurt - SEARCH ronde 6 - club: 604
19/01/2020 19:11:50 - User: 609  - 14377 - Mathonet Corentin - EXIT
19/01/2020 19:11:53 - User: 228  - 76317 - Cornelis Eric - SEARCH ronde 6 - club: 233
19/01/2020 19:12:03 - User: 609  - 14377 - Mathonet Corentin - LOGOUT
19/01/2020 19:12:57 - 604 - 1A-+ 3B++ 4D++ - 96873 - Rosskamp Kurt - SAVE
19/01/2020 19:13:24 - User: 228  - 76317 - Cornelis Eric - SEARCH ronde 6 - club: 233
19/01/2020 19:14:10 - User: 465  - 9504 - Lemmens Philip - SEARCH ronde 6 - club: 465
19/01/2020 19:14:15 - User: 604  - 96873 - Rosskamp Kurt - SEARCH ronde 6 - club: 607
19/01/2020 19:14:33 - User: 604  - 96873 - Rosskamp Kurt - SEARCH ronde 6 - club: 627
19/01/2020 19:14:36 - User: 436  - 14286 - Verhelst Peter - SEARCH ronde 6 - club: 436
19/01/2020 19:14:47 - User: 604  - 96873 - Rosskamp Kurt - SEARCH ronde 6 - club: 604
19/01/2020 19:16:00 - User: 621  - 82775 - Mollica Antonio - SEARCH ronde 6 - club: 621
19/01/2020 19:16:17 - 465 - 4E-+ 4G+- 5N++ - 9504 - Lemmens Philip - SAVE
19/01/2020 19:16:37 - User: 465  - 9504 - Lemmens Philip - SEARCH ronde 6 - club: 422
19/01/2020 19:17:24 - User: 465  - 9504 - Lemmens Philip - SEARCH ronde 6 - club: 401
19/01/2020 19:19:09 - 621 - 2B+- - 82775 - Mollica Antonio - SAVE
19/01/2020 19:20:16 - 436 - 2A+- 4G+- 5A++ 5A++ 5J++ 5N+- - 14286 - Verhelst Peter - SAVE
19/01/2020 19:20:22 - User: 436  - 14286 - Verhelst Peter - SEARCH ronde 6 - club: 436
19/01/2020 19:20:55 - User: 313  - 876 - De Schepper Bart - SEARCH ronde 6 - club: 313
19/01/2020 19:21:25 - User: 472  - 46400 - Raepsaet Joannes - SEARCH ronde 6 - club: 472
19/01/2020 19:21:47 - 621 - 2B+- 4D+- - 82775 - Mollica Antonio - SAVE
19/01/2020 19:22:09 - 472 - 4G++ - 46400 - Raepsaet Joannes - SAVE
19/01/2020 19:22:33 - User: 472  - 46400 - Raepsaet Joannes - LOGOUT
19/01/2020 19:22:54 - User: 436  - 18465 - Cuvelier Annelies - SEARCH ronde 6 - club: 436

------------- Change card result -------------

Club user: 436 *** 19/01/2020 19:23:11

Div/Afd: 4 - Serie/Reeks: G
Ronde: 6 *** 2020-01-19

LSV-CHESSPIRANT 3 ( 436 )
peter.verhelst1@telenet.be

WACHTEBEKE 4 ( 471 )
dvvliet@hotmail.be
-----------------------------------------------
18465 - 51071 : 1-0
18465 - 51071 : 1-0
-----------------------------------------------
14898 - 13463 : 0-1
14898 - 5321 : 0-1
-----------------------------------------------
14293 - 51055 : 5-5
14293 - 13463 : 5-5
-----------------------------------------------
13867 - 12909 : 5-5
13867 - 51055 : 5-5

===============================================
===============================================

19/01/2020 19:23:11 - 436 - 2A+- 4G+- 5A++ 5A++ 5J++ 5N++ - 18465 - Cuvelier Annelies - SAVE
19/01/2020 19:23:37 - User: 909  - 71978 - Wautelet Patrick - SEARCH ronde 6 - club: 909
19/01/2020 19:24:05 - 313 - 3D-+ 5F-+ 5J-+ 5N-+ - 876 - De Schepper Bart - SAVE
19/01/2020 19:24:19 - User: 465  - 9504 - Lemmens Philip - SEARCH ronde 6 - club: 475
19/01/2020 19:24:23 - User: 436  - 14286 - Verhelst Peter - SEARCH ronde 6 - club: 436
19/01/2020 19:25:07 - 621 - 2B+- 4D+- 5B-- - 82775 - Mollica Antonio - SAVE
19/01/2020 19:25:28 - User: 810  - 92428 - Demelenne Etienne - SEARCH ronde 6 - club: 810
19/01/2020 19:25:29 - 313 - 3D-+ 5F-+ 5J-+ 5N-+ - 876 - De Schepper Bart - SAVE
19/01/2020 19:25:57 - 909 - 4B+- 4F+- - 71978 - Wautelet Patrick - SAVE
19/01/2020 19:25:59 - User: 436  - 18465 - Cuvelier Annelies - SEARCH ronde 6 - club: 401
19/01/2020 19:26:42 - 621 - 2B+- 4D+- 5B+- 5M-- - 82775 - Mollica Antonio - SAVE
19/01/2020 19:27:25 - User: 436  - 18465 - Cuvelier Annelies - SEARCH ronde 6 - club: 422
19/01/2020 19:27:31 - 621 - 2B+- 4D+- 5B+- 5C-- 5M-- - 82775 - Mollica Antonio - SAVE
19/01/2020 19:27:41 - User: 436  - 18465 - Cuvelier Annelies - SEARCH ronde 6 - club: 425
19/01/2020 19:27:52 - User: 436  - 18465 - Cuvelier Annelies - SEARCH ronde 6 - club: 432
19/01/2020 19:28:40 - 621 - 2B+- 4D+- 5B+- 5C+- 5M-- - 82775 - Mollica Antonio - SAVE
19/01/2020 19:29:10 - User: 404  - 41114 - Oosterlinck Luc - SEARCH ronde 6 - club: 404
19/01/2020 19:29:55 - User: 436  - 18465 - Cuvelier Annelies - SEARCH ronde 6 - club: 475
19/01/2020 19:30:03 - User: 475  - 8931 - Heyerick Anton - SEARCH ronde 6 - club: 475
19/01/2020 19:30:17 - User: 436  - 18465 - Cuvelier Annelies - SEARCH ronde 6 - club: 472
19/01/2020 19:30:27 - 475 - 5N++ - 8931 - Heyerick Anton - SAVE
19/01/2020 19:30:41 - 404 - 5N+- - 41114 - Oosterlinck Luc - SAVE

------------- Change card result -------------

Club user: 621 *** 19/01/2020 19:30:58

Div/Afd: 5 - Serie/Reeks: M
Ronde: 6 *** 2020-01-19

ANS 5 ( 621 )
antonio.mollica@gmail.com

WELKENRAEDT 2 ( 619 )
daniel.619@gmx.fr
-----------------------------------------------
12368 - 72583 : 1-0
12368 - 72583 : 5-5
-----------------------------------------------
10571 - 79375 : 1-0
10571 - 79375 : 0-1
-----------------------------------------------
94501 - 70327 : 1-0
94501 - 70327 : 5-5
-----------------------------------------------
67989 - 50168 : 1-0
67989 - 50168 : 1-0

===============================================
===============================================

19/01/2020 19:30:58 - 621 - 2B+- 4D+- 5B+- 5C+- 5M-- - 82775 - Mollica Antonio - SAVE
19/01/2020 19:31:00 - 404 - 5N+- - 41114 - Oosterlinck Luc - SAVE
19/01/2020 19:31:01 - User: 404  - 41114 - Oosterlinck Luc - EXIT
19/01/2020 19:31:06 - 260 - 4H+- 5G+- 5L+- - 96491 - Van Steenwinckel Hugo - SAVE
19/01/2020 19:31:14 - 621 - 2B+- 4D+- 5B+- 5C+- 5M+- - 82775 - Mollica Antonio - SAVE
19/01/2020 19:32:06 - 621 - 2B+- 4D+- 5B+- 5C+- 5M+- - 82775 - Mollica Antonio - SAVE
19/01/2020 19:33:01 - 475 - 4E-- 5N++ - 8931 - Heyerick Anton - SAVE
19/01/2020 19:33:12 - 475 - 4E-+ 5N++ - 8931 - Heyerick Anton - SAVE
19/01/2020 19:33:33 - User: 475  - 8931 - Heyerick Anton - EXIT
19/01/2020 19:33:37 - User: 475  - 8931 - Heyerick Anton - LOGOUT
19/01/2020 19:34:23 - User: 627  - 96709 - Jacobs Oliver - SEARCH ronde 6 - club: 627
19/01/2020 19:34:57 - User: 604  - 96873 - Rosskamp Kurt - SEARCH ronde 6 - club: 604
19/01/2020 19:35:15 - User: 604  - 96873 - Rosskamp Kurt - SEARCH ronde 6 - club: 627
19/01/2020 19:35:28 - User: 604  - 96873 - Rosskamp Kurt - SEARCH ronde 6 - club: 607
19/01/2020 19:36:24 - User: 101  - 15041 - Schrickx Frank - SEARCH ronde 6 - club: 101
19/01/2020 19:36:43 - User: 101  - 15041 - Schrickx Frank - EXIT
19/01/2020 19:36:51 - User: 501  - Hanset Marc - marc.hanset@gmail.com - SEARCH ronde 6 - club: 501
19/01/2020 19:37:06 - User: 230  - 32328 - Verheyden Jonas - SEARCH ronde 6 - club: 230
19/01/2020 19:37:52 - User: 162  - Janssen Paul - pjanssen@telenet.be - SEARCH ronde 6 - club: 162
19/01/2020 19:38:13 - User: 436  - 14286 - Verhelst Peter - SEARCH ronde 6 - club: 436
19/01/2020 19:39:17 - User: 601  - jt13539 - jc.thiry@gmail.com - SEARCH ronde 6 - club: 601
19/01/2020 19:39:31 - User: 430  - 34746 - Bonne Ronny - SEARCH ronde 6 - club: 430
19/01/2020 19:40:03 - 501 - 2B+- 4B+- 4F+- 5E++ - Hanset Marc - marc.hanset@gmail.com - SAVE
19/01/2020 19:40:23 - 430 - 3D+- - 34746 - Bonne Ronny - SAVE
19/01/2020 19:40:46 - 601 - 1A+- 5B-+ - jt13539 - jc.thiry@gmail.com - SAVE
19/01/2020 19:40:48 - User: 501  - Hanset Marc - marc.hanset@gmail.com - LOGOUT
19/01/2020 19:40:53 - User: 601  - jt13539 - jc.thiry@gmail.com - EXIT
19/01/2020 19:40:58 - User: 601  - jt13539 - jc.thiry@gmail.com - SEARCH ronde 6 - club: 601
19/01/2020 19:41:00 - User: 641  - 60264 - Ancion Mérowig - SEARCH ronde 6 - club: 641
19/01/2020 19:41:04 - User: 641  - 60264 - Ancion Mérowig - SEARCH ronde 6 - club: 641

------------- Change card result -------------

Club user: 430 *** 19/01/2020 19:41:10

Div/Afd: 3 - Serie/Reeks: D
Ronde: 6 *** 2020-01-19

LANDEGEM 1 ( 430 )
r.bonne@telenet.be

IZEGEM 1 ( 340 )
breu@telenet.be
-----------------------------------------------
27111 - 24813 : 0-1
27111 - 24813 : 0-1
-----------------------------------------------
23434 - 46892 : 1-0
23434 - 46892 : 1-0
-----------------------------------------------
8273 - 77267 : 5-5
8273 - 77267 : 5-5
-----------------------------------------------
34746 - 14406 : 1-0
34746 - 14406 : 1-0
-----------------------------------------------
27693 - 15127 : 1-0
27693 - 19127 : 1-0
-----------------------------------------------
8851 - 55417 : 0-1
8851 - 55417 : 0-1

===============================================
===============================================

19/01/2020 19:41:10 - 430 - 3D+- - 34746 - Bonne Ronny - SAVE
19/01/2020 19:41:11 - 230 - 3B-- 4H-- 5D++ - 32328 - Verheyden Jonas - SAVE
19/01/2020 19:42:04 - User: 229  - 10563 - Verbist Julien - SEARCH ronde 6 - club: 229
19/01/2020 19:42:20 - 230 - 3B-- 4H-- 5D++ - 32328 - Verheyden Jonas - SAVE
19/01/2020 19:42:24 - 601 - 1A+- 5B-+ - jt13539 - jc.thiry@gmail.com - SAVE
19/01/2020 19:42:26 - 430 - 3D+- 4C+- - 34746 - Bonne Ronny - SAVE
19/01/2020 19:42:31 - 641 - 4D+- - 60264 - Ancion Mérowig - SAVE
19/01/2020 19:42:42 - User: 430  - 34746 - Bonne Ronny - SEARCH ronde 6 - club: 430
19/01/2020 19:43:01 - 230 - 3B+- 4H+- 5D++ - 32328 - Verheyden Jonas - SAVE
19/01/2020 19:43:09 - User: 641  - 60264 - Ancion Mérowig - SEARCH ronde 6 - club: 641
19/01/2020 19:43:34 - 430 - 3D+- 4C+- 4E+- - 34746 - Bonne Ronny - SAVE
19/01/2020 19:43:36 - 601 - 1A+- 4D+- 5B-+ - jt13539 - jc.thiry@gmail.com - SAVE
19/01/2020 19:43:58 - User: 351  - Johan Dezutter - johan.dezutter@pandora.be - SEARCH ronde 6 - club: 351
19/01/2020 19:44:32 - 430 - 3D+- 4C+- 4E+- 4G+- 5N+- - 34746 - Bonne Ronny - SAVE
19/01/2020 19:44:46 - User: 551  - 82856 - Delvaux Guy - SEARCH ronde 6 - club: 541
19/01/2020 19:44:51 - User: 410  - 12955 - Covents Maarten - SEARCH ronde 6 - club: 410
19/01/2020 19:45:08 - 230 - 3B+- 4H+- 5C-- 5D++ - 32328 - Verheyden Jonas - SAVE
19/01/2020 19:45:20 - 230 - 3B+- 4H+- 5C+- 5D++ - 32328 - Verheyden Jonas - SAVE
19/01/2020 19:45:31 - User: 551  - 82856 - Delvaux Guy - SEARCH ronde 6 - club: 518
19/01/2020 19:45:36 - User: 430  - 34746 - Bonne Ronny - LOGOUT
19/01/2020 19:45:41 - User: 551  - 82856 - Delvaux Guy - SEARCH ronde 6 - club: 511
19/01/2020 19:45:44 - 351 - 4E++ - Johan Dezutter - johan.dezutter@pandora.be - SAVE
19/01/2020 19:46:03 - 162 - 5C++ 5H+- - Janssen Paul - pjanssen@telenet.be - SAVE
19/01/2020 19:46:10 - User: 422  - 8320 - Lanckriet Chris - SEARCH ronde 6 - club: 422
19/01/2020 19:46:14 - 601 - 1A+- 4D+- 5B++ - jt13539 - jc.thiry@gmail.com - SAVE
19/01/2020 19:46:52 - 410 - 3C+- 5K+- - 12955 - Covents Maarten - SAVE
19/01/2020 19:47:04 - 229 - 4H-+ 5D+- - 10563 - Verbist Julien - SAVE
19/01/2020 19:47:10 - 230 - 3B+- 4H+- 5C+- 5D++ - 32328 - Verheyden Jonas - SAVE
19/01/2020 19:47:32 - User: 410  - 12955 - Covents Maarten - EXIT
19/01/2020 19:47:45 - 601 - 1A+- 3B+- 4D+- 5B++ - jt13539 - jc.thiry@gmail.com - SAVE
19/01/2020 19:47:52 - 422 - 3D+- 5A-- 5J-+ - 8320 - Lanckriet Chris - SAVE
19/01/2020 19:47:55 - User: 143  - 08044 - Van Der Meiren August - SEARCH ronde 6 - club: 143
19/01/2020 19:48:04 - 230 - 3B+- 4H+- 5C+- 5D++ - 32328 - Verheyden Jonas - SAVE
19/01/2020 19:48:06 - User: 351  - Johan Dezutter - johan.dezutter@pandora.be - SEARCH ronde 6 - club: 302
19/01/2020 19:49:15 - 422 - 3D+- 5A-- 5J-+ 5K-- - 8320 - Lanckriet Chris - SAVE

------------- Change card result -------------

Club user: 422 *** 19/01/2020 19:49:29

Div/Afd: 5 - Serie/Reeks: K
Ronde: 6 *** 2020-01-19

MSV 4 ( 422 )
meetjeslandsesv@gmail.com

KGSRL 16 ( 401 )
etienne.vanleeuwen@skynet.be
-----------------------------------------------
50806 - 14577 : 5-5
50806 - 14577 : 5-5
-----------------------------------------------
10626 - 15425 : 1-0
10626 - 15125 : 1-0
-----------------------------------------------
21971 - 17164 : 1-0
21971 - 17164 : 1-0
-----------------------------------------------
11922 - 16812 : 0-1
11922 - 16812 : 0-1

===============================================
===============================================

19/01/2020 19:49:29 - 422 - 3D+- 5A-- 5J-+ 5K-- - 8320 - Lanckriet Chris - SAVE
19/01/2020 19:49:32 - 601 - 1A+- 3B+- 4D+- 5B++ - jt13539 - jc.thiry@gmail.com - SAVE
19/01/2020 19:50:00 - User: 601  - jt13539 - jc.thiry@gmail.com - SEARCH ronde 6 - club: 601
19/01/2020 19:50:18 - 422 - 3D+- 5A+- 5J++ 5K+- 5N+- - 8320 - Lanckriet Chris - SAVE
19/01/2020 19:50:55 - 601 - 1A+- 3B+- 4B+- 4D+- 5B++ - jt13539 - jc.thiry@gmail.com - SAVE
19/01/2020 19:51:06 - User: 465  - 9504 - Lemmens Philip - SEARCH ronde 6 - club: 475
19/01/2020 19:51:15 - 422 - 3D+- 5A+- 5J++ 5K+- 5N+- - 8320 - Lanckriet Chris - SAVE
19/01/2020 19:51:28 - User: 124  - 45675 - Foulon Greta - SEARCH ronde 6 - club: 124
19/01/2020 19:51:33 - User: 465  - 9504 - Lemmens Philip - SEARCH ronde 6 - club: 401
19/01/2020 19:51:37 - 422 - 3D+- 5A+- 5J++ 5K+- 5N+- - 8320 - Lanckriet Chris - SAVE
19/01/2020 19:51:42 - User: 422  - 8320 - Lanckriet Chris - LOGOUT
19/01/2020 19:52:23 - 601 - 1A+- 3B+- 4A+- 4B+- 4D+- 5B++ - jt13539 - jc.thiry@gmail.com - SAVE
19/01/2020 19:52:53 - User: 162  - Janssen Paul - pjanssen@telenet.be - EXIT
19/01/2020 19:54:25 - User: 521  - 74926 - Minet Julien - SEARCH ronde 6 - club: 521
19/01/2020 19:54:50 - 601 - 1A+- 3B+- 4A+- 4B+- 4D+- 5B++ - jt13539 - jc.thiry@gmail.com - SAVE
19/01/2020 19:54:56 - 521 - 4C-+ - 74926 - Minet Julien - SAVE
19/01/2020 19:55:18 - 143 - 2A+- 3C+- 4G+- 5K++ - 08044 - Van Der Meiren August - SAVE
19/01/2020 19:55:24 - User: 521  - 74926 - Minet Julien - SEARCH ronde 6 - club: 541
19/01/2020 19:55:30 - 601 - 1A+- 3B+- 4A+- 4B+- 4D+- 4D+- 5B++ - jt13539 - jc.thiry@gmail.com - SAVE
19/01/2020 19:55:33 - User: 521  - 74926 - Minet Julien - SEARCH ronde 6 - club: 508
19/01/2020 19:55:54 - User: 231  - 21997 - Roosen Stefan - SEARCH ronde 6 - club: 231
19/01/2020 19:55:56 - User: 521  - 74926 - Minet Julien - SEARCH ronde 6 - club: 501
19/01/2020 19:56:15 - 601 - 1A+- 3B+- 4A+- 4B+- 4D+- 4D+- 5B++ - jt13539 - jc.thiry@gmail.com - SAVE
19/01/2020 19:56:33 - 231 - 3B++ 4A++ 4H++ - 21997 - Roosen Stefan - SAVE
19/01/2020 19:56:45 - User: 432  - 66443 - Michiels Luc - SEARCH ronde 6 - club: 401
19/01/2020 19:57:07 - User: 309  - 69884 - Logie Bernard - SEARCH ronde 6 - club: 309
19/01/2020 19:57:19 - User: 952  - 89575 - Detienne Stéphane - SEARCH ronde 6 - club: 952
19/01/2020 19:57:28 - 601 - 1A+- 3B+- 4A+- 4B+- 4D+- 4D+- 5B++ - jt13539 - jc.thiry@gmail.com - SAVE
19/01/2020 19:57:48 - 952 - 4F+- 5G+- - 89575 - Detienne Stéphane - SAVE
19/01/2020 19:57:56 - 601 - 1A+- 3B+- 4A+- 4B+- 4D+- 4D+- 5B++ 5B+- - jt13539 - jc.thiry@gmail.com - SAVE
19/01/2020 19:58:25 - 952 - 4F+- 5D+- 5G+- - 89575 - Detienne Stéphane - SAVE
19/01/2020 19:58:36 - 309 - 3D++ 5F++ - 69884 - Logie Bernard - SAVE
19/01/2020 19:58:43 - User: 309  - 69884 - Logie Bernard - EXIT
19/01/2020 19:58:48 - User: 192  - 50423 - Van Den Brande Patrick - SEARCH ronde 6 - club: 192
19/01/2020 19:58:50 - 601 - 1A+- 3B+- 4A+- 4B+- 4D+- 4D+- 5B++ 5B+- 5M+- - jt13539 - jc.thiry@gmail.com - SAVE
19/01/2020 19:59:40 - User: 307  - 57941 - Lagast Herve - SEARCH ronde 6 - club: 307
19/01/2020 19:59:51 - User: 307  - 57941 - Lagast Herve - SEARCH ronde 6 - club: 401
19/01/2020 20:00:07 - 601 - 1A+- 3B+- 4A+- 4B+- 4D+- 4D+- 5B++ 5B+- 5M+- 5M+- - jt13539 - jc.thiry@gmail.com - SAVE
19/01/2020 20:00:15 - User: 121  - 29076 - Van Damme Tonnie - SEARCH ronde 6 - club: 121
19/01/2020 20:00:20 - 952 - 4F+- 5D+- 5G++ - 89575 - Detienne Stéphane - SAVE

------------- Change card result -------------

Club user: 601 *** 19/01/2020 20:00:24

Div/Afd: 5 - Serie/Reeks: M
Ronde: 6 *** 2020-01-19

CRELEL 10 ( 601 )
aliasniamor@gmail.com

KSK ROCHADE 6 ( 607 )
rudolf.meessen@gmail.com
-----------------------------------------------
19018 - 10807 : 0-1
19018 - 10807 : 0-1
-----------------------------------------------
17813 - 97586 : 0-1
17823 - 97586 : 0-1
-----------------------------------------------
19021 - 20893 : 0-1
19021 - 20893 : 0-1
-----------------------------------------------
19024 - 97802 : 0-1
19024 - 97802 : 0-1

===============================================
===============================================

19/01/2020 20:00:24 - 601 - 1A+- 3B+- 4A+- 4B+- 4D+- 4D+- 5B++ 5B+- 5M+- 5M+- - jt13539 - jc.thiry@gmail.com - SAVE
19/01/2020 20:00:52 - 952 - 4F+- 5B+- 5D+- 5G++ - 89575 - Detienne Stéphane - SAVE
19/01/2020 20:01:02 - User: 436  - 14286 - Verhelst Peter - SEARCH ronde 6 - club: 436
19/01/2020 20:01:09 - 436 - 2A++ 4G+- 4G+- 5A++ 5A++ 5J++ 5N++ - 14286 - Verhelst Peter - SAVE
19/01/2020 20:01:18 - User: 714  - 86894 - Jannis Guido - SEARCH ronde 6 - club: 714
19/01/2020 20:01:22 - 124 - 4A+- 4H++ 5H+- 5K+- - 45675 - Foulon Greta - SAVE
19/01/2020 20:01:24 - User: 601  - jt13539 - jc.thiry@gmail.com - EXIT
19/01/2020 20:01:25 - 121 - 4A+- 5C+- 5L++ - 29076 - Van Damme Tonnie - SAVE
19/01/2020 20:01:38 - 952 - 4F+- 5B+- 5D+- 5G++ - 89575 - Detienne Stéphane - SAVE
19/01/2020 20:01:43 - 192 - 4H+- 5H+- - 50423 - Van Den Brande Patrick - SAVE
19/01/2020 20:01:44 - User: 601  - jt13539 - jc.thiry@gmail.com - SEARCH ronde 6 - club: 601
19/01/2020 20:01:58 - 192 - 4H+- 5H+- - 50423 - Van Den Brande Patrick - SAVE
19/01/2020 20:02:00 - User: 192  - 50423 - Van Den Brande Patrick - LOGOUT
19/01/2020 20:02:05 - 121 - 4A+- 5C+- 5L++ - 29076 - Van Damme Tonnie - SAVE
19/01/2020 20:02:46 - 952 - 4F+- 5B+- 5D+- 5G++ - 89575 - Detienne Stéphane - SAVE
19/01/2020 20:03:04 - 143 - 2A+- 3C+- 4G+- 5K++ - 08044 - Van Der Meiren August - SAVE
19/01/2020 20:03:08 - 714 - 3B++ 5C++ - 86894 - Jannis Guido - SAVE
19/01/2020 20:03:09 - User: 307  - 57941 - Lagast Herve - SEARCH ronde 6 - club: 303
19/01/2020 20:03:11 - User: 143  - 08044 - Van Der Meiren August - SEARCH ronde 6 - club: 143
19/01/2020 20:03:43 - User: 714  - 86894 - Jannis Guido - EXIT
19/01/2020 20:03:54 - 952 - 4F+- 5B+- 5D+- 5G++ - 89575 - Detienne Stéphane - SAVE
19/01/2020 20:04:22 - User: 307  - 57941 - Lagast Herve - SEARCH ronde 6 - club: 438
19/01/2020 20:04:39 - User: 307  - 57941 - Lagast Herve - SEARCH ronde 6 - club: 351
19/01/2020 20:04:44 - User: 601  - jt13539 - jc.thiry@gmail.com - EXIT
19/01/2020 20:04:53 - User: 601  - jt13539 - jc.thiry@gmail.com - SEARCH ronde 6 - club: 401
19/01/2020 20:05:28 - User: 961  - 86282 - Dethy David - SEARCH ronde 6 - club: 961
19/01/2020 20:05:57 - User: 601  - jt13539 - jc.thiry@gmail.com - SEARCH ronde 6 - club: 303
19/01/2020 20:05:59 - 961 - 4B++ 5D++ - 86282 - Dethy David - SAVE
19/01/2020 20:07:25 - User: 551  - 82856 - Delvaux Guy - SEARCH ronde 6 - club: 551
19/01/2020 20:07:27 - User: 641  - 60264 - Ancion Mérowig - SEARCH ronde 6 - club: 641
19/01/2020 20:07:28 - User: 961  - 86282 - Dethy David - SEARCH ronde 6 - club: 525
19/01/2020 20:07:46 - User: 961  - 86282 - Dethy David - SEARCH ronde 6 - club: 244
19/01/2020 20:07:54 - User: 551  - 82856 - Delvaux Guy - SEARCH ronde 6 - club: 525
19/01/2020 20:08:14 - User: 436  - 31160 - Van Eetvelde Ward - SEARCH ronde 6 - club: 436
19/01/2020 20:08:18 - User: 961  - 86282 - Dethy David - SEARCH ronde 6 - club: 278
19/01/2020 20:08:43 - User: 961  - 86282 - Dethy David - SEARCH ronde 6 - club: 239
19/01/2020 20:09:27 - User: 961  - 86282 - Dethy David - SEARCH ronde 6 - club: 901
19/01/2020 20:09:32 - User: 436  - 31160 - Van Eetvelde Ward - SEARCH ronde 6 - club: 301
19/01/2020 20:09:48 - User: 436  - 31160 - Van Eetvelde Ward - SEARCH ronde 6 - club: 303
19/01/2020 20:10:12 - User: 260  - 96491 - Van Steenwinckel Hugo - SEARCH ronde 6 - club: 260
19/01/2020 20:10:30 - User: 260  - 96491 - Van Steenwinckel Hugo - SEARCH ronde 6 - club: 303
19/01/2020 20:11:01 - User: 472  - 46400 - Raepsaet Joannes - SEARCH ronde 6 - club: 472
19/01/2020 20:11:26 - User: 436  - 31160 - Van Eetvelde Ward - SEARCH ronde 6 - club: 143
19/01/2020 20:11:47 - User: 260  - 96491 - Van Steenwinckel Hugo - SEARCH ronde 6 - club: 124
19/01/2020 20:11:48 - 472 - 4G++ 5N++ - 46400 - Raepsaet Joannes - SAVE
19/01/2020 20:12:41 - User: 460  - 26280 - Vandendriessche Gunther - SEARCH ronde 6 - club: 460
19/01/2020 20:12:43 - 303 - 1A++ 2A+- 3D+- 4C++ 4E++ 4G+- 5F++ - Tom Piceu - tom.piceu@gmail.com - SAVE
19/01/2020 20:12:58 - User: 260  - 96491 - Van Steenwinckel Hugo - SEARCH ronde 6 - club: 230
19/01/2020 20:13:26 - User: 182  - 3239 - Rogmans Jelle - SEARCH ronde 6 - club: 182

------------- Change card result -------------

Club user: 303 *** 19/01/2020 20:13:30

Div/Afd: 3 - Serie/Reeks: D
Ronde: 6 *** 2020-01-19

KBSK 3 ( 303 )
chris.dsp@hotmail.com

JEAN JAURES 2 ( 402 )
chris.ghysels@telenet.be
-----------------------------------------------
36277 - 38342 : 5-5
36277 - 38342 : 5-5
-----------------------------------------------
13196 - 8052 : 1-0
13196 - 8052 : 1-0
-----------------------------------------------
46973 - 21359 : 5-5
46973 - 21359 : 5-5
-----------------------------------------------
34037 - 50504 : 5-5
34037 - 50504 : 5-5
-----------------------------------------------
1406 - 13899 : 1-0
1406 - 13899 : 1-0
-----------------------------------------------
42412 - 15314 : 5-5
42412 - 45314 : 5-5

===============================================
===============================================

19/01/2020 20:13:30 - 303 - 1A++ 2A+- 3D+- 4C++ 4E++ 4G+- 5F++ - Tom Piceu - tom.piceu@gmail.com - SAVE
19/01/2020 20:13:33 - 460 - 5J-+ - 26280 - Vandendriessche Gunther - SAVE
19/01/2020 20:13:43 - User: 436  - 31160 - Van Eetvelde Ward - SEARCH ronde 6 - club: 124
19/01/2020 20:13:44 - 182 - 4A++ - 3239 - Rogmans Jelle - SAVE
19/01/2020 20:13:57 - User: 508  - 85383 - Moreau Eleuthère - SEARCH ronde 6 - club: 508
19/01/2020 20:13:59 - User: 114  - Tomas Cuyx - tomas_cuyx@hotmail.com - SEARCH ronde 6 - club: 114
19/01/2020 20:14:07 - User: 518  - 63771 - Drossart Julien - SEARCH ronde 6 - club: 518
19/01/2020 20:14:15 - User: 627  - 96709 - Jacobs Oliver - SEARCH ronde 6 - club: 627
19/01/2020 20:14:27 - 303 - 1A++ 2A+- 3D+- 4C++ 4E++ 4G+- 5F++ 5J+- - Tom Piceu - tom.piceu@gmail.com - SAVE
19/01/2020 20:14:50 - User: 436  - 31160 - Van Eetvelde Ward - SEARCH ronde 6 - club: 471
19/01/2020 20:14:55 - 114 - 3A-- 3C+- 4H+- 5A+- 5C+- 5D+- 5G++ 5H+- 5I++ 5K+- 5L+- - Tomas Cuyx - tomas_cuyx@hotmail.com - SAVE
19/01/2020 20:14:58 - 124 - 4A+- 4H++ 5H+- 5K+- - 45675 - Foulon Greta - SAVE
19/01/2020 20:15:39 - 124 - 4A+- 4H++ 5H+- 5K+- - 45675 - Foulon Greta - SAVE
19/01/2020 20:15:52 - 518 - 5E+- - 63771 - Drossart Julien - SAVE
19/01/2020 20:15:55 - 114 - 3A+- 3C++ 4H+- 5A+- 5C++ 5D+- 5G++ 5H++ 5I++ 5K++ 5L+- - Tomas Cuyx - tomas_cuyx@hotmail.com - SAVE
19/01/2020 20:16:08 - User: 621  - 82775 - Mollica Antonio - SEARCH ronde 6 - club: 621
19/01/2020 20:16:36 - User: 436  - 31160 - Van Eetvelde Ward - SEARCH ronde 6 - club: 432
19/01/2020 20:17:01 - User: 708  - 2003 - Thijs Leon - SEARCH ronde 6 - club: 708
19/01/2020 20:17:03 - User: 465  - 9504 - Lemmens Philip - SEARCH ronde 6 - club: 422
19/01/2020 20:17:51 - User: 621  - 82775 - Mollica Antonio - EXIT
19/01/2020 20:17:56 - 627 - 1A+- - 96709 - Jacobs Oliver - SAVE
19/01/2020 20:19:31 - User: 465  - 9504 - Lemmens Philip - SEARCH ronde 6 - club: 401
19/01/2020 20:20:13 - 627 - 1A+- - 96709 - Jacobs Oliver - SAVE
19/01/2020 20:20:23 - User: 465  - 9504 - Lemmens Philip - SEARCH ronde 6 - club: 301

------------- Change card result -------------

Club user: 708 *** 19/01/2020 20:20:42

Div/Afd: 3 - Serie/Reeks: B
Ronde: 6 *** 2020-01-19

WIRTZFELD 3 ( 627 )
schleck.victor@gmail.com

LOMMEL 1 ( 708 )
albert.schenning@gmail.com
-----------------------------------------------
19783 - 26824 : 5-5
19783 - 26824 : 5-5
-----------------------------------------------
21414 - 10785 : 5-5
21414 - 10785 : 5-5
-----------------------------------------------
10771 - 11483 : 5-5
10721 - 11483 : 5-5
-----------------------------------------------
93351 - 25704 : 0-1
93351 - 25704 : 0-1
-----------------------------------------------
13545 - 22721 : 5-5
13545 - 22721 : 5-5
-----------------------------------------------
15017 - 13706 : 5-5
15017 - 13706 : 5-5

===============================================
===============================================

19/01/2020 20:21:01 - 627 - 1A+- 2B+- - 96709 - Jacobs Oliver - SAVE
19/01/2020 20:21:04 - User: 621  - 82775 - Mollica Antonio - SEARCH ronde 6 - club: 666
19/01/2020 20:21:12 - 130 - 3C++ 5H++ 5L++ - 18686 - Van Bunderen Gert - SAVE
19/01/2020 20:21:24 - User: 130  - 18686 - Van Bunderen Gert - EXIT
19/01/2020 20:21:28 - 708 - 3B-+ - 2003 - Thijs Leon - SAVE
19/01/2020 20:21:43 - User: 621  - 82775 - Mollica Antonio - SEARCH ronde 6 - club: 607
19/01/2020 20:21:59 - User: 810  - 65722 - Piron Jean-Marie - SEARCH ronde 6 - club: 810
19/01/2020 20:22:38 - User: 471  - 26492 - Van Vliet Dennis - SEARCH ronde 6 - club: 471

------------- Change card result -------------

Club user: 627 *** 19/01/2020 20:22:56

Div/Afd: 3 - Serie/Reeks: B
Ronde: 6 *** 2020-01-19

WIRTZFELD 3 ( 627 )
schleck.victor@gmail.com

LOMMEL 1 ( 708 )
albert.schenning@gmail.com
-----------------------------------------------
19783 - 26824 : 5-5
19783 - 26824 : 5-5
-----------------------------------------------
21414 - 10785 : 5-5
21414 - 10785 : 5-5
-----------------------------------------------
10721 - 11483 : 5-5
10721 - 11983(!!) : 5-5
-----------------------------------------------
93351 - 25704 : 0-1
93351 - 25704 : 0-1
-----------------------------------------------
13545 - 22721 : 5-5
13545 - 22721 : 5-5
-----------------------------------------------
15017 - 13706 : 5-5
15017 - 13706 : 5-5

===============================================
===============================================

19/01/2020 20:22:56 - 627 - 1A+- 2B+- 3B+- - 96709 - Jacobs Oliver - SAVE

------------- Change card result -------------

Club user: 627 *** 19/01/2020 20:23:11

Div/Afd: 3 - Serie/Reeks: B
Ronde: 6 *** 2020-01-19

WIRTZFELD 3 ( 627 )
schleck.victor@gmail.com

LOMMEL 1 ( 708 )
albert.schenning@gmail.com
-----------------------------------------------
19783 - 26824 : 5-5
19783 - 26824 : 5-5
-----------------------------------------------
21414 - 10785 : 5-5
21414 - 10785 : 5-5
-----------------------------------------------
10721 - 11983 : 5-5
10721 - 11483 : 5-5
-----------------------------------------------
93351 - 25704 : 0-1
93351 - 25704 : 0-1
-----------------------------------------------
13545 - 22721 : 5-5
13545 - 22721 : 5-5
-----------------------------------------------
15017 - 13706 : 5-5
15017 - 13706 : 5-5

===============================================
===============================================

19/01/2020 20:23:11 - 627 - 1A+- 2B+- 3B+- - 96709 - Jacobs Oliver - SAVE
19/01/2020 20:24:53 - 230 - 2B-- 3B+- 4H+- 5C+- 5D++ - 32328 - Verheyden Jonas - SAVE
19/01/2020 20:25:17 - 230 - 2B+- 3B+- 4H+- 5C+- 5D++ - 32328 - Verheyden Jonas - SAVE
19/01/2020 20:25:30 - User: 471  - 26492 - Van Vliet Dennis - EXIT
19/01/2020 20:25:36 - User: 471  - 26492 - Van Vliet Dennis - SEARCH ronde 6 - club: 471
19/01/2020 20:25:52 - 471 - 1A++ 2A++ 4G++ 5A++ 5N++ - 26492 - Van Vliet Dennis - SAVE
19/01/2020 20:26:47 - 627 - 1A+- 2B+- 3B+- 4D+- - 96709 - Jacobs Oliver - SAVE
19/01/2020 20:26:53 - User: 128  - 58335 - Schillemans Willy - SEARCH ronde 6 - club: 128
19/01/2020 20:27:00 - User: 132  - 26603 - T\'Sas Jan - SEARCH ronde 6 - club: 132
19/01/2020 20:27:12 - User: 998  - 9113 - Halleux Daniel - SEARCH ronde 6 - club: 401
19/01/2020 20:27:33 - User: 998  - 9113 - Halleux Daniel - SEARCH ronde 6 - club: 618
19/01/2020 20:27:45 - User: 810  - 92428 - Demelenne Etienne - SEARCH ronde 6 - club: 810
19/01/2020 20:27:48 - 627 - 1A+- 2B+- 3B+- 4D+- 5M+- - 96709 - Jacobs Oliver - SAVE
19/01/2020 20:27:54 - 810 - 3B-+ 5B+- - 65722 - Piron Jean-Marie - SAVE
19/01/2020 20:28:33 - 810 - 3B-+ 5B++ - 65722 - Piron Jean-Marie - SAVE
19/01/2020 20:28:49 - 810 - 3B-+ 5B++ - 65722 - Piron Jean-Marie - SAVE
19/01/2020 20:28:51 - User: 810  - 65722 - Piron Jean-Marie - EXIT
19/01/2020 20:29:18 - 132 - 3C+- 4H+- - 26603 - T\'Sas Jan - SAVE
19/01/2020 20:29:20 - User: 132  - 26603 - T\'Sas Jan - SEARCH ronde 6 - club: 132
19/01/2020 20:30:00 - User: 525  - 98146 - Henrotte Christian - SEARCH ronde 6 - club: 525
19/01/2020 20:30:43 - User: 471  - 26492 - Van Vliet Dennis - SEARCH ronde 6 - club: 401
19/01/2020 20:30:44 - User: 607  - 00345 - Meessen Rudolf - SEARCH ronde 6 - club: 607
19/01/2020 20:30:59 - User: 621  - 82775 - Mollica Antonio - SEARCH ronde 6 - club: 209
19/01/2020 20:31:34 - 525 - 4B+- 5E+- - 98146 - Henrotte Christian - SAVE
19/01/2020 20:31:57 - User: 525  - 98146 - Henrotte Christian - SEARCH ronde 6 - club: 278
19/01/2020 20:32:21 - User: 601  - 12943 - Bernard Romain - SEARCH ronde 6 - club: 601
19/01/2020 20:32:27 - User: 621  - 82775 - Mollica Antonio - SEARCH ronde 6 - club: 176
19/01/2020 20:32:38 - User: 436  - 31160 - Van Eetvelde Ward - SEARCH ronde 6 - club: 436
19/01/2020 20:32:52 - 132 - 3C+- 4H+- 5H+- 5K+- - 26603 - T\'Sas Jan - SAVE
19/01/2020 20:33:04 - User: 621  - 82775 - Mollica Antonio - SEARCH ronde 6 - club: 230
19/01/2020 20:33:10 - User: 471  - 26492 - Van Vliet Dennis - SEARCH ronde 6 - club: 402

------------- Change card result -------------

Club user: 132 *** 19/01/2020 20:33:13

Div/Afd: 5 - Serie/Reeks: K
Ronde: 6 *** 2020-01-19

SK OUDE GOD 4 ( 132 )
jan.tsas@skynet.be

BORGERHOUT 3 ( 109 )
Roeland.Mollekens@skynet.be
-----------------------------------------------
20218 - 884 : 0-1
20218 - 884 : 0-1
-----------------------------------------------
20222 - 17902 : 0-1
20220 - 17902 : 0-1
-----------------------------------------------
16487 - 46566 : 0-1
16487 - 46566 : 0-1
-----------------------------------------------
16443 - 44563 : 0-1
16443 - 44563 : 0-1

===============================================
===============================================

19/01/2020 20:33:13 - 132 - 3C+- 4H+- 5H+- 5K+- - 26603 - T\'Sas Jan - SAVE
19/01/2020 20:33:14 - 607 - 1A-+ 2B+- 4D+- 4D+- 5B+- 5M+- 5M+- - 00345 - Meessen Rudolf - SAVE
19/01/2020 20:33:40 - 132 - 3C+- 4H+- 5H+- 5K+- - 26603 - T\'Sas Jan - SAVE
19/01/2020 20:33:43 - User: 132  - 26603 - T\'Sas Jan - LOGOUT
19/01/2020 20:33:44 - User: 471  - 26492 - Van Vliet Dennis - SEARCH ronde 6 - club: 303
19/01/2020 20:33:46 - User: 226  - 81558 - Hoffmeister Frank - SEARCH ronde 6 - club: 226
19/01/2020 20:33:50 - User: 621  - 82775 - Mollica Antonio - SEARCH ronde 6 - club: 607
19/01/2020 20:34:09 - User: 436  - 31160 - Van Eetvelde Ward - SEARCH ronde 6 - club: 124
19/01/2020 20:34:34 - User: 525  - 98146 - Henrotte Christian - SEARCH ronde 6 - club: 244
19/01/2020 20:34:44 - User: 621  - 82775 - Mollica Antonio - SEARCH ronde 6 - club: 712
19/01/2020 20:35:05 - User: 471  - 26492 - Van Vliet Dennis - SEARCH ronde 6 - club: 627
19/01/2020 20:35:09 - User: 401  - 15121 - Van Leeuwen Etienne - SEARCH ronde 6 - club: 401
19/01/2020 20:35:35 - User: 525  - 98146 - Henrotte Christian - SEARCH ronde 6 - club: 278
19/01/2020 20:35:50 - User: 621  - 82775 - Mollica Antonio - SEARCH ronde 6 - club: 703
19/01/2020 20:36:18 - 124 - 2A-- 4A+- 4H++ 5H+- 5K+- - 45675 - Foulon Greta - SAVE
19/01/2020 20:36:30 - User: 436  - 31160 - Van Eetvelde Ward - SEARCH ronde 6 - club: 124
19/01/2020 20:36:43 - 607 - 1A-+ 2B++ 4D++ 4D++ 5B++ 5M++ 5M++ - 00345 - Meessen Rudolf - SAVE
19/01/2020 20:37:39 - 128 - 4A+- 5H+- 5K+- 5L+- - 58335 - Schillemans Willy - SAVE
19/01/2020 20:37:46 - User: 128  - 58335 - Schillemans Willy - EXIT
19/01/2020 20:38:24 - 401 - 1A+- 2A++ 3C+- 3D++ 4C++ 4E++ 4G++ 5A++ 5A++ 5G+- 5J++ 5J++ 5K++ 5L++ 5N++ 5N++ - 15121 - Van Leeuwen Etienne - SAVE
19/01/2020 20:39:10 - User: 621  - 82775 - Mollica Antonio - SEARCH ronde 6 - club: 621
19/01/2020 20:39:48 - User: 525  - 98146 - Henrotte Christian - SEARCH ronde 6 - club: 501
19/01/2020 20:39:52 - User: 953  - 97301 - Monnier Samuel - SEARCH ronde 6 - club: 953
19/01/2020 20:40:00 - User: 302  - 35157 - Coudron Paul - SEARCH ronde 6 - club: 302
19/01/2020 20:41:04 - 302 - 3D+- - 35157 - Coudron Paul - SAVE
19/01/2020 20:41:31 - 953 - 5I+- - 97301 - Monnier Samuel - SAVE
19/01/2020 20:41:35 - 302 - 3D+- 4C+- - 35157 - Coudron Paul - SAVE
19/01/2020 20:41:57 - User: 953  - 97301 - Monnier Samuel - EXIT
19/01/2020 20:42:03 - User: 621  - 82775 - Mollica Antonio - SEARCH ronde 6 - club: 121
19/01/2020 20:42:19 - 302 - 3D+- 4C+- 4E-- - 35157 - Coudron Paul - SAVE
19/01/2020 20:42:43 - 302 - 3D+- 4C+- 4E+- - 35157 - Coudron Paul - SAVE
19/01/2020 20:43:19 - User: 621  - 82775 - Mollica Antonio - SEARCH ronde 6 - club: 135
19/01/2020 20:43:54 - User: 621  - 82775 - Mollica Antonio - SEARCH ronde 6 - club: 162
19/01/2020 20:44:46 - User: 436  - 31160 - Van Eetvelde Ward - SEARCH ronde 6 - club: 303
19/01/2020 20:44:46 - User: 621  - 82775 - Mollica Antonio - SEARCH ronde 6 - club: 727
19/01/2020 20:45:16 - User: 601  - 12943 - Bernard Romain - SEARCH ronde 6 - club: 604
19/01/2020 20:45:17 - User: 228  - 76317 - Cornelis Eric - SEARCH ronde 6 - club: 417
19/01/2020 20:45:51 - User: 418  - 19135 - Flamee Dirk - SEARCH ronde 6 - club: 418
19/01/2020 20:46:16 - User: 228  - 76317 - Cornelis Eric - SEARCH ronde 6 - club: 462
19/01/2020 20:47:00 - User: 418  - 19135 - Flamee Dirk - SEARCH ronde 6 - club: 418
19/01/2020 20:47:09 - User: 621  - 82775 - Mollica Antonio - SEARCH ronde 6 - club: 714
19/01/2020 20:47:11 - User: 228  - 76317 - Cornelis Eric - SEARCH ronde 6 - club: 174
19/01/2020 20:47:58 - User: 436  - 31160 - Van Eetvelde Ward - SEARCH ronde 6 - club: 301
19/01/2020 20:48:07 - User: 228  - 76317 - Cornelis Eric - SEARCH ronde 6 - club: 548
19/01/2020 20:49:09 - User: 810  - 92428 - Demelenne Etienne - SEARCH ronde 6 - club: 810
19/01/2020 20:49:53 - User: 436  - 31160 - Van Eetvelde Ward - SEARCH ronde 6 - club: 301
19/01/2020 20:50:20 - User: 417  - 10612 - Van Wijnendaele Jovanni - SEARCH ronde 6 - club: 417
19/01/2020 20:50:31 - User: 240  - 57011 - De Mol Patrick - SEARCH ronde 6 - club: 240
19/01/2020 20:50:36 - User: 465  - 9504 - Lemmens Philip - SEARCH ronde 6 - club: 425
19/01/2020 20:50:37 - User: 166  - 27201 - Corbeel Louis - SEARCH ronde 6 - club: 166
19/01/2020 20:50:46 - User: 228  - 76317 - Cornelis Eric - SEARCH ronde 6 - club: 226
19/01/2020 20:51:01 - User: 601  - 12943 - Bernard Romain - SEARCH ronde 6 - club: 514
19/01/2020 20:51:08 - 240 - 4H++ - 57011 - De Mol Patrick - SAVE
19/01/2020 20:51:10 - 417 - 3A++ 5A++ - 10612 - Van Wijnendaele Jovanni - SAVE
19/01/2020 20:51:28 - User: 601  - 12943 - Bernard Romain - SEARCH ronde 6 - club: 901
19/01/2020 20:51:48 - User: 340  - 30988 - De Brouwere Johan - SEARCH ronde 6 - club: 340
19/01/2020 20:52:25 - 340 - 3D++ - 30988 - De Brouwere Johan - SAVE
19/01/2020 20:52:37 - User: 438  - 36455 - Soens Steven - SEARCH ronde 6 - club: 438
19/01/2020 20:52:59 - 340 - 3D++ 5F-+ - 30988 - De Brouwere Johan - SAVE
19/01/2020 20:53:55 - User: 244  - 75701 - D\'Haijère Arnaud - SEARCH ronde 6 - club: 244
19/01/2020 20:54:21 - 244 - 3A-+ 4B-+ 4F++ 5D++ 5G++ 5I++ - 75701 - D\'Haijère Arnaud - SAVE
19/01/2020 20:55:50 - 438 - 4E+- - 36455 - Soens Steven - SAVE
19/01/2020 20:55:56 - User: 432  - 11463 - Moerman Thomas - SEARCH ronde 6 - club: 432
19/01/2020 20:56:04 - User: 714  - 34959 - Meekers Geert - SEARCH ronde 6 - club: 714
19/01/2020 21:00:28 - 229 - 4H++ 5D++ - 78697 - Frederiksen Jens - SAVE
19/01/2020 21:01:38 - User: 471  - 21857 - Dhuyvetter Koen - SEARCH ronde 6 - club: 471
19/01/2020 21:02:03 - 471 - 1A++ 2A++ 4E++ 4G++ 5A++ 5N++ - 21857 - Dhuyvetter Koen - SAVE
19/01/2020 21:02:04 - User: 462  - David Roos - david.d.roos@gmail.com - SEARCH ronde 6 - club: 462
19/01/2020 21:02:16 - User: 101  - 15041 - Schrickx Frank - SEARCH ronde 6 - club: 101
19/01/2020 21:02:19 - User: 471  - 21857 - Dhuyvetter Koen - LOGOUT
19/01/2020 21:02:53 - User: 201  - 35556 - Cornil Etienne - SEARCH ronde 6 - club: 201
19/01/2020 21:03:18 - User: 432  - 66443 - Michiels Luc - SEARCH ronde 6 - club: 432
19/01/2020 21:03:20 - 201 - 2B++ - 35556 - Cornil Etienne - SAVE
19/01/2020 21:03:33 - User: 601  - 12943 - Bernard Romain - SEARCH ronde 6 - club: 601
19/01/2020 21:04:33 - 432 - 2A++ 3C++ 4G++ - 66443 - Michiels Luc - SAVE
19/01/2020 21:04:51 - 101 - 4A++ 5H++ 5K++ - 15041 - Schrickx Frank - SAVE
19/01/2020 21:05:14 - User: 101  - 15041 - Schrickx Frank - EXIT
19/01/2020 21:05:20 - User: 101  - 15041 - Schrickx Frank - SEARCH ronde 6 - club: 101
19/01/2020 21:05:52 - User: 239  - 97721 - Lacroix Bruno - SEARCH ronde 6 - club: 239
19/01/2020 21:06:00 - User: 101  - 15041 - Schrickx Frank - EXIT
19/01/2020 21:06:33 - User: 604  - 96873 - Rosskamp Kurt - SEARCH ronde 6 - club: 604
19/01/2020 21:06:34 - 462 - 2A+- 3A+- 3D+- 4C+- 5A+- 5J++ - David Roos - david.d.roos@gmail.com - SAVE
19/01/2020 21:06:36 - User: 462  - David Roos - david.d.roos@gmail.com - EXIT
19/01/2020 21:06:59 - 604 - 1A++ 3B++ 4D++ 4D++ 5M++ - 96873 - Rosskamp Kurt - SAVE
19/01/2020 21:07:02 - User: 201  - 35556 - Cornil Etienne - SEARCH ronde 6 - club: 201
19/01/2020 21:07:12 - User: 604  - 96873 - Rosskamp Kurt - SEARCH ronde 6 - club: 607
19/01/2020 21:07:28 - User: 604  - 96873 - Rosskamp Kurt - SEARCH ronde 6 - club: 627
19/01/2020 21:07:42 - User: 201  - 35556 - Cornil Etienne - LOGOUT
19/01/2020 21:07:56 - User: 604  - 96873 - Rosskamp Kurt - SEARCH ronde 6 - club: 601
19/01/2020 21:08:17 - User: 604  - 96873 - Rosskamp Kurt - SEARCH ronde 6 - club: 303
19/01/2020 21:08:40 - 114 - 3A+- 3C++ 4H++ 5A+- 5C++ 5D+- 5G++ 5H++ 5I++ 5K++ 5L+- - Tomas Cuyx - tomas_cuyx@hotmail.com - SAVE
19/01/2020 21:09:06 - User: 604  - 96873 - Rosskamp Kurt - SEARCH ronde 6 - club: 402
19/01/2020 21:09:18 - User: 166  - 17659 - Helsloot Wilbert - SEARCH ronde 6 - club: 166
19/01/2020 21:09:51 - User: 604  - 96873 - Rosskamp Kurt - SEARCH ronde 6 - club: 226
19/01/2020 21:12:18 - User: 472  - 46400 - Raepsaet Joannes - SEARCH ronde 6 - club: 472
19/01/2020 21:12:57 - 472 - 3D++ 4G++ 5N++ - 46400 - Raepsaet Joannes - SAVE
19/01/2020 21:13:17 - User: 472  - 46400 - Raepsaet Joannes - LOGOUT
19/01/2020 21:13:17 - User: 135  - 51837 - Philipsen Mathias - SEARCH ronde 6 - club: 135
19/01/2020 21:13:47 - 135 - 3C++ 5H++ 5L++ - 51837 - Philipsen Mathias - SAVE
19/01/2020 21:15:03 - User: 422  - 10626 - Van Damme Patrick - SEARCH ronde 6 - club: 422
19/01/2020 21:15:28 - User: 176  - Pieter Sterckx - pietersterckx@yahoo.com - SEARCH ronde 6 - club: 176
19/01/2020 21:18:35 - 432 - 2A++ 3C++ 4C-+ 4G++ 5A-+ - 66443 - Michiels Luc - SAVE
19/01/2020 21:20:03 - 176 - 2B+- 5C++ 5H++ - Pieter Sterckx - pietersterckx@yahoo.com - SAVE
19/01/2020 21:20:17 - User: 176  - Pieter Sterckx - pietersterckx@yahoo.com - SEARCH ronde 6 - club: 176
19/01/2020 21:24:55 - 226 - 1A+- 3A+- 4F+- 5D+- - 81558 - Hoffmeister Frank - SAVE
19/01/2020 21:25:05 - User: 114  - Tomas Cuyx - tomas_cuyx@hotmail.com - SEARCH ronde 6 - club: 114
19/01/2020 21:25:32 - 226 - 1A+- 3A+- 4F+- 5D+- 5G+- - 81558 - Hoffmeister Frank - SAVE
19/01/2020 21:26:04 - User: 952  - 89575 - Detienne Stéphane - SEARCH ronde 6 - club: 952
19/01/2020 21:26:20 - User: 226  - 81558 - Hoffmeister Frank - EXIT
19/01/2020 21:26:22 - User: 432  - 66443 - Michiels Luc - SEARCH ronde 6 - club: 401
19/01/2020 21:27:05 - 952 - 3A++ 4F++ 5B+- 5D+- 5G++ - 89575 - Detienne Stéphane - SAVE
19/01/2020 21:27:07 - User: 239  - 97721 - Lacroix Bruno - SEARCH ronde 6 - club: 239
19/01/2020 21:28:10 - 239 - 2B++ 3A++ 4B++ 4F++ 5D++ - 97721 - Lacroix Bruno - SAVE
19/01/2020 21:28:25 - User: 239  - 97721 - Lacroix Bruno - LOGOUT

------------- Change card result -------------

Club user: 114 *** 19/01/2020 21:28:49

Div/Afd: 5 - Serie/Reeks: D
Ronde: 6 *** 2020-01-19

MECHELEN 6 ( 114 )
tomas_cuyx@hotmail.com

WOLUWE 2 ( 229 )
jens@infonie.be
-----------------------------------------------
15316 - 78697 : 0-1
15316 - 78697 : 0-1
-----------------------------------------------
13839 - 38857 : 0-1
13839 - 19915(!) : 0-1
-----------------------------------------------
13163 - 94901 : 0-1
13163 - 21514(!) : 0-1
-----------------------------------------------
19915 - 17436 : 0-1
19915 - 21422(!) : 0-1

===============================================
ATTENTION !
Veuillez vérifier les données encodées sur cette carte de résultats interclubs.
Elles ont été modifiées par le club adverse.

AANDACHT !
Gelieve de gegevens op deze uitslagenkaart te willen controleren.
Ze zijn aangepast door de club van de tegenstanders.
===============================================

19/01/2020 21:28:49 - 114 - 3A++ 3C++ 4H++ 5A++ 5C++ 5D++ 5G++ 5H++ 5I++ 5K++ 5L+- - Tomas Cuyx - tomas_cuyx@hotmail.com - SAVE
19/01/2020 21:29:23 - User: 622  - 91448 - Herzet Serge - SEARCH ronde 6 - club: 622
19/01/2020 21:30:09 - User: 201  - 35556 - Cornil Etienne - SEARCH ronde 6 - club: 201

------------- Change card result -------------

Club user: 114 *** 19/01/2020 21:30:15

Div/Afd: 5 - Serie/Reeks: D
Ronde: 6 *** 2020-01-19

MECHELEN 6 ( 114 )
tomas_cuyx@hotmail.com

WOLUWE 2 ( 229 )
jens@infonie.be
-----------------------------------------------
15316 - 78697 : 0-1
15316 - 78697 : 0-1
-----------------------------------------------
13839 - 19915 : 0-1
19915 - 38857 : 0-1
-----------------------------------------------
13163 - 21514 : 0-1
21514 - 94901 : 0-1
-----------------------------------------------
19915 - 21422 : 0-1
21422 - 17436 : 0-1

===============================================
ATTENTION !
Veuillez vérifier les données encodées sur cette carte de résultats interclubs.
Elles ont été modifiées par le club adverse.

AANDACHT !
Gelieve de gegevens op deze uitslagenkaart te willen controleren.
Ze zijn aangepast door de club van de tegenstanders.
===============================================

19/01/2020 21:30:15 - 114 - 3A++ 3C++ 4H++ 5A++ 5C++ 5D++ 5G++ 5H++ 5I++ 5K++ 5L+- - Tomas Cuyx - tomas_cuyx@hotmail.com - SAVE
19/01/2020 21:30:32 - 114 - 3A++ 3C++ 4H++ 5A++ 5C++ 5D++ 5G++ 5H++ 5I++ 5K++ 5L+- - Tomas Cuyx - tomas_cuyx@hotmail.com - SAVE
19/01/2020 21:30:33 - 201 - 2B++ 4F++ 5D++ - 35556 - Cornil Etienne - SAVE
19/01/2020 21:30:39 - 622 - 3B++ - 91448 - Herzet Serge - SAVE
19/01/2020 21:30:49 - User: 622  - 91448 - Herzet Serge - EXIT
19/01/2020 21:31:09 - User: 622  - 91448 - Herzet Serge - SEARCH ronde 6 - club: 622
19/01/2020 21:31:16 - User: 622  - 91448 - Herzet Serge - SEARCH ronde 6 - club: 601
19/01/2020 21:31:18 - User: 521  - 82333 - Gueuning Thomas - SEARCH ronde 6 - club: 521
19/01/2020 21:31:35 - User: 622  - 91448 - Herzet Serge - SEARCH ronde 6 - club: 618
19/01/2020 21:31:42 - 521 - 4C++ 5F++ - 82333 - Gueuning Thomas - SAVE
19/01/2020 21:31:47 - User: 201  - 35556 - Cornil Etienne - LOGOUT
19/01/2020 21:34:45 - User: 402  - 26638 - Ghysels Chris - SEARCH ronde 6 - club: 402
19/01/2020 21:36:13 - User: 425  - 8834 - Boodts Jeroen - SEARCH ronde 6 - club: 425
19/01/2020 21:36:29 - 402 - 1A++ 3D++ 5N++ - 26638 - Ghysels Chris - SAVE
19/01/2020 21:36:44 - User: 402  - 26638 - Ghysels Chris - EXIT
19/01/2020 21:37:36 - User: 436  - 14286 - Verhelst Peter - SEARCH ronde 6 - club: 436
19/01/2020 21:37:50 - User: 309  - 69884 - Logie Bernard - SEARCH ronde 6 - club: 309
19/01/2020 21:38:03 - User: 309  - 69884 - Logie Bernard - SEARCH ronde 6 - club: 303
19/01/2020 21:38:19 - User: 322  - 55468 - Meijfroidt Bart - SEARCH ronde 6 - club: 322
19/01/2020 21:39:09 - User: 521  - 82333 - Gueuning Thomas - SEARCH ronde 6 - club: 514
19/01/2020 21:39:09 - 322 - 5F-+ - 55468 - Meijfroidt Bart - SAVE
19/01/2020 21:39:23 - User: 322  - 55468 - Meijfroidt Bart - EXIT
19/01/2020 21:39:31 - User: 465  - 9504 - Lemmens Philip - SEARCH ronde 6 - club: 465
19/01/2020 21:40:36 - 436 - 2A++ 4G++ 4G++ 5A++ 5A++ 5J++ 5K++ 5L++ 5N++ - 14286 - Verhelst Peter - SAVE
19/01/2020 21:40:41 - User: 436  - 14286 - Verhelst Peter - LOGOUT
19/01/2020 21:42:11 - User: 998  - Zamparo - sergio.zamparo@gmail.com - SEARCH ronde 6 - club: 244
19/01/2020 21:44:03 - User: 998  - Zamparo - sergio.zamparo@gmail.com - SEARCH ronde 6 - club: 998
19/01/2020 21:44:59 - User: 418  - 19135 - Flamee Dirk - SEARCH ronde 6 - club: 418
19/01/2020 21:45:47 - User: 548  - 85901 - Cloes Johan - SEARCH ronde 6 - club: 548
19/01/2020 21:46:09 - User: 418  - 19135 - Flamee Dirk - LOGOUT
19/01/2020 21:46:17 - User: 143  - 08044 - Van Der Meiren August - SEARCH ronde 6 - club: 178
19/01/2020 21:46:26 - User: 143  - 08044 - Van Der Meiren August - SEARCH ronde 6 - club: 174
19/01/2020 21:46:55 - User: 194  - 21041 - Laporte Erik - SEARCH ronde 6 - club: 194
19/01/2020 21:47:40 - 194 - 4A++ 4H++ - 21041 - Laporte Erik - SAVE
19/01/2020 21:47:48 - User: 401  - 15121 - Van Leeuwen Etienne - SEARCH ronde 6 - club: 401
19/01/2020 21:47:50 - User: 194  - 21041 - Laporte Erik - SEARCH ronde 6 - club: 192
19/01/2020 21:48:44 - User: 305  - 45063 - Truwant Pieter - SEARCH ronde 6 - club: 305
19/01/2020 21:48:47 - User: 194  - 21041 - Laporte Erik - SEARCH ronde 6 - club: 182
19/01/2020 21:48:53 - 305 - 5F++ - 45063 - Truwant Pieter - SAVE
19/01/2020 21:49:06 - 548 - 3A++ 4B++ 5I+- - 85901 - Cloes Johan - SAVE
19/01/2020 21:49:19 - User: 194  - 21041 - Laporte Erik - SEARCH ronde 6 - club: 114
19/01/2020 21:49:30 - 401 - 1A+- 2A++ 3C+- 3D++ 4C++ 4C++ 4E++ 4E++ 4G++ 5A++ 5A++ 5G+- 5J++ 5J++ 5K++ 5L++ 5N++ 5N++ - 15121 - Van Leeuwen Etienne - SAVE
19/01/2020 21:49:59 - User: 401  - 15121 - Van Leeuwen Etienne - EXIT
19/01/2020 21:50:25 - User: 143  - 08044 - Van Der Meiren August - SEARCH ronde 6 - club: 166
19/01/2020 21:50:45 - User: 548  - 85901 - Cloes Johan - SEARCH ronde 6 - club: 114
19/01/2020 21:51:14 - User: 548  - 85901 - Cloes Johan - SEARCH ronde 6 - club: 174
19/01/2020 21:51:18 - User: 194  - 21041 - Laporte Erik - SEARCH ronde 6 - club: 101
19/01/2020 21:51:32 - User: 707  - 03336 - De Wel Herman - SEARCH ronde 6 - club: 707
19/01/2020 21:51:36 - User: 548  - 85901 - Cloes Johan - SEARCH ronde 6 - club: 228
19/01/2020 21:52:16 - User: 194  - 21041 - Laporte Erik - SEARCH ronde 6 - club: 121
19/01/2020 21:52:42 - 707 - 4A++ - 03336 - De Wel Herman - SAVE
19/01/2020 21:53:11 - User: 194  - 21041 - Laporte Erik - SEARCH ronde 6 - club: 124
19/01/2020 21:53:13 - User: 548  - 85901 - Cloes Johan - SEARCH ronde 6 - club: 514
19/01/2020 21:53:35 - User: 551  - 82856 - Delvaux Guy - SEARCH ronde 6 - club: 551
19/01/2020 21:53:38 - User: 548  - 85901 - Cloes Johan - SEARCH ronde 6 - club: 601
19/01/2020 21:53:51 - User: 143  - 08044 - Van Der Meiren August - SEARCH ronde 6 - club: 301
19/01/2020 21:53:56 - User: 194  - 21041 - Laporte Erik - SEARCH ronde 6 - club: 130
19/01/2020 21:54:07 - User: 707  - 03336 - De Wel Herman - LOGOUT
19/01/2020 21:54:29 - User: 229  - 78697 - Frederiksen Jens - SEARCH ronde 6 - club: 229
19/01/2020 21:54:50 - User: 143  - 08044 - Van Der Meiren August - SEARCH ronde 6 - club: 401
19/01/2020 21:55:21 - User: 304  - 10057 - Callens Freddy - SEARCH ronde 6 - club: 304
19/01/2020 21:55:21 - 229 - 4H++ 5D++ - 78697 - Frederiksen Jens - SAVE
19/01/2020 21:55:39 - 551 - 5E-+ 5I++ - 82856 - Delvaux Guy - SAVE
19/01/2020 21:56:31 - User: 207  - 10751 - Bourgeois Anne - SEARCH ronde 6 - club: 207
19/01/2020 21:58:02 - 304 - 5F+- - 10057 - Callens Freddy - SAVE
19/01/2020 21:59:02 - User: 143  - 08044 - Van Der Meiren August - SEARCH ronde 6 - club: 101
19/01/2020 22:00:46 - User: 143  - 08044 - Van Der Meiren August - SEARCH ronde 6 - club: 303
19/01/2020 22:01:57 - User: 143  - 08044 - Van Der Meiren August - SEARCH ronde 6 - club: 114
19/01/2020 22:03:20 - User: 261  - 48569 - Rogiers Jan - SEARCH ronde 6 - club: 261
19/01/2020 22:03:33 - 261 - 2A++ 4G++ 5A++ - 48569 - Rogiers Jan - SAVE
19/01/2020 22:05:02 - User: 143  - 08044 - Van Der Meiren August - SEARCH ronde 6 - club: 109
19/01/2020 22:07:12 - User: 712  - 37401 - Vandecan Michel - SEARCH ronde 6 - club: 712
19/01/2020 22:07:46 - 712 - 4D++ 5B++ - 37401 - Vandecan Michel - SAVE
19/01/2020 22:08:00 - User: 143  - 08044 - Van Der Meiren August - SEARCH ronde 6 - club: 436
19/01/2020 22:11:13 - User: 143  - 08044 - Van Der Meiren August - SEARCH ronde 6 - club: 303
19/01/2020 22:11:23 - 418 - 4C-+ 5J++ - 19135 - Flamee Dirk - SAVE
19/01/2020 22:17:27 - User: 521  - 74926 - Minet Julien - SEARCH ronde 6 - club: 521
19/01/2020 22:18:41 - User: 521  - 74926 - Minet Julien - SEARCH ronde 6 - club: 541
19/01/2020 22:18:51 - User: 418  - 19135 - Flamee Dirk - SEARCH ronde 6 - club: 418
19/01/2020 22:19:15 - User: 307  - 57941 - Lagast Herve - SEARCH ronde 6 - club: 307
19/01/2020 22:23:15 - User: 998  - Zamparo - sergio.zamparo@gmail.com - SEARCH ronde 6 - club: 952
19/01/2020 22:24:45 - User: 143  - 08044 - Van Der Meiren August - SEARCH ronde 6 - club: 261
19/01/2020 22:25:13 - User: 143  - 08044 - Van Der Meiren August - SEARCH ronde 6 - club: 418
19/01/2020 22:25:16 - User: 244  - 75701 - D\'Haijère Arnaud - SEARCH ronde 6 - club: 244
19/01/2020 22:25:22 - User: 143  - 08044 - Van Der Meiren August - SEARCH ronde 6 - club: 417
19/01/2020 22:25:33 - User: 143  - 08044 - Van Der Meiren August - SEARCH ronde 6 - club: 416
19/01/2020 22:25:42 - User: 143  - 08044 - Van Der Meiren August - SEARCH ronde 6 - club: 412
19/01/2020 22:25:48 - User: 143  - 08044 - Van Der Meiren August - SEARCH ronde 6 - club: 416
19/01/2020 22:27:29 - User: 301  - 24384 - Dayer Glenn - SEARCH ronde 6 - club: 301
19/01/2020 22:29:35 - 301 - 2A++ 3D++ 4C++ 4E++ 5F++ - 24384 - Dayer Glenn - SAVE
19/01/2020 22:29:43 - User: 301  - 24384 - Dayer Glenn - LOGOUT
19/01/2020 22:30:17 - User: 475  - 47341 - De Lathouwer Marc - SEARCH ronde 6 - club: 475
19/01/2020 22:31:38 - User: 475  - 47341 - De Lathouwer Marc - EXIT
19/01/2020 22:51:26 - User: 549  - 74756 - Giuliani Oswald - SEARCH ronde 6 - club: 901
19/01/2020 22:53:24 - User: 351  - Johan Dezutter - johan.dezutter@pandora.be - SEARCH ronde 6 - club: 401
19/01/2020 22:55:26 - 549 - 5E++ - 74756 - Giuliani Oswald - SAVE
19/01/2020 23:00:09 - User: 551  - 82856 - Delvaux Guy - SEARCH ronde 6 - club: 541
19/01/2020 23:00:09 - 511 - 4B++ 5E++ - 14304 - Di Pronio Mario - SAVE
19/01/2020 23:00:54 - User: 551  - 82856 - Delvaux Guy - SEARCH ronde 6 - club: 548
19/01/2020 23:01:30 - 511 - 4B++ 5E++ - 14304 - Di Pronio Mario - SAVE
19/01/2020 23:03:32 - User: 261  - 48569 - Rogiers Jan - EXIT
19/01/2020 23:08:41 - User: 998  - Zamparo - sergio.zamparo@gmail.com - SEARCH ronde 6 - club: 514
19/01/2020 23:17:21 - User: 998  - Zamparo - sergio.zamparo@gmail.com - SEARCH ronde 6 - club: 909
19/01/2020 23:26:58 - User: 209  - 60468 - Sohet Cédric - SEARCH ronde 6 - club: 209
19/01/2020 23:27:53 - 209 - 2B++ 3A++ 4F++ - 60468 - Sohet Cédric - SAVE
19/01/2020 23:28:00 - User: 209  - 60468 - Sohet Cédric - EXIT
19/01/2020 23:34:15 - 109 - 1A++ 3C++ 5K++ - 4693 - Mollekens Roeland - SAVE
19/01/2020 23:34:24 - User: 109  - 4693 - Mollekens Roeland - LOGOUT
19/01/2020 23:38:05 - User: 548  - 85901 - Cloes Johan - SEARCH ronde 6 - club: 551
19/01/2020 23:40:04 - User: 909  - 71978 - Wautelet Patrick - SEARCH ronde 6 - club: 909

------------- Change card result -------------

Club user: 909 *** 19/01/2020 23:40:14

Div/Afd: 4 - Serie/Reeks: F
Ronde: 6 *** 2020-01-19

PHILIPPEVILLE 2 ( 909 )
francois.dessomme@fintro.be

FONTAINE 4 ( 514 )
jean.herman1991@gmail.com
-----------------------------------------------
48011 - 64548 : 1-0
48011 - 64548 : 1F-0F
-----------------------------------------------
20249 - 71684 : 1-0
20249 - 71684 : 1-0
-----------------------------------------------
74063 - 60205 : 1-0
74063 - 60205 : 1-0
-----------------------------------------------
71978 - 16533 : 1-0
71978 - 16533 : 1-0

===============================================
===============================================

19/01/2020 23:40:14 - 909 - 4B+- 4F+- - 71978 - Wautelet Patrick - SAVE
19/01/2020 23:40:39 - User: 909  - 71978 - Wautelet Patrick - LOGOUT
19/01/2020 23:46:48 - User: 475  - 8931 - Heyerick Anton - SEARCH ronde 6 - club: 475
19/01/2020 23:47:00 - User: 475  - 8931 - Heyerick Anton - LOGOUT
19/01/2020 23:52:59 - User: 621  - 82775 - Mollica Antonio - SEARCH ronde 6 - club: 621
19/01/2020 23:53:51 - User: 621  - 82775 - Mollica Antonio - EXIT
19/01/2020 23:54:43 - User: 666  - 64955 - Dans Guy - SEARCH ronde 6 - club: 666
19/01/2020 23:55:22 - 666 - 5M++ - 64955 - Dans Guy - SAVE
20/01/2020 00:04:01 - User: 204  - 87611 - Nica Radu-Catalin - SEARCH ronde 6 - club: 204

------------- Change card result -------------

Club user: 204 *** 20/01/2020 00:04:34

Div/Afd: 5 - Serie/Reeks: G
Ronde: 6 *** 2020-01-19

EUROPCHESS 5 ( 226 )
Frank.Hoffmeister@ec.europa.eu

EXCELSIOR 1 ( 204 )
palazosky@gmail.com
-----------------------------------------------
94587 - 92452 : 5-5
94587 - 92452 : 5-5
-----------------------------------------------
50146 - 75191 : 5-5
50146 - 75191 : 5-5
-----------------------------------------------
58017 - 87611 : 0-1
58017 - 87611 : 0-1
-----------------------------------------------
19684 - 59099 : 1-0
19684 - 86002 : 1-0

===============================================
===============================================

20/01/2020 00:04:50 - 204 - 5G++ - 87611 - Nica Radu-Catalin - SAVE
20/01/2020 00:22:19 - User: 418  - 19135 - Flamee Dirk - SEARCH ronde 6 - club: 418
20/01/2020 00:23:07 - User: 418  - 19135 - Flamee Dirk - LOGOUT
20/01/2020 00:35:35 - User: 418  - 19135 - Flamee Dirk - SEARCH ronde 6 - club: 418
20/01/2020 00:36:16 - 418 - 4C-+ 5J++ - 19135 - Flamee Dirk - SAVE
20/01/2020 00:40:29 - User: 619  - 79375 - Debeus Daniel - SEARCH ronde 6 - club: 619
20/01/2020 00:41:48 - 619 - 4D++ 5M++ - 79375 - Debeus Daniel - SAVE
20/01/2020 00:42:37 - User: 619  - 79375 - Debeus Daniel - LOGOUT
20/01/2020 07:21:59 - User: 952  - 89575 - Detienne Stéphane - SEARCH ronde 6 - club: 952
20/01/2020 07:22:07 - 952 - 3A++ 4F++ 5B++ 5D+- 5G++ 5I++ - 89575 - Detienne Stéphane - SAVE
20/01/2020 07:43:57 - User: 301  - 45608 - Decrop Ruben - SEARCH ronde 6 - club: 301
20/01/2020 07:51:28 - User: 551  - 82856 - Delvaux Guy - SEARCH ronde 6 - club: 551
20/01/2020 07:56:54 - User: 301  - 45608 - Decrop Ruben - SEARCH ronde 6 - club: 301
20/01/2020 07:59:03 - User: 301  - 45608 - Decrop Ruben - SEARCH ronde 6 - club: 301
20/01/2020 08:44:17 - User: 514  - 73296 - Herman Jean - SEARCH ronde 6 - club: 514
20/01/2020 08:44:46 - 514 - 1A++ 2B++ 4B++ 4F++ 5E++ - 73296 - Herman Jean - SAVE
20/01/2020 09:26:59 - User: 541  - 79316 - Hias Ludovic - SEARCH ronde 6 - club: 541
20/01/2020 09:27:10 - 541 - 4C++ 5E++ - 79316 - Hias Ludovic - SAVE
20/01/2020 09:27:20 - User: 541  - 79316 - Hias Ludovic - EXIT
20/01/2020 09:35:11 - User: 307  - 57941 - Lagast Herve - SEARCH ronde 6 - club: 307
20/01/2020 09:35:12 - User: 501  - Hanset Marc - marc.hanset@gmail.com - SEARCH ronde 6 - club: 501
20/01/2020 09:35:17 - User: 307  - 57941 - Lagast Herve - SEARCH ronde 6 - club: 401
20/01/2020 09:36:28 - User: 501  - Hanset Marc - marc.hanset@gmail.com - LOGOUT
20/01/2020 10:00:43 - User: 401  - 15121 - Van Leeuwen Etienne - SEARCH ronde 6 - club: 401
20/01/2020 10:01:44 - 401 - 1A+- 2A++ 3C+- 3D++ 4C++ 4C++ 4E++ 4E++ 4G++ 5A++ 5A++ 5F++ 5G+- 5J++ 5J++ 5K++ 5L++ 5N++ 5N++ - 15121 - Van Leeuwen Etienne - SAVE
20/01/2020 10:31:13 - User: 998  - 9113 - Halleux Daniel - SEARCH ronde 6 - club: 618
20/01/2020 10:40:16 - User: 278  - 14772 - Elinckx Michel - SEARCH ronde 6 - club: 278
20/01/2020 10:40:41 - 278 - 3A++ 4B++ 4F++ 4H++ 5D++ 5G++ 5I++ - 14772 - Elinckx Michel - SAVE
20/01/2020 11:39:40 - User: 351  - Johan Dezutter - johan.dezutter@pandora.be - SEARCH ronde 6 - club: 471
20/01/2020 11:40:46 - User: 351  - Johan Dezutter - johan.dezutter@pandora.be - SEARCH ronde 6 - club: 430
20/01/2020 12:11:28 - User: 551  - 82856 - Delvaux Guy - SEARCH ronde 6 - club: 551
20/01/2020 12:11:53 - User: 551  - 82856 - Delvaux Guy - SEARCH ronde 6 - club: 541
20/01/2020 12:30:13 - User: 418  - 19135 - Flamee Dirk - SEARCH ronde 6 - club: 418
20/01/2020 12:30:22 - 418 - 4C++ 5J++ - 19135 - Flamee Dirk - SAVE
20/01/2020 13:19:36 - User: 436  - 31160 - Van Eetvelde Ward - SEARCH ronde 6 - club: 436
20/01/2020 13:20:04 - User: 436  - 31160 - Van Eetvelde Ward - SEARCH ronde 6 - club: 436
20/01/2020 13:21:59 - User: 436  - 31160 - Van Eetvelde Ward - SEARCH ronde 6 - club: 436
20/01/2020 15:23:31 - User: 304  - 10057 - Callens Freddy - SEARCH ronde 6 - club: 304
20/01/2020 15:23:46 - User: 304  - 10057 - Callens Freddy - EXIT
20/01/2020 16:08:22 - User: 204  - 14766 - Palazoski Elvir - SEARCH ronde 6 - club: 204
20/01/2020 18:52:13 - User: 351  - Johan Dezutter - johan.dezutter@pandora.be - SEARCH ronde 6 - club: 303
20/01/2020 20:03:45 - User: 101  - 15041 - Schrickx Frank - SEARCH ronde 6 - club: 101
20/01/2020 20:04:17 - User: 101  - 15041 - Schrickx Frank - EXIT
20/01/2020 21:02:43 - User: 998  - Zamparo - sergio.zamparo@gmail.com - SEARCH ronde 6 - club: 998
20/01/2020 21:02:49 - User: 998  - Zamparo - sergio.zamparo@gmail.com - LOCK ronde 6
21/01/2020 08:12:11 - User: 909  - 71978 - Wautelet Patrick - EXIT
22/01/2020 08:22:23 - User: 909  - 71978 - Wautelet Patrick - EXIT
23/01/2020 13:42:05 - User: 619  - 79375 - Debeus Daniel - LOGOUT
23/01/2020 15:14:10 - User: 401  - 15121 - Van Leeuwen Etienne - LOGOUT
23/01/2020 21:30:14 - User: 998  - Zamparo - sergio.zamparo@gmail.com - LOGOUT
29/01/2020 09:03:26 - User: 621  - 82775 - Mollica Antonio - EXIT
10/02/2020 14:50:37 - User: 436  - 31160 - Van Eetvelde Ward - EXIT
10/02/2020 14:50:56 - User: 436  - 31160 - Van Eetvelde Ward - EXIT
