18/09/2019 18:49:13 - User: 436  - 14286 - Verhelst Peter - EXIT
25/09/2019 12:25:57 - User: 511  - 14304 - Di Pronio Mario - EXIT
27/10/2019 18:36:03 - User: 101  - 15041 - Schrickx Frank - EXIT
20/11/2019 13:40:56 - User: 436  - 31160 - Van Eetvelde Ward - EXIT
21/11/2019 05:48:05 - User: 101  - 15041 - Schrickx Frank - EXIT
29/12/2019 07:38:56 - User: 101  - 15041 - Schrickx Frank - EXIT
13/01/2020 21:03:03 - User: 909  - 71978 - Wautelet Patrick - EXIT
06/02/2020 09:46:47 - User: 101  - 15041 - Schrickx Frank - EXIT
24/02/2020 10:21:26 - User: 436  - 31160 - Van Eetvelde Ward - EXIT
26/03/2020 22:51:17 - User: 998  - Zamparo - sergio.zamparo@gmail.com - UNLOCK ronde 11
26/03/2020 22:51:28 - User: 998  - Zamparo - sergio.zamparo@gmail.com - EXIT
28/03/2020 10:11:51 - User: 998  - Zamparo - sergio.zamparo@gmail.com - SEARCH ronde 11 - club: 401
28/03/2020 10:14:40 - User: 998  - Zamparo - sergio.zamparo@gmail.com - SEARCH ronde 11 - club: 604
28/03/2020 10:14:46 - User: 998  - Zamparo - sergio.zamparo@gmail.com - SEARCH ronde 11 - club: 607
28/03/2020 10:15:00 - User: 998  - Zamparo - sergio.zamparo@gmail.com - SEARCH ronde 11 - club: 601
28/03/2020 10:16:26 - User: 998  - Zamparo - sergio.zamparo@gmail.com - UNLOCK ronde 11
28/03/2020 10:16:34 - User: 998  - Zamparo - sergio.zamparo@gmail.com - SEARCH ronde 11 - club: 998
28/03/2020 11:12:28 - User: 998  - RTN - Luc.Cornet@telenet.be - SEARCH ronde 11 - club: 998
28/03/2020 11:13:16 - User: 998  - RTN - Luc.Cornet@telenet.be - SEARCH ronde 11 - club: 607
28/03/2020 11:17:49 - User: 998  - RTN - Luc.Cornet@telenet.be - SEARCH ronde 11 - club: 401
28/03/2020 11:21:10 - User: 998  - RTN - Luc.Cornet@telenet.be - SEARCH ronde 11 - club: 601
28/03/2020 11:32:56 - User: 998  - RTN - Luc.Cornet@telenet.be - SEARCH ronde 11 - club: 174
28/03/2020 11:56:41 - User: 401  - 15121 - Van Leeuwen Etienne - SEARCH ronde 11 - club: 401
28/03/2020 11:58:22 - User: 401  - 15121 - Van Leeuwen Etienne - SEARCH ronde 11 - club: 401
28/03/2020 12:18:00 - User: 174  - 48381 - Remijsen Dave - SEARCH ronde 11 - club: 174
28/03/2020 12:18:59 - User: 174  - 48381 - Remijsen Dave - SEARCH ronde 11 - club: 174
28/03/2020 12:19:03 - User: 174  - 48381 - Remijsen Dave - SEARCH ronde 11 - club: 174
28/03/2020 12:25:44 - User: 174  - 48381 - Remijsen Dave - SEARCH ronde 11 - club: 174
28/03/2020 12:25:59 - User: 174  - 48381 - Remijsen Dave - SEARCH ronde 11 - club: 174
28/03/2020 13:00:11 - User: 401  - 15121 - Van Leeuwen Etienne - SEARCH ronde 11 - club: 401
28/03/2020 14:19:04 - User: 401  - 15121 - Van Leeuwen Etienne - SEARCH ronde 11 - club: 401
28/03/2020 15:21:37 - User: 601  - jt13539 - jc.thiry@gmail.com - SEARCH ronde 11 - club: 601
28/03/2020 15:22:32 - User: 601  - jt13539 - jc.thiry@gmail.com - SEARCH ronde 11 - club: 601
28/03/2020 15:23:23 - User: 601  - jt13539 - jc.thiry@gmail.com - EXIT
28/03/2020 15:23:29 - User: 601  - jt13539 - jc.thiry@gmail.com - SEARCH ronde 11 - club: 601
28/03/2020 15:52:27 - User: 601  - jt13539 - jc.thiry@gmail.com - SEARCH ronde 11 - club: 601
28/03/2020 16:09:13 - User: 401  - 15121 - Van Leeuwen Etienne - SEARCH ronde 11 - club: 401
28/03/2020 17:21:18 - User: 601  - jt13539 - jc.thiry@gmail.com - SEARCH ronde 11 - club: 601
29/03/2020 11:53:19 - User: 401  - 15121 - Van Leeuwen Etienne - SEARCH ronde 11 - club: 401
29/03/2020 12:46:17 - User: 607  - 00345 - Meessen Rudolf - SEARCH ronde 11 - club: 607
29/03/2020 12:48:37 - User: 607  - 00345 - Meessen Rudolf - EXIT
29/03/2020 12:48:42 - User: 607  - 00345 - Meessen Rudolf - SEARCH ronde 11 - club: 607
29/03/2020 13:34:20 - User: 607  - 94072 - Sproten Raphael - SEARCH ronde 11 - club: 607
29/03/2020 14:10:37 - User: 401  - 15121 - Van Leeuwen Etienne - SEARCH ronde 11 - club: 401
29/03/2020 14:10:54 - 401 - 4C++ 4E++ - 15121 - Van Leeuwen Etienne - SAVE
29/03/2020 14:11:42 - User: 401  - 15121 - Van Leeuwen Etienne - EXIT
29/03/2020 16:25:07 - User: 998  - Zamparo - sergio.zamparo@gmail.com - SEARCH ronde 11 - club: 174
29/03/2020 16:26:26 - User: 607  - 00345 - Meessen Rudolf - SEARCH ronde 11 - club: 607
29/03/2020 16:26:43 - 607 - 4D++ 5M++ - 00345 - Meessen Rudolf - SAVE
29/03/2020 16:26:54 - User: 607  - 00345 - Meessen Rudolf - EXIT
29/03/2020 16:40:11 - User: 174  - 48381 - Remijsen Dave - SEARCH ronde 11 - club: 174
29/03/2020 16:40:19 - 174 - 3C++ - 48381 - Remijsen Dave - SAVE
29/03/2020 16:42:45 - 998(174) - 3C++ - Zamparo - sergio.zamparo@gmail.com - SAVE
29/03/2020 16:43:04 - User: 998  - Zamparo - sergio.zamparo@gmail.com - SEARCH ronde 11 - club: 607
29/03/2020 16:43:24 - User: 998  - Zamparo - sergio.zamparo@gmail.com - SEARCH ronde 11 - club: 174
29/03/2020 16:44:18 - 998(174) - 3C(C)++ - Zamparo - sergio.zamparo@gmail.com - SAVE
29/03/2020 16:44:31 - User: 998  - Zamparo - sergio.zamparo@gmail.com - SEARCH ronde 11 - club: 607
29/03/2020 17:05:07 - 998(607) - 4D(C)++ 5M(C)++ - Zamparo - sergio.zamparo@gmail.com - SAVE
29/03/2020 17:05:16 - User: 998  - Zamparo - sergio.zamparo@gmail.com - SEARCH ronde 11 - club: 601
29/03/2020 17:05:18 - User: 998  - Zamparo - sergio.zamparo@gmail.com - SEARCH ronde 11 - club: 601
29/03/2020 17:07:57 - User: 998  - Zamparo - sergio.zamparo@gmail.com - SEARCH ronde 11 - club: 601
29/03/2020 17:08:34 - 998(601) - 4D(C)++ 5B(C)++ 5M(C)++ - Zamparo - sergio.zamparo@gmail.com - SAVE
29/03/2020 17:08:50 - User: 998  - Zamparo - sergio.zamparo@gmail.com - SEARCH ronde 11 - club: 401
29/03/2020 17:09:51 - 998(401) - 4C(C)++ 4E(C)++ - Zamparo - sergio.zamparo@gmail.com - SAVE
29/03/2020 17:09:54 - User: 998  - Zamparo - sergio.zamparo@gmail.com - LOCK ronde 11
25/07/2020 10:15:20 - User: 162  - Janssen Paul - pjanssen@telenet.be - EXIT
15/07/2021 10:23:20 - User: 101  - 15041 - Schrickx Frank - EXIT
16/07/2021 15:47:00 - User: 228  - 76317 - Cornelis Eric - EXIT
03/08/2021 21:15:16 - User: 604  - 96873 - Rosskamp Kurt - LOGOUT
12/08/2021 12:15:08 - User: 209  - 60468 - Sohet Cédric - LOGOUT
30/08/2021 20:56:18 - User: 101  - 15041 - Schrickx Frank - EXIT
31/08/2021 13:38:39 - User: 622  - 91448 - Herzet Serge - EXIT
05/09/2021 21:52:12 - User: 436  - 31160 - Van Eetvelde Ward - EXIT
06/09/2021 09:33:41 - User: 604  - 96873 - Rosskamp Kurt - LOGOUT
06/09/2021 19:41:38 - User: 417  - 10612 - Van Wijnendaele Jovanni - EXIT
08/09/2021 15:17:55 - User: 902  - 85472 - Van Bael Pascal - EXIT
09/09/2021 22:25:54 - User: 998  - Zamparo - sergio.zamparo@gmail.com - UNLOCK ronde 11
09/09/2021 22:26:02 - User: 998  - Zamparo - sergio.zamparo@gmail.com - LOGOUT
10/09/2021 00:45:28 - User: 436  - 14286 - Verhelst Peter - SEARCH ronde 11 - club: 436
10/09/2021 00:45:46 - User: 436  - 14286 - Verhelst Peter - EXIT
10/09/2021 11:49:51 - User: 604  - 96873 - Rosskamp Kurt - SEARCH ronde 11 - club: 604
10/09/2021 11:58:14 - User: 604  - 96873 - Rosskamp Kurt - SEARCH ronde 11 - club: 604
10/09/2021 11:58:26 - User: 604  - 96873 - Rosskamp Kurt - LOGOUT
10/09/2021 12:53:54 - User: 130  - 18686 - Van Bunderen Gert - SEARCH ronde 11 - club: 130
10/09/2021 14:33:56 - User: 601  - jt13539 - jc.thiry@gmail.com - SEARCH ronde 11 - club: 601
10/09/2021 14:34:05 - User: 601  - jt13539 - jc.thiry@gmail.com - EXIT
10/09/2021 17:58:15 - User: 278  - 14772 - Elinckx Michel - SEARCH ronde 11 - club: 278
10/09/2021 17:59:33 - User: 278  - 14772 - Elinckx Michel - SEARCH ronde 11 - club: 278
10/09/2021 17:59:45 - User: 703  - 08419 - Cornet Luc - SEARCH ronde 11 - club: 703
10/09/2021 17:59:59 - User: 703  - 08419 - Cornet Luc - EXIT
10/09/2021 18:00:35 - User: 703  - 08419 - Cornet Luc - EXIT
10/09/2021 18:00:38 - User: 703  - 08419 - Cornet Luc - SEARCH ronde 11 - club: 703
10/09/2021 18:02:54 - User: 278  - 14772 - Elinckx Michel - EXIT
10/09/2021 18:03:19 - User: 703  - 08419 - Cornet Luc - EXIT
10/09/2021 18:07:32 - User: 278  - 14772 - Elinckx Michel - EXIT
10/09/2021 18:07:38 - User: 278  - 14772 - Elinckx Michel - SEARCH ronde 11 - club: 278
10/09/2021 19:34:25 - User: 998  - 9113 - Halleux Daniel - SEARCH ronde 11 - club: 618
10/09/2021 22:31:43 - User: 130  - 18686 - Van Bunderen Gert - SEARCH ronde 11 - club: 130
10/09/2021 23:27:55 - User: 436  - 14286 - Verhelst Peter - SEARCH ronde 11 - club: 436
10/09/2021 23:28:01 - User: 436  - 14286 - Verhelst Peter - EXIT
10/09/2021 23:30:08 - User: 436  - 14286 - Verhelst Peter - SEARCH ronde 11 - club: 436
10/09/2021 23:31:06 - User: 436  - 14286 - Verhelst Peter - LOGOUT
11/09/2021 00:33:35 - User: 601  - jt13539 - jc.thiry@gmail.com - SEARCH ronde 11 - club: 601
11/09/2021 08:48:28 - User: 475  - 47341 - De Lathouwer Marc - SEARCH ronde 11 - club: 475
11/09/2021 09:02:53 - User: 101  - 15041 - Schrickx Frank - SEARCH ronde 11 - club: 101
11/09/2021 09:03:22 - User: 101  - 15041 - Schrickx Frank - EXIT
11/09/2021 09:04:30 - User: 641  - 60264 - Ancion Mérowig - SEARCH ronde 11 - club: 641
11/09/2021 09:10:56 - User: 641  - 60264 - Ancion Mérowig - EXIT
11/09/2021 09:11:03 - User: 641  - 60264 - Ancion Mérowig - SEARCH ronde 11 - club: 641
11/09/2021 09:12:00 - User: 641  - 60264 - Ancion Mérowig - EXIT
11/09/2021 09:28:24 - User: 278  - 14772 - Elinckx Michel - SEARCH ronde 11 - club: 278
11/09/2021 09:30:56 - User: 278  - 14772 - Elinckx Michel - SEARCH ronde 11 - club: 278
11/09/2021 09:42:46 - User: 278  - 14772 - Elinckx Michel - EXIT
11/09/2021 10:12:35 - User: 114  - Tomas Cuyx - tomas_cuyx@hotmail.com - SEARCH ronde 11 - club: 114
11/09/2021 10:17:48 - User: 604  - 96873 - Rosskamp Kurt - SEARCH ronde 11 - club: 604
11/09/2021 10:22:24 - User: 604  - 96873 - Rosskamp Kurt - SEARCH ronde 11 - club: 604
11/09/2021 10:22:49 - User: 604  - 96873 - Rosskamp Kurt - EXIT
11/09/2021 10:23:06 - User: 101  - 15041 - Schrickx Frank - SEARCH ronde 11 - club: 101
11/09/2021 10:24:17 - User: 604  - 96873 - Rosskamp Kurt - EXIT
11/09/2021 10:24:23 - User: 604  - 96873 - Rosskamp Kurt - SEARCH ronde 11 - club: 604
11/09/2021 10:28:04 - User: 278  - 14772 - Elinckx Michel - SEARCH ronde 11 - club: 278
11/09/2021 10:55:09 - User: 619  - 79375 - Debeus Daniel - SEARCH ronde 11 - club: 619
11/09/2021 10:58:15 - User: 619  - 79375 - Debeus Daniel - LOGOUT
11/09/2021 11:03:24 - User: 278  - 14772 - Elinckx Michel - EXIT
11/09/2021 11:05:22 - User: 278  - 14772 - Elinckx Michel - EXIT
11/09/2021 11:05:26 - User: 278  - 14772 - Elinckx Michel - SEARCH ronde 11 - club: 278
11/09/2021 11:59:13 - User: 475  - 47341 - De Lathouwer Marc - SEARCH ronde 11 - club: 475
11/09/2021 13:59:12 - User: 609  - 14377 - Mathonet Corentin - SEARCH ronde 11 - club: 609
11/09/2021 13:59:26 - User: 609  - 14377 - Mathonet Corentin - SEARCH ronde 11 - club: 609
11/09/2021 14:00:52 - User: 609  - 14377 - Mathonet Corentin - LOGOUT
11/09/2021 15:38:27 - User: 425  - 8834 - Boodts Jeroen - SEARCH ronde 11 - club: 425
11/09/2021 17:07:48 - User: 909  - 71978 - Wautelet Patrick - SEARCH ronde 11 - club: 909
11/09/2021 20:07:59 - User: 143  - 08044 - Van Der Meiren August - SEARCH ronde 11 - club: 143
11/09/2021 20:08:35 - User: 143  - 08044 - Van Der Meiren August - EXIT
11/09/2021 20:09:47 - User: 143  - 08044 - Van Der Meiren August - SEARCH ronde 11 - club: 143
11/09/2021 20:10:26 - User: 143  - 08044 - Van Der Meiren August - SEARCH ronde 11 - club: 143
11/09/2021 20:10:27 - User: 143  - 08044 - Van Der Meiren August - SEARCH ronde 11 - club: 143
11/09/2021 20:10:57 - User: 143  - 08044 - Van Der Meiren August - EXIT
11/09/2021 20:15:17 - User: 307  - 57941 - Lagast Herve - SEARCH ronde 11 - club: 302
11/09/2021 21:20:47 - User: 601  - jt13539 - jc.thiry@gmail.com - SEARCH ronde 11 - club: 601
11/09/2021 22:20:47 - User: 233  - 353 - Maeckelbergh Anne-Marie - SEARCH ronde 11 - club: 233
11/09/2021 22:26:22 - User: 313  - 50679 - Pollet Pepijn - SEARCH ronde 11 - club: 313
12/09/2021 09:38:46 - User: 462  - David Roos - david.d.roos@gmail.com - SEARCH ronde 11 - club: 462
12/09/2021 09:42:06 - User: 228  - 31348 - Malfliet Bernard - SEARCH ronde 11 - club: 228
12/09/2021 09:43:27 - User: 228  - 31348 - Malfliet Bernard - SEARCH ronde 11 - club: 174
12/09/2021 09:45:02 - User: 462  - David Roos - david.d.roos@gmail.com - LOGOUT
12/09/2021 10:05:23 - User: 303  - Tom Piceu - tom.piceu@gmail.com - SEARCH ronde 11 - club: 303
12/09/2021 10:12:21 - User: 303  - Tom Piceu - tom.piceu@gmail.com - SEARCH ronde 11 - club: 303
12/09/2021 10:12:27 - User: 303  - Tom Piceu - tom.piceu@gmail.com - EXIT
12/09/2021 10:12:37 - User: 303  - Tom Piceu - tom.piceu@gmail.com - SEARCH ronde 11 - club: 303
12/09/2021 10:15:35 - User: 810  - 65331 - Martin Fabrice - SEARCH ronde 11 - club: 810
12/09/2021 10:53:00 - User: 228  - 76317 - Cornelis Eric - SEARCH ronde 11 - club: 228
12/09/2021 10:55:17 - User: 228  - 76317 - Cornelis Eric - SEARCH ronde 11 - club: 228
12/09/2021 10:55:36 - User: 228  - 76317 - Cornelis Eric - EXIT
12/09/2021 10:55:43 - User: 228  - 76317 - Cornelis Eric - SEARCH ronde 11 - club: 228
12/09/2021 10:57:50 - User: 228  - 76317 - Cornelis Eric - SEARCH ronde 11 - club: 228
12/09/2021 11:02:50 - User: 641  - 60264 - Ancion Mérowig - SEARCH ronde 11 - club: 641
12/09/2021 11:03:03 - User: 641  - 60264 - Ancion Mérowig - EXIT
12/09/2021 11:07:06 - User: 309  - 69884 - Logie Bernard - SEARCH ronde 11 - club: 309
12/09/2021 11:36:50 - User: 233  - 353 - Maeckelbergh Anne-Marie - SEARCH ronde 11 - club: 233
12/09/2021 11:49:58 - User: 604  - 96873 - Rosskamp Kurt - SEARCH ronde 11 - club: 604
12/09/2021 11:56:25 - User: 239  - 74365 - De Villers Mourad - SEARCH ronde 11 - club: 239
12/09/2021 11:56:58 - User: 239  - 74365 - De Villers Mourad - EXIT
12/09/2021 11:59:52 - User: 239  - 74365 - De Villers Mourad - EXIT
12/09/2021 12:00:04 - User: 239  - 74365 - De Villers Mourad - SEARCH ronde 11 - club: 239
12/09/2021 12:00:16 - User: 239  - 74365 - De Villers Mourad - EXIT
12/09/2021 12:04:08 - User: 239  - 74365 - De Villers Mourad - EXIT
12/09/2021 12:04:12 - User: 239  - 74365 - De Villers Mourad - SEARCH ronde 11 - club: 239
12/09/2021 12:16:32 - User: 810  - 65722 - Piron Jean-Marie - SEARCH ronde 11 - club: 810
12/09/2021 12:28:52 - User: 239  - 74365 - De Villers Mourad - EXIT
12/09/2021 13:49:37 - User: 418  - 19135 - Flamee Dirk - SEARCH ronde 11 - club: 418
12/09/2021 13:51:06 - User: 607  - 00345 - Meessen Rudolf - SEARCH ronde 11 - club: 607
12/09/2021 13:54:22 - User: 418  - 19135 - Flamee Dirk - SEARCH ronde 11 - club: 418
12/09/2021 13:56:15 - User: 607  - 00345 - Meessen Rudolf - EXIT
12/09/2021 13:56:53 - User: 607  - 00345 - Meessen Rudolf - LOGOUT
12/09/2021 13:57:01 - User: 607  - 00345 - Meessen Rudolf - SEARCH ronde 11 - club: 607
12/09/2021 13:58:16 - User: 607  - 00345 - Meessen Rudolf - EXIT
12/09/2021 13:59:04 - User: 607  - 00345 - Meessen Rudolf - SEARCH ronde 11 - club: 607
12/09/2021 13:59:31 - User: 607  - 00345 - Meessen Rudolf - LOGOUT
12/09/2021 14:27:04 - User: 302  - 05011 - Vanroose Christiaan - SEARCH ronde 11 - club: 302
12/09/2021 14:45:23 - User: 401  - 15121 - Van Leeuwen Etienne - SEARCH ronde 11 - club: 401
12/09/2021 14:59:17 - User: 233  - 353 - Maeckelbergh Anne-Marie - EXIT
12/09/2021 14:59:26 - User: 233  - 353 - Maeckelbergh Anne-Marie - SEARCH ronde 11 - club: 233
12/09/2021 15:11:01 - User: 607  - 00345 - Meessen Rudolf - SEARCH ronde 11 - club: 607
12/09/2021 15:14:05 - 607 - 4D(C)++ 5M(C)++ - 00345 - Meessen Rudolf - SAVE
12/09/2021 16:46:20 - User: 114  - Tomas Cuyx - tomas_cuyx@hotmail.com - SEARCH ronde 11 - club: 114
12/09/2021 16:48:09 - 114 - 5H+- - Tomas Cuyx - tomas_cuyx@hotmail.com - SAVE
12/09/2021 16:48:27 - 114 - 5H+- - Tomas Cuyx - tomas_cuyx@hotmail.com - SAVE
12/09/2021 16:55:30 - 114 - 5H+- - Tomas Cuyx - tomas_cuyx@hotmail.com - SAVE
12/09/2021 16:57:15 - 114 - 5A-- 5H+- - Tomas Cuyx - tomas_cuyx@hotmail.com - SAVE
12/09/2021 16:57:35 - 114 - 5A+- 5H+- - Tomas Cuyx - tomas_cuyx@hotmail.com - SAVE
12/09/2021 17:08:28 - User: 109  - 4693 - Mollekens Roeland - SEARCH ronde 11 - club: 109
12/09/2021 17:33:26 - 114 - 5A+- 5H+- 5L-- - Tomas Cuyx - tomas_cuyx@hotmail.com - SAVE
12/09/2021 17:33:40 - 114 - 5A+- 5H+- 5L+- - Tomas Cuyx - tomas_cuyx@hotmail.com - SAVE
12/09/2021 17:39:56 - 114 - 5A+- 5H+- 5L+- - Tomas Cuyx - tomas_cuyx@hotmail.com - SAVE
12/09/2021 17:41:12 - 114 - 5A+- 5H+- 5L+- - Tomas Cuyx - tomas_cuyx@hotmail.com - SAVE
12/09/2021 17:46:01 - User: 228  - 31348 - Malfliet Bernard - SEARCH ronde 11 - club: 228
12/09/2021 17:47:36 - 114 - 5A+- 5H+- 5L+- - Tomas Cuyx - tomas_cuyx@hotmail.com - SAVE
12/09/2021 17:48:29 - 114 - 5A+- 5H+- 5L+- - Tomas Cuyx - tomas_cuyx@hotmail.com - SAVE
12/09/2021 17:49:21 - User: 401  - 15121 - Van Leeuwen Etienne - SEARCH ronde 11 - club: 401
12/09/2021 17:54:17 - User: 233  - 19643 - Schepens Aron - SEARCH ronde 11 - club: 233
12/09/2021 17:56:57 - 233 - 5G+- - 19643 - Schepens Aron - SAVE
12/09/2021 17:57:30 - 401 - 3D+- 4C(C)++ 4E(C)++ 5J+- 5K+- - 15121 - Van Leeuwen Etienne - SAVE
12/09/2021 18:02:41 - 233 - 5G+- 5I-- - 19643 - Schepens Aron - SAVE
12/09/2021 18:02:53 - 233 - 5G+- 5I+- - 19643 - Schepens Aron - SAVE
12/09/2021 18:02:55 - 233 - 5G+- 5I+- - 19643 - Schepens Aron - SAVE
12/09/2021 18:06:23 - User: 244  - 95052 - Zamparo Sergio - SEARCH ronde 11 - club: 244
12/09/2021 18:10:45 - 244 - 3A+- 4B+- 4F+- - 95052 - Zamparo Sergio - SAVE
12/09/2021 18:11:32 - User: 244  - 95052 - Zamparo Sergio - EXIT
12/09/2021 18:12:24 - User: 551  - 82856 - Delvaux Guy - SEARCH ronde 11 - club: 551
12/09/2021 18:12:27 - 114 - 5A+- 5D+- 5H+- 5L+- - Tomas Cuyx - tomas_cuyx@hotmail.com - SAVE
12/09/2021 18:12:53 - User: 998  - Zamparo - sergio.zamparo@gmail.com - SEARCH ronde 11 - club: 998
12/09/2021 18:12:58 - User: 998  - Zamparo - sergio.zamparo@gmail.com - SEARCH ronde 11 - club: 998
12/09/2021 18:13:13 - User: 228  - 76317 - Cornelis Eric - SEARCH ronde 11 - club: 228
12/09/2021 18:13:26 - User: 228  - 76317 - Cornelis Eric - SEARCH ronde 11 - club: 244
12/09/2021 18:15:56 - 551 - 5I+- - 82856 - Delvaux Guy - SAVE
12/09/2021 18:16:18 - 551 - 5I+- - 82856 - Delvaux Guy - SAVE
12/09/2021 18:16:38 - User: 551  - 82856 - Delvaux Guy - SEARCH ronde 11 - club: 902
12/09/2021 18:16:57 - User: 228  - 76317 - Cornelis Eric - SEARCH ronde 11 - club: 228
12/09/2021 18:21:42 - 228 - 5G+- 5I+- - 76317 - Cornelis Eric - SAVE
12/09/2021 18:29:32 - 114 - 5A+- 5D+- 5H+- 5K-- 5L+- - Tomas Cuyx - tomas_cuyx@hotmail.com - SAVE
12/09/2021 18:29:37 - 114 - 5A+- 5D+- 5H+- 5K+- 5L+- - Tomas Cuyx - tomas_cuyx@hotmail.com - SAVE
12/09/2021 18:32:43 - 114 - 3A+- 5A+- 5D+- 5H+- 5K+- 5L+- - Tomas Cuyx - tomas_cuyx@hotmail.com - SAVE
12/09/2021 18:32:57 - 114 - 3A+- 5A+- 5D+- 5H+- 5K+- 5L+- - Tomas Cuyx - tomas_cuyx@hotmail.com - SAVE
12/09/2021 18:34:54 - User: 174  - 48381 - Remijsen Dave - SEARCH ronde 11 - club: 174
12/09/2021 18:38:43 - 174 - 3C(C)++ - 48381 - Remijsen Dave - SAVE
12/09/2021 18:38:58 - 174 - 2A-- 3C(C)++ - 48381 - Remijsen Dave - SAVE
12/09/2021 18:40:05 - 174 - 2A-- 3C(C)++ - 48381 - Remijsen Dave - SAVE
12/09/2021 18:41:10 - 174 - 2A-- 3C(C)++ 4A-- - 48381 - Remijsen Dave - SAVE
12/09/2021 18:42:09 - 174 - 2A-- 3C(C)++ 4A-- 4H-- - 48381 - Remijsen Dave - SAVE
12/09/2021 18:43:26 - 174 - 2A-- 3C(C)++ 4A-- 4H-- 5H-- - 48381 - Remijsen Dave - SAVE
12/09/2021 18:45:02 - 174 - 2A+- 3C(C)++ 4A+- 4H+- 5H+- - 48381 - Remijsen Dave - SAVE
12/09/2021 18:45:11 - User: 121  - 29076 - Van Damme Tonnie - SEARCH ronde 11 - club: 121
12/09/2021 18:45:23 - User: 174  - 48381 - Remijsen Dave - EXIT
12/09/2021 18:45:24 - 121 - 5H++ - 29076 - Van Damme Tonnie - SAVE
12/09/2021 18:47:24 - User: 201  - 35556 - Cornil Etienne - SEARCH ronde 11 - club: 201
12/09/2021 18:47:35 - User: 703  - 08419 - Cornet Luc - SEARCH ronde 11 - club: 703
12/09/2021 18:48:30 - 703 - 2B-+ - 08419 - Cornet Luc - SAVE
12/09/2021 18:48:43 - 201 - 5D-+ - 35556 - Cornil Etienne - SAVE
12/09/2021 18:49:12 - 121 - 5C+- 5H++ - 29076 - Van Damme Tonnie - SAVE
12/09/2021 18:50:09 - 121 - 4A-+ 5C+- 5H++ - 29076 - Van Damme Tonnie - SAVE
12/09/2021 18:50:10 - 201 - 5D-+ - 35556 - Cornil Etienne - SAVE
12/09/2021 18:50:21 - 201 - 5D-+ - 35556 - Cornil Etienne - SAVE
12/09/2021 18:51:02 - User: 401  - Nouri - nouri@zouaghi.be - SEARCH ronde 11 - club: 309
12/09/2021 18:51:58 - User: 401  - 15121 - Van Leeuwen Etienne - SEARCH ronde 11 - club: 401
12/09/2021 18:54:35 - 401 - 2A++ 3C+- 3D+- 4C(C)++ 4E(C)++ 5J+- 5K+- - 15121 - Van Leeuwen Etienne - SAVE
12/09/2021 18:55:21 - User: 475  - 47341 - De Lathouwer Marc - SEARCH ronde 11 - club: 475
12/09/2021 18:55:38 - User: 302  - 05011 - Vanroose Christiaan - SEARCH ronde 11 - club: 302
12/09/2021 18:56:30 - User: 401  - Nouri - nouri@zouaghi.be - SEARCH ronde 11 - club: 309
12/09/2021 18:58:07 - User: 714  - 86894 - Jannis Guido - SEARCH ronde 11 - club: 714
12/09/2021 18:58:15 - User: 401  - Nouri - nouri@zouaghi.be - SEARCH ronde 11 - club: 432
12/09/2021 18:58:21 - 401 - 2A++ 3C+- 3D+- 4C(C)++ 4E(C)++ 5J+- 5K+- - 15121 - Van Leeuwen Etienne - SAVE
12/09/2021 18:58:45 - 302 - 4E+- - 05011 - Vanroose Christiaan - SAVE
12/09/2021 18:58:50 - User: 401  - Nouri - nouri@zouaghi.be - SEARCH ronde 11 - club: 462
12/09/2021 18:59:03 - 302 - 4E+- - 05011 - Vanroose Christiaan - SAVE
12/09/2021 18:59:14 - 302 - 4E+- - 05011 - Vanroose Christiaan - SAVE
12/09/2021 18:59:24 - User: 401  - Nouri - nouri@zouaghi.be - SEARCH ronde 11 - club: 309
12/09/2021 18:59:29 - User: 401  - Nouri - nouri@zouaghi.be - SEARCH ronde 11 - club: 309
12/09/2021 18:59:38 - User: 472  - 46400 - Raepsaet Joannes - SEARCH ronde 11 - club: 472
12/09/2021 18:59:45 - User: 109  - 4693 - Mollekens Roeland - SEARCH ronde 11 - club: 109
12/09/2021 18:59:50 - User: 207  - 10751 - Bourgeois Anne - SEARCH ronde 11 - club: 207
12/09/2021 19:00:06 - User: 961  - 86282 - Dethy David - SEARCH ronde 11 - club: 961
12/09/2021 19:00:19 - User: 302  - 05011 - Vanroose Christiaan - SEARCH ronde 11 - club: 301
12/09/2021 19:00:26 - 472 - 5J++ - 46400 - Raepsaet Joannes - SAVE
12/09/2021 19:00:30 - User: 998  - 9113 - Halleux Daniel - SEARCH ronde 11 - club: 618
12/09/2021 19:00:54 - User: 302  - 05011 - Vanroose Christiaan - SEARCH ronde 11 - club: 303
12/09/2021 19:01:00 - User: 109  - 4693 - Mollekens Roeland - LOGOUT
12/09/2021 19:01:15 - User: 998  - 9113 - Halleux Daniel - SEARCH ronde 11 - club: 401
12/09/2021 19:02:07 - 961 - 4B+- 5D++ - 86282 - Dethy David - SAVE
12/09/2021 19:02:13 - User: 302  - 05011 - Vanroose Christiaan - SEARCH ronde 11 - club: 301
12/09/2021 19:02:45 - 714 - 5C+- - 86894 - Jannis Guido - SAVE
12/09/2021 19:03:08 - User: 714  - 86894 - Jannis Guido - LOGOUT
12/09/2021 19:04:50 - 207 - 4F+- 5D-- 5G+- - 10751 - Bourgeois Anne - SAVE
12/09/2021 19:05:23 - User: 961  - 86282 - Dethy David - SEARCH ronde 11 - club: 901
12/09/2021 19:06:04 - User: 475  - 47341 - De Lathouwer Marc - SEARCH ronde 11 - club: 475
12/09/2021 19:06:51 - User: 302  - 05011 - Vanroose Christiaan - SEARCH ronde 11 - club: 302
12/09/2021 19:09:24 - User: 438  - 36455 - Soens Steven - SEARCH ronde 11 - club: 438
12/09/2021 19:09:43 - User: 401  - Nouri - nouri@zouaghi.be - SEARCH ronde 11 - club: 425
12/09/2021 19:09:45 - User: 303  - Tom Piceu - tom.piceu@gmail.com - SEARCH ronde 11 - club: 303
12/09/2021 19:10:45 - 438 - 4E+- - 36455 - Soens Steven - SAVE
12/09/2021 19:11:14 - User: 438  - 36455 - Soens Steven - SEARCH ronde 11 - club: 301
12/09/2021 19:11:37 - User: 207  - 10751 - Bourgeois Anne - SEARCH ronde 11 - club: 207
12/09/2021 19:11:52 - User: 430  - 34746 - Bonne Ronny - SEARCH ronde 11 - club: 430
12/09/2021 19:12:45 - 303 - 2A+- - Tom Piceu - tom.piceu@gmail.com - SAVE
12/09/2021 19:13:23 - 207 - 4F+- 5D-- 5G+- - 10751 - Bourgeois Anne - SAVE
12/09/2021 19:13:41 - 207 - 4F+- 5D+- 5G++ - 10751 - Bourgeois Anne - SAVE
12/09/2021 19:14:56 - 430 - 3D-+ 4E+- 4G-+ - 34746 - Bonne Ronny - SAVE
12/09/2021 19:15:39 - User: 307  - 57941 - Lagast Herve - SEARCH ronde 11 - club: 307
12/09/2021 19:15:55 - 430 - 3D-+ 4E+- 4G-+ 5N-+ - 34746 - Bonne Ronny - SAVE
12/09/2021 19:16:07 - 307 - 4E++ - 57941 - Lagast Herve - SAVE
12/09/2021 19:16:23 - User: 307  - 57941 - Lagast Herve - LOGOUT
12/09/2021 19:16:51 - User: 501  - Hanset Marc - marc.hanset@gmail.com - SEARCH ronde 11 - club: 501
12/09/2021 19:17:14 - 303 - 2A+- 3D+- 4E+- - Tom Piceu - tom.piceu@gmail.com - SAVE
12/09/2021 19:18:00 - 430 - 3D-+ 4E+- 4G-+ 5N-+ - 34746 - Bonne Ronny - SAVE
12/09/2021 19:18:08 - User: 303  - Tom Piceu - tom.piceu@gmail.com - EXIT
12/09/2021 19:18:49 - 430 - 3D-+ 4E+- 4G-+ 5N-+ - 34746 - Bonne Ronny - SAVE
12/09/2021 19:19:22 - User: 604  - 96873 - Rosskamp Kurt - SEARCH ronde 11 - club: 604
12/09/2021 19:19:24 - User: 303  - Tom Piceu - tom.piceu@gmail.com - SEARCH ronde 11 - club: 401
12/09/2021 19:19:32 - User: 601  - jt13539 - jc.thiry@gmail.com - SEARCH ronde 11 - club: 601
12/09/2021 19:19:41 - User: 601  - jt13539 - jc.thiry@gmail.com - SEARCH ronde 11 - club: 601
12/09/2021 19:19:59 - User: 604  - 96873 - Rosskamp Kurt - SEARCH ronde 11 - club: 604
12/09/2021 19:20:06 - User: 601  - jt13539 - jc.thiry@gmail.com - SEARCH ronde 11 - club: 601
12/09/2021 19:21:04 - User: 303  - Tom Piceu - tom.piceu@gmail.com - SEARCH ronde 11 - club: 136
12/09/2021 19:21:27 - User: 303  - Tom Piceu - tom.piceu@gmail.com - SEARCH ronde 11 - club: 166
12/09/2021 19:22:17 - User: 436  - 18465 - Cuvelier Annelies - SEARCH ronde 11 - club: 436
12/09/2021 19:22:18 - 601 - 3B+- 4D(C)++ 5B(C)++ 5M(C)++ - jt13539 - jc.thiry@gmail.com - SAVE
12/09/2021 19:22:19 - User: 303  - Tom Piceu - tom.piceu@gmail.com - SEARCH ronde 11 - club: 432

------------- Change card result -------------

Club user: 604 *** 12/09/2021 19:22:56

Div/Afd: 4 - Serie/Reeks: D
Ronde: 11 *** 2021-09-12

KSK47-EYNATTEN 3 ( 604 )
paulus.w@skynet.be

LANDEN 1 ( 712 )
michel.vandecan@telenet.be
-----------------------------------------------
95443 - 56359 : 1-0
95443 - 56359 : 1-0
-----------------------------------------------
10750 - 95967 : 0-1
10750 - 92967 : 0-1
-----------------------------------------------
13201 - 12908 : 5-5
13201 - 12908 : 5-5
-----------------------------------------------
95450 - 56278 : 5-5
95450 - 56278 : 5-5

===============================================
===============================================

12/09/2021 19:23:02 - 436 - 4G++ 5A+- - 18465 - Cuvelier Annelies - SAVE
12/09/2021 19:23:11 - User: 465  - 9504 - Lemmens Philip - SEARCH ronde 11 - club: 465

------------- Change card result -------------

Club user: 501 *** 12/09/2021 19:23:11

Div/Afd: 5 - Serie/Reeks: E
Ronde: 11 *** 2021-09-12

CREC 4 ( 501 )
sugar83210@hotmail.com

NAMUR 6 ( 901 )
vincentlejeune@hotmail.com
-----------------------------------------------
73229 - 93661 : 1-0
73229 - 93661 : 1-0
-----------------------------------------------
97939 - 15904 : 0-1
97939 - 15904 : 0-1
-----------------------------------------------
70033 - 20655 : 5-5
70033 - 20695 : 5-5
-----------------------------------------------
21371 - 21210 : 1-0
21371 - 21210 : 1-0

===============================================
===============================================

12/09/2021 19:23:27 - User: 471  - 21857 - Dhuyvetter Koen - SEARCH ronde 11 - club: 471
12/09/2021 19:23:42 - 501 - 2B+- 4B+- 5E+- - Hanset Marc - marc.hanset@gmail.com - SAVE
12/09/2021 19:23:50 - 501 - 2B+- 4B+- 5E+- - Hanset Marc - marc.hanset@gmail.com - SAVE
12/09/2021 19:24:37 - User: 501  - Hanset Marc - marc.hanset@gmail.com - LOGOUT
12/09/2021 19:24:39 - User: 436  - 18465 - Cuvelier Annelies - EXIT
12/09/2021 19:24:51 - 601 - 3B+- 4B+- 4D(C)++ 5B(C)++ 5M(C)++ - jt13539 - jc.thiry@gmail.com - SAVE
12/09/2021 19:24:56 - User: 521  - 74926 - Minet Julien - SEARCH ronde 11 - club: 521
12/09/2021 19:24:57 - 601 - 3B+- 4B+- 4D(C)++ 5B(C)++ 5M(C)++ - jt13539 - jc.thiry@gmail.com - SAVE
12/09/2021 19:25:00 - User: 244  - 95052 - Zamparo Sergio - SEARCH ronde 11 - club: 244

------------- Change card result -------------

Club user: 244 *** 12/09/2021 19:25:09

Div/Afd: 3 - Serie/Reeks: A
Ronde: 11 *** 2021-09-12

BRUSSELS 1 ( 244 )
sergio.zamparo@gmail.com

AALST 1 ( 417 )
jovanni.vanwijnendaele@gmail.com
-----------------------------------------------
87921 - 17261 : 5-5
87921 - 17261 : 1-0
-----------------------------------------------
97730 - 32913 : 0-1
97730 - 32913 : 0-1
-----------------------------------------------
50003 - 34011 : 1-0
50003 - 34011 : 1-0
-----------------------------------------------
10991 - 11023 : 5-5
10991 - 11023 : 5-5
-----------------------------------------------
13368 - 46477 : 5-5
13368 - 46477 : 5-5
-----------------------------------------------
14712 - 12453 : 1-0
14712 - 12453 : 1-0

===============================================
===============================================

12/09/2021 19:25:09 - 244 - 3A+- 4B+- 4F+- - 95052 - Zamparo Sergio - SAVE
12/09/2021 19:25:09 - User: 303  - Tom Piceu - tom.piceu@gmail.com - SEARCH ronde 11 - club: 340
12/09/2021 19:25:12 - 604 - 4D+- 5M+- - 96873 - Rosskamp Kurt - SAVE

------------- Change card result -------------

Club user: 601 *** 12/09/2021 19:25:19

Div/Afd: 4 - Serie/Reeks: B
Ronde: 11 *** 2021-09-12

CRELEL 4 ( 601 )
aliasniamor@gmail.com

CAISSA EUROPE 2 ( 548 )
patmarchal71@gmail.com
-----------------------------------------------
87718 - 13648 : 1-0
87718 - 13468 : 1-0
-----------------------------------------------
12943 - 50113 : 5-5
12943 - 50113 : 5-5
-----------------------------------------------
16389 - 60726 : 5-5
16389 - 60726 : 5-5
-----------------------------------------------
83372 - 60517 : 1-0
83372 - 60517 : 1-0

===============================================
===============================================

12/09/2021 19:25:19 - 601 - 3B+- 4B+- 4D(C)++ 5B(C)++ 5M(C)++ - jt13539 - jc.thiry@gmail.com - SAVE
12/09/2021 19:25:23 - User: 244  - 95052 - Zamparo Sergio - LOGOUT
12/09/2021 19:25:36 - User: 998  - Zamparo - sergio.zamparo@gmail.com - SEARCH ronde 11 - club: 998
12/09/2021 19:25:49 - User: 303  - Tom Piceu - tom.piceu@gmail.com - SEARCH ronde 11 - club: 422
12/09/2021 19:26:01 - User: 601  - jt13539 - jc.thiry@gmail.com - EXIT
12/09/2021 19:26:07 - User: 601  - jt13539 - jc.thiry@gmail.com - SEARCH ronde 11 - club: 601
12/09/2021 19:26:18 - User: 601  - jt13539 - jc.thiry@gmail.com - SEARCH ronde 11 - club: 230
12/09/2021 19:26:41 - User: 303  - Tom Piceu - tom.piceu@gmail.com - SEARCH ronde 11 - club: 302
12/09/2021 19:26:49 - User: 303  - Tom Piceu - tom.piceu@gmail.com - SEARCH ronde 11 - club: 301
12/09/2021 19:26:56 - User: 601  - jt13539 - jc.thiry@gmail.com - SEARCH ronde 11 - club: 627
12/09/2021 19:27:01 - User: 666  - 64955 - Dans Guy - SEARCH ronde 11 - club: 666
12/09/2021 19:27:03 - User: 604  - 96873 - Rosskamp Kurt - LOGOUT
12/09/2021 19:27:07 - User: 601  - jt13539 - jc.thiry@gmail.com - SEARCH ronde 11 - club: 230
12/09/2021 19:27:12 - User: 604  - 96873 - Rosskamp Kurt - SEARCH ronde 11 - club: 604
12/09/2021 19:27:18 - 521 - 5F+- - 74926 - Minet Julien - SAVE
12/09/2021 19:27:20 - User: 601  - jt13539 - jc.thiry@gmail.com - SEARCH ronde 11 - club: 231
12/09/2021 19:27:30 - User: 601  - jt13539 - jc.thiry@gmail.com - EXIT
12/09/2021 19:27:46 - 666 - 5M++ - 64955 - Dans Guy - SAVE
12/09/2021 19:33:25 - User: 436  - 18465 - Cuvelier Annelies - SEARCH ronde 11 - club: 622
12/09/2021 19:33:30 - 471 - 4E+- - 21857 - Dhuyvetter Koen - SAVE
12/09/2021 19:33:30 - User: 436  - 18465 - Cuvelier Annelies - SEARCH ronde 11 - club: 436
12/09/2021 19:34:05 - 436 - 4G++ 5A+- 5K-- - 18465 - Cuvelier Annelies - SAVE

------------- Change card result -------------

Club user: 436 *** 12/09/2021 19:34:19

Div/Afd: 5 - Serie/Reeks: K
Ronde: 11 *** 2021-09-12

LSV-CHESSPIRANT 7 ( 436 )
peter.verhelst1@telenet.be

KASK 3 ( 101 )
frankschrickx@gmail.com
-----------------------------------------------
13799 - 14303 : 0-1
13799 - 14303 : 0-1
-----------------------------------------------
13151 - 18084 : 1-0
13151 - 18084 : 1-0
-----------------------------------------------
16208 - 19081 : 5-5
16208 - 18081 : 5-5
-----------------------------------------------
16559 - 13902 : 1-0
16559 - 13902 : 1-0

===============================================
===============================================

12/09/2021 19:34:19 - 436 - 4G++ 5A+- 5K-- - 18465 - Cuvelier Annelies - SAVE
12/09/2021 19:34:19 - 465 - 4E-- 4G-- 5N+- - 9504 - Lemmens Philip - SAVE
12/09/2021 19:34:37 - User: 303  - Tom Piceu - tom.piceu@gmail.com - SEARCH ronde 11 - club: 166

------------- Change card result -------------

Club user: 465 *** 12/09/2021 19:34:55

Div/Afd: 4 - Serie/Reeks: G
Ronde: 11 *** 2021-09-12

ARTEVELDE 2 ( 465 )
philip.lemmens@skynet.be

DENDERMONDE 1 ( 425 )
jeroenboodts@iCloud.com
-----------------------------------------------
14567 - 11064 : 5-5
14567 - 11064 : 5-5
-----------------------------------------------
32344 - 8834 : 0-1
32344 - 8834 : 0-1
-----------------------------------------------
14985 - 21436 : 5-5
14985 - 21436 : 5-5
-----------------------------------------------
14992 - 18961 : 1-0
14992 - 16961 : 1-0

===============================================
===============================================

12/09/2021 19:34:55 - 465 - 4E-- 4G-- 5N+- - 9504 - Lemmens Philip - SAVE
12/09/2021 19:35:09 - 436 - 4G++ 5A+- 5K+- - 18465 - Cuvelier Annelies - SAVE
12/09/2021 19:35:45 - 436 - 4G++ 5A+- 5K+- - 18465 - Cuvelier Annelies - SAVE
12/09/2021 19:35:46 - User: 128  - 10207 - Verbruggen Peter - SEARCH ronde 11 - club: 128
12/09/2021 19:35:49 - User: 410  - 12955 - Covents Maarten - SEARCH ronde 11 - club: 410
12/09/2021 19:35:54 - 465 - 4E+- 4G-- 5N+- - 9504 - Lemmens Philip - SAVE
12/09/2021 19:36:42 - 465 - 4E+- 4G+- 5N+- - 9504 - Lemmens Philip - SAVE
12/09/2021 19:37:39 - 410 - 3C+- 5K+- - 12955 - Covents Maarten - SAVE
12/09/2021 19:38:01 - 128 - 4A++ 5H++ - 10207 - Verbruggen Peter - SAVE
12/09/2021 19:38:22 - User: 128  - 10207 - Verbruggen Peter - SEARCH ronde 11 - club: 101
12/09/2021 19:38:43 - User: 410  - 12955 - Covents Maarten - EXIT
12/09/2021 19:39:39 - User: 228  - 31348 - Malfliet Bernard - SEARCH ronde 11 - club: 417
12/09/2021 19:39:46 - User: 627  - 96709 - Jacobs Oliver - SEARCH ronde 11 - club: 627
12/09/2021 19:40:49 - User: 240  - 57011 - De Mol Patrick - SEARCH ronde 11 - club: 240
12/09/2021 19:42:18 - 240 - 4H+- - 57011 - De Mol Patrick - SAVE
12/09/2021 19:42:25 - User: 240  - 57011 - De Mol Patrick - LOGOUT
12/09/2021 19:42:41 - User: 240  - 57011 - De Mol Patrick - SEARCH ronde 11 - club: 240
12/09/2021 19:44:03 - User: 952  - 89575 - Detienne Stéphane - SEARCH ronde 11 - club: 952
12/09/2021 19:44:18 - User: 240  - 57011 - De Mol Patrick - SEARCH ronde 11 - club: 231
12/09/2021 19:44:19 - User: 436  - 18465 - Cuvelier Annelies - SEARCH ronde 11 - club: 301
12/09/2021 19:44:38 - User: 436  - 18465 - Cuvelier Annelies - SEARCH ronde 11 - club: 124
12/09/2021 19:44:42 - User: 240  - 57011 - De Mol Patrick - SEARCH ronde 11 - club: 114
12/09/2021 19:44:46 - User: 436  - 18465 - Cuvelier Annelies - SEARCH ronde 11 - club: 143
12/09/2021 19:45:11 - User: 240  - 57011 - De Mol Patrick - SEARCH ronde 11 - club: 124
12/09/2021 19:45:24 - User: 240  - 57011 - De Mol Patrick - SEARCH ronde 11 - club: 192
12/09/2021 19:45:38 - User: 240  - 57011 - De Mol Patrick - SEARCH ronde 11 - club: 174
12/09/2021 19:45:38 - User: 641  - 60264 - Ancion Mérowig - SEARCH ronde 11 - club: 641
12/09/2021 19:45:42 - User: 436  - 18465 - Cuvelier Annelies - SEARCH ronde 11 - club: 462
12/09/2021 19:45:47 - User: 436  - 18465 - Cuvelier Annelies - SEARCH ronde 11 - club: 166
12/09/2021 19:45:51 - User: 228  - 31348 - Malfliet Bernard - SEARCH ronde 11 - club: 417
12/09/2021 19:46:47 - User: 604  - 96873 - Rosskamp Kurt - SEARCH ronde 11 - club: 604
12/09/2021 19:46:59 - User: 240  - 57011 - De Mol Patrick - SEARCH ronde 11 - club: 114
12/09/2021 19:47:32 - User: 604  - 96873 - Rosskamp Kurt - LOGOUT
12/09/2021 19:47:32 - 952 - 4F++ - 89575 - Detienne Stéphane - SAVE
12/09/2021 19:47:41 - User: 501  - Hanset Marc - marc.hanset@gmail.com - SEARCH ronde 11 - club: 501
12/09/2021 19:47:43 - User: 604  - 96873 - Rosskamp Kurt - SEARCH ronde 11 - club: 604
12/09/2021 19:48:22 - User: 501  - Hanset Marc - marc.hanset@gmail.com - LOGOUT
12/09/2021 19:48:50 - 952 - 4F++ - 89575 - Detienne Stéphane - SAVE
12/09/2021 19:48:55 - User: 961  - 86282 - Dethy David - SEARCH ronde 11 - club: 621
12/09/2021 19:49:11 - User: 174  - 48381 - Remijsen Dave - SEARCH ronde 11 - club: 174
12/09/2021 19:49:16 - User: 604  - 96873 - Rosskamp Kurt - LOGOUT
12/09/2021 19:49:30 - User: 128  - 10207 - Verbruggen Peter - SEARCH ronde 11 - club: 410
12/09/2021 19:50:00 - User: 521  - 82333 - Gueuning Thomas - SEARCH ronde 11 - club: 521
12/09/2021 19:50:27 - 430 - 3D-+ 4E++ 4G-+ 5N-+ - 34746 - Bonne Ronny - SAVE
12/09/2021 19:50:41 - 430 - 3D-+ 4E++ 4G-+ 5N-+ - 34746 - Bonne Ronny - SAVE
12/09/2021 19:51:02 - 627 - 2B+- 3B+- 4D+- 5M+- - 96709 - Jacobs Oliver - SAVE
12/09/2021 19:51:07 - User: 430  - 34746 - Bonne Ronny - LOGOUT
12/09/2021 19:51:44 - User: 128  - 10207 - Verbruggen Peter - SEARCH ronde 11 - club: 101
12/09/2021 19:52:06 - User: 128  - 10207 - Verbruggen Peter - SEARCH ronde 11 - club: 128
12/09/2021 19:52:39 - User: 501  - Hanset Marc - marc.hanset@gmail.com - SEARCH ronde 11 - club: 501
12/09/2021 19:52:46 - User: 501  - Hanset Marc - marc.hanset@gmail.com - LOGOUT

------------- Change card result -------------

Club user: 627 *** 12/09/2021 19:53:13

Div/Afd: 5 - Serie/Reeks: M
Ronde: 11 *** 2021-09-12

WIRTZFELD 5 ( 627 )
schleck.victor@gmail.com

ANS 5 ( 621 )
antonio.mollica@gmail.com
-----------------------------------------------
95093 - 69892 : 0-1
95093 - 69892 : 0-1
-----------------------------------------------
12920 - 84671 : 0-1
12920 - 84671 : 0-1
-----------------------------------------------
96972 - 66427 : 0-1
96792 - 66427 : 0-1
-----------------------------------------------
18057 - 60498 : 1-0
18057 - 60498 : 1-0

===============================================
===============================================

12/09/2021 19:53:12 - 627 - 2B+- 3B+- 4D+- 5M+- - 96709 - Jacobs Oliver - SAVE
12/09/2021 19:53:34 - 627 - 2B+- 3B+- 4D+- 5M+- - 96709 - Jacobs Oliver - SAVE
12/09/2021 19:54:54 - User: 551  - 82856 - Delvaux Guy - SEARCH ronde 11 - club: 902
12/09/2021 19:54:58 - User: 471  - 21857 - Dhuyvetter Koen - SEARCH ronde 11 - club: 462

------------- Change card result -------------

Club user: 627 *** 12/09/2021 19:56:00

Div/Afd: 3 - Serie/Reeks: B
Ronde: 11 *** 2021-09-12

WIRTZFELD 3 ( 627 )
schleck.victor@gmail.com

HERVE 1 ( 622 )
srzchess@gmail.com
-----------------------------------------------
14370 - 97128 : 0-1
14370 - 97128 : 0-1
-----------------------------------------------
15042 - 91430 : 5-5
15042 - 91448 : 5-5
-----------------------------------------------
13545 - 91529 : 5-5
13545 - 91529 : 5-5
-----------------------------------------------
15862 - 65099 : 1-0
15862 - 65099 : 1-0
-----------------------------------------------
14357 - 65277 : 1-0
14357 - 65277 : 1-0
-----------------------------------------------
12854 - 15902 : 1-0
12854 - 15902 : 1-0

===============================================
===============================================

12/09/2021 19:56:00 - 627 - 2B+- 3B+- 4D+- 5M+- - 96709 - Jacobs Oliver - SAVE
12/09/2021 19:56:42 - User: 174  - 48381 - Remijsen Dave - SEARCH ronde 11 - club: 174
12/09/2021 19:56:50 - User: 901  - 69744 - Andre Damien - SEARCH ronde 11 - club: 703
12/09/2021 19:56:56 - 627 - 2B+- 3B+- 4D+- 5M+- - 96709 - Jacobs Oliver - SAVE
12/09/2021 19:56:56 - User: 436  - 18465 - Cuvelier Annelies - SEARCH ronde 11 - club: 462
12/09/2021 19:58:36 - User: 901  - 69744 - Andre Damien - SEARCH ronde 11 - club: 62-
12/09/2021 19:58:45 - User: 901  - 69744 - Andre Damien - SEARCH ronde 11 - club: 703
12/09/2021 19:58:51 - User: 901  - 69744 - Andre Damien - SEARCH ronde 11 - club: 621
12/09/2021 19:59:21 - User: 228  - 31348 - Malfliet Bernard - SEARCH ronde 11 - club: 417
12/09/2021 19:59:31 - User: 228  - 31348 - Malfliet Bernard - SEARCH ronde 11 - club: 417
12/09/2021 19:59:42 - User: 228  - 31348 - Malfliet Bernard - SEARCH ronde 11 - club: 244
12/09/2021 19:59:53 - User: 174  - 48381 - Remijsen Dave - SEARCH ronde 11 - club: 174
12/09/2021 20:00:03 - User: 174  - 48381 - Remijsen Dave - SEARCH ronde 11 - club: 143
12/09/2021 20:00:33 - User: 174  - 48381 - Remijsen Dave - SEARCH ronde 11 - club: 174
12/09/2021 20:01:52 - User: 174  - 48381 - Remijsen Dave - SEARCH ronde 11 - club: 548
12/09/2021 20:02:00 - User: 901  - 69744 - Andre Damien - SEARCH ronde 11 - club: 618
12/09/2021 20:03:24 - User: 641  - 60264 - Ancion Mérowig - SEARCH ronde 11 - club: 641
12/09/2021 20:03:36 - User: 641  - 60264 - Ancion Mérowig - SEARCH ronde 11 - club: 641
12/09/2021 20:03:54 - User: 436  - 18465 - Cuvelier Annelies - SEARCH ronde 11 - club: 462
12/09/2021 20:03:59 - User: 436  - 18465 - Cuvelier Annelies - SEARCH ronde 11 - club: 462
12/09/2021 20:04:01 - User: 436  - 18465 - Cuvelier Annelies - SEARCH ronde 11 - club: 462
12/09/2021 20:06:10 - User: 998  - 9113 - Halleux Daniel - SEARCH ronde 11 - club: 618
12/09/2021 20:06:15 - User: 998  - 9113 - Halleux Daniel - SEARCH ronde 11 - club: 618
12/09/2021 20:07:06 - User: 712  - 37401 - Vandecan Michel - SEARCH ronde 11 - club: 712
12/09/2021 20:07:18 - User: 998  - 9113 - Halleux Daniel - SEARCH ronde 11 - club: 627
12/09/2021 20:07:35 - 712 - 4D++ - 37401 - Vandecan Michel - SAVE
12/09/2021 20:07:53 - User: 712  - 37401 - Vandecan Michel - EXIT
12/09/2021 20:10:22 - User: 401  - 15121 - Van Leeuwen Etienne - SEARCH ronde 11 - club: 401
12/09/2021 20:12:12 - User: 207  - 10751 - Bourgeois Anne - SEARCH ronde 11 - club: 207
12/09/2021 20:12:35 - User: 641  - 60264 - Ancion Mérowig - SEARCH ronde 11 - club: 641
12/09/2021 20:12:57 - User: 462  - David Roos - david.d.roos@gmail.com - SEARCH ronde 11 - club: 462
12/09/2021 20:13:06 - User: 462  - David Roos - david.d.roos@gmail.com - SEARCH ronde 11 - club: 462
12/09/2021 20:15:01 - 401 - 2A++ 3C+- 3D+- 4C(C)++ 4E(C)++ 5F+- 5J++ 5K+- - 15121 - Van Leeuwen Etienne - SAVE
12/09/2021 20:15:20 - User: 430  - 34746 - Bonne Ronny - SEARCH ronde 11 - club: 402
12/09/2021 20:15:21 - User: 307  - 57941 - Lagast Herve - SEARCH ronde 11 - club: 307
12/09/2021 20:15:46 - 307 - 4E++ 5F++ - 57941 - Lagast Herve - SAVE
12/09/2021 20:16:28 - User: 307  - 57941 - Lagast Herve - SEARCH ronde 11 - club: 307
12/09/2021 20:16:35 - User: 307  - 57941 - Lagast Herve - EXIT
12/09/2021 20:21:46 - User: 228  - 31348 - Malfliet Bernard - SEARCH ronde 11 - club: 244
12/09/2021 20:21:49 - User: 228  - 31348 - Malfliet Bernard - SEARCH ronde 11 - club: 417
12/09/2021 20:22:02 - User: 810  - 65722 - Piron Jean-Marie - SEARCH ronde 11 - club: 810
12/09/2021 20:23:10 - 422 - 3D++ 5N++ - 41947 - Verkimpe Mike - SAVE
12/09/2021 20:23:24 - 422 - 3D++ 5K-- 5N++ - 41947 - Verkimpe Mike - SAVE
12/09/2021 20:23:39 - 422 - 3D++ 5K+- 5N++ - 41947 - Verkimpe Mike - SAVE
12/09/2021 20:24:08 - User: 228  - 31348 - Malfliet Bernard - SEARCH ronde 11 - club: 228
12/09/2021 20:24:12 - 422 - 3D++ 5K+- 5N++ - 41947 - Verkimpe Mike - SAVE
12/09/2021 20:24:12 - User: 422  - 41947 - Verkimpe Mike - EXIT
12/09/2021 20:24:45 - 462 - 2A-+ - David Roos - david.d.roos@gmail.com - SAVE
12/09/2021 20:25:05 - User: 462  - David Roos - david.d.roos@gmail.com - EXIT
12/09/2021 20:25:07 - 228 - 5G+- 5I+- - 31348 - Malfliet Bernard - SAVE
12/09/2021 20:25:45 - User: 462  - David Roos - david.d.roos@gmail.com - SEARCH ronde 11 - club: 436
12/09/2021 20:26:00 - User: 436  - 18465 - Cuvelier Annelies - SEARCH ronde 11 - club: 462
12/09/2021 20:26:06 - User: 462  - David Roos - david.d.roos@gmail.com - SEARCH ronde 11 - club: 472
12/09/2021 20:26:10 - User: 228  - 31348 - Malfliet Bernard - SEARCH ronde 11 - club: 228
12/09/2021 20:26:47 - User: 436  - 18465 - Cuvelier Annelies - SEARCH ronde 11 - club: 231
12/09/2021 20:26:56 - User: 436  - 18465 - Cuvelier Annelies - SEARCH ronde 11 - club: 601
12/09/2021 20:28:07 - User: 666  - 63762 - Pitz Luc - SEARCH ronde 11 - club: 666
12/09/2021 20:28:07 - User: 340  - 30988 - De Brouwere Johan - SEARCH ronde 11 - club: 340
12/09/2021 20:28:14 - User: 462  - David Roos - david.d.roos@gmail.com - SEARCH ronde 11 - club: 401
12/09/2021 20:28:40 - User: 462  - David Roos - david.d.roos@gmail.com - SEARCH ronde 11 - club: 301
12/09/2021 20:29:29 - User: 436  - 18465 - Cuvelier Annelies - SEARCH ronde 11 - club: 231
12/09/2021 20:29:43 - User: 462  - David Roos - david.d.roos@gmail.com - SEARCH ronde 11 - club: 478
12/09/2021 20:31:28 - User: 436  - 18465 - Cuvelier Annelies - SEARCH ronde 11 - club: 430
12/09/2021 20:31:35 - 340 - 3D+- 5F++ - 30988 - De Brouwere Johan - SAVE
12/09/2021 20:31:45 - User: 462  - David Roos - david.d.roos@gmail.com - SEARCH ronde 11 - club: 436
12/09/2021 20:31:59 - User: 462  - David Roos - david.d.roos@gmail.com - SEARCH ronde 11 - club: 418
12/09/2021 20:32:44 - User: 462  - David Roos - david.d.roos@gmail.com - SEARCH ronde 11 - club: 471
12/09/2021 20:33:43 - User: 128  - 10207 - Verbruggen Peter - SEARCH ronde 11 - club: 101
12/09/2021 20:34:20 - User: 404  - 41114 - Oosterlinck Luc - SEARCH ronde 11 - club: 404
12/09/2021 20:35:06 - User: 462  - David Roos - david.d.roos@gmail.com - SEARCH ronde 11 - club: 462
12/09/2021 20:37:01 - User: 641  - 60264 - Ancion Mérowig - SEARCH ronde 11 - club: 641
12/09/2021 20:37:03 - User: 404  - 41114 - Oosterlinck Luc - EXIT
12/09/2021 20:37:56 - User: 902  - 85472 - Van Bael Pascal - SEARCH ronde 11 - club: 902
12/09/2021 20:39:53 - User: 436  - 18465 - Cuvelier Annelies - SEARCH ronde 11 - club: 231
12/09/2021 20:40:02 - User: 436  - 18465 - Cuvelier Annelies - SEARCH ronde 11 - club: 303
12/09/2021 20:40:08 - User: 501  - Hanset Marc - marc.hanset@gmail.com - SEARCH ronde 11 - club: 501
12/09/2021 20:40:19 - User: 322  - 55468 - Meijfroidt Bart - SEARCH ronde 11 - club: 322
12/09/2021 20:40:24 - User: 501  - Hanset Marc - marc.hanset@gmail.com - LOGOUT
12/09/2021 20:40:26 - User: 475  - 47341 - De Lathouwer Marc - SEARCH ronde 11 - club: 475
12/09/2021 20:40:37 - 902 - 5B+- 5E+- - 85472 - Van Bael Pascal - SAVE
12/09/2021 20:41:02 - User: 436  - 18465 - Cuvelier Annelies - SEARCH ronde 11 - club: 601
12/09/2021 20:41:09 - 475 - 4E++ 5N++ - 47341 - De Lathouwer Marc - SAVE
12/09/2021 20:41:16 - User: 902  - 85472 - Van Bael Pascal - EXIT
12/09/2021 20:41:17 - 475 - 4E++ 5N++ - 47341 - De Lathouwer Marc - SAVE
12/09/2021 20:41:21 - User: 475  - 47341 - De Lathouwer Marc - EXIT
12/09/2021 20:41:23 - 322 - 5F+- - 55468 - Meijfroidt Bart - SAVE
12/09/2021 20:41:25 - User: 641  - 60264 - Ancion Mérowig - SEARCH ronde 11 - club: 641
12/09/2021 20:41:26 - User: 475  - 47341 - De Lathouwer Marc - SEARCH ronde 11 - club: 475
12/09/2021 20:41:31 - User: 475  - 47341 - De Lathouwer Marc - EXIT
12/09/2021 20:41:47 - User: 436  - 18465 - Cuvelier Annelies - SEARCH ronde 11 - club: 402

------------- Change card result -------------

Club user: 322 *** 12/09/2021 20:41:51

Div/Afd: 5 - Serie/Reeks: F
Ronde: 11 *** 2021-09-12

VEURNE 1 ( 322 )
bartmeijfroidt@gmail.com

WAREGEM 2 ( 313 )
bart.deschepper2@telenet.be
-----------------------------------------------
22250 - 71561 : 5-5
22250 - 71561 : 5-5
-----------------------------------------------
12710 - 13452 : 1-0
12710 - 13652 : 1-0
-----------------------------------------------
97528 - 17268 : 5-5
97528 - 17968 : 5-5
-----------------------------------------------
11793 - 14948 : 1-0
11793 - 14948 : 1-0

===============================================
===============================================

12/09/2021 20:41:51 - 322 - 5F+- - 55468 - Meijfroidt Bart - SAVE
12/09/2021 20:41:52 - 810 - 5B-+ - 65722 - Piron Jean-Marie - SAVE
12/09/2021 20:41:58 - 322 - 5F+- - 55468 - Meijfroidt Bart - SAVE
12/09/2021 20:42:48 - 810 - 5B-+ - 65722 - Piron Jean-Marie - SAVE
12/09/2021 20:42:49 - User: 810  - 65722 - Piron Jean-Marie - LOGOUT
12/09/2021 20:43:22 - User: 641  - 60264 - Ancion Mérowig - SEARCH ronde 11 - club: 641
12/09/2021 20:43:29 - User: 641  - 60264 - Ancion Mérowig - SEARCH ronde 11 - club: 641
12/09/2021 20:43:45 - User: 201  - 35556 - Cornil Etienne - SEARCH ronde 11 - club: 621
12/09/2021 20:43:46 - User: 260  - 96491 - Van Steenwinckel Hugo - SEARCH ronde 11 - club: 260
12/09/2021 20:43:57 - User: 201  - 35556 - Cornil Etienne - SEARCH ronde 11 - club: 601
12/09/2021 20:44:01 - User: 322  - 55468 - Meijfroidt Bart - EXIT
12/09/2021 20:44:07 - 260 - 5G++ - 96491 - Van Steenwinckel Hugo - SAVE
12/09/2021 20:44:17 - User: 322  - 55468 - Meijfroidt Bart - SEARCH ronde 11 - club: 322
12/09/2021 20:44:21 - User: 322  - 55468 - Meijfroidt Bart - SEARCH ronde 11 - club: 322
12/09/2021 20:44:25 - User: 322  - 55468 - Meijfroidt Bart - EXIT
12/09/2021 20:44:26 - User: 201  - 35556 - Cornil Etienne - SEARCH ronde 11 - club: 501
12/09/2021 20:45:22 - User: 229  - 78697 - Frederiksen Jens - SEARCH ronde 11 - club: 229
12/09/2021 20:45:34 - 229 - 4H++ - 78697 - Frederiksen Jens - SAVE
12/09/2021 20:45:57 - User: 998  - Zamparo - sergio.zamparo@gmail.com - SEARCH ronde 11 - club: 998
12/09/2021 20:46:11 - User: 229  - 78697 - Frederiksen Jens - LOGOUT
12/09/2021 20:46:36 - 228 - 5G+- 5I+- - 31348 - Malfliet Bernard - SAVE
12/09/2021 20:46:40 - User: 228  - 31348 - Malfliet Bernard - SEARCH ronde 11 - club: 228
12/09/2021 20:46:41 - User: 201  - 35556 - Cornil Etienne - SEARCH ronde 11 - club: 101
12/09/2021 20:47:07 - User: 471  - 21857 - Dhuyvetter Koen - SEARCH ronde 11 - club: 471
12/09/2021 20:47:10 - User: 201  - 35556 - Cornil Etienne - SEARCH ronde 11 - club: 703
12/09/2021 20:47:57 - 471 - 4E++ - 21857 - Dhuyvetter Koen - SAVE
12/09/2021 20:48:47 - User: 176  - 11619 - Bellens Steven - SEARCH ronde 11 - club: 176
12/09/2021 20:48:53 - User: 229  - 78697 - Frederiksen Jens - SEARCH ronde 11 - club: 229
12/09/2021 20:49:34 - User: 471  - 21857 - Dhuyvetter Koen - LOGOUT
12/09/2021 20:49:59 - User: 998  - Zamparo - sergio.zamparo@gmail.com - LOGOUT
12/09/2021 20:50:46 - 176 - 2B+- 5C+- - 11619 - Bellens Steven - SAVE
12/09/2021 20:51:17 - 176 - 2B+- 5C++ - 11619 - Bellens Steven - SAVE
12/09/2021 20:53:45 - User: 430  - 34746 - Bonne Ronny - SEARCH ronde 11 - club: 430
12/09/2021 20:56:40 - User: 472  - 46400 - Raepsaet Joannes - SEARCH ronde 11 - club: 472
12/09/2021 20:57:29 - 472 - 3D++ 5J++ - 46400 - Raepsaet Joannes - SAVE
12/09/2021 20:57:29 - 430 - 3D++ 4C-+ 4E++ 4G++ 5N++ - 34746 - Bonne Ronny - SAVE
12/09/2021 20:58:03 - User: 128  - 10207 - Verbruggen Peter - SEARCH ronde 11 - club: 128
12/09/2021 20:58:04 - User: 132  - 26603 - T\'Sas Jan - SEARCH ronde 11 - club: 132
12/09/2021 20:58:18 - 472 - 3D++ 5J++ - 46400 - Raepsaet Joannes - SAVE
12/09/2021 20:58:26 - User: 472  - 46400 - Raepsaet Joannes - EXIT
12/09/2021 20:59:23 - 128 - 4A++ 5H++ 5K++ - 10207 - Verbruggen Peter - SAVE
12/09/2021 21:00:00 - User: 128  - 10207 - Verbruggen Peter - SEARCH ronde 11 - club: 101
12/09/2021 21:01:09 - 132 - 3C++ 5K-+ 5L++ - 26603 - T\'Sas Jan - SAVE
12/09/2021 21:02:54 - User: 436  - 18465 - Cuvelier Annelies - EXIT
12/09/2021 21:03:31 - User: 909  - 71978 - Wautelet Patrick - SEARCH ronde 11 - club: 909
12/09/2021 21:03:40 - User: 176  - Pieter Sterckx - pietersterckx@yahoo.com - SEARCH ronde 11 - club: 176
12/09/2021 21:05:37 - 176 - 2B+- 5C++ - Pieter Sterckx - pietersterckx@yahoo.com - SAVE

------------- Change card result -------------

Club user: 909 *** 12/09/2021 21:05:43

Div/Afd: 4 - Serie/Reeks: F
Ronde: 11 *** 2021-09-12

PHILIPPEVILLE 2 ( 909 )
francois.dessomme@fintro.be

EUROPCHESS 3 ( 226 )
Frank.Hoffmeister@ec.europa.eu
-----------------------------------------------
20249 - 18876 : 1F-0F
20249 - 18876 : 1F-0F
-----------------------------------------------
74063 - 15919 : 1-0
74063 - 15619 : 1-0
-----------------------------------------------
71978 - 12300 : 1-0
71978 - 12300 : 1-0
-----------------------------------------------
11758 - 12256 : 5-5
11758 - 12256 : 5-5

===============================================
===============================================

12/09/2021 21:06:05 - 909 - 4F+- - 71978 - Wautelet Patrick - SAVE
12/09/2021 21:07:19 - 909 - 4F+- - 71978 - Wautelet Patrick - SAVE
12/09/2021 21:07:54 - 909 - 4F+- - 71978 - Wautelet Patrick - SAVE
12/09/2021 21:07:56 - User: 909  - 71978 - Wautelet Patrick - LOGOUT
12/09/2021 21:08:10 - User: 601  - jt13539 - jc.thiry@gmail.com - SEARCH ronde 11 - club: 601
12/09/2021 21:09:41 - 601 - 3B+- 4A-+ 4B+- 4D(C)++ 5B(C)++ 5M(C)++ - jt13539 - jc.thiry@gmail.com - SAVE
12/09/2021 21:10:03 - User: 174  - 48381 - Remijsen Dave - SEARCH ronde 11 - club: 174
12/09/2021 21:10:15 - User: 228  - 31348 - Malfliet Bernard - SEARCH ronde 11 - club: 417
12/09/2021 21:10:35 - User: 601  - jt13539 - jc.thiry@gmail.com - EXIT
12/09/2021 21:12:08 - User: 313  - 876 - De Schepper Bart - SEARCH ronde 11 - club: 313
12/09/2021 21:12:28 - User: 430  - 34746 - Bonne Ronny - SEARCH ronde 11 - club: 401
12/09/2021 21:14:06 - User: 362  - 51861 - Piceu Tom - SEARCH ronde 11 - club: 166
12/09/2021 21:14:47 - 313 - 3D++ 5F++ 5J-- 5N-- - 876 - De Schepper Bart - SAVE
12/09/2021 21:15:01 - 313 - 3D++ 5F++ 5J-+ 5N-+ - 876 - De Schepper Bart - SAVE
12/09/2021 21:15:32 - 313 - 3D++ 5F++ 5J-+ 5N-+ - 876 - De Schepper Bart - SAVE
12/09/2021 21:15:33 - User: 313  - 876 - De Schepper Bart - EXIT
12/09/2021 21:17:47 - User: 143  - 08044 - Van Der Meiren August - SEARCH ronde 11 - club: 143
12/09/2021 21:18:08 - User: 313  - 876 - De Schepper Bart - SEARCH ronde 11 - club: 313
12/09/2021 21:18:42 - User: 601  - jt13539 - jc.thiry@gmail.com - SEARCH ronde 11 - club: 401
12/09/2021 21:18:55 - 313 - 3D++ 5F++ 5J-+ 5N-+ - 876 - De Schepper Bart - SAVE
12/09/2021 21:19:17 - User: 313  - 876 - De Schepper Bart - EXIT
12/09/2021 21:22:00 - User: 166  - 17659 - Helsloot Wilbert - SEARCH ronde 11 - club: 166
12/09/2021 21:22:06 - User: 261  - 48569 - Rogiers Jan - SEARCH ronde 11 - club: 261
12/09/2021 21:22:09 - User: 130  - 18686 - Van Bunderen Gert - SEARCH ronde 11 - club: 130
12/09/2021 21:22:42 - User: 362  - 51861 - Piceu Tom - SEARCH ronde 11 - club: 166
12/09/2021 21:24:59 - 166 - 2A-+ - 17659 - Helsloot Wilbert - SAVE
12/09/2021 21:25:02 - User: 174  - 48381 - Remijsen Dave - SEARCH ronde 11 - club: 174
12/09/2021 21:25:23 - User: 182  - 26883 - Libbrecht Koen - SEARCH ronde 11 - club: 182
12/09/2021 21:25:26 - User: 166  - 17659 - Helsloot Wilbert - SEARCH ronde 11 - club: 166
12/09/2021 21:25:57 - User: 425  - 8834 - Boodts Jeroen - SEARCH ronde 11 - club: 425
12/09/2021 21:26:03 - User: 176  - Pieter Sterckx - pietersterckx@yahoo.com - SEARCH ronde 11 - club: 176
12/09/2021 21:26:15 - 425 - 4G++ 5A++ - 8834 - Boodts Jeroen - SAVE
12/09/2021 21:26:27 - User: 362  - 51861 - Piceu Tom - SEARCH ronde 11 - club: 166
12/09/2021 21:26:28 - 425 - 4G++ 5A++ - 8834 - Boodts Jeroen - SAVE
12/09/2021 21:26:31 - User: 425  - 8834 - Boodts Jeroen - EXIT
12/09/2021 21:26:43 - User: 432  - 66443 - Michiels Luc - SEARCH ronde 11 - club: 432
12/09/2021 21:27:01 - 261 - 2A+- 4G+- 5A+- - 48569 - Rogiers Jan - SAVE
12/09/2021 21:27:20 - User: 362  - 51861 - Piceu Tom - SEARCH ronde 11 - club: 436
12/09/2021 21:28:29 - 130 - 3C+- - 18686 - Van Bunderen Gert - SAVE
12/09/2021 21:29:16 - User: 130  - 18686 - Van Bunderen Gert - SEARCH ronde 11 - club: 130
12/09/2021 21:31:12 - 130 - 3C+- - 18686 - Van Bunderen Gert - SAVE
12/09/2021 21:31:20 - 166 - 2A-+ 3C-+ - 17659 - Helsloot Wilbert - SAVE
12/09/2021 21:31:51 - User: 166  - 17659 - Helsloot Wilbert - SEARCH ronde 11 - club: 166
12/09/2021 21:33:34 - User: 109  - 4693 - Mollekens Roeland - SEARCH ronde 11 - club: 109
12/09/2021 21:33:50 - 109 - 5K++ - 4693 - Mollekens Roeland - SAVE
12/09/2021 21:33:54 - 143 - 2A++ 3C++ 4G-+ 5K++ - 08044 - Van Der Meiren August - SAVE
12/09/2021 21:34:23 - User: 109  - 4693 - Mollekens Roeland - EXIT

------------- Change card result -------------

Club user: 143 *** 12/09/2021 21:34:44

Div/Afd: 4 - Serie/Reeks: G
Ronde: 11 *** 2021-09-12

KBSK 6 ( 303 )
chris.dsp@hotmail.com

TEMSE 3 ( 143 )
gustvdm@hotmail.com
-----------------------------------------------
28134 - 48577 : 1F-0F
28134 - 48577 : 1F-0F
-----------------------------------------------
58947 - 15357 : 1F-0F
58947 - 15357 : 1F-0F
-----------------------------------------------
44016 - 20084 : 1F-0F
44016 - 20084 : 1F-0F
-----------------------------------------------
32247 - 20526 : 1F-0F
32247 - 20828 : 1F-0F

===============================================
===============================================

12/09/2021 21:34:44 - 143 - 2A++ 3C++ 4G-+ 5K++ - 08044 - Van Der Meiren August - SAVE

------------- Change card result -------------

Club user: 143 *** 12/09/2021 21:35:37

Div/Afd: 4 - Serie/Reeks: G
Ronde: 11 *** 2021-09-12

KBSK 6 ( 303 )
chris.dsp@hotmail.com

TEMSE 3 ( 143 )
gustvdm@hotmail.com
-----------------------------------------------
28134 - 48577 : 1F-0F
28134 - 12953 : 1F-0F
-----------------------------------------------
58947 - 15357 : 1F-0F
58947 - 15357 : 1F-0F
-----------------------------------------------
44016 - 20084 : 1F-0F
44016 - 20084 : 1F-0F
-----------------------------------------------
32247 - 20828 : 1F-0F
32247 - 20828 : 1F-0F

===============================================
===============================================

12/09/2021 21:35:37 - 143 - 2A++ 3C++ 4G-+ 5K++ - 08044 - Van Der Meiren August - SAVE
12/09/2021 21:35:39 - 432 - 2A-+ 4C-+ 4G-+ 5A-+ - 66443 - Michiels Luc - SAVE

------------- Change card result -------------

Club user: 174 *** 12/09/2021 21:35:43

Div/Afd: 2 - Serie/Reeks: A
Ronde: 11 *** 2021-09-12

BRASSCHAAT 1 ( 174 )
dave_remijsen@msn.com

KGSRL 2 ( 401 )
interclub@kgsrl.be
-----------------------------------------------
49921 - 44504 : 5-5
49921 - 44504 : 5-5
-----------------------------------------------
50086 - 47384 : 0-1
50086 - 47384 : 1-0
-----------------------------------------------
17529 - 15621 : 5-5
17529 - 15621 : 5-5
-----------------------------------------------
17532 - 5584 : 0-1
17532 - 5584 : 0-1
-----------------------------------------------
12736 - 17116 : 0F-1F
12736 - 17116 : 0F-1F
-----------------------------------------------
21814 - 17183 : 5-5
21814 - 17183 : 5-5
-----------------------------------------------
49620 - 34380 : 0-1
12885 - 34380 : 0-1
-----------------------------------------------
38661 - 9156 : 0-1
38661 - 9156 : 0-1

===============================================
ATTENTION !
Veuillez vérifier les données encodées sur cette carte de résultats interclubs.
Elles ont été modifiées par le club adverse.

AANDACHT !
Gelieve de gegevens op deze uitslagenkaart te willen controleren.
Ze zijn aangepast door de club van de tegenstanders.
===============================================

12/09/2021 21:35:43 - 174 - 2A++ 3C(C)++ 4A++ 4H+- 5H++ - 48381 - Remijsen Dave - SAVE
12/09/2021 21:35:59 - User: 174  - 48381 - Remijsen Dave - SEARCH ronde 11 - club: 174
12/09/2021 21:36:05 - 174 - 2A++ 3C(C)++ 4A++ 4H+- 5H++ - 48381 - Remijsen Dave - SAVE
12/09/2021 21:36:09 - User: 174  - 48381 - Remijsen Dave - EXIT
12/09/2021 21:37:42 - User: 430  - 34746 - Bonne Ronny - SEARCH ronde 11 - club: 402
12/09/2021 21:37:49 - User: 174  - 48381 - Remijsen Dave - SEARCH ronde 11 - club: 174
12/09/2021 21:37:54 - User: 430  - 34746 - Bonne Ronny - SEARCH ronde 11 - club: 403
12/09/2021 21:37:59 - User: 430  - 34746 - Bonne Ronny - SEARCH ronde 11 - club: 340
12/09/2021 21:38:11 - 166 - 2A-+ 3C++ - 17659 - Helsloot Wilbert - SAVE
12/09/2021 21:38:18 - User: 430  - 34746 - Bonne Ronny - LOGOUT
12/09/2021 21:38:45 - User: 618  - 71790 - Noiroux Kevin - SEARCH ronde 11 - club: 618
12/09/2021 21:38:54 - User: 230  - 32328 - Verheyden Jonas - SEARCH ronde 11 - club: 230
12/09/2021 21:38:57 - User: 166  - 17659 - Helsloot Wilbert - SEARCH ronde 11 - club: 166
12/09/2021 21:39:29 - User: 166  - 17659 - Helsloot Wilbert - LOGOUT
12/09/2021 21:40:11 - User: 511  - 69311 - De Pauw Damien - SEARCH ronde 11 - club: 511
12/09/2021 21:40:33 - User: 101  - 15041 - Schrickx Frank - SEARCH ronde 11 - club: 101
12/09/2021 21:41:03 - 511 - 4B++ 5E++ - 69311 - De Pauw Damien - SAVE
12/09/2021 21:41:25 - User: 239  - 97721 - Lacroix Bruno - SEARCH ronde 11 - club: 239
12/09/2021 21:41:40 - 230 - 2B+- 3B+- 4H+- 5D++ - 32328 - Verheyden Jonas - SAVE
12/09/2021 21:42:22 - User: 278  - 14772 - Elinckx Michel - SEARCH ronde 11 - club: 278
12/09/2021 21:42:46 - 239 - 2B++ 4F+- - 97721 - Lacroix Bruno - SAVE
12/09/2021 21:43:14 - User: 239  - 97721 - Lacroix Bruno - EXIT
12/09/2021 21:43:33 - User: 101  - 15041 - Schrickx Frank - EXIT
12/09/2021 21:43:38 - User: 101  - 15041 - Schrickx Frank - SEARCH ronde 11 - club: 101
12/09/2021 21:43:42 - User: 182  - 26883 - Libbrecht Koen - LOGOUT
12/09/2021 21:43:57 - User: 174  - 48381 - Remijsen Dave - SEARCH ronde 11 - club: 174
12/09/2021 21:44:04 - User: 174  - 48381 - Remijsen Dave - SEARCH ronde 11 - club: 174
12/09/2021 21:44:25 - User: 174  - 48381 - Remijsen Dave - SEARCH ronde 11 - club: 174
12/09/2021 21:44:46 - 618 - 1A-+ - 71790 - Noiroux Kevin - SAVE
12/09/2021 21:45:19 - User: 432  - 66443 - Michiels Luc - SEARCH ronde 11 - club: 471
12/09/2021 21:46:04 - User: 166  - 17659 - Helsloot Wilbert - SEARCH ronde 11 - club: 166
12/09/2021 21:46:06 - User: 174  - 48381 - Remijsen Dave - SEARCH ronde 11 - club: 174
12/09/2021 21:46:12 - User: 174  - 48381 - Remijsen Dave - SEARCH ronde 11 - club: 143
12/09/2021 21:46:17 - User: 432  - 66443 - Michiels Luc - SEARCH ronde 11 - club: 436
12/09/2021 21:46:18 - User: 174  - 48381 - Remijsen Dave - SEARCH ronde 11 - club: 174
12/09/2021 21:47:01 - User: 101  - 15041 - Schrickx Frank - EXIT
12/09/2021 21:47:07 - User: 101  - 15041 - Schrickx Frank - SEARCH ronde 11 - club: 101
12/09/2021 21:47:27 - User: 432  - 66443 - Michiels Luc - SEARCH ronde 11 - club: 401
12/09/2021 21:48:27 - 166 - 2A-+ 3C++ - 17659 - Helsloot Wilbert - SAVE
12/09/2021 21:48:37 - 278 - 3A-+ 4B-+ 4F-- 5D-+ 5I++ - 14772 - Elinckx Michel - SAVE
12/09/2021 21:48:45 - User: 166  - 17659 - Helsloot Wilbert - SEARCH ronde 11 - club: 166
12/09/2021 21:48:57 - 278 - 3A-+ 4B-+ 4F-+ 5D-+ 5I++ - 14772 - Elinckx Michel - SAVE
12/09/2021 21:49:18 - 230 - 2B++ 3B++ 4H+- 5D++ - 32328 - Verheyden Jonas - SAVE
12/09/2021 21:49:42 - User: 101  - 15041 - Schrickx Frank - EXIT
12/09/2021 21:50:16 - 166 - 2A-+ 3C++ - 17659 - Helsloot Wilbert - SAVE
12/09/2021 21:50:31 - User: 166  - 17659 - Helsloot Wilbert - SEARCH ronde 11 - club: 166
12/09/2021 21:51:01 - User: 601  - jt13539 - jc.thiry@gmail.com - SEARCH ronde 11 - club: 810
12/09/2021 21:51:32 - User: 601  - jt13539 - jc.thiry@gmail.com - SEARCH ronde 11 - club: 714
12/09/2021 21:51:41 - User: 362  - 51861 - Piceu Tom - SEARCH ronde 11 - club: 432
12/09/2021 21:51:51 - 166 - 2A-+ 3C++ - 17659 - Helsloot Wilbert - SAVE
12/09/2021 21:51:59 - User: 601  - jt13539 - jc.thiry@gmail.com - SEARCH ronde 11 - club: 601
12/09/2021 21:52:48 - User: 307  - 57941 - Lagast Herve - SEARCH ronde 11 - club: 307
12/09/2021 21:52:55 - User: 101  - 15041 - Schrickx Frank - SEARCH ronde 11 - club: 101
12/09/2021 21:53:03 - User: 307  - 57941 - Lagast Herve - SEARCH ronde 11 - club: 301
12/09/2021 21:53:44 - User: 901  - 69744 - Andre Damien - SEARCH ronde 11 - club: 901
12/09/2021 21:54:12 - User: 101  - 15041 - Schrickx Frank - EXIT
12/09/2021 21:54:18 - User: 401  - 15121 - Van Leeuwen Etienne - SEARCH ronde 11 - club: 401
12/09/2021 21:54:18 - User: 101  - 15041 - Schrickx Frank - SEARCH ronde 11 - club: 101
12/09/2021 21:54:22 - User: 712  - 37401 - Vandecan Michel - SEARCH ronde 11 - club: 712
12/09/2021 21:54:30 - User: 101  - 15041 - Schrickx Frank - EXIT
12/09/2021 21:54:42 - User: 307  - 57941 - Lagast Herve - SEARCH ronde 11 - club: 302
12/09/2021 21:54:52 - User: 124  - 45675 - Foulon Greta - SEARCH ronde 11 - club: 166
12/09/2021 21:54:55 - User: 226  - 60503 - Bertram Johannes - SEARCH ronde 11 - club: 226
12/09/2021 21:54:56 - User: 101  - 15041 - Schrickx Frank - SEARCH ronde 11 - club: 101
12/09/2021 21:55:10 - User: 307  - 57941 - Lagast Herve - SEARCH ronde 11 - club: 303
12/09/2021 21:55:21 - 901 - 2B++ 4B++ 5E+- 5I+- - 69744 - Andre Damien - SAVE
12/09/2021 21:55:25 - User: 712  - 37401 - Vandecan Michel - SEARCH ronde 11 - club: 712
12/09/2021 21:55:37 - 166 - 2A-+ 3C++ 5L-+ - 17659 - Helsloot Wilbert - SAVE
12/09/2021 21:55:44 - User: 166  - 17659 - Helsloot Wilbert - SEARCH ronde 11 - club: 166
12/09/2021 21:55:56 - User: 101  - 15041 - Schrickx Frank - EXIT
12/09/2021 21:56:01 - User: 101  - 15041 - Schrickx Frank - SEARCH ronde 11 - club: 101
12/09/2021 21:56:03 - 712 - 4D++ - 37401 - Vandecan Michel - SAVE
12/09/2021 21:56:06 - 401 - 2A++ 3C++ 3D++ 4C(C)++ 4E(C)++ 4G++ 5A++ 5F++ 5J++ 5K+- - 15121 - Van Leeuwen Etienne - SAVE
12/09/2021 21:56:07 - 226 - 3A++ 4F++ 5D++ - 60503 - Bertram Johannes - SAVE
12/09/2021 21:56:19 - User: 309  - 69884 - Logie Bernard - SEARCH ronde 11 - club: 309
12/09/2021 21:56:27 - User: 401  - 15121 - Van Leeuwen Etienne - EXIT
12/09/2021 21:56:51 - 712 - 4D++ - 37401 - Vandecan Michel - SAVE
12/09/2021 21:57:01 - 901 - 2B++ 4B++ 5E++ 5I++ - 69744 - Andre Damien - SAVE
12/09/2021 21:57:02 - User: 226  - 60503 - Bertram Johannes - EXIT
12/09/2021 21:57:03 - 309 - 3D++ - 69884 - Logie Bernard - SAVE
12/09/2021 21:57:04 - 712 - 4D++ - 37401 - Vandecan Michel - SAVE
12/09/2021 21:57:08 - User: 101  - 15041 - Schrickx Frank - EXIT
12/09/2021 21:57:08 - User: 309  - 69884 - Logie Bernard - EXIT
12/09/2021 21:57:13 - User: 101  - 15041 - Schrickx Frank - SEARCH ronde 11 - club: 101
12/09/2021 21:57:14 - User: 124  - 45675 - Foulon Greta - SEARCH ronde 11 - club: 471
12/09/2021 21:57:47 - User: 548  - 85901 - Cloes Johan - SEARCH ronde 11 - club: 548
12/09/2021 21:58:01 - 228 - 5G++ 5I+- - 76317 - Cornelis Eric - SAVE
12/09/2021 21:58:15 - User: 228  - 76317 - Cornelis Eric - SEARCH ronde 11 - club: 228
12/09/2021 21:58:56 - 548 - 4B++ 5I++ - 85901 - Cloes Johan - SAVE
12/09/2021 21:59:38 - User: 436  - 18465 - Cuvelier Annelies - SEARCH ronde 11 - club: 436
12/09/2021 22:00:14 - User: 121  - 29076 - Van Damme Tonnie - SEARCH ronde 11 - club: 121
12/09/2021 22:00:32 - 121 - 4A-+ 5C+- 5H++ - 29076 - Van Damme Tonnie - SAVE
12/09/2021 22:00:38 - 436 - 2A++ 4G++ 5A+- 5K+- 5L-+ - 18465 - Cuvelier Annelies - SAVE
12/09/2021 22:01:24 - 101 - 5H+- 5K+- - 15041 - Schrickx Frank - SAVE
12/09/2021 22:01:33 - 548 - 3A-- 4B++ 5I++ - 85901 - Cloes Johan - SAVE
12/09/2021 22:01:35 - User: 309  - 69884 - Logie Bernard - SEARCH ronde 11 - club: 309
12/09/2021 22:01:36 - User: 309  - 69884 - Logie Bernard - SEARCH ronde 11 - club: 309
12/09/2021 22:01:46 - User: 436  - 18465 - Cuvelier Annelies - EXIT
12/09/2021 22:02:05 - 101 - 5H+- 5K+- - 15041 - Schrickx Frank - SAVE
12/09/2021 22:02:05 - 548 - 3A-+ 4B++ 5I++ - 85901 - Cloes Johan - SAVE
12/09/2021 22:02:07 - User: 101  - 15041 - Schrickx Frank - EXIT
12/09/2021 22:02:14 - User: 101  - 15041 - Schrickx Frank - SEARCH ronde 11 - club: 101
12/09/2021 22:02:50 - User: 228  - 76317 - Cornelis Eric - SEARCH ronde 11 - club: 607
12/09/2021 22:03:15 - User: 228  - 76317 - Cornelis Eric - SEARCH ronde 11 - club: 514
12/09/2021 22:03:16 - User: 101  - 15041 - Schrickx Frank - EXIT
12/09/2021 22:03:40 - User: 101  - 15041 - Schrickx Frank - SEARCH ronde 11 - club: 101
12/09/2021 22:04:44 - 101 - 4A-- 5H+- 5K+- - 15041 - Schrickx Frank - SAVE
12/09/2021 22:04:53 - User: 101  - 15041 - Schrickx Frank - EXIT
12/09/2021 22:04:59 - User: 101  - 15041 - Schrickx Frank - SEARCH ronde 11 - club: 101
12/09/2021 22:05:10 - User: 548  - 85901 - Cloes Johan - SEARCH ronde 11 - club: 909
12/09/2021 22:05:12 - User: 228  - 76317 - Cornelis Eric - SEARCH ronde 11 - club: 548
12/09/2021 22:05:34 - 101 - 4A+- 5H+- 5K++ - 15041 - Schrickx Frank - SAVE
12/09/2021 22:06:04 - User: 101  - 15041 - Schrickx Frank - EXIT
12/09/2021 22:06:15 - User: 436  - 18465 - Cuvelier Annelies - SEARCH ronde 11 - club: 436
12/09/2021 22:08:24 - User: 618  - 29238 - Dambiermont Marc - SEARCH ronde 11 - club: 618
12/09/2021 22:09:13 - 618 - 1A-+ - 29238 - Dambiermont Marc - SAVE
12/09/2021 22:10:05 - User: 174  - 48381 - Remijsen Dave - SEARCH ronde 11 - club: 174
12/09/2021 22:10:34 - User: 228  - 76317 - Cornelis Eric - SEARCH ronde 11 - club: 233
12/09/2021 22:11:12 - User: 301  - 45608 - Decrop Ruben - SEARCH ronde 11 - club: 301
12/09/2021 22:11:46 - User: 260  - 96491 - Van Steenwinckel Hugo - SEARCH ronde 11 - club: 174
12/09/2021 22:11:50 - 301 - 2A++ 4E+- - 45608 - Decrop Ruben - SAVE
12/09/2021 22:13:12 - User: 260  - 96491 - Van Steenwinckel Hugo - SEARCH ronde 11 - club: 121
12/09/2021 22:13:43 - User: 228  - 76317 - Cornelis Eric - SEARCH ronde 11 - club: 548
12/09/2021 22:14:23 - User: 260  - 96491 - Van Steenwinckel Hugo - SEARCH ronde 11 - club: 278
12/09/2021 22:14:44 - User: 432  - 66443 - Michiels Luc - SEARCH ronde 11 - club: 401
12/09/2021 22:14:50 - 618 - 1A-+ 3B-+ - 29238 - Dambiermont Marc - SAVE
12/09/2021 22:15:52 - User: 618  - 29238 - Dambiermont Marc - EXIT
12/09/2021 22:16:25 - User: 618  - 29238 - Dambiermont Marc - EXIT
12/09/2021 22:17:19 - User: 174  - 48381 - Remijsen Dave - SEARCH ronde 11 - club: 166
12/09/2021 22:18:03 - User: 228  - 76317 - Cornelis Eric - SEARCH ronde 11 - club: 228
12/09/2021 22:19:05 - User: 607  - 00345 - Meessen Rudolf - SEARCH ronde 11 - club: 607
12/09/2021 22:19:09 - 230 - 2B++ 3B++ 4H+- 5D++ - 32328 - Verheyden Jonas - SAVE
12/09/2021 22:19:22 - 230 - 2B++ 3B++ 4H++ 5D++ - 32328 - Verheyden Jonas - SAVE
12/09/2021 22:19:55 - User: 230  - 32328 - Verheyden Jonas - SEARCH ronde 11 - club: 230
12/09/2021 22:21:48 - 607 - 4D(C)++ 5B+- 5M(C)++ - 00345 - Meessen Rudolf - SAVE
12/09/2021 22:22:45 - User: 132  - 26603 - T\'Sas Jan - SEARCH ronde 11 - club: 132
12/09/2021 22:22:46 - 607 - 4D(C)++ 5B+- 5M(C)++ - 00345 - Meessen Rudolf - SAVE
12/09/2021 22:22:49 - User: 607  - 00345 - Meessen Rudolf - EXIT
12/09/2021 22:25:43 - User: 309  - 69884 - Logie Bernard - SEARCH ronde 11 - club: 309
12/09/2021 22:26:35 - User: 309  - 69884 - Logie Bernard - SEARCH ronde 11 - club: 309
12/09/2021 22:26:49 - User: 309  - 69884 - Logie Bernard - SEARCH ronde 11 - club: 302
12/09/2021 22:27:26 - User: 309  - 69884 - Logie Bernard - SEARCH ronde 11 - club: 303
12/09/2021 22:33:42 - User: 228  - 76317 - Cornelis Eric - SEARCH ronde 11 - club: 548
12/09/2021 22:35:11 - User: 641  - 60264 - Ancion Mérowig - SEARCH ronde 11 - club: 641
12/09/2021 22:36:41 - 621 - 2B++ 4D++ 5C++ 5M++ - 82775 - Mollica Antonio - SAVE
12/09/2021 22:36:54 - User: 621  - 82775 - Mollica Antonio - EXIT
12/09/2021 22:38:35 - 641 - 4D-+ - 60264 - Ancion Mérowig - SAVE
12/09/2021 22:41:37 - User: 228  - 76317 - Cornelis Eric - SEARCH ronde 11 - club: 417
12/09/2021 22:43:36 - User: 641  - 60264 - Ancion Mérowig - SEARCH ronde 11 - club: 641
12/09/2021 22:43:45 - User: 228  - 76317 - Cornelis Eric - SEARCH ronde 11 - club: 417
12/09/2021 22:45:20 - User: 621  - 82775 - Mollica Antonio - SEARCH ronde 11 - club: 621
12/09/2021 22:46:21 - User: 621  - 82775 - Mollica Antonio - SEARCH ronde 11 - club: 621
12/09/2021 22:46:37 - User: 621  - 82775 - Mollica Antonio - SEARCH ronde 11 - club: 621
12/09/2021 22:46:48 - 621 - 2B++ 4D++ 5C++ 5M++ - 82775 - Mollica Antonio - SAVE
12/09/2021 22:47:28 - 621 - 2B++ 4D++ 5C++ 5M++ - 82775 - Mollica Antonio - SAVE
12/09/2021 22:47:32 - 621 - 2B++ 4D++ 5C++ 5M++ - 82775 - Mollica Antonio - SAVE
12/09/2021 22:47:54 - User: 228  - 76317 - Cornelis Eric - SEARCH ronde 11 - club: 547
12/09/2021 22:47:57 - User: 228  - 76317 - Cornelis Eric - SEARCH ronde 11 - club: 547
12/09/2021 22:49:14 - User: 228  - 76317 - Cornelis Eric - SEARCH ronde 11 - club: 417
12/09/2021 22:50:19 - User: 239  - 74365 - De Villers Mourad - SEARCH ronde 11 - club: 239
12/09/2021 22:51:06 - User: 621  - 82775 - Mollica Antonio - EXIT
12/09/2021 22:51:23 - User: 909  - 71978 - Wautelet Patrick - SEARCH ronde 11 - club: 909
12/09/2021 22:51:50 - User: 174  - 48381 - Remijsen Dave - SEARCH ronde 11 - club: 174
12/09/2021 22:51:54 - User: 909  - 71978 - Wautelet Patrick - LOGOUT

------------- Change card result -------------

Club user: 174 *** 12/09/2021 22:53:37

Div/Afd: 3 - Serie/Reeks: A
Ronde: 11 *** 2021-09-12

BRASSCHAAT 2 ( 174 )
dave_remijsen@msn.com

CAISSA EUROPE 1 ( 548 )
patmarchal71@gmail.com
-----------------------------------------------
12885 - 84841 : 1F-0F
12370 - 84841 : 1F-0F
-----------------------------------------------
12370 - 12802 : 1F-0F
51195 - 12802 : 1F-0F
-----------------------------------------------
51195 - 60747 : 1F-0F
15747 - 60747 : 1F-0F
-----------------------------------------------
15747 - 82571 : 1F-0F
14341 - 82571 : 1F-0F
-----------------------------------------------
14341 - 13445 : 1F-0F
46281 - 13445 : 1F-0F
-----------------------------------------------
12522 - 90883 : 1F-0F
57789 - 90883 : 1F-0F

===============================================
===============================================

12/09/2021 22:53:37 - 174 - 2A++ 3A-+ 3C(C)++ 4A++ 4H++ 5H++ - 48381 - Remijsen Dave - SAVE
12/09/2021 22:53:49 - User: 607  - 00345 - Meessen Rudolf - SEARCH ronde 11 - club: 607
12/09/2021 22:53:53 - 174 - 2A++ 3A++ 3C(C)++ 4A++ 4H++ 5H++ - 48381 - Remijsen Dave - SAVE
12/09/2021 23:02:11 - User: 362  - 51861 - Piceu Tom - SEARCH ronde 11 - club: 432
12/09/2021 23:02:16 - User: 228  - 76317 - Cornelis Eric - SEARCH ronde 11 - club: 417
12/09/2021 23:02:29 - User: 228  - 76317 - Cornelis Eric - SEARCH ronde 11 - club: 244
12/09/2021 23:03:32 - User: 228  - 76317 - Cornelis Eric - SEARCH ronde 11 - club: 228
12/09/2021 23:03:57 - 228 - 5G++ 5I++ - 76317 - Cornelis Eric - SAVE
12/09/2021 23:04:05 - User: 471  - 26492 - Van Vliet Dennis - SEARCH ronde 11 - club: 471
12/09/2021 23:04:27 - 228 - 5G++ 5I++ - 76317 - Cornelis Eric - SAVE
12/09/2021 23:04:28 - User: 228  - 76317 - Cornelis Eric - SEARCH ronde 11 - club: 228
12/09/2021 23:04:44 - User: 952  - 70602 - Bouchat Xavier - SEARCH ronde 11 - club: 952
12/09/2021 23:05:03 - 471 - 1A++ 2A++ 4E++ 4G++ 5A++ 5N++ - 26492 - Van Vliet Dennis - SAVE
12/09/2021 23:06:51 - User: 952  - 70602 - Bouchat Xavier - LOGOUT
12/09/2021 23:07:21 - User: 436  - 14286 - Verhelst Peter - SEARCH ronde 11 - club: 436
12/09/2021 23:12:12 - User: 101  - 15041 - Schrickx Frank - SEARCH ronde 11 - club: 101
12/09/2021 23:12:37 - 436 - 2A++ 4G++ 5A+- 5K++ 5L-+ - 14286 - Verhelst Peter - SAVE
12/09/2021 23:12:42 - User: 436  - 14286 - Verhelst Peter - SEARCH ronde 11 - club: 436
12/09/2021 23:12:42 - User: 101  - 15041 - Schrickx Frank - EXIT
12/09/2021 23:13:38 - User: 436  - 14286 - Verhelst Peter - EXIT
12/09/2021 23:21:53 - User: 228  - 76317 - Cornelis Eric - SEARCH ronde 11 - club: 417
12/09/2021 23:22:11 - User: 228  - 76317 - Cornelis Eric - SEARCH ronde 11 - club: 417
12/09/2021 23:26:53 - User: 228  - 76317 - Cornelis Eric - SEARCH ronde 11 - club: 278
12/09/2021 23:28:26 - User: 228  - 76317 - Cornelis Eric - SEARCH ronde 11 - club: 952
12/09/2021 23:32:43 - User: 621  - 82775 - Mollica Antonio - SEARCH ronde 11 - club: 621
12/09/2021 23:34:10 - User: 621  - 82775 - Mollica Antonio - EXIT
12/09/2021 23:40:47 - User: 130  - 54267 - Liekens Ronny - SEARCH ronde 11 - club: 130
12/09/2021 23:44:12 - User: 622  - 91448 - Herzet Serge - SEARCH ronde 11 - club: 622
12/09/2021 23:44:14 - User: 228  - 76317 - Cornelis Eric - SEARCH ronde 11 - club: 952
12/09/2021 23:45:07 - 622 - 3B++ - 91448 - Herzet Serge - SAVE
12/09/2021 23:45:19 - User: 228  - 76317 - Cornelis Eric - SEARCH ronde 11 - club: 244
12/09/2021 23:51:33 - User: 176  - Pieter Sterckx - pietersterckx@yahoo.com - SEARCH ronde 11 - club: 176
12/09/2021 23:51:41 - User: 228  - 76317 - Cornelis Eric - SEARCH ronde 11 - club: 952
12/09/2021 23:51:48 - 176 - 2B++ 5C++ 5H++ - Pieter Sterckx - pietersterckx@yahoo.com - SAVE
12/09/2021 23:52:50 - User: 228  - 76317 - Cornelis Eric - SEARCH ronde 11 - club: 244
12/09/2021 23:53:37 - User: 228  - 76317 - Cornelis Eric - SEARCH ronde 11 - club: 417
12/09/2021 23:55:33 - User: 228  - 76317 - Cornelis Eric - SEARCH ronde 11 - club: 952
12/09/2021 23:55:43 - User: 228  - 76317 - Cornelis Eric - SEARCH ronde 11 - club: 952
13/09/2021 00:19:43 - User: 228  - 76317 - Cornelis Eric - SEARCH ronde 11 - club: 436
13/09/2021 00:20:34 - User: 228  - 76317 - Cornelis Eric - SEARCH ronde 11 - club: 230
13/09/2021 00:25:26 - User: 143  - 08044 - Van Der Meiren August - SEARCH ronde 11 - club: 143
13/09/2021 00:26:53 - User: 143  - 08044 - Van Der Meiren August - LOGOUT
13/09/2021 00:55:25 - User: 228  - 76317 - Cornelis Eric - SEARCH ronde 11 - club: 417
13/09/2021 01:24:31 - User: 351  - Johan Dezutter - johan.dezutter@pandora.be - SEARCH ronde 11 - club: 351
13/09/2021 01:24:52 - 351 - 4E++ - Johan Dezutter - johan.dezutter@pandora.be - SAVE
13/09/2021 02:30:13 - User: 418  - 19135 - Flamee Dirk - SEARCH ronde 11 - club: 418
13/09/2021 02:31:12 - 418 - 4C++ 5J++ - 19135 - Flamee Dirk - SAVE
13/09/2021 02:32:15 - User: 418  - 19135 - Flamee Dirk - EXIT
13/09/2021 05:33:51 - User: 182  - 26883 - Libbrecht Koen - SEARCH ronde 11 - club: 182
13/09/2021 05:34:33 - 182 - 4A++ - 26883 - Libbrecht Koen - SAVE
13/09/2021 05:35:07 - User: 182  - 26883 - Libbrecht Koen - EXIT
13/09/2021 06:04:00 - User: 230  - 32328 - Verheyden Jonas - SEARCH ronde 11 - club: 230
13/09/2021 06:04:25 - 230 - 2B++ 3B++ 4H++ 5D++ - 32328 - Verheyden Jonas - SAVE
13/09/2021 06:12:38 - User: 541  - 79316 - Hias Ludovic - SEARCH ronde 11 - club: 541
13/09/2021 06:12:50 - 541 - 4C++ - 79316 - Hias Ludovic - SAVE
13/09/2021 06:13:23 - User: 541  - 79316 - Hias Ludovic - EXIT
13/09/2021 06:45:49 - User: 998  - 9113 - Halleux Daniel - SEARCH ronde 11 - club: 618
13/09/2021 06:51:30 - User: 998  - 9113 - Halleux Daniel - SEARCH ronde 11 - club: 618
13/09/2021 06:53:17 - User: 998  - 9113 - Halleux Daniel - SEARCH ronde 11 - club: 618
13/09/2021 06:54:59 - User: 166  - 27201 - Corbeel Louis - SEARCH ronde 11 - club: 166
13/09/2021 07:21:15 - User: 230  - 32328 - Verheyden Jonas - SEARCH ronde 11 - club: 230
13/09/2021 07:21:20 - User: 230  - 32328 - Verheyden Jonas - SEARCH ronde 11 - club: 231
13/09/2021 07:21:54 - User: 230  - 32328 - Verheyden Jonas - SEARCH ronde 11 - club: 230
13/09/2021 07:22:18 - 230 - 2B++ 3B++ 4H++ 5D++ - 32328 - Verheyden Jonas - SAVE
13/09/2021 07:22:20 - User: 230  - 32328 - Verheyden Jonas - LOGOUT
13/09/2021 08:02:53 - User: 278  - 14772 - Elinckx Michel - SEARCH ronde 11 - club: 278
13/09/2021 08:04:56 - 278 - 3A-+ 4B-+ 4F++ 5D-+ 5I++ - 14772 - Elinckx Michel - SAVE
13/09/2021 08:12:33 - User: 998  - 9113 - Halleux Daniel - SEARCH ronde 11 - club: 618
13/09/2021 08:28:31 - User: 551  - 82856 - Delvaux Guy - SEARCH ronde 11 - club: 551
13/09/2021 08:32:30 - User: 998  - 9113 - Halleux Daniel - SEARCH ronde 11 - club: 618
13/09/2021 08:33:07 - User: 998  - 9113 - Halleux Daniel - SEARCH ronde 11 - club: 618
13/09/2021 08:35:13 - User: 551  - 82856 - Delvaux Guy - SEARCH ronde 11 - club: 501
13/09/2021 08:38:04 - User: 514  - 80209 - Mastalerz Xavier - SEARCH ronde 11 - club: 514
13/09/2021 08:42:08 - 514 - 4B++ 4F++ - 80209 - Mastalerz Xavier - SAVE
13/09/2021 08:43:10 - 514 - 1A-+ 2B-+ 4B++ 4F++ - 80209 - Mastalerz Xavier - SAVE
13/09/2021 08:43:51 - User: 514  - 80209 - Mastalerz Xavier - SEARCH ronde 11 - club: 514
13/09/2021 08:44:09 - User: 401  - 15121 - Van Leeuwen Etienne - SEARCH ronde 11 - club: 401
13/09/2021 08:44:13 - User: 301  - 45608 - Decrop Ruben - SEARCH ronde 11 - club: 301
13/09/2021 08:44:31 - User: 909  - 71978 - Wautelet Patrick - SEARCH ronde 11 - club: 909
13/09/2021 08:44:49 - User: 909  - 71978 - Wautelet Patrick - LOGOUT
13/09/2021 08:48:44 - 301 - 2A++ 4E++ - 45608 - Decrop Ruben - SAVE
13/09/2021 08:50:53 - User: 162  - Janssen Paul - pjanssen@telenet.be - SEARCH ronde 11 - club: 162
13/09/2021 08:53:18 - User: 143  - 08044 - Van Der Meiren August - SEARCH ronde 11 - club: 143
13/09/2021 08:53:44 - User: 143  - 08044 - Van Der Meiren August - SEARCH ronde 11 - club: 166
13/09/2021 08:56:19 - User: 101  - 15041 - Schrickx Frank - EXIT
13/09/2021 09:05:34 - 162 - 5C-+ - Janssen Paul - pjanssen@telenet.be - SAVE
13/09/2021 09:06:06 - User: 162  - Janssen Paul - pjanssen@telenet.be - EXIT
13/09/2021 09:12:46 - User: 228  - 31348 - Malfliet Bernard - SEARCH ronde 11 - club: 228
13/09/2021 09:13:38 - 228 - 5G++ 5I++ - 31348 - Malfliet Bernard - SAVE
13/09/2021 09:15:00 - User: 228  - 31348 - Malfliet Bernard - EXIT
13/09/2021 09:30:59 - User: 124  - 45675 - Foulon Greta - SEARCH ronde 11 - club: 114
13/09/2021 09:32:57 - User: 953  - 97301 - Monnier Samuel - SEARCH ronde 11 - club: 953
13/09/2021 09:33:20 - User: 143  - 08044 - Van Der Meiren August - SEARCH ronde 11 - club: 471
13/09/2021 09:38:58 - User: 132  - 26603 - T\'Sas Jan - SEARCH ronde 11 - club: 132
13/09/2021 09:39:13 - User: 143  - 08044 - Van Der Meiren August - SEARCH ronde 11 - club: 261
13/09/2021 09:40:11 - 132 - 3C++ 4H-+ 5K-+ 5L++ - 26603 - T\'Sas Jan - SAVE
13/09/2021 09:45:16 - User: 278  - 14772 - Elinckx Michel - SEARCH ronde 11 - club: 278
13/09/2021 09:46:19 - 278 - 3A-+ 4B-+ 4F++ 5D-+ 5I++ - 14772 - Elinckx Michel - SAVE
13/09/2021 09:50:47 - User: 166  - 27201 - Corbeel Louis - SEARCH ronde 11 - club: 166
13/09/2021 09:52:01 - User: 166  - 27201 - Corbeel Louis - EXIT
13/09/2021 10:02:58 - User: 998  - Zamparo - sergio.zamparo@gmail.com - SEARCH ronde 11 - club: 998
13/09/2021 10:03:05 - User: 998  - Zamparo - sergio.zamparo@gmail.com - LOGOUT
13/09/2021 10:09:41 - User: 124  - 45675 - Foulon Greta - SEARCH ronde 11 - club: 261
13/09/2021 10:10:19 - User: 124  - 45675 - Foulon Greta - SEARCH ronde 11 - club: 471
13/09/2021 10:10:31 - User: 143  - 08044 - Van Der Meiren August - SEARCH ronde 11 - club: 432
13/09/2021 10:11:26 - User: 124  - 45675 - Foulon Greta - SEARCH ronde 11 - club: 436
13/09/2021 10:14:25 - User: 124  - 45675 - Foulon Greta - SEARCH ronde 11 - club: 101
13/09/2021 10:15:28 - User: 124  - 45675 - Foulon Greta - SEARCH ronde 11 - club: 231
13/09/2021 10:16:19 - User: 124  - 45675 - Foulon Greta - SEARCH ronde 11 - club: 194
13/09/2021 10:24:16 - User: 124  - 45675 - Foulon Greta - SEARCH ronde 11 - club: 231
13/09/2021 10:43:16 - User: 176  - Pieter Sterckx - pietersterckx@yahoo.com - SEARCH ronde 11 - club: 176
13/09/2021 10:46:23 - User: 998  - Zamparo - sergio.zamparo@gmail.com - SEARCH ronde 11 - club: 174
13/09/2021 10:50:23 - User: 953  - 97301 - Monnier Samuel - SEARCH ronde 11 - club: 953
13/09/2021 10:50:28 - User: 998  - Zamparo - sergio.zamparo@gmail.com - SEARCH ronde 11 - club: 998
13/09/2021 10:50:40 - User: 953  - 97301 - Monnier Samuel - SEARCH ronde 11 - club: 953
13/09/2021 10:51:02 - User: 998  - Zamparo - sergio.zamparo@gmail.com - SEARCH ronde 11 - club: 998
13/09/2021 10:54:59 - User: 226  - 81558 - Hoffmeister Frank - SEARCH ronde 11 - club: 226
13/09/2021 10:56:32 - User: 226  - 81558 - Hoffmeister Frank - LOGOUT
13/09/2021 10:56:56 - User: 953  - 97301 - Monnier Samuel - EXIT
13/09/2021 10:57:08 - User: 401  - 15121 - Van Leeuwen Etienne - SEARCH ronde 11 - club: 401
13/09/2021 10:58:49 - User: 953  - 97301 - Monnier Samuel - EXIT
13/09/2021 11:08:31 - User: 124  - 45675 - Foulon Greta - SEARCH ronde 11 - club: 194
13/09/2021 11:09:34 - User: 124  - 45675 - Foulon Greta - SEARCH ronde 11 - club: 707
13/09/2021 11:18:32 - User: 609  - 14377 - Mathonet Corentin - SEARCH ronde 11 - club: 609
13/09/2021 11:20:21 - User: 609  - 14377 - Mathonet Corentin - EXIT
13/09/2021 11:30:56 - User: 124  - 45675 - Foulon Greta - SEARCH ronde 11 - club: 130
13/09/2021 11:36:45 - User: 952  - 89575 - Detienne Stéphane - SEARCH ronde 11 - club: 952
13/09/2021 11:38:52 - User: 952  - 89575 - Detienne Stéphane - SEARCH ronde 11 - club: 952
13/09/2021 11:41:23 - 952 - 4F++ 5B+- - 89575 - Detienne Stéphane - SAVE
13/09/2021 11:43:11 - User: 124  - 45675 - Foulon Greta - SEARCH ronde 11 - club: 627
13/09/2021 11:43:43 - User: 124  - 45675 - Foulon Greta - SEARCH ronde 11 - club: 401
13/09/2021 11:43:58 - 952 - 4F++ 5B(C)+- - 89575 - Detienne Stéphane - SAVE
13/09/2021 11:44:32 - User: 601  - jt13539 - jc.thiry@gmail.com - SEARCH ronde 11 - club: 601
13/09/2021 11:44:36 - 952 - 4F++ 5B(C)+- 5G(C)+- - 89575 - Detienne Stéphane - SAVE
13/09/2021 11:44:38 - User: 124  - 45675 - Foulon Greta - SEARCH ronde 11 - club: 601
13/09/2021 11:44:48 - User: 621  - 82775 - Mollica Antonio - SEARCH ronde 11 - club: 621
13/09/2021 11:45:00 - User: 124  - 45675 - Foulon Greta - SEARCH ronde 11 - club: 109
13/09/2021 11:45:00 - User: 601  - jt13539 - jc.thiry@gmail.com - EXIT
13/09/2021 11:45:05 - User: 601  - jt13539 - jc.thiry@gmail.com - SEARCH ronde 11 - club: 601
13/09/2021 11:45:08 - 621 - 2B++ 4D++ 5B(C)++ 5C++ 5M++ - 82775 - Mollica Antonio - SAVE
13/09/2021 11:45:10 - 952 - 4F++ 5B(C)+- 5G(C)+- - 89575 - Detienne Stéphane - SAVE
13/09/2021 11:45:25 - User: 621  - 82775 - Mollica Antonio - LOGOUT
13/09/2021 11:46:10 - 952 - 4F++ 5B(C)+- 5D(C)-+ 5G(C)+- - 89575 - Detienne Stéphane - SAVE
13/09/2021 11:46:39 - User: 601  - jt13539 - jc.thiry@gmail.com - SEARCH ronde 11 - club: 114
13/09/2021 11:47:10 - User: 132  - 26603 - T\'Sas Jan - SEARCH ronde 11 - club: 132
13/09/2021 11:47:21 - 952 - 4F++ 5B(C)+- 5D(C)-+ 5G(C)+- - 89575 - Detienne Stéphane - SAVE
13/09/2021 12:41:59 - User: 313  - 876 - De Schepper Bart - SEARCH ronde 11 - club: 313
13/09/2021 12:45:59 - User: 313  - 876 - De Schepper Bart - SEARCH ronde 11 - club: 313
13/09/2021 12:46:02 - User: 313  - 876 - De Schepper Bart - SEARCH ronde 11 - club: 401
13/09/2021 13:04:56 - User: 307  - 57941 - Lagast Herve - SEARCH ronde 11 - club: 402
13/09/2021 13:09:23 - User: 953  - 97301 - Monnier Samuel - SEARCH ronde 11 - club: 953
13/09/2021 13:27:55 - User: 124  - 45675 - Foulon Greta - SEARCH ronde 11 - club: 401
13/09/2021 13:38:31 - User: 124  - 45675 - Foulon Greta - SEARCH ronde 11 - club: 278
13/09/2021 13:40:44 - User: 601  - jt13539 - jc.thiry@gmail.com - SEARCH ronde 11 - club: 601
13/09/2021 13:41:00 - User: 601  - jt13539 - jc.thiry@gmail.com - EXIT
13/09/2021 13:43:14 - 228 - 5D(C)++ 5G++ 5I++ - 76317 - Cornelis Eric - SAVE
13/09/2021 13:43:23 - 228 - 5D(C)++ 5G++ 5I++ - 76317 - Cornelis Eric - SAVE
13/09/2021 13:43:25 - User: 228  - 76317 - Cornelis Eric - SEARCH ronde 11 - club: 228
13/09/2021 13:43:41 - User: 228  - 76317 - Cornelis Eric - SEARCH ronde 11 - club: 228
13/09/2021 13:43:41 - User: 124  - 45675 - Foulon Greta - SEARCH ronde 11 - club: 162
13/09/2021 13:43:42 - 228 - 5D(C)++ 5G++ 5I++ - 76317 - Cornelis Eric - SAVE
13/09/2021 13:43:46 - 228 - 5D(C)++ 5G++ 5I++ - 76317 - Cornelis Eric - SAVE
13/09/2021 13:47:24 - User: 124  - 45675 - Foulon Greta - SEARCH ronde 11 - club: 132
13/09/2021 13:48:37 - User: 124  - 45675 - Foulon Greta - SEARCH ronde 11 - club: 01
13/09/2021 13:48:50 - User: 124  - 45675 - Foulon Greta - SEARCH ronde 11 - club: 401
13/09/2021 13:52:08 - User: 124  - 45675 - Foulon Greta - SEARCH ronde 11 - club: 190
13/09/2021 13:53:11 - User: 124  - 45675 - Foulon Greta - SEARCH ronde 11 - club: 226
13/09/2021 13:53:37 - User: 124  - 45675 - Foulon Greta - SEARCH ronde 11 - club: 402
13/09/2021 13:54:39 - User: 124  - 45675 - Foulon Greta - SEARCH ronde 11 - club: 109
13/09/2021 14:24:21 - User: 309  - 69884 - Logie Bernard - SEARCH ronde 11 - club: 309
13/09/2021 15:27:59 - User: 228  - 31348 - Malfliet Bernard - SEARCH ronde 11 - club: 228
13/09/2021 15:36:25 - User: 124  - 45675 - Foulon Greta - SEARCH ronde 11 - club: 278
13/09/2021 15:36:46 - User: 124  - 45675 - Foulon Greta - SEARCH ronde 11 - club: 231
13/09/2021 15:44:08 - 278 - 3A-+ 4B-+ 4F++ 5D-+ 5I++ - 14772 - Elinckx Michel - SAVE
13/09/2021 15:44:27 - 278 - 3A-+ 4B-+ 4F++ 5D-+ 5I++ - 14772 - Elinckx Michel - SAVE
13/09/2021 16:01:02 - User: 430  - 34746 - Bonne Ronny - SEARCH ronde 11 - club: 432
13/09/2021 16:34:16 - User: 998  - Zamparo - sergio.zamparo@gmail.com - SEARCH ronde 11 - club: 231
13/09/2021 16:39:45 - User: 998  - Zamparo - sergio.zamparo@gmail.com - SEARCH ronde 11 - club: 231
13/09/2021 16:53:20 - User: 998  - Zamparo - sergio.zamparo@gmail.com - SEARCH ronde 11 - club: 952
13/09/2021 16:58:18 - User: 998  - Zamparo - sergio.zamparo@gmail.com - SEARCH ronde 11 - club: 231
13/09/2021 16:59:31 - 998(231) - 3B-+ 4H++ - Zamparo - sergio.zamparo@gmail.com - SAVE
13/09/2021 17:00:03 - User: 998  - Zamparo - sergio.zamparo@gmail.com - SEARCH ronde 11 - club: 998
13/09/2021 17:00:19 - User: 998  - Zamparo - sergio.zamparo@gmail.com - LOCK ronde 11
13/09/2021 18:36:10 - User: 998  - Zamparo - sergio.zamparo@gmail.com - UNLOCK ronde 11

------------- Change card result -------------

Club user: 998 *** 13/09/2021 18:36:46

Div/Afd: 5 - Serie/Reeks: K
Ronde: 11 *** 2021-09-12

DEURNE 5 ( 124 )
roger.gretabruynseels@skynet.be

SK OUDE GOD 4 ( 132 )
jan.tsas@skynet.be
-----------------------------------------------
26395 - 32221 : 0-1
26395 - 32221 : 0-1
-----------------------------------------------
26387 - 11611 : 5-5
26387 - 11611 : 5-5
-----------------------------------------------
12563 - 28690 : 0-1
12563 - 28690 : 0-1
-----------------------------------------------
19719 - 53180 : 1-0
19719 - 53180 : 5-5

===============================================
ATTENTION !
Veuillez vérifier les données encodées sur cette carte de résultats interclubs.
Elles ont été modifiées par le club adverse.

AANDACHT !
Gelieve de gegevens op deze uitslagenkaart te willen controleren.
Ze zijn aangepast door de club van de tegenstanders.
===============================================

13/09/2021 18:36:46 - 998(124) - 2A-+ 4A-+ 4H-+ 5K++ - Zamparo - sergio.zamparo@gmail.com - SAVE
13/09/2021 18:37:00 - User: 998  - Zamparo - sergio.zamparo@gmail.com - LOCK ronde 11
13/09/2021 18:47:49 - User: 471  - 21857 - Dhuyvetter Koen - LOGOUT
13/09/2021 19:54:58 - User: 124  - 45675 - Foulon Greta - LOGOUT
